2025-02-25 10:02:60 [ERROR]: GET /auth/naver/callback?code=JbGKTlgeXjQjJtAlnm&state=http%3A%2F%2Flocalhost%3A3000%2F 400 612.599 ms

2025-02-25 10:02:05 [ERROR]: GET /favicon.ico 404 2.839 ms

2025-02-25 10:02:28 [ERROR]: GET /auth/naver/callback?code=fx2QxQU6EttCyg4caW&state=http%3A%2F%2Flocalhost%3A3000%2F 400 583.620 ms

2025-02-25 10:02:85 [ERROR]: GET /auth/kakao/callback?code=raJkqEjyO1x4JCkKiwvaMaBdsGtx_XSvfxf8WfpNI5MYRy_lByxdBQAAAAQKPXNOAAABlTrIM85V7imzm104lw&state=http%253A%252F%252Flocalhost%253A3000%252F 400 336.975 ms

2025-02-25 10:02:28 [ERROR]: GET /auth/kakao/callback?code=DwoMZydI1Hs6wHrk-PG3F66Ph2IODeYDCjb5nKQKUU2fOnLWWACumQAAAAQKPXNOAAABlTrJRwSSBpCp5rpDbg&state=http%253A%252F%252Flocalhost%253A3000%252F 400 290.001 ms

2025-02-25 10:02:75 [ERROR]: GET /auth/kakao/callback?code=uPB-VDnlD9c5OJ9BWoPLMLe0fJkQV6IJ6BE15FbTQhrCESFeNyyIHQAAAAQKPXMXAAABlTrKaZiSBpCp5rpDbg&state=http%253A%252F%252Flocalhost%253A3000%252F 400 374.734 ms

2025-02-25 10:02:59 [ERROR]: GET /auth/kakao/callback?code=uPB-VDnlD9c5OJ9BWoPLMLe0fJkQV6IJ6BE15FbTQhrCESFeNyyIHQAAAAQKPXMXAAABlTrKaZiSBpCp5rpDbg&state=http%253A%252F%252Flocalhost%253A3000%252F 500 312.286 ms

2025-02-25 10:02:37 [ERROR]: GET /auth/kakao/callback?code=GHpt_08Xr1TQkyAWn_Ueogsbgf_FwZ8BwTW1Pqy2h6kCNli9DMnPLQAAAAQKPXNOAAABlTrMNfHdCc_9be4aqQ&state=http%253A%252F%252Flocalhost%253A3000%252F 400 161.156 ms

2025-02-25 11:02:04 [ERROR]: GET /user/logout 500 130.507 ms

2025-02-25 11:02:81 [ERROR]: GET /user/info 500 13.993 ms

2025-02-25 11:02:70 [ERROR]: GET /auth/github/callback?code=f9a452c2693ec3b66dc1&state=http%253A%252F%252Flocalhost%253A3000%252Fmovie 400 898.437 ms

2025-02-25 11:02:93 [ERROR]: GET /favicon.ico 404 2.683 ms

2025-02-25 12:02:21 [ERROR]: GET /user/refresh 401 7.737 ms

2025-02-25 12:02:77 [ERROR]: GET /user/refresh 401 2.629 ms

2025-02-25 12:02:84 [ERROR]: GET /user/refresh 401 3.678 ms

2025-02-25 12:02:87 [ERROR]: GET /user/refresh 401 4.825 ms

2025-02-25 12:02:41 [ERROR]: GET /user/refresh 401 3.457 ms

2025-02-25 12:02:62 [ERROR]: GET /user/refresh 401 7.383 ms

2025-02-25 12:02:94 [ERROR]: GET /user/refresh 401 3.304 ms

2025-02-25 12:02:83 [ERROR]: GET /user/refresh 401 2.920 ms

2025-02-25 12:02:83 [ERROR]: GET /user/refresh 401 2.642 ms

2025-02-25 12:02:71 [ERROR]: GET /user/refresh 401 3.289 ms

2025-02-25 12:02:96 [ERROR]: GET /favicon.ico 404 5.504 ms

2025-02-25 12:02:69 [ERROR]: GET /user/refresh 401 7.453 ms

2025-02-25 12:02:11 [ERROR]: GET /user/info 401 10.201 ms

2025-02-25 12:02:15 [ERROR]: GET /user/refresh 401 6.742 ms

2025-02-25 12:02:19 [ERROR]: GET /user/info 401 1.918 ms

2025-02-25 12:02:32 [ERROR]: GET /user/refresh 401 3.302 ms

2025-02-25 12:02:98 [ERROR]: GET /user/info 401 19.985 ms

2025-02-25 12:02:02 [ERROR]: GET /user/refresh 500 14.165 ms

2025-02-25 12:02:35 [ERROR]: GET /user/info 401 13.974 ms

2025-02-25 12:02:38 [ERROR]: GET /user/refresh 401 13.528 ms

2025-02-25 13:02:64 [ERROR]: GET /user/info 401 14.935 ms

2025-02-25 13:02:69 [ERROR]: GET /user/refresh 401 7.599 ms

2025-02-25 13:02:66 [ERROR]: GET /user/info 401 3.342 ms

2025-02-25 13:02:67 [ERROR]: GET /user/refresh 401 3.159 ms

2025-02-25 13:02:74 [ERROR]: GET /user/refresh 401 10.232 ms

2025-02-25 13:02:45 [ERROR]: GET /user/info 401 2.880 ms

2025-02-25 13:02:50 [ERROR]: GET /user/refresh 401 5.775 ms

2025-02-25 13:02:60 [ERROR]: GET /user/logout 401 12.482 ms

2025-02-25 13:02:13 [ERROR]: GET /user/info 401 7.937 ms

2025-02-25 13:02:17 [ERROR]: GET /user/refresh 500 13.077 ms

2025-02-25 13:02:16 [ERROR]: GET /user/info 401 4.232 ms

2025-02-25 13:02:22 [ERROR]: GET /user/refresh 500 7.948 ms

2025-02-25 13:02:68 [ERROR]: GET /user/info 401 3.660 ms

2025-02-25 13:02:74 [ERROR]: GET /user/refresh 401 3.243 ms

2025-02-25 13:02:12 [ERROR]: GET /user/info 401 15.854 ms

2025-02-25 13:02:20 [ERROR]: GET /user/refresh 500 16.950 ms

2025-02-25 13:02:69 [ERROR]: GET /user/info 401 4.698 ms

2025-02-25 13:02:83 [ERROR]: GET /user/refresh 500 12.104 ms

2025-02-25 13:02:95 [ERROR]: GET /user/info 401 1.437 ms

2025-02-25 13:02:12 [ERROR]: GET /user/refresh 401 3.108 ms

2025-02-25 13:02:36 [ERROR]: GET /user/info 401 1.588 ms

2025-02-25 13:02:41 [ERROR]: GET /user/refresh 401 3.950 ms

2025-02-25 13:02:73 [ERROR]: GET /user/info 401 21.321 ms

2025-02-25 13:02:51 [ERROR]: GET /user/refresh 401 8.600 ms

2025-02-25 13:02:85 [ERROR]: GET /user/info 401 8.239 ms

2025-02-25 13:02:91 [ERROR]: GET /user/refresh 500 18.116 ms

2025-02-25 13:02:63 [ERROR]: GET /user/info 401 12.042 ms

2025-02-25 13:02:66 [ERROR]: GET /user/refresh 500 12.899 ms

2025-02-25 13:02:86 [ERROR]: GET /user/info 401 15.657 ms

2025-02-25 13:02:94 [ERROR]: GET /user/refresh 500 27.072 ms

2025-02-25 13:02:98 [ERROR]: GET /user/info 401 19.801 ms

2025-02-25 13:02:97 [ERROR]: GET /user/info 401 4.107 ms

2025-02-25 18:02:60 [ERROR]: GET /user/info 401 46.968 ms

2025-02-25 18:02:64 [ERROR]: GET /user/refresh 401 8.217 ms

2025-02-25 18:02:77 [ERROR]: GET /user/info 401 5.862 ms

2025-02-25 18:02:14 [ERROR]: GET /user/info 401 5.824 ms

2025-02-25 18:02:88 [ERROR]: GET /user/info 401 9.978 ms

2025-02-25 18:02:31 [ERROR]: GET /user/info 401 11.887 ms

2025-02-25 18:02:59 [ERROR]: GET /user/info 401 13.991 ms

2025-02-25 18:02:30 [ERROR]: GET /user/info 401 16.810 ms

2025-02-25 18:02:71 [ERROR]: GET /user/info 401 13.328 ms

2025-02-25 18:02:48 [ERROR]: GET /user/info 401 23.200 ms

2025-02-25 18:02:58 [ERROR]: GET /user/refresh 401 6.621 ms

2025-02-25 18:02:37 [ERROR]: GET /user/info 401 13.729 ms

2025-02-25 18:02:45 [ERROR]: GET /user/refresh 401 6.020 ms

2025-02-25 18:02:51 [ERROR]: GET /user/info 401 5.027 ms

2025-02-25 18:02:30 [ERROR]: GET /user/info 401 7.280 ms

2025-02-25 18:02:70 [ERROR]: GET /user/info 401 8.821 ms

2025-02-25 18:02:30 [ERROR]: GET /user/info 401 8.439 ms

2025-02-25 18:02:37 [ERROR]: GET /user/refresh 401 5.081 ms

2025-02-25 18:02:50 [ERROR]: GET /favicon.ico 404 2.521 ms

2025-02-25 18:02:63 [ERROR]: GET /user/refresh 401 7.363 ms

2025-02-25 20:02:78 [ERROR]: GET /user/info 401 171.926 ms

2025-02-25 20:02:84 [ERROR]: GET /user/refresh 401 5.236 ms

