2024-12-05 04:12:28 [Movie-Story] error : uncaughtException: server is not defined
ReferenceError: server is not defined
    at process.<anonymous> (file:///C:/workspace/project/Movie-Story/server/bin/www.js:32:3)
    at process.processTicksAndRejections (node:internal/process/task_queues:105:5)
2024-12-05 17:12:23 [Movie-Story] error : uncaughtException: user is not defined
ReferenceError: user is not defined
    at file:///C:/workspace/project/Movie-Story/server/src/middleware/token.verify.js:19:16
    at allFailed (C:\workspace\project\Movie-Story\server\node_modules\passport\lib\middleware\authenticate.js:110:18)
    at attempt (C:\workspace\project\Movie-Story\server\node_modules\passport\lib\middleware\authenticate.js:183:28)
    at strategy.fail (C:\workspace\project\Movie-Story\server\node_modules\passport\lib\middleware\authenticate.js:314:9)
    at verified (C:\workspace\project\Movie-Story\server\node_modules\passport-jwt\lib\strategy.js:113:41)
    at JwtStrategy._verify (file:///C:/workspace/project/Movie-Story/server/src/passport/jwtStrategy.js:40:18)
    at process.processTicksAndRejections (node:internal/process/task_queues:105:5)
2024-12-05 17:12:24 [Movie-Story] error : uncaughtException: user is not defined
ReferenceError: user is not defined
    at file:///C:/workspace/project/Movie-Story/server/src/middleware/token.verify.js:19:16
    at allFailed (C:\workspace\project\Movie-Story\server\node_modules\passport\lib\middleware\authenticate.js:110:18)
    at attempt (C:\workspace\project\Movie-Story\server\node_modules\passport\lib\middleware\authenticate.js:183:28)
    at strategy.fail (C:\workspace\project\Movie-Story\server\node_modules\passport\lib\middleware\authenticate.js:314:9)
    at verified (C:\workspace\project\Movie-Story\server\node_modules\passport-jwt\lib\strategy.js:113:41)
    at JwtStrategy._verify (file:///C:/workspace/project/Movie-Story/server/src/passport/jwtStrategy.js:40:18)
    at process.processTicksAndRejections (node:internal/process/task_queues:105:5)
2024-12-05 17:12:89 [Movie-Story] error : uncaughtException: Cannot read properties of undefined (reading 'message')
TypeError: Cannot read properties of undefined (reading 'message')
    at file:///C:/workspace/project/Movie-Story/server/src/middleware/token.verify.js:10:28
    at allFailed (C:\workspace\project\Movie-Story\server\node_modules\passport\lib\middleware\authenticate.js:110:18)
    at attempt (C:\workspace\project\Movie-Story\server\node_modules\passport\lib\middleware\authenticate.js:183:28)
    at strategy.fail (C:\workspace\project\Movie-Story\server\node_modules\passport\lib\middleware\authenticate.js:314:9)
    at verified (C:\workspace\project\Movie-Story\server\node_modules\passport-jwt\lib\strategy.js:113:41)
    at JwtStrategy._verify (file:///C:/workspace/project/Movie-Story/server/src/passport/jwtStrategy.js:40:18)
    at process.processTicksAndRejections (node:internal/process/task_queues:105:5)
2024-12-05 17:12:45 [Movie-Story] error : uncaughtException: Cannot read properties of undefined (reading 'message')
TypeError: Cannot read properties of undefined (reading 'message')
    at file:///C:/workspace/project/Movie-Story/server/src/middleware/token.verify.js:10:28
    at allFailed (C:\workspace\project\Movie-Story\server\node_modules\passport\lib\middleware\authenticate.js:110:18)
    at attempt (C:\workspace\project\Movie-Story\server\node_modules\passport\lib\middleware\authenticate.js:183:28)
    at strategy.fail (C:\workspace\project\Movie-Story\server\node_modules\passport\lib\middleware\authenticate.js:314:9)
    at verified (C:\workspace\project\Movie-Story\server\node_modules\passport-jwt\lib\strategy.js:113:41)
    at JwtStrategy._verify (file:///C:/workspace/project/Movie-Story/server/src/passport/jwtStrategy.js:40:18)
    at process.processTicksAndRejections (node:internal/process/task_queues:105:5)
2024-12-05 17:12:49 [Movie-Story] error : uncaughtException: Cannot read properties of undefined (reading 'message')
TypeError: Cannot read properties of undefined (reading 'message')
    at file:///C:/workspace/project/Movie-Story/server/src/middleware/token.verify.js:10:28
    at allFailed (C:\workspace\project\Movie-Story\server\node_modules\passport\lib\middleware\authenticate.js:110:18)
    at attempt (C:\workspace\project\Movie-Story\server\node_modules\passport\lib\middleware\authenticate.js:183:28)
    at strategy.fail (C:\workspace\project\Movie-Story\server\node_modules\passport\lib\middleware\authenticate.js:314:9)
    at verified (C:\workspace\project\Movie-Story\server\node_modules\passport-jwt\lib\strategy.js:113:41)
    at JwtStrategy._verify (file:///C:/workspace/project/Movie-Story/server/src/passport/jwtStrategy.js:40:18)
    at process.processTicksAndRejections (node:internal/process/task_queues:105:5)
2024-12-05 17:12:49 [Movie-Story] error : uncaughtException: Cannot read properties of undefined (reading 'message')
TypeError: Cannot read properties of undefined (reading 'message')
    at file:///C:/workspace/project/Movie-Story/server/src/middleware/token.verify.js:10:28
    at allFailed (C:\workspace\project\Movie-Story\server\node_modules\passport\lib\middleware\authenticate.js:110:18)
    at attempt (C:\workspace\project\Movie-Story\server\node_modules\passport\lib\middleware\authenticate.js:183:28)
    at strategy.fail (C:\workspace\project\Movie-Story\server\node_modules\passport\lib\middleware\authenticate.js:314:9)
    at verified (C:\workspace\project\Movie-Story\server\node_modules\passport-jwt\lib\strategy.js:113:41)
    at JwtStrategy._verify (file:///C:/workspace/project/Movie-Story/server/src/passport/jwtStrategy.js:42:18)
    at process.processTicksAndRejections (node:internal/process/task_queues:105:5)
2024-12-05 17:12:62 [Movie-Story] error : uncaughtException: Cannot read properties of undefined (reading 'message')
TypeError: Cannot read properties of undefined (reading 'message')
    at file:///C:/workspace/project/Movie-Story/server/src/middleware/token.verify.js:10:28
    at allFailed (C:\workspace\project\Movie-Story\server\node_modules\passport\lib\middleware\authenticate.js:110:18)
    at attempt (C:\workspace\project\Movie-Story\server\node_modules\passport\lib\middleware\authenticate.js:183:28)
    at strategy.fail (C:\workspace\project\Movie-Story\server\node_modules\passport\lib\middleware\authenticate.js:314:9)
    at verified (C:\workspace\project\Movie-Story\server\node_modules\passport-jwt\lib\strategy.js:113:41)
    at JwtStrategy._verify (file:///C:/workspace/project/Movie-Story/server/src/passport/jwtStrategy.js:42:18)
    at process.processTicksAndRejections (node:internal/process/task_queues:105:5)
2024-12-05 17:12:57 [Movie-Story] error : uncaughtException: Cannot read properties of undefined (reading 'message')
TypeError: Cannot read properties of undefined (reading 'message')
    at file:///C:/workspace/project/Movie-Story/server/src/middleware/token.verify.js:10:28
    at allFailed (C:\workspace\project\Movie-Story\server\node_modules\passport\lib\middleware\authenticate.js:110:18)
    at attempt (C:\workspace\project\Movie-Story\server\node_modules\passport\lib\middleware\authenticate.js:183:28)
    at strategy.fail (C:\workspace\project\Movie-Story\server\node_modules\passport\lib\middleware\authenticate.js:314:9)
    at verified (C:\workspace\project\Movie-Story\server\node_modules\passport-jwt\lib\strategy.js:113:41)
    at JwtStrategy._verify (file:///C:/workspace/project/Movie-Story/server/src/passport/jwtStrategy.js:42:18)
    at process.processTicksAndRejections (node:internal/process/task_queues:105:5)
2024-12-05 17:12:81 [Movie-Story] error : uncaughtException: Cannot read properties of undefined (reading 'message')
TypeError: Cannot read properties of undefined (reading 'message')
    at file:///C:/workspace/project/Movie-Story/server/src/middleware/token.verify.js:10:28
    at allFailed (C:\workspace\project\Movie-Story\server\node_modules\passport\lib\middleware\authenticate.js:110:18)
    at attempt (C:\workspace\project\Movie-Story\server\node_modules\passport\lib\middleware\authenticate.js:183:28)
    at strategy.fail (C:\workspace\project\Movie-Story\server\node_modules\passport\lib\middleware\authenticate.js:314:9)
    at verified (C:\workspace\project\Movie-Story\server\node_modules\passport-jwt\lib\strategy.js:113:41)
    at JwtStrategy._verify (file:///C:/workspace/project/Movie-Story/server/src/passport/jwtStrategy.js:42:18)
    at process.processTicksAndRejections (node:internal/process/task_queues:105:5)
2024-12-05 17:12:12 [Movie-Story] error : uncaughtException: Cannot read properties of undefined (reading 'message')
TypeError: Cannot read properties of undefined (reading 'message')
    at file:///C:/workspace/project/Movie-Story/server/src/middleware/token.verify.js:10:28
    at allFailed (C:\workspace\project\Movie-Story\server\node_modules\passport\lib\middleware\authenticate.js:110:18)
    at attempt (C:\workspace\project\Movie-Story\server\node_modules\passport\lib\middleware\authenticate.js:183:28)
    at strategy.fail (C:\workspace\project\Movie-Story\server\node_modules\passport\lib\middleware\authenticate.js:314:9)
    at verified (C:\workspace\project\Movie-Story\server\node_modules\passport-jwt\lib\strategy.js:113:41)
    at JwtStrategy._verify (file:///C:/workspace/project/Movie-Story/server/src/passport/jwtStrategy.js:42:18)
    at process.processTicksAndRejections (node:internal/process/task_queues:105:5)
2024-12-05 17:12:87 [Movie-Story] error : uncaughtException: Cannot read properties of undefined (reading 'message')
TypeError: Cannot read properties of undefined (reading 'message')
    at file:///C:/workspace/project/Movie-Story/server/src/middleware/token.verify.js:10:28
    at allFailed (C:\workspace\project\Movie-Story\server\node_modules\passport\lib\middleware\authenticate.js:110:18)
    at attempt (C:\workspace\project\Movie-Story\server\node_modules\passport\lib\middleware\authenticate.js:183:28)
    at strategy.fail (C:\workspace\project\Movie-Story\server\node_modules\passport\lib\middleware\authenticate.js:314:9)
    at verified (C:\workspace\project\Movie-Story\server\node_modules\passport-jwt\lib\strategy.js:113:41)
    at JwtStrategy._verify (file:///C:/workspace/project/Movie-Story/server/src/passport/jwtStrategy.js:43:18)
    at process.processTicksAndRejections (node:internal/process/task_queues:105:5)
2024-12-05 17:12:52 [Movie-Story] error : uncaughtException: Cannot read properties of undefined (reading 'message')
TypeError: Cannot read properties of undefined (reading 'message')
    at file:///C:/workspace/project/Movie-Story/server/src/middleware/token.verify.js:10:28
    at allFailed (C:\workspace\project\Movie-Story\server\node_modules\passport\lib\middleware\authenticate.js:110:18)
    at attempt (C:\workspace\project\Movie-Story\server\node_modules\passport\lib\middleware\authenticate.js:183:28)
    at strategy.fail (C:\workspace\project\Movie-Story\server\node_modules\passport\lib\middleware\authenticate.js:314:9)
    at verified (C:\workspace\project\Movie-Story\server\node_modules\passport-jwt\lib\strategy.js:113:41)
    at JwtStrategy._verify (file:///C:/workspace/project/Movie-Story/server/src/passport/jwtStrategy.js:43:18)
    at process.processTicksAndRejections (node:internal/process/task_queues:105:5)
2024-12-05 22:12:88 [Movie-Story] error : uncaughtException: read ECONNRESET
Error: read ECONNRESET
    at TCP.onStreamRead (node:internal/stream_base_commons:216:20)
