2024-12-03 18:12:85 [Movie-Story] info : [Tue, 03 Dec 2024 09:27:18 GMT] GET /user/naver 302 8.630 ms

2024-12-03 18:12:22 [Movie-Story] info : [Tue, 03 Dec 2024 09:48:06 GMT] GET /auth/naver 302 27.466 ms

2024-12-03 18:12:50 [Movie-Story] info : [Tue, 03 Dec 2024 09:49:30 GMT] GET /auth/naver 302 11.390 ms

2024-12-03 18:12:39 [Movie-Story] info : [Tue, 03 Dec 2024 09:50:52 GMT] GET /auth/naver 302 11.404 ms

2024-12-03 18:12:52 [Movie-Story] info : [Tue, 03 Dec 2024 09:54:00 GMT] GET /auth/naver 302 9.223 ms

2024-12-03 18:12:41 [Movie-Story] info : [Tue, 03 Dec 2024 09:54:38 GMT] GET /auth/naver 302 10.053 ms

2024-12-03 18:12:33 [Movie-Story] info : [Tue, 03 Dec 2024 09:55:13 GMT] GET /auth/naver 302 5.625 ms

2024-12-03 18:12:96 [Movie-Story] info : [Tue, 03 Dec 2024 09:58:56 GMT] GET /auth/naver 302 5.770 ms

2024-12-03 18:12:84 [Movie-Story] info : [Tue, 03 Dec 2024 09:59:22 GMT] GET /auth/naver 302 34.354 ms

2024-12-03 18:12:20 [Movie-Story] info : [Tue, 03 Dec 2024 09:59:57 GMT] GET /auth/naver - - ms

2024-12-03 19:12:40 [Movie-Story] info : [Tue, 03 Dec 2024 10:11:54 GMT] GET /auth/naver - - ms

2024-12-03 19:12:75 [Movie-Story] info : [Tue, 03 Dec 2024 10:12:28 GMT] GET /auth/naver - - ms

2024-12-03 19:12:34 [Movie-Story] info : [Tue, 03 Dec 2024 10:12:30 GMT] GET /auth/naver - - ms

2024-12-03 19:12:17 [Movie-Story] info : [Tue, 03 Dec 2024 10:12:49 GMT] GET /auth/naver - - ms

2024-12-03 19:12:53 [Movie-Story] info : [Tue, 03 Dec 2024 10:13:21 GMT] GET /auth/naver - - ms

2024-12-03 19:12:89 [Movie-Story] info : [Tue, 03 Dec 2024 10:13:22 GMT] GET /auth/naver - - ms

2024-12-03 19:12:31 [Movie-Story] info : [Tue, 03 Dec 2024 10:18:25 GMT] GET /auth/naver 302 9.019 ms

2024-12-03 19:12:75 [Movie-Story] info : [Tue, 03 Dec 2024 10:18:29 GMT] GET /auth/naver/callback?code=abVTghcTqtSZ1FFL3w&state=null 500 564.021 ms

2024-12-03 19:12:41 [Movie-Story] info : [Tue, 03 Dec 2024 10:19:36 GMT] GET /auth/naver 302 5.746 ms

2024-12-03 19:12:48 [Movie-Story] info : [Tue, 03 Dec 2024 10:19:41 GMT] GET /auth/naver/callback?code=jGy5zAFZXVcwZXwdGy&state=null 500 681.192 ms

2024-12-03 19:12:32 [Movie-Story] info : [Tue, 03 Dec 2024 10:22:11 GMT] GET /auth/naver/ 302 1.091 ms

2024-12-03 19:12:88 [Movie-Story] info : [Tue, 03 Dec 2024 10:47:20 GMT] GET /auth/naver 302 5.856 ms

2024-12-03 19:12:77 [Movie-Story] info : [Tue, 03 Dec 2024 10:47:21 GMT] GET /auth/naver 302 1.246 ms

2024-12-03 19:12:15 [Movie-Story] info : [Tue, 03 Dec 2024 10:47:42 GMT] GET /auth/naver/callback?code=EZ2n7BM4rIGIR56RTT&state=null 500 380.271 ms

2024-12-03 19:12:21 [Movie-Story] info : [Tue, 03 Dec 2024 10:49:26 GMT] GET /auth/naver/ 302 8.567 ms

2024-12-03 19:12:79 [Movie-Story] info : [Tue, 03 Dec 2024 10:49:34 GMT] GET /auth/naver 302 3.463 ms

2024-12-03 19:12:70 [Movie-Story] info : [Tue, 03 Dec 2024 10:49:35 GMT] GET /auth/naver 302 1.094 ms

2024-12-03 19:12:29 [Movie-Story] info : [Tue, 03 Dec 2024 10:51:29 GMT] GET /auth/naver 302 2.089 ms

2024-12-03 19:12:10 [Movie-Story] info : [Tue, 03 Dec 2024 10:51:30 GMT] GET /auth/naver 302 0.899 ms

2024-12-03 19:12:45 [Movie-Story] info : [Tue, 03 Dec 2024 10:51:33 GMT] GET /auth/naver/callback?code=isnSPMa9TDc3f8mgqJ&state=null 500 593.150 ms

2024-12-03 19:12:48 [Movie-Story] info : [Tue, 03 Dec 2024 10:57:14 GMT] GET /auth/naver 302 4.493 ms

2024-12-03 19:12:28 [Movie-Story] info : [Tue, 03 Dec 2024 10:57:15 GMT] GET /auth/naver 302 1.274 ms

2024-12-03 19:12:37 [Movie-Story] info : [Tue, 03 Dec 2024 10:59:00 GMT] GET /auth/naver/callback?code=0hN4aHcd17nkbmBg0x&state=null 500 434.650 ms

2024-12-03 20:12:37 [Movie-Story] info : [Tue, 03 Dec 2024 11:27:20 GMT] GET /auth/naver/ 302 16.465 ms

2024-12-03 20:12:17 [Movie-Story] info : [Tue, 03 Dec 2024 11:27:22 GMT] GET /auth/naver/callback?code=iSGQEYlbi7RmQ7VbsU&state=null 302 680.294 ms

2024-12-03 20:12:56 [Movie-Story] info : [Tue, 03 Dec 2024 11:27:22 GMT] GET /movie 200 370.474 ms

2024-12-03 20:12:31 [Movie-Story] info : [Tue, 03 Dec 2024 11:29:20 GMT] GET /auth/naver 302 7.555 ms

2024-12-03 20:12:98 [Movie-Story] info : [Tue, 03 Dec 2024 11:29:20 GMT] GET /auth/naver 302 2.660 ms

2024-12-03 20:12:35 [Movie-Story] info : [Tue, 03 Dec 2024 11:29:22 GMT] GET /auth/naver/callback?code=poQkCITG2J3XjwiQTv&state=null 200 646.714 ms

2024-12-03 20:12:29 [Movie-Story] info : [Tue, 03 Dec 2024 11:39:01 GMT] GET /auth/naver/ 302 4.130 ms

2024-12-03 20:12:29 [Movie-Story] info : [Tue, 03 Dec 2024 11:39:11 GMT] GET /auth/naver 302 0.991 ms

2024-12-03 20:12:01 [Movie-Story] info : [Tue, 03 Dec 2024 11:39:12 GMT] GET /auth/naver/callback?code=29P0hOOYQumxg8Vvps&state=null - - ms

2024-12-03 20:12:01 [Movie-Story] info : [Tue, 03 Dec 2024 11:39:12 GMT] GET /auth/naver 302 0.828 ms

2024-12-03 20:12:56 [Movie-Story] info : [Tue, 03 Dec 2024 11:39:32 GMT] GET /auth/naver/callback?code=hxcotp7LE1CmHyFyrI&state=null - - ms

2024-12-03 20:12:76 [Movie-Story] info : [Tue, 03 Dec 2024 11:39:33 GMT] GET /auth/naver/callback?code=29P0hOOYQumxg8Vvps&state=null - - ms

2024-12-03 20:12:28 [Movie-Story] info : [Tue, 03 Dec 2024 11:39:35 GMT] GET /auth/naver 302 2.808 ms

2024-12-03 20:12:74 [Movie-Story] info : [Tue, 03 Dec 2024 11:39:36 GMT] GET /auth/naver 302 0.876 ms

2024-12-03 20:12:98 [Movie-Story] info : [Tue, 03 Dec 2024 11:40:24 GMT] GET /auth/naver/callback?code=sASSd3VKvkGykGU4k0&state=null - - ms

2024-12-03 20:12:99 [Movie-Story] info : [Tue, 03 Dec 2024 11:40:24 GMT] GET /auth/naver 302 4.547 ms

2024-12-03 20:12:73 [Movie-Story] info : [Tue, 03 Dec 2024 11:40:59 GMT] GET /auth/naver/ 302 3.313 ms

2024-12-03 20:12:81 [Movie-Story] info : [Tue, 03 Dec 2024 11:43:11 GMT] GET /auth/naver/callback?code=MW5Nq9HNPeJgRSd1J8&state=null 302 263.840 ms

2024-12-03 20:12:83 [Movie-Story] info : [Tue, 03 Dec 2024 11:43:11 GMT] GET / 404 3.599 ms

2024-12-03 20:12:16 [Movie-Story] info : [Tue, 03 Dec 2024 11:43:18 GMT] GET /auth/naver/ 302 1.533 ms

2024-12-03 20:12:66 [Movie-Story] info : [Tue, 03 Dec 2024 11:43:18 GMT] GET /auth/naver/callback?code=SoI4jSSXviIRWR7dt0&state=null 302 142.998 ms

2024-12-03 20:12:67 [Movie-Story] info : [Tue, 03 Dec 2024 11:43:18 GMT] GET / 404 1.534 ms

