2025-01-22 10:01:52 [ERROR]: [2025-01-22T01:53:49.509Z] GET /user/info 401 15.761 ms

2025-01-22 10:01:87 [ERROR]: ENOENT: no such file or directory, open 'C:\workspace\project\Movie-Story\server\scraping\boxOffice.json'
2025-01-22 10:01:88 [ERROR]: [2025-01-22T01:53:49.881Z] GET /movie/chart 500 46.717 ms

2025-01-22 11:01:54 [ERROR]: [2025-01-22T02:07:46.526Z] GET /user/info 401 8.913 ms

2025-01-22 11:01:19 [INFO]: [2025-01-22T02:07:57.190Z] GET /movie/chart 200 2.581 ms

2025-01-22 11:01:37 [INFO]: [2025-01-22T02:07:57.368Z] GET /movie/basic/5 200 72.212 ms

2025-01-22 11:01:37 [INFO]: [2025-01-22T02:07:57.373Z] GET /movie/basic/6 200 29.965 ms

2025-01-22 11:01:38 [INFO]: [2025-01-22T02:07:57.376Z] GET /movie/basic/11 200 32.040 ms

2025-01-22 11:01:38 [INFO]: [2025-01-22T02:07:57.381Z] GET /movie/basic/15 200 33.929 ms

2025-01-22 11:01:39 [INFO]: [2025-01-22T02:07:57.392Z] GET /movie/basic/16 200 45.711 ms

2025-01-22 11:01:51 [INFO]: [2025-01-22T02:07:57.506Z] GET /movie/basic/2 200 5.310 ms

2025-01-22 11:01:56 [INFO]: [2025-01-22T02:07:57.557Z] GET /movie/basic/3 200 18.113 ms

2025-01-22 11:01:56 [INFO]: [2025-01-22T02:07:57.564Z] GET /movie/basic/8 200 18.285 ms

2025-01-22 11:01:57 [INFO]: [2025-01-22T02:07:57.570Z] GET /movie/basic/7 200 8.123 ms

2025-01-22 11:01:58 [INFO]: [2025-01-22T02:07:57.577Z] GET /movie/basic/9 200 3.261 ms

2025-01-22 11:01:60 [INFO]: [2025-01-22T02:07:57.604Z] GET /movie/basic/5 304 7.682 ms

2025-01-22 11:01:61 [INFO]: [2025-01-22T02:07:57.613Z] GET /movie/basic/6 304 6.293 ms

2025-01-22 11:01:63 [INFO]: [2025-01-22T02:07:57.627Z] GET /movie/basic/11 304 18.607 ms

2025-01-22 11:01:64 [INFO]: [2025-01-22T02:07:57.639Z] GET /movie/basic/15 304 21.709 ms

2025-01-22 11:01:64 [INFO]: [2025-01-22T02:07:57.642Z] GET /movie/basic/16 304 24.231 ms

2025-01-22 11:01:65 [INFO]: [2025-01-22T02:07:57.654Z] GET /movie/basic/2 304 16.336 ms

2025-01-22 11:01:66 [INFO]: [2025-01-22T02:07:57.663Z] GET /movie/basic/3 304 16.693 ms

2025-01-22 11:01:67 [INFO]: [2025-01-22T02:07:57.668Z] GET /movie/basic/8 304 19.804 ms

2025-01-22 11:01:68 [INFO]: [2025-01-22T02:07:57.675Z] GET /movie/basic/7 304 14.422 ms

2025-01-22 11:01:68 [INFO]: [2025-01-22T02:07:57.680Z] GET /movie/basic/9 304 18.779 ms

2025-01-22 11:01:69 [INFO]: [2025-01-22T02:07:57.691Z] GET /movie/basic/5 304 16.305 ms

2025-01-22 11:01:70 [INFO]: [2025-01-22T02:07:57.701Z] GET /movie/basic/6 304 13.218 ms

2025-01-22 11:01:71 [INFO]: [2025-01-22T02:07:57.705Z] GET /movie/basic/11 304 15.454 ms

2025-01-22 11:01:71 [INFO]: [2025-01-22T02:07:57.707Z] GET /movie/basic/15 304 12.985 ms

2025-01-22 11:01:71 [INFO]: [2025-01-22T02:07:57.709Z] GET /movie/basic/16 304 14.278 ms

2025-01-22 11:01:63 [ERROR]: [2025-01-22T02:08:41.629Z] GET /favicon.ico 404 4.505 ms

2025-01-22 11:01:07 [ERROR]: [2025-01-22T02:11:19.066Z] GET /user/info 401 1.353 ms

2025-01-22 11:01:07 [INFO]: [2025-01-22T02:11:19.071Z] GET /movie/chart 304 1.799 ms

2025-01-22 11:01:20 [INFO]: [2025-01-22T02:11:19.197Z] GET /movie/basic/5 304 11.814 ms

2025-01-22 11:01:21 [INFO]: [2025-01-22T02:11:19.213Z] GET /movie/basic/6 304 6.742 ms

2025-01-22 11:01:23 [INFO]: [2025-01-22T02:11:19.234Z] GET /movie/basic/11 304 9.778 ms

2025-01-22 11:01:25 [INFO]: [2025-01-22T02:11:19.249Z] GET /movie/basic/16 304 17.601 ms

2025-01-22 11:01:26 [INFO]: [2025-01-22T02:11:19.255Z] GET /movie/basic/15 304 12.876 ms

2025-01-22 11:01:27 [INFO]: [2025-01-22T02:11:19.266Z] GET /movie/basic/2 304 20.946 ms

2025-01-22 11:01:28 [INFO]: [2025-01-22T02:11:19.275Z] GET /movie/basic/3 304 20.941 ms

2025-01-22 11:01:32 [INFO]: [2025-01-22T02:11:19.316Z] GET /movie/basic/8 304 13.572 ms

2025-01-22 11:01:32 [INFO]: [2025-01-22T02:11:19.320Z] GET /movie/basic/7 304 14.884 ms

2025-01-22 11:01:33 [INFO]: [2025-01-22T02:11:19.327Z] GET /movie/basic/9 304 13.490 ms

2025-01-22 11:01:33 [INFO]: [2025-01-22T02:11:19.332Z] GET /movie/basic/5 304 18.429 ms

2025-01-22 11:01:34 [INFO]: [2025-01-22T02:11:19.335Z] GET /movie/basic/6 304 20.262 ms

2025-01-22 11:01:37 [INFO]: [2025-01-22T02:11:19.366Z] GET /movie/basic/11 304 11.006 ms

2025-01-22 11:01:37 [INFO]: [2025-01-22T02:11:19.369Z] GET /movie/basic/16 304 10.709 ms

2025-01-22 11:01:37 [INFO]: [2025-01-22T02:11:19.373Z] GET /movie/basic/15 304 10.520 ms

2025-01-22 11:01:38 [INFO]: [2025-01-22T02:11:19.380Z] GET /movie/basic/2 304 15.846 ms

2025-01-22 11:01:39 [INFO]: [2025-01-22T02:11:19.391Z] GET /movie/basic/3 304 3.605 ms

2025-01-22 11:01:45 [INFO]: [2025-01-22T02:11:19.448Z] GET /movie/basic/8 304 37.955 ms

2025-01-22 11:01:46 [INFO]: [2025-01-22T02:11:19.455Z] GET /movie/basic/7 304 40.968 ms

2025-01-22 11:01:47 [INFO]: [2025-01-22T02:11:19.467Z] GET /movie/basic/9 304 23.098 ms

2025-01-22 11:01:47 [INFO]: [2025-01-22T02:11:19.472Z] GET /movie/basic/5 304 9.527 ms

2025-01-22 11:01:48 [INFO]: [2025-01-22T02:11:19.480Z] GET /movie/basic/6 304 15.768 ms

2025-01-22 11:01:52 [INFO]: [2025-01-22T02:11:19.514Z] GET /movie/basic/11 304 28.993 ms

2025-01-22 11:01:53 [INFO]: [2025-01-22T02:11:19.525Z] GET /movie/basic/16 304 22.776 ms

2025-01-22 11:01:55 [INFO]: [2025-01-22T02:11:19.548Z] GET /movie/basic/15 304 32.249 ms

2025-01-22 11:01:37 [ERROR]: [2025-01-22T02:17:51.363Z] GET /user/info 401 7.254 ms

2025-01-22 11:01:38 [INFO]: [2025-01-22T02:17:51.381Z] GET /movie/chart 304 5.005 ms

2025-01-22 11:01:50 [INFO]: [2025-01-22T02:17:51.503Z] GET /movie/basic/6 200 15.877 ms

2025-01-22 11:01:51 [INFO]: [2025-01-22T02:17:51.510Z] GET /movie/basic/5 200 43.950 ms

2025-01-22 11:01:52 [INFO]: [2025-01-22T02:17:51.517Z] GET /movie/basic/15 200 24.763 ms

2025-01-22 11:01:52 [INFO]: [2025-01-22T02:17:51.524Z] GET /movie/basic/11 200 35.047 ms

2025-01-22 11:01:53 [INFO]: [2025-01-22T02:17:51.532Z] GET /movie/basic/16 200 40.469 ms

2025-01-22 11:01:55 [INFO]: [2025-01-22T02:17:51.552Z] GET /movie/basic/2 304 24.050 ms

2025-01-22 11:01:56 [INFO]: [2025-01-22T02:17:51.562Z] GET /movie/basic/3 304 18.193 ms

2025-01-22 11:01:57 [INFO]: [2025-01-22T02:17:51.567Z] GET /movie/basic/8 200 20.608 ms

2025-01-22 11:01:58 [INFO]: [2025-01-22T02:17:51.575Z] GET /movie/basic/7 200 16.381 ms

2025-01-22 11:01:58 [INFO]: [2025-01-22T02:17:51.578Z] GET /movie/basic/9 304 18.125 ms

2025-01-22 11:01:59 [INFO]: [2025-01-22T02:17:51.593Z] GET /movie/basic/6 304 19.952 ms

2025-01-22 11:01:61 [INFO]: [2025-01-22T02:17:51.605Z] GET /movie/basic/5 304 15.472 ms

2025-01-22 11:01:61 [INFO]: [2025-01-22T02:17:51.610Z] GET /movie/basic/15 304 19.664 ms

2025-01-22 11:01:62 [INFO]: [2025-01-22T02:17:51.621Z] GET /movie/basic/11 304 21.591 ms

2025-01-22 11:01:63 [INFO]: [2025-01-22T02:17:51.625Z] GET /movie/basic/16 304 22.670 ms

2025-01-22 11:01:64 [INFO]: [2025-01-22T02:17:51.636Z] GET /movie/basic/2 304 18.682 ms

2025-01-22 11:01:65 [INFO]: [2025-01-22T02:17:51.648Z] GET /movie/basic/3 304 15.182 ms

2025-01-22 11:01:66 [INFO]: [2025-01-22T02:17:51.656Z] GET /movie/basic/8 304 22.444 ms

2025-01-22 11:01:67 [INFO]: [2025-01-22T02:17:51.667Z] GET /movie/basic/7 304 23.608 ms

2025-01-22 11:01:67 [INFO]: [2025-01-22T02:17:51.673Z] GET /movie/basic/9 304 28.914 ms

2025-01-22 11:01:68 [INFO]: [2025-01-22T02:17:51.681Z] GET /movie/basic/6 304 16.930 ms

2025-01-22 11:01:70 [INFO]: [2025-01-22T02:17:51.695Z] GET /movie/basic/5 304 15.326 ms

2025-01-22 11:01:71 [INFO]: [2025-01-22T02:17:51.707Z] GET /movie/basic/15 304 26.145 ms

2025-01-22 11:01:72 [INFO]: [2025-01-22T02:17:51.716Z] GET /movie/basic/11 304 25.539 ms

2025-01-22 11:01:73 [INFO]: [2025-01-22T02:17:51.731Z] GET /movie/basic/16 304 39.423 ms

2025-01-22 11:01:47 [ERROR]: [2025-01-22T02:29:12.447Z] GET /user/info 401 24.959 ms

2025-01-22 11:01:50 [INFO]: [2025-01-22T02:29:12.495Z] GET /movie/chart 304 12.390 ms

2025-01-22 11:01:16 [INFO]: [2025-01-22T02:29:13.161Z] GET /movie/basic/5 304 454.120 ms

2025-01-22 11:01:17 [INFO]: [2025-01-22T02:29:13.167Z] GET /movie/basic/11 304 382.193 ms

2025-01-22 11:01:17 [INFO]: [2025-01-22T02:29:13.174Z] GET /movie/basic/3 304 384.945 ms

2025-01-22 11:01:18 [INFO]: [2025-01-22T02:29:13.180Z] GET /movie/basic/2 304 392.577 ms

2025-01-22 11:01:19 [INFO]: [2025-01-22T02:29:13.186Z] GET /movie/basic/15 304 399.036 ms

2025-01-22 11:01:19 [INFO]: [2025-01-22T02:29:13.193Z] GET /movie/basic/16 304 406.826 ms

2025-01-22 11:01:26 [INFO]: [2025-01-22T02:29:13.256Z] GET /movie/basic/6 304 49.143 ms

2025-01-22 11:01:26 [INFO]: [2025-01-22T02:29:13.261Z] GET /movie/basic/9 304 53.410 ms

2025-01-22 11:01:27 [INFO]: [2025-01-22T02:29:13.271Z] GET /movie/basic/7 304 24.914 ms

2025-01-22 11:01:29 [INFO]: [2025-01-22T02:29:13.285Z] GET /movie/basic/8 304 37.317 ms

2025-01-22 11:01:31 [INFO]: [2025-01-22T02:29:13.305Z] GET /movie/basic/5 304 53.618 ms

2025-01-22 11:01:31 [INFO]: [2025-01-22T02:29:13.314Z] GET /movie/basic/11 304 61.534 ms

2025-01-22 11:01:34 [INFO]: [2025-01-22T02:29:13.337Z] GET /movie/basic/3 304 15.506 ms

2025-01-22 11:01:34 [INFO]: [2025-01-22T02:29:13.341Z] GET /movie/basic/2 304 18.668 ms

2025-01-22 11:01:35 [INFO]: [2025-01-22T02:29:13.345Z] GET /movie/basic/15 304 17.104 ms

2025-01-22 11:01:35 [INFO]: [2025-01-22T02:29:13.349Z] GET /movie/basic/16 304 18.123 ms

2025-01-22 11:01:35 [INFO]: [2025-01-22T02:29:13.353Z] GET /movie/basic/6 304 19.529 ms

2025-01-22 11:01:36 [INFO]: [2025-01-22T02:29:13.360Z] GET /movie/basic/9 304 24.940 ms

2025-01-22 11:01:40 [INFO]: [2025-01-22T02:29:13.395Z] GET /movie/basic/7 304 20.862 ms

2025-01-22 11:01:40 [INFO]: [2025-01-22T02:29:13.401Z] GET /movie/basic/8 304 26.330 ms

2025-01-22 11:01:41 [INFO]: [2025-01-22T02:29:13.411Z] GET /movie/basic/5 304 34.849 ms

2025-01-22 11:01:42 [INFO]: [2025-01-22T02:29:13.421Z] GET /movie/basic/11 304 40.266 ms

2025-01-22 11:01:45 [INFO]: [2025-01-22T02:29:13.453Z] GET /movie/basic/15 304 70.242 ms

2025-01-22 11:01:46 [INFO]: [2025-01-22T02:29:13.460Z] GET /movie/basic/16 304 74.483 ms

2025-01-22 11:01:49 [INFO]: [2025-01-22T02:29:13.489Z] GET /movie/basic/6 304 13.565 ms

2025-01-22 11:01:67 [INFO]: [2025-01-22T02:29:13.670Z] GET /movie/chart 200 1.819 ms

2025-01-22 11:01:85 [INFO]: [2025-01-22T02:29:13.845Z] GET /movie/basic/5 200 4.511 ms

2025-01-22 11:01:86 [INFO]: [2025-01-22T02:29:13.861Z] GET /movie/basic/6 200 4.502 ms

2025-01-22 11:01:88 [INFO]: [2025-01-22T02:29:13.875Z] GET /movie/basic/11 200 11.138 ms

2025-01-22 11:01:88 [INFO]: [2025-01-22T02:29:13.879Z] GET /movie/basic/16 200 12.106 ms

2025-01-22 11:01:88 [INFO]: [2025-01-22T02:29:13.884Z] GET /movie/basic/15 200 16.232 ms

2025-01-22 11:01:89 [INFO]: [2025-01-22T02:29:13.889Z] GET /movie/basic/2 200 18.682 ms

2025-01-22 11:01:89 [INFO]: [2025-01-22T02:29:13.893Z] GET /movie/basic/3 200 22.114 ms

2025-01-22 11:01:90 [INFO]: [2025-01-22T02:29:13.898Z] GET /movie/basic/8 200 25.387 ms

2025-01-22 11:01:92 [INFO]: [2025-01-22T02:29:13.918Z] GET /movie/basic/7 200 11.350 ms

2025-01-22 11:01:92 [INFO]: [2025-01-22T02:29:13.923Z] GET /movie/basic/5 304 14.576 ms

2025-01-22 11:01:93 [INFO]: [2025-01-22T02:29:13.929Z] GET /movie/basic/9 200 20.698 ms

2025-01-22 11:01:93 [INFO]: [2025-01-22T02:29:13.934Z] GET /movie/basic/6 304 23.916 ms

2025-01-22 11:01:94 [INFO]: [2025-01-22T02:29:13.943Z] GET /movie/basic/11 304 31.077 ms

2025-01-22 11:01:95 [INFO]: [2025-01-22T02:29:13.948Z] GET /movie/basic/16 304 35.494 ms

2025-01-22 11:01:98 [INFO]: [2025-01-22T02:29:13.975Z] GET /movie/basic/15 304 18.168 ms

2025-01-22 11:01:98 [INFO]: [2025-01-22T02:29:13.982Z] GET /movie/basic/2 304 24.091 ms

2025-01-22 11:01:99 [INFO]: [2025-01-22T02:29:13.988Z] GET /movie/basic/8 304 25.245 ms

2025-01-22 11:01:99 [INFO]: [2025-01-22T02:29:13.993Z] GET /movie/basic/3 304 33.542 ms

2025-01-22 11:01:00 [INFO]: [2025-01-22T02:29:14.003Z] GET /movie/basic/7 304 38.877 ms

2025-01-22 11:01:01 [INFO]: [2025-01-22T02:29:14.009Z] GET /movie/basic/5 304 41.238 ms

2025-01-22 11:01:03 [INFO]: [2025-01-22T02:29:14.027Z] GET /movie/basic/9 304 6.407 ms

2025-01-22 11:01:03 [INFO]: [2025-01-22T02:29:14.033Z] GET /movie/basic/6 304 12.055 ms

2025-01-22 11:01:04 [INFO]: [2025-01-22T02:29:14.039Z] GET /movie/basic/11 304 16.587 ms

2025-01-22 11:01:04 [INFO]: [2025-01-22T02:29:14.043Z] GET /movie/basic/16 304 19.979 ms

2025-01-22 11:01:05 [INFO]: [2025-01-22T02:29:14.050Z] GET /movie/basic/15 304 26.044 ms

2025-01-22 11:01:82 [ERROR]: [2025-01-22T02:29:26.819Z] GET /user/info 401 3.378 ms

2025-01-22 11:01:85 [INFO]: [2025-01-22T02:29:26.848Z] GET /movie/chart 304 2.019 ms

2025-01-22 11:01:06 [INFO]: [2025-01-22T02:29:27.058Z] GET /movie/basic/5 304 13.640 ms

2025-01-22 11:01:10 [INFO]: [2025-01-22T02:29:27.095Z] GET /movie/basic/6 304 19.197 ms

2025-01-22 11:01:10 [INFO]: [2025-01-22T02:29:27.104Z] GET /movie/basic/11 304 22.379 ms

2025-01-22 11:01:11 [INFO]: [2025-01-22T02:29:27.108Z] GET /movie/basic/3 304 22.502 ms

2025-01-22 11:01:11 [INFO]: [2025-01-22T02:29:27.112Z] GET /movie/basic/16 304 21.556 ms

2025-01-22 11:01:12 [INFO]: [2025-01-22T02:29:27.123Z] GET /movie/basic/15 304 31.527 ms

2025-01-22 11:01:13 [INFO]: [2025-01-22T02:29:27.127Z] GET /movie/basic/2 304 28.136 ms

2025-01-22 11:01:15 [INFO]: [2025-01-22T02:29:27.147Z] GET /movie/basic/8 304 14.310 ms

2025-01-22 11:01:15 [INFO]: [2025-01-22T02:29:27.154Z] GET /movie/basic/7 304 13.145 ms

2025-01-22 11:01:16 [INFO]: [2025-01-22T02:29:27.158Z] GET /movie/basic/9 304 16.795 ms

2025-01-22 11:01:20 [INFO]: [2025-01-22T02:29:27.198Z] GET /movie/basic/5 304 17.391 ms

2025-01-22 11:01:22 [INFO]: [2025-01-22T02:29:27.217Z] GET /movie/basic/6 304 35.069 ms

2025-01-22 11:01:25 [INFO]: [2025-01-22T02:29:27.245Z] GET /movie/basic/11 304 62.017 ms

2025-01-22 11:01:28 [INFO]: [2025-01-22T02:29:27.279Z] GET /movie/basic/3 304 92.102 ms

2025-01-22 11:01:34 [INFO]: [2025-01-22T02:29:27.344Z] GET /movie/basic/16 304 156.065 ms

2025-01-22 11:01:37 [INFO]: [2025-01-22T02:29:27.364Z] GET /movie/basic/15 304 173.430 ms

2025-01-22 11:01:44 [INFO]: [2025-01-22T02:29:27.442Z] GET /movie/basic/2 304 32.951 ms

2025-01-22 11:01:46 [INFO]: [2025-01-22T02:29:27.463Z] GET /movie/basic/8 304 69.317 ms

2025-01-22 11:01:50 [INFO]: [2025-01-22T02:29:27.496Z] GET /movie/basic/7 304 100.060 ms

2025-01-22 11:01:53 [INFO]: [2025-01-22T02:29:27.531Z] GET /movie/basic/9 304 118.624 ms

2025-01-22 11:01:65 [INFO]: [2025-01-22T02:29:27.649Z] GET /movie/basic/5 304 100.327 ms

2025-01-22 11:01:68 [INFO]: [2025-01-22T02:29:27.676Z] GET /movie/basic/6 304 124.549 ms

2025-01-22 11:01:69 [INFO]: [2025-01-22T02:29:27.692Z] GET /movie/basic/11 304 64.523 ms

2025-01-22 11:01:71 [INFO]: [2025-01-22T02:29:27.710Z] GET /movie/basic/16 304 83.176 ms

2025-01-22 11:01:74 [INFO]: [2025-01-22T02:29:27.742Z] GET /movie/basic/15 304 113.611 ms

2025-01-22 11:01:76 [ERROR]: [2025-01-22T02:30:11.763Z] GET /user/info 401 1.053 ms

2025-01-22 11:01:78 [INFO]: [2025-01-22T02:30:11.781Z] GET /movie/chart 304 2.189 ms

2025-01-22 11:01:90 [INFO]: [2025-01-22T02:30:11.895Z] GET /movie/basic/5 304 13.428 ms

2025-01-22 11:01:90 [INFO]: [2025-01-22T02:30:11.899Z] GET /movie/basic/6 304 14.185 ms

2025-01-22 11:01:91 [INFO]: [2025-01-22T02:30:11.905Z] GET /movie/basic/11 304 13.386 ms

2025-01-22 11:01:91 [INFO]: [2025-01-22T02:30:11.914Z] GET /movie/basic/16 304 5.310 ms

2025-01-22 11:01:93 [INFO]: [2025-01-22T02:30:11.930Z] GET /movie/basic/2 304 9.868 ms

2025-01-22 11:01:94 [INFO]: [2025-01-22T02:30:11.934Z] GET /movie/basic/3 304 13.616 ms

2025-01-22 11:01:94 [INFO]: [2025-01-22T02:30:11.942Z] GET /movie/basic/15 304 24.435 ms

2025-01-22 11:01:96 [INFO]: [2025-01-22T02:30:11.959Z] GET /movie/basic/8 304 13.512 ms

2025-01-22 11:01:97 [INFO]: [2025-01-22T02:30:11.973Z] GET /movie/basic/7 304 26.214 ms

2025-01-22 11:01:14 [INFO]: [2025-01-22T02:30:12.139Z] GET /movie/basic/9 304 187.373 ms

2025-01-22 11:01:16 [INFO]: [2025-01-22T02:30:12.163Z] GET /movie/basic/5 304 210.733 ms

2025-01-22 11:01:19 [INFO]: [2025-01-22T02:30:12.190Z] GET /movie/basic/6 304 234.622 ms

2025-01-22 11:01:22 [INFO]: [2025-01-22T02:30:12.216Z] GET /movie/basic/11 304 17.064 ms

2025-01-22 11:01:22 [INFO]: [2025-01-22T02:30:12.224Z] GET /movie/basic/15 304 19.970 ms

2025-01-22 11:01:25 [INFO]: [2025-01-22T02:30:12.247Z] GET /movie/basic/2 304 40.567 ms

2025-01-22 11:01:25 [INFO]: [2025-01-22T02:30:12.254Z] GET /movie/basic/16 304 44.613 ms

2025-01-22 11:01:26 [INFO]: [2025-01-22T02:30:12.262Z] GET /movie/basic/3 304 52.572 ms

2025-01-22 11:01:28 [INFO]: [2025-01-22T02:30:12.284Z] GET /movie/basic/8 304 72.444 ms

2025-01-22 11:01:36 [INFO]: [2025-01-22T02:30:12.357Z] GET /movie/basic/7 304 40.315 ms

2025-01-22 11:01:37 [INFO]: [2025-01-22T02:30:12.368Z] GET /movie/basic/9 304 56.668 ms

2025-01-22 11:01:41 [INFO]: [2025-01-22T02:30:12.406Z] GET /movie/basic/5 304 92.108 ms

2025-01-22 11:01:42 [INFO]: [2025-01-22T02:30:12.418Z] GET /movie/basic/6 304 103.105 ms

2025-01-22 11:01:43 [INFO]: [2025-01-22T02:30:12.428Z] GET /movie/basic/11 304 112.003 ms

2025-01-22 11:01:44 [INFO]: [2025-01-22T02:30:12.443Z] GET /movie/basic/15 304 125.245 ms

2025-01-22 11:01:47 [INFO]: [2025-01-22T02:30:12.467Z] GET /movie/basic/16 304 8.094 ms

2025-01-22 11:01:71 [ERROR]: [2025-01-22T02:30:12.710Z] GET /user/info 401 1.014 ms

2025-01-22 11:01:72 [INFO]: [2025-01-22T02:30:12.715Z] GET /movie/chart 304 1.763 ms

2025-01-22 11:01:45 [INFO]: [2025-01-22T02:30:13.450Z] GET /movie/basic/5 304 5.586 ms

2025-01-22 11:01:46 [INFO]: [2025-01-22T02:30:13.463Z] GET /movie/basic/6 304 5.303 ms

2025-01-22 11:01:47 [INFO]: [2025-01-22T02:30:13.471Z] GET /movie/basic/11 304 4.885 ms

2025-01-22 11:01:48 [INFO]: [2025-01-22T02:30:13.480Z] GET /movie/basic/16 304 5.386 ms

2025-01-22 11:01:49 [INFO]: [2025-01-22T02:30:13.489Z] GET /movie/basic/15 304 4.340 ms

2025-01-22 11:01:51 [INFO]: [2025-01-22T02:30:13.506Z] GET /movie/basic/2 304 4.836 ms

2025-01-22 11:01:53 [INFO]: [2025-01-22T02:30:13.526Z] GET /movie/basic/3 304 7.728 ms

2025-01-22 11:01:53 [INFO]: [2025-01-22T02:30:13.531Z] GET /movie/basic/8 304 9.315 ms

2025-01-22 11:01:55 [INFO]: [2025-01-22T02:30:13.553Z] GET /movie/basic/7 304 4.753 ms

2025-01-22 11:01:75 [INFO]: [2025-01-22T02:30:13.749Z] GET /movie/basic/9 304 4.569 ms

2025-01-22 11:01:76 [INFO]: [2025-01-22T02:30:13.764Z] GET /movie/basic/5 304 4.464 ms

2025-01-22 11:01:88 [INFO]: [2025-01-22T02:30:13.876Z] GET /movie/basic/6 304 44.788 ms

2025-01-22 11:01:96 [INFO]: [2025-01-22T02:30:13.960Z] GET /movie/basic/11 304 6.793 ms

2025-01-22 11:01:97 [INFO]: [2025-01-22T02:30:13.970Z] GET /movie/basic/16 304 5.320 ms

2025-01-22 11:01:98 [INFO]: [2025-01-22T02:30:13.981Z] GET /movie/basic/15 304 5.257 ms

2025-01-22 11:01:99 [INFO]: [2025-01-22T02:30:13.985Z] GET /movie/basic/2 304 6.776 ms

2025-01-22 11:01:100 [INFO]: [2025-01-22T02:30:13.995Z] GET /movie/basic/3 304 4.471 ms

2025-01-22 11:01:02 [INFO]: [2025-01-22T02:30:14.024Z] GET /movie/basic/8 304 9.463 ms

2025-01-22 11:01:03 [INFO]: [2025-01-22T02:30:14.028Z] GET /movie/basic/7 304 10.200 ms

2025-01-22 11:01:04 [INFO]: [2025-01-22T02:30:14.042Z] GET /movie/basic/9 304 5.480 ms

2025-01-22 11:01:06 [INFO]: [2025-01-22T02:30:14.055Z] GET /movie/basic/5 304 4.727 ms

2025-01-22 11:01:07 [INFO]: [2025-01-22T02:30:14.067Z] GET /movie/basic/6 304 6.081 ms

2025-01-22 11:01:08 [INFO]: [2025-01-22T02:30:14.078Z] GET /movie/basic/11 304 5.239 ms

2025-01-22 11:01:09 [INFO]: [2025-01-22T02:30:14.089Z] GET /movie/basic/16 304 5.340 ms

2025-01-22 11:01:11 [INFO]: [2025-01-22T02:30:14.108Z] GET /movie/basic/15 304 4.456 ms

2025-01-22 11:01:03 [ERROR]: [2025-01-22T02:31:11.030Z] GET /user/info 401 0.920 ms

2025-01-22 11:01:04 [INFO]: [2025-01-22T02:31:11.038Z] GET /movie/chart 304 1.594 ms

2025-01-22 11:01:32 [INFO]: [2025-01-22T02:31:11.324Z] GET /movie/basic/5 304 15.295 ms

2025-01-22 11:01:33 [INFO]: [2025-01-22T02:31:11.329Z] GET /movie/basic/6 304 13.363 ms

2025-01-22 11:01:34 [INFO]: [2025-01-22T02:31:11.344Z] GET /movie/basic/11 304 3.821 ms

2025-01-22 11:01:35 [INFO]: [2025-01-22T02:31:11.349Z] GET /movie/basic/16 304 8.559 ms

2025-01-22 11:01:36 [INFO]: [2025-01-22T02:31:11.356Z] GET /movie/basic/15 304 10.056 ms

2025-01-22 11:01:37 [INFO]: [2025-01-22T02:31:11.366Z] GET /movie/basic/2 304 7.019 ms

2025-01-22 11:01:37 [INFO]: [2025-01-22T02:31:11.373Z] GET /movie/basic/3 304 10.593 ms

2025-01-22 11:01:38 [INFO]: [2025-01-22T02:31:11.380Z] GET /movie/basic/8 304 4.996 ms

2025-01-22 11:01:48 [INFO]: [2025-01-22T02:31:11.482Z] GET /movie/basic/7 304 6.782 ms

2025-01-22 11:01:49 [INFO]: [2025-01-22T02:31:11.492Z] GET /movie/basic/9 304 5.207 ms

2025-01-22 11:01:53 [INFO]: [2025-01-22T02:31:11.525Z] GET /movie/basic/5 304 14.705 ms

2025-01-22 11:01:53 [INFO]: [2025-01-22T02:31:11.532Z] GET /movie/basic/6 304 17.720 ms

2025-01-22 11:01:54 [INFO]: [2025-01-22T02:31:11.537Z] GET /movie/basic/11 304 20.108 ms

2025-01-22 11:01:56 [INFO]: [2025-01-22T02:31:11.560Z] GET /movie/basic/16 304 29.710 ms

2025-01-22 11:01:58 [INFO]: [2025-01-22T02:31:11.578Z] GET /movie/basic/15 304 14.964 ms

2025-01-22 11:01:58 [INFO]: [2025-01-22T02:31:11.583Z] GET /movie/basic/2 304 16.059 ms

2025-01-22 11:01:59 [INFO]: [2025-01-22T02:31:11.589Z] GET /movie/basic/3 304 15.091 ms

2025-01-22 11:01:59 [INFO]: [2025-01-22T02:31:11.594Z] GET /movie/basic/8 304 20.814 ms

2025-01-22 11:01:67 [INFO]: [2025-01-22T02:31:11.670Z] GET /movie/basic/7 304 92.814 ms

2025-01-22 11:01:78 [INFO]: [2025-01-22T02:31:11.775Z] GET /movie/basic/9 304 129.180 ms

2025-01-22 11:01:91 [INFO]: [2025-01-22T02:31:11.907Z] GET /movie/basic/5 304 195.367 ms

2025-01-22 11:01:02 [INFO]: [2025-01-22T02:31:12.023Z] GET /movie/basic/6 304 268.307 ms

2025-01-22 11:01:19 [INFO]: [2025-01-22T02:31:12.192Z] GET /movie/basic/16 304 449.456 ms

2025-01-22 11:01:27 [INFO]: [2025-01-22T02:31:12.268Z] GET /movie/basic/11 304 548.733 ms

2025-01-22 11:01:33 [INFO]: [2025-01-22T02:31:12.325Z] GET /movie/basic/15 304 16.318 ms

2025-01-22 11:01:70 [ERROR]: [2025-01-22T02:31:12.701Z] GET /user/info 401 0.691 ms

2025-01-22 11:01:83 [INFO]: [2025-01-22T02:31:12.830Z] GET /movie/chart 304 1.487 ms

2025-01-22 11:01:13 [INFO]: [2025-01-22T02:31:13.127Z] GET /movie/basic/5 304 4.167 ms

2025-01-22 11:01:14 [INFO]: [2025-01-22T02:31:13.138Z] GET /movie/basic/6 304 6.028 ms

2025-01-22 11:01:14 [INFO]: [2025-01-22T02:31:13.143Z] GET /movie/basic/11 304 9.674 ms

2025-01-22 11:01:15 [INFO]: [2025-01-22T02:31:13.146Z] GET /movie/basic/16 304 10.986 ms

2025-01-22 11:01:16 [INFO]: [2025-01-22T02:31:13.159Z] GET /movie/basic/15 304 4.181 ms

2025-01-22 11:01:17 [INFO]: [2025-01-22T02:31:13.172Z] GET /movie/basic/2 304 5.463 ms

2025-01-22 11:01:19 [INFO]: [2025-01-22T02:31:13.186Z] GET /movie/basic/3 304 5.159 ms

2025-01-22 11:01:20 [INFO]: [2025-01-22T02:31:13.196Z] GET /movie/basic/8 304 4.280 ms

2025-01-22 11:01:22 [INFO]: [2025-01-22T02:31:13.215Z] GET /movie/basic/7 304 4.763 ms

2025-01-22 11:01:25 [INFO]: [2025-01-22T02:31:13.254Z] GET /movie/basic/9 304 8.160 ms

2025-01-22 11:01:26 [INFO]: [2025-01-22T02:31:13.260Z] GET /movie/basic/5 304 3.861 ms

2025-01-22 11:01:27 [INFO]: [2025-01-22T02:31:13.274Z] GET /movie/basic/6 304 3.958 ms

2025-01-22 11:01:29 [INFO]: [2025-01-22T02:31:13.286Z] GET /movie/basic/11 304 5.659 ms

2025-01-22 11:01:30 [INFO]: [2025-01-22T02:31:13.303Z] GET /movie/basic/16 304 5.842 ms

2025-01-22 11:01:32 [INFO]: [2025-01-22T02:31:13.324Z] GET /movie/basic/15 304 6.286 ms

2025-01-22 11:01:33 [INFO]: [2025-01-22T02:31:13.328Z] GET /movie/basic/2 304 6.482 ms

2025-01-22 11:01:34 [INFO]: [2025-01-22T02:31:13.339Z] GET /movie/basic/3 304 3.872 ms

2025-01-22 11:01:35 [INFO]: [2025-01-22T02:31:13.347Z] GET /movie/basic/8 304 3.842 ms

2025-01-22 11:01:36 [INFO]: [2025-01-22T02:31:13.361Z] GET /movie/basic/7 304 5.783 ms

2025-01-22 11:01:37 [INFO]: [2025-01-22T02:31:13.366Z] GET /movie/basic/9 304 6.607 ms

2025-01-22 11:01:38 [INFO]: [2025-01-22T02:31:13.379Z] GET /movie/basic/5 304 4.148 ms

2025-01-22 11:01:39 [INFO]: [2025-01-22T02:31:13.391Z] GET /movie/basic/6 304 3.784 ms

2025-01-22 11:01:40 [INFO]: [2025-01-22T02:31:13.403Z] GET /movie/basic/11 304 3.996 ms

2025-01-22 11:01:41 [INFO]: [2025-01-22T02:31:13.411Z] GET /movie/basic/16 304 3.935 ms

2025-01-22 11:01:41 [INFO]: [2025-01-22T02:31:13.414Z] GET /movie/basic/15 304 5.360 ms

2025-01-22 11:01:80 [ERROR]: [2025-01-22T02:31:16.795Z] GET /user/info 401 0.743 ms

2025-01-22 11:01:80 [INFO]: [2025-01-22T02:31:16.801Z] GET /movie/chart 304 1.381 ms

2025-01-22 11:01:97 [INFO]: [2025-01-22T02:31:16.967Z] GET /movie/basic/5 304 5.696 ms

2025-01-22 11:01:97 [INFO]: [2025-01-22T02:31:16.974Z] GET /movie/basic/6 304 10.665 ms

2025-01-22 11:01:98 [INFO]: [2025-01-22T02:31:16.979Z] GET /movie/basic/11 304 7.580 ms

2025-01-22 11:01:99 [INFO]: [2025-01-22T02:31:16.988Z] GET /movie/basic/16 304 6.691 ms

2025-01-22 11:01:00 [INFO]: [2025-01-22T02:31:16.999Z] GET /movie/basic/15 304 13.382 ms

2025-01-22 11:01:01 [INFO]: [2025-01-22T02:31:17.010Z] GET /movie/basic/2 304 16.639 ms

2025-01-22 11:01:02 [INFO]: [2025-01-22T02:31:17.023Z] GET /movie/basic/3 304 28.368 ms

2025-01-22 11:01:11 [INFO]: [2025-01-22T02:31:17.110Z] GET /movie/basic/3 304 16.702 ms

2025-01-22 11:01:17 [INFO]: [2025-01-22T02:31:17.165Z] GET /movie/basic/8 304 46.117 ms

2025-01-22 11:01:17 [INFO]: [2025-01-22T02:31:17.173Z] GET /movie/basic/7 304 52.609 ms

2025-01-22 11:01:18 [INFO]: [2025-01-22T02:31:17.177Z] GET /movie/basic/9 304 52.462 ms

2025-01-22 11:01:18 [INFO]: [2025-01-22T02:31:17.181Z] GET /movie/basic/5 304 55.517 ms

2025-01-22 11:01:19 [INFO]: [2025-01-22T02:31:17.192Z] GET /movie/basic/6 304 34.534 ms

2025-01-22 11:01:20 [INFO]: [2025-01-22T02:31:17.200Z] GET /movie/basic/2 304 110.932 ms

2025-01-22 11:01:21 [INFO]: [2025-01-22T02:31:17.208Z] GET /movie/basic/11 304 12.037 ms

2025-01-22 11:01:22 [INFO]: [2025-01-22T02:31:17.220Z] GET /movie/basic/16 304 6.150 ms

2025-01-22 11:01:30 [INFO]: [2025-01-22T02:31:17.295Z] GET /movie/basic/15 304 15.260 ms

2025-01-22 11:01:31 [INFO]: [2025-01-22T02:31:17.310Z] GET /movie/basic/8 304 8.780 ms

2025-01-22 11:01:41 [INFO]: [2025-01-22T02:31:17.407Z] GET /movie/basic/7 304 10.912 ms

2025-01-22 11:01:48 [INFO]: [2025-01-22T02:31:17.476Z] GET /movie/basic/9 304 14.996 ms

2025-01-22 11:01:51 [INFO]: [2025-01-22T02:31:17.509Z] GET /movie/basic/5 304 12.904 ms

2025-01-22 11:01:51 [INFO]: [2025-01-22T02:31:17.513Z] GET /movie/basic/6 304 13.802 ms

2025-01-22 11:01:52 [INFO]: [2025-01-22T02:31:17.524Z] GET /movie/basic/16 304 8.116 ms

2025-01-22 11:01:53 [INFO]: [2025-01-22T02:31:17.531Z] GET /movie/basic/11 304 9.786 ms

2025-01-22 11:01:54 [INFO]: [2025-01-22T02:31:17.540Z] GET /movie/basic/15 304 18.162 ms

2025-01-22 11:01:04 [ERROR]: [2025-01-22T02:31:52.038Z] GET /user/info 401 1.237 ms

2025-01-22 11:01:05 [INFO]: [2025-01-22T02:31:52.045Z] GET /movie/chart 304 1.653 ms

2025-01-22 11:01:16 [INFO]: [2025-01-22T02:31:52.164Z] GET /movie/basic/5 304 6.432 ms

2025-01-22 11:01:17 [INFO]: [2025-01-22T02:31:52.170Z] GET /movie/basic/6 304 8.277 ms

2025-01-22 11:01:18 [INFO]: [2025-01-22T02:31:52.180Z] GET /movie/basic/16 304 4.164 ms

2025-01-22 11:01:19 [INFO]: [2025-01-22T02:31:52.186Z] GET /movie/basic/11 304 11.097 ms

2025-01-22 11:01:20 [INFO]: [2025-01-22T02:31:52.200Z] GET /movie/basic/15 304 10.745 ms

2025-01-22 11:01:21 [INFO]: [2025-01-22T02:31:52.214Z] GET /movie/basic/2 304 10.099 ms

2025-01-22 11:01:22 [INFO]: [2025-01-22T02:31:52.221Z] GET /movie/basic/8 304 15.609 ms

2025-01-22 11:01:23 [INFO]: [2025-01-22T02:31:52.225Z] GET /movie/basic/7 304 17.919 ms

2025-01-22 11:01:23 [INFO]: [2025-01-22T02:31:52.231Z] GET /movie/basic/3 304 21.732 ms

2025-01-22 11:01:24 [INFO]: [2025-01-22T02:31:52.238Z] GET /movie/basic/9 304 9.198 ms

2025-01-22 11:01:26 [INFO]: [2025-01-22T02:31:52.261Z] GET /movie/basic/5 304 20.102 ms

2025-01-22 11:01:28 [INFO]: [2025-01-22T02:31:52.283Z] GET /movie/basic/6 304 35.458 ms

2025-01-22 11:01:31 [INFO]: [2025-01-22T02:31:52.308Z] GET /movie/basic/11 304 14.776 ms

2025-01-22 11:01:32 [INFO]: [2025-01-22T02:31:52.321Z] GET /movie/basic/2 304 25.534 ms

2025-01-22 11:01:33 [INFO]: [2025-01-22T02:31:52.329Z] GET /movie/basic/16 304 29.463 ms

2025-01-22 11:01:35 [INFO]: [2025-01-22T02:31:52.350Z] GET /movie/basic/15 304 49.994 ms

2025-01-22 11:01:36 [INFO]: [2025-01-22T02:31:52.360Z] GET /movie/basic/8 304 59.855 ms

2025-01-22 11:01:37 [INFO]: [2025-01-22T02:31:52.372Z] GET /movie/basic/7 304 69.963 ms

2025-01-22 11:01:41 [INFO]: [2025-01-22T02:31:52.412Z] GET /movie/basic/3 304 15.074 ms

2025-01-22 11:01:44 [INFO]: [2025-01-22T02:31:52.438Z] GET /movie/basic/9 304 41.694 ms

2025-01-22 11:01:46 [INFO]: [2025-01-22T02:31:52.458Z] GET /movie/basic/5 304 58.817 ms

2025-01-22 11:01:48 [INFO]: [2025-01-22T02:31:52.475Z] GET /movie/basic/6 304 73.797 ms

2025-01-22 11:01:55 [INFO]: [2025-01-22T02:31:52.545Z] GET /movie/basic/11 304 143.820 ms

2025-01-22 11:01:64 [INFO]: [2025-01-22T02:31:52.644Z] GET /movie/basic/16 304 238.132 ms

2025-01-22 11:01:72 [INFO]: [2025-01-22T02:31:52.715Z] GET /movie/basic/15 304 21.167 ms

2025-01-22 11:01:15 [ERROR]: [2025-01-22T02:31:53.150Z] GET /user/info 401 1.191 ms

2025-01-22 11:01:16 [INFO]: [2025-01-22T02:31:53.158Z] GET /movie/chart 304 1.450 ms

2025-01-22 11:01:56 [INFO]: [2025-01-22T02:31:53.555Z] GET /movie/basic/5 304 8.157 ms

2025-01-22 11:01:56 [INFO]: [2025-01-22T02:31:53.561Z] GET /movie/basic/6 304 12.934 ms

2025-01-22 11:01:57 [INFO]: [2025-01-22T02:31:53.573Z] GET /movie/basic/11 304 9.264 ms

2025-01-22 11:01:58 [INFO]: [2025-01-22T02:31:53.577Z] GET /movie/basic/16 304 7.914 ms

2025-01-22 11:01:59 [INFO]: [2025-01-22T02:31:53.592Z] GET /movie/basic/15 304 5.493 ms

2025-01-22 11:01:60 [INFO]: [2025-01-22T02:31:53.602Z] GET /movie/basic/2 304 5.873 ms

2025-01-22 11:01:61 [INFO]: [2025-01-22T02:31:53.613Z] GET /movie/basic/3 304 4.401 ms

2025-01-22 11:01:62 [INFO]: [2025-01-22T02:31:53.623Z] GET /movie/basic/8 304 7.781 ms

2025-01-22 11:01:70 [INFO]: [2025-01-22T02:31:53.695Z] GET /movie/basic/7 304 5.366 ms

2025-01-22 11:01:71 [INFO]: [2025-01-22T02:31:53.706Z] GET /movie/basic/9 304 7.541 ms

2025-01-22 11:01:74 [INFO]: [2025-01-22T02:31:53.736Z] GET /movie/basic/5 304 5.893 ms

2025-01-22 11:01:74 [INFO]: [2025-01-22T02:31:53.741Z] GET /movie/basic/6 304 9.621 ms

2025-01-22 11:01:75 [INFO]: [2025-01-22T02:31:53.750Z] GET /movie/basic/11 304 4.334 ms

2025-01-22 11:01:77 [INFO]: [2025-01-22T02:31:53.769Z] GET /movie/basic/16 304 6.394 ms

2025-01-22 11:01:78 [INFO]: [2025-01-22T02:31:53.778Z] GET /movie/basic/15 304 4.773 ms

2025-01-22 11:01:79 [INFO]: [2025-01-22T02:31:53.788Z] GET /movie/basic/2 304 6.566 ms

2025-01-22 11:01:80 [INFO]: [2025-01-22T02:31:53.799Z] GET /movie/basic/3 304 7.570 ms

2025-01-22 11:01:81 [INFO]: [2025-01-22T02:31:53.807Z] GET /movie/basic/8 304 10.935 ms

2025-01-22 11:01:83 [INFO]: [2025-01-22T02:31:53.825Z] GET /movie/basic/7 304 14.612 ms

2025-01-22 11:01:83 [INFO]: [2025-01-22T02:31:53.831Z] GET /movie/basic/9 304 18.344 ms

2025-01-22 11:01:84 [INFO]: [2025-01-22T02:31:53.843Z] GET /movie/basic/5 304 23.702 ms

2025-01-22 11:01:85 [INFO]: [2025-01-22T02:31:53.849Z] GET /movie/basic/6 304 26.392 ms

2025-01-22 11:01:87 [INFO]: [2025-01-22T02:31:53.868Z] GET /movie/basic/11 304 29.062 ms

2025-01-22 11:01:88 [INFO]: [2025-01-22T02:31:53.878Z] GET /movie/basic/15 304 18.091 ms

2025-01-22 11:01:90 [INFO]: [2025-01-22T02:31:53.897Z] GET /movie/basic/16 304 34.112 ms

2025-01-22 11:01:48 [INFO]: [2025-01-22T02:31:55.476Z] GET /movie/2 200 12.665 ms

2025-01-22 11:01:52 [INFO]: [2025-01-22T02:31:55.518Z] GET /movie/genre/2 200 29.395 ms

2025-01-22 11:01:52 [INFO]: [2025-01-22T02:31:55.524Z] GET /movie/actor/2 200 40.942 ms

2025-01-22 11:01:53 [INFO]: [2025-01-22T02:31:55.527Z] GET /movie/director/2 200 41.046 ms

2025-01-22 11:01:13 [ERROR]: [2025-01-22T02:32:07.134Z] GET /user/info 401 1.842 ms

2025-01-22 11:01:18 [INFO]: [2025-01-22T02:32:07.181Z] GET /movie/2 304 39.489 ms

2025-01-22 11:01:22 [INFO]: [2025-01-22T02:32:07.215Z] GET /movie/actor/2 304 11.147 ms

2025-01-22 11:01:23 [INFO]: [2025-01-22T02:32:07.230Z] GET /movie/director/2 304 4.566 ms

2025-01-22 11:01:24 [INFO]: [2025-01-22T02:32:07.240Z] GET /movie/genre/2 304 9.619 ms

2025-01-22 11:01:58 [INFO]: [2025-01-22T02:32:08.584Z] GET /movie/chart 304 1.389 ms

2025-01-22 11:01:74 [INFO]: [2025-01-22T02:32:08.736Z] GET /movie/basic/5 304 3.777 ms

2025-01-22 11:01:76 [INFO]: [2025-01-22T02:32:08.756Z] GET /movie/basic/6 304 3.844 ms

2025-01-22 11:01:77 [INFO]: [2025-01-22T02:32:08.770Z] GET /movie/basic/11 304 4.519 ms

2025-01-22 11:01:78 [INFO]: [2025-01-22T02:32:08.779Z] GET /movie/basic/16 304 6.477 ms

2025-01-22 11:01:85 [INFO]: [2025-01-22T02:32:08.847Z] GET /movie/basic/15 304 5.355 ms

2025-01-22 11:01:85 [INFO]: [2025-01-22T02:32:08.854Z] GET /movie/basic/2 304 4.213 ms

2025-01-22 11:01:87 [INFO]: [2025-01-22T02:32:08.872Z] GET /movie/basic/3 304 3.738 ms

2025-01-22 11:01:88 [INFO]: [2025-01-22T02:32:08.882Z] GET /movie/basic/8 304 5.449 ms

2025-01-22 11:01:89 [INFO]: [2025-01-22T02:32:08.890Z] GET /movie/basic/7 304 4.311 ms

2025-01-22 11:01:90 [INFO]: [2025-01-22T02:32:08.898Z] GET /movie/basic/9 304 4.679 ms

2025-01-22 11:01:92 [INFO]: [2025-01-22T02:32:08.915Z] GET /movie/basic/5 304 5.102 ms

2025-01-22 11:01:92 [INFO]: [2025-01-22T02:32:08.924Z] GET /movie/basic/6 304 5.690 ms

2025-01-22 11:01:93 [INFO]: [2025-01-22T02:32:08.932Z] GET /movie/basic/11 304 3.792 ms

2025-01-22 11:01:94 [INFO]: [2025-01-22T02:32:08.940Z] GET /movie/basic/16 304 4.562 ms

2025-01-22 11:01:95 [INFO]: [2025-01-22T02:32:08.953Z] GET /movie/basic/15 304 4.640 ms

2025-01-22 11:01:96 [INFO]: [2025-01-22T02:32:08.962Z] GET /movie/basic/2 304 4.741 ms

2025-01-22 11:01:98 [INFO]: [2025-01-22T02:32:08.978Z] GET /movie/basic/3 304 5.452 ms

2025-01-22 11:01:99 [INFO]: [2025-01-22T02:32:08.986Z] GET /movie/basic/8 304 5.012 ms

2025-01-22 11:01:99 [INFO]: [2025-01-22T02:32:08.992Z] GET /movie/basic/7 304 4.189 ms

2025-01-22 11:01:01 [INFO]: [2025-01-22T02:32:09.005Z] GET /movie/basic/9 304 3.927 ms

2025-01-22 11:01:03 [INFO]: [2025-01-22T02:32:09.028Z] GET /movie/basic/5 304 5.201 ms

2025-01-22 11:01:05 [INFO]: [2025-01-22T02:32:09.045Z] GET /movie/basic/6 304 4.391 ms

2025-01-22 11:01:06 [INFO]: [2025-01-22T02:32:09.059Z] GET /movie/basic/11 304 4.106 ms

2025-01-22 11:01:07 [INFO]: [2025-01-22T02:32:09.071Z] GET /movie/basic/16 304 6.744 ms

2025-01-22 11:01:08 [INFO]: [2025-01-22T02:32:09.080Z] GET /movie/basic/15 304 4.986 ms

2025-01-22 11:01:73 [ERROR]: [2025-01-22T02:32:35.733Z] GET /user/info 401 1.319 ms

2025-01-22 11:01:76 [INFO]: [2025-01-22T02:32:35.758Z] GET /movie/2 304 11.732 ms

2025-01-22 11:01:76 [INFO]: [2025-01-22T02:32:35.762Z] GET /movie/actor/2 304 13.887 ms

2025-01-22 11:01:77 [INFO]: [2025-01-22T02:32:35.766Z] GET /movie/director/2 304 13.520 ms

2025-01-22 11:01:86 [INFO]: [2025-01-22T02:32:35.863Z] GET /movie/genre/2 304 4.203 ms

2025-01-22 11:01:24 [ERROR]: 
Invalid `prisma.movie.findUnique()` invocation:

{
  where: {
+   movie_id: Int
  },
  select: {
    movie_id: true,
    movie_nm: true,
    movie_nm_en: true,
    open_date: true,
    nation: true,
    showtime: true,
    summary: true,
    poster: true,
    still_cut: true
  }
}

Argument `movie_id` is missing.
2025-01-22 11:01:25 [ERROR]: [2025-01-22T02:32:36.250Z] GET /movie/%EC%9A%B0%EB%AF%BC%ED%98%B8 500 35.053 ms

2025-01-22 11:01:27 [ERROR]: 
Invalid `prisma.movie.findUnique()` invocation:

{
  where: {
+   movie_id: Int
  },
  select: {
    movie_id: true,
    movie_nm: true,
    movie_nm_en: true,
    open_date: true,
    nation: true,
    showtime: true,
    summary: true,
    poster: true,
    still_cut: true
  }
}

Argument `movie_id` is missing.
2025-01-22 11:01:28 [ERROR]: [2025-01-22T02:32:36.275Z] GET /movie/%ED%98%84%EB%B9%88 500 65.749 ms

2025-01-22 11:01:50 [ERROR]: 
Invalid `prisma.movie.findUnique()` invocation:

{
  where: {
+   movie_id: Int
  },
  select: {
    movie_id: true,
    movie_nm: true,
    movie_nm_en: true,
    open_date: true,
    nation: true,
    showtime: true,
    summary: true,
    poster: true,
    still_cut: true
  }
}

Argument `movie_id` is missing.
2025-01-22 11:01:50 [ERROR]: [2025-01-22T02:32:36.503Z] GET /movie/%EB%B0%95%EC%A0%95%EB%AF%BC 500 9.199 ms

2025-01-22 11:01:51 [ERROR]: 
Invalid `prisma.movie.findUnique()` invocation:

{
  where: {
+   movie_id: Int
  },
  select: {
    movie_id: true,
    movie_nm: true,
    movie_nm_en: true,
    open_date: true,
    nation: true,
    showtime: true,
    summary: true,
    poster: true,
    still_cut: true
  }
}

Argument `movie_id` is missing.
2025-01-22 11:01:51 [ERROR]: [2025-01-22T02:32:36.513Z] GET /movie/%EC%A1%B0%EC%9A%B0%EC%A7%84 500 6.886 ms

2025-01-22 11:01:64 [ERROR]: 
Invalid `prisma.movie.findUnique()` invocation:

{
  where: {
+   movie_id: Int
  },
  select: {
    movie_id: true,
    movie_nm: true,
    movie_nm_en: true,
    open_date: true,
    nation: true,
    showtime: true,
    summary: true,
    poster: true,
    still_cut: true
  }
}

Argument `movie_id` is missing.
2025-01-22 11:01:64 [ERROR]: [2025-01-22T02:32:36.643Z] GET /movie/%EC%A0%84%EC%97%AC%EB%B9%88 500 10.655 ms

2025-01-22 11:01:67 [ERROR]: 
Invalid `prisma.movie.findUnique()` invocation:

{
  where: {
+   movie_id: Int
  },
  select: {
    movie_id: true,
    movie_nm: true,
    movie_nm_en: true,
    open_date: true,
    nation: true,
    showtime: true,
    summary: true,
    poster: true,
    still_cut: true
  }
}

Argument `movie_id` is missing.
2025-01-22 11:01:67 [ERROR]: [2025-01-22T02:32:36.669Z] GET /movie/%EC%9D%B4%EB%8F%99%EC%9A%B1 500 7.723 ms

2025-01-22 11:01:68 [ERROR]: 
Invalid `prisma.movie.findUnique()` invocation:

{
  where: {
+   movie_id: Int
  },
  select: {
    movie_id: true,
    movie_nm: true,
    movie_nm_en: true,
    open_date: true,
    nation: true,
    showtime: true,
    summary: true,
    poster: true,
    still_cut: true
  }
}

Argument `movie_id` is missing.
2025-01-22 11:01:68 [ERROR]: [2025-01-22T02:32:36.684Z] GET /movie/%EB%B0%95%ED%9B%88 500 9.397 ms

2025-01-22 11:01:90 [ERROR]: 
Invalid `prisma.movie.findUnique()` invocation:

{
  where: {
+   movie_id: Int
  },
  select: {
    movie_id: true,
    movie_nm: true,
    movie_nm_en: true,
    open_date: true,
    nation: true,
    showtime: true,
    summary: true,
    poster: true,
    still_cut: true
  }
}

Argument `movie_id` is missing.
2025-01-22 11:01:90 [ERROR]: [2025-01-22T02:32:36.904Z] GET /movie/%EC%9C%A0%EC%9E%AC%EB%AA%85 500 6.809 ms

2025-01-22 11:01:92 [ERROR]: 
Invalid `prisma.movie.findUnique()` invocation:

{
  where: {
+   movie_id: Int
  },
  select: {
    movie_id: true,
    movie_nm: true,
    movie_nm_en: true,
    open_date: true,
    nation: true,
    showtime: true,
    summary: true,
    poster: true,
    still_cut: true
  }
}

Argument `movie_id` is missing.
2025-01-22 11:01:92 [ERROR]: [2025-01-22T02:32:36.922Z] GET /movie/%EB%A6%B4%EB%A6%AC%20%ED%94%84%EB%9E%AD%ED%82%A4 500 10.983 ms

2025-01-22 11:01:66 [INFO]: [2025-01-22T02:33:18.659Z] GET /movie/2 304 14.256 ms

2025-01-22 11:01:66 [INFO]: [2025-01-22T02:33:18.664Z] GET /movie/actor/2 304 13.637 ms

2025-01-22 11:01:67 [INFO]: [2025-01-22T02:33:18.667Z] GET /movie/director/2 304 14.868 ms

2025-01-22 11:01:69 [INFO]: [2025-01-22T02:33:18.687Z] GET /movie/genre/2 304 13.827 ms

2025-01-22 11:01:85 [ERROR]: 
Invalid `prisma.movie.findUnique()` invocation:

{
  where: {
+   movie_id: Int
  },
  select: {
    movie_id: true,
    movie_nm: true,
    movie_nm_en: true,
    open_date: true,
    nation: true,
    showtime: true,
    summary: true,
    poster: true,
    still_cut: true
  }
}

Argument `movie_id` is missing.
2025-01-22 11:01:85 [ERROR]: [2025-01-22T02:33:18.848Z] GET /movie/%EC%9A%B0%EB%AF%BC%ED%98%B8 500 11.282 ms

2025-01-22 11:01:17 [ERROR]: 
Invalid `prisma.movie.findUnique()` invocation:

{
  where: {
+   movie_id: Int
  },
  select: {
    movie_id: true,
    movie_nm: true,
    movie_nm_en: true,
    open_date: true,
    nation: true,
    showtime: true,
    summary: true,
    poster: true,
    still_cut: true
  }
}

Argument `movie_id` is missing.
2025-01-22 11:01:18 [ERROR]: [2025-01-22T02:33:19.175Z] GET /movie/%ED%98%84%EB%B9%88 500 8.027 ms

2025-01-22 11:01:21 [ERROR]: 
Invalid `prisma.movie.findUnique()` invocation:

{
  where: {
+   movie_id: Int
  },
  select: {
    movie_id: true,
    movie_nm: true,
    movie_nm_en: true,
    open_date: true,
    nation: true,
    showtime: true,
    summary: true,
    poster: true,
    still_cut: true
  }
}

Argument `movie_id` is missing.
2025-01-22 11:01:21 [ERROR]: [2025-01-22T02:33:19.213Z] GET /movie/%EB%B0%95%EC%A0%95%EB%AF%BC 500 16.927 ms

2025-01-22 11:01:22 [ERROR]: 
Invalid `prisma.movie.findUnique()` invocation:

{
  where: {
+   movie_id: Int
  },
  select: {
    movie_id: true,
    movie_nm: true,
    movie_nm_en: true,
    open_date: true,
    nation: true,
    showtime: true,
    summary: true,
    poster: true,
    still_cut: true
  }
}

Argument `movie_id` is missing.
2025-01-22 11:01:22 [ERROR]: [2025-01-22T02:33:19.220Z] GET /movie/%EC%A1%B0%EC%9A%B0%EC%A7%84 500 18.844 ms

2025-01-22 11:01:23 [ERROR]: 
Invalid `prisma.movie.findUnique()` invocation:

{
  where: {
+   movie_id: Int
  },
  select: {
    movie_id: true,
    movie_nm: true,
    movie_nm_en: true,
    open_date: true,
    nation: true,
    showtime: true,
    summary: true,
    poster: true,
    still_cut: true
  }
}

Argument `movie_id` is missing.
2025-01-22 11:01:23 [ERROR]: [2025-01-22T02:33:19.234Z] GET /movie/%EC%A0%84%EC%97%AC%EB%B9%88 500 9.033 ms

2025-01-22 11:01:24 [ERROR]: 
Invalid `prisma.movie.findUnique()` invocation:

{
  where: {
+   movie_id: Int
  },
  select: {
    movie_id: true,
    movie_nm: true,
    movie_nm_en: true,
    open_date: true,
    nation: true,
    showtime: true,
    summary: true,
    poster: true,
    still_cut: true
  }
}

Argument `movie_id` is missing.
2025-01-22 11:01:24 [ERROR]: [2025-01-22T02:33:19.243Z] GET /movie/%EC%9D%B4%EB%8F%99%EC%9A%B1 500 14.284 ms

2025-01-22 11:01:25 [ERROR]: 
Invalid `prisma.movie.findUnique()` invocation:

{
  where: {
+   movie_id: Int
  },
  select: {
    movie_id: true,
    movie_nm: true,
    movie_nm_en: true,
    open_date: true,
    nation: true,
    showtime: true,
    summary: true,
    poster: true,
    still_cut: true
  }
}

Argument `movie_id` is missing.
2025-01-22 11:01:25 [ERROR]: [2025-01-22T02:33:19.248Z] GET /movie/%EB%B0%95%ED%9B%88 500 18.794 ms

2025-01-22 11:01:66 [ERROR]: 
Invalid `prisma.movie.findUnique()` invocation:

{
  where: {
+   movie_id: Int
  },
  select: {
    movie_id: true,
    movie_nm: true,
    movie_nm_en: true,
    open_date: true,
    nation: true,
    showtime: true,
    summary: true,
    poster: true,
    still_cut: true
  }
}

Argument `movie_id` is missing.
2025-01-22 11:01:66 [ERROR]: [2025-01-22T02:33:19.663Z] GET /movie/%EC%9C%A0%EC%9E%AC%EB%AA%85 500 9.423 ms

2025-01-22 11:01:77 [ERROR]: 
Invalid `prisma.movie.findUnique()` invocation:

{
  where: {
+   movie_id: Int
  },
  select: {
    movie_id: true,
    movie_nm: true,
    movie_nm_en: true,
    open_date: true,
    nation: true,
    showtime: true,
    summary: true,
    poster: true,
    still_cut: true
  }
}

Argument `movie_id` is missing.
2025-01-22 11:01:77 [ERROR]: [2025-01-22T02:33:19.767Z] GET /movie/%EB%A6%B4%EB%A6%AC%20%ED%94%84%EB%9E%AD%ED%82%A4 500 87.977 ms

2025-01-22 11:01:56 [ERROR]: [2025-01-22T02:33:28.555Z] GET /user/info 401 1.021 ms

2025-01-22 11:01:57 [INFO]: [2025-01-22T02:33:28.569Z] GET /movie/actor/2 304 4.731 ms

2025-01-22 11:01:57 [INFO]: [2025-01-22T02:33:28.573Z] GET /movie/director/2 304 7.989 ms

2025-01-22 11:01:58 [INFO]: [2025-01-22T02:33:28.576Z] GET /movie/genre/2 304 4.534 ms

2025-01-22 11:01:58 [INFO]: [2025-01-22T02:33:28.582Z] GET /movie/2 304 19.283 ms

2025-01-22 11:01:80 [ERROR]: 
Invalid `prisma.movie.findUnique()` invocation:

{
  where: {
+   movie_id: Int
  },
  select: {
    movie_id: true,
    movie_nm: true,
    movie_nm_en: true,
    open_date: true,
    nation: true,
    showtime: true,
    summary: true,
    poster: true,
    still_cut: true
  }
}

Argument `movie_id` is missing.
2025-01-22 11:01:80 [ERROR]: [2025-01-22T02:33:28.798Z] GET /movie/%EC%9A%B0%EB%AF%BC%ED%98%B8 500 7.547 ms

2025-01-22 11:01:81 [ERROR]: 
Invalid `prisma.movie.findUnique()` invocation:

{
  where: {
+   movie_id: Int
  },
  select: {
    movie_id: true,
    movie_nm: true,
    movie_nm_en: true,
    open_date: true,
    nation: true,
    showtime: true,
    summary: true,
    poster: true,
    still_cut: true
  }
}

Argument `movie_id` is missing.
2025-01-22 11:01:81 [ERROR]: [2025-01-22T02:33:28.808Z] GET /movie/%ED%98%84%EB%B9%88 500 6.639 ms

2025-01-22 11:01:81 [ERROR]: 
Invalid `prisma.movie.findUnique()` invocation:

{
  where: {
+   movie_id: Int
  },
  select: {
    movie_id: true,
    movie_nm: true,
    movie_nm_en: true,
    open_date: true,
    nation: true,
    showtime: true,
    summary: true,
    poster: true,
    still_cut: true
  }
}

Argument `movie_id` is missing.
2025-01-22 11:01:82 [ERROR]: [2025-01-22T02:33:28.816Z] GET /movie/%EB%B0%95%EC%A0%95%EB%AF%BC 500 13.925 ms

2025-01-22 11:01:14 [ERROR]: 
Invalid `prisma.movie.findUnique()` invocation:

{
  where: {
+   movie_id: Int
  },
  select: {
    movie_id: true,
    movie_nm: true,
    movie_nm_en: true,
    open_date: true,
    nation: true,
    showtime: true,
    summary: true,
    poster: true,
    still_cut: true
  }
}

Argument `movie_id` is missing.
2025-01-22 11:01:15 [ERROR]: [2025-01-22T02:33:29.146Z] GET /movie/%EC%A1%B0%EC%9A%B0%EC%A7%84 500 10.511 ms

2025-01-22 11:01:16 [ERROR]: 
Invalid `prisma.movie.findUnique()` invocation:

{
  where: {
+   movie_id: Int
  },
  select: {
    movie_id: true,
    movie_nm: true,
    movie_nm_en: true,
    open_date: true,
    nation: true,
    showtime: true,
    summary: true,
    poster: true,
    still_cut: true
  }
}

Argument `movie_id` is missing.
2025-01-22 11:01:16 [ERROR]: [2025-01-22T02:33:29.164Z] GET /movie/%EB%B0%95%ED%9B%88 500 11.720 ms

2025-01-22 11:01:17 [ERROR]: 
Invalid `prisma.movie.findUnique()` invocation:

{
  where: {
+   movie_id: Int
  },
  select: {
    movie_id: true,
    movie_nm: true,
    movie_nm_en: true,
    open_date: true,
    nation: true,
    showtime: true,
    summary: true,
    poster: true,
    still_cut: true
  }
}

Argument `movie_id` is missing.
2025-01-22 11:01:18 [ERROR]: [2025-01-22T02:33:29.180Z] GET /movie/%EC%9D%B4%EB%8F%99%EC%9A%B1 500 25.107 ms

2025-01-22 11:01:19 [ERROR]: 
Invalid `prisma.movie.findUnique()` invocation:

{
  where: {
+   movie_id: Int
  },
  select: {
    movie_id: true,
    movie_nm: true,
    movie_nm_en: true,
    open_date: true,
    nation: true,
    showtime: true,
    summary: true,
    poster: true,
    still_cut: true
  }
}

Argument `movie_id` is missing.
2025-01-22 11:01:20 [ERROR]: [2025-01-22T02:33:29.195Z] GET /movie/%EC%A0%84%EC%97%AC%EB%B9%88 500 37.723 ms

2025-01-22 11:01:24 [ERROR]: 
Invalid `prisma.movie.findUnique()` invocation:

{
  where: {
+   movie_id: Int
  },
  select: {
    movie_id: true,
    movie_nm: true,
    movie_nm_en: true,
    open_date: true,
    nation: true,
    showtime: true,
    summary: true,
    poster: true,
    still_cut: true
  }
}

Argument `movie_id` is missing.
2025-01-22 11:01:24 [ERROR]: [2025-01-22T02:33:29.242Z] GET /movie/%EC%9C%A0%EC%9E%AC%EB%AA%85 500 37.234 ms

2025-01-22 11:01:27 [ERROR]: 
Invalid `prisma.movie.findUnique()` invocation:

{
  where: {
+   movie_id: Int
  },
  select: {
    movie_id: true,
    movie_nm: true,
    movie_nm_en: true,
    open_date: true,
    nation: true,
    showtime: true,
    summary: true,
    poster: true,
    still_cut: true
  }
}

Argument `movie_id` is missing.
2025-01-22 11:01:28 [ERROR]: [2025-01-22T02:33:29.278Z] GET /movie/%EB%A6%B4%EB%A6%AC%20%ED%94%84%EB%9E%AD%ED%82%A4 500 8.516 ms

2025-01-22 11:01:90 [ERROR]: [2025-01-22T02:54:27.892Z] GET /user/info 401 7.473 ms

2025-01-22 11:01:97 [INFO]: [2025-01-22T02:54:27.966Z] GET /movie/2 304 49.131 ms

2025-01-22 11:01:98 [INFO]: [2025-01-22T02:54:27.980Z] GET /movie/genre/2 304 54.250 ms

2025-01-22 11:01:99 [INFO]: [2025-01-22T02:54:27.987Z] GET /movie/actor/2 200 65.363 ms

2025-01-22 11:01:100 [INFO]: [2025-01-22T02:54:27.997Z] GET /movie/director/2 200 73.257 ms

2025-01-22 11:01:25 [ERROR]: [2025-01-22T02:54:28.252Z] GET /img/actor/%EB%A6%B4%EB%A6%AC%20%ED%94%84%EB%9E%AD%ED%82%A4.jpg 404 2.660 ms

2025-01-22 11:01:65 [ERROR]: [2025-01-22T02:55:02.652Z] GET /user/info 401 2.488 ms

2025-01-22 11:01:68 [INFO]: [2025-01-22T02:55:02.675Z] GET /movie/2 304 13.388 ms

2025-01-22 11:01:68 [INFO]: [2025-01-22T02:55:02.681Z] GET /movie/director/2 304 8.433 ms

2025-01-22 11:01:69 [INFO]: [2025-01-22T02:55:02.689Z] GET /movie/actor/2 304 18.994 ms

2025-01-22 11:01:70 [INFO]: [2025-01-22T02:55:02.703Z] GET /movie/genre/2 304 7.084 ms

2025-01-22 11:01:85 [ERROR]: [2025-01-22T02:55:02.847Z] GET /img/actor/%EB%A6%B4%EB%A6%AC%20%ED%94%84%EB%9E%AD%ED%82%A4.jpg 404 0.688 ms

2025-01-22 11:01:98 [ERROR]: [2025-01-22T02:55:36.982Z] GET /img/actor/%EB%A6%B4%EB%A6%AC%20%ED%94%84%EB%9E%AD%ED%82%A4.jpg 404 0.619 ms

2025-01-22 11:01:18 [INFO]: [2025-01-22T02:56:34.182Z] GET /movie/chart 304 3.188 ms

2025-01-22 11:01:72 [INFO]: [2025-01-22T02:56:34.720Z] GET /movie/basic/6 200 444.716 ms

2025-01-22 11:01:74 [INFO]: [2025-01-22T02:56:34.739Z] GET /movie/basic/11 200 460.581 ms

2025-01-22 11:01:75 [INFO]: [2025-01-22T02:56:34.750Z] GET /movie/basic/16 200 15.985 ms

2025-01-22 11:01:77 [INFO]: [2025-01-22T02:56:34.772Z] GET /movie/basic/2 304 18.257 ms

2025-01-22 11:01:79 [INFO]: [2025-01-22T02:56:34.793Z] GET /movie/basic/9 304 37.759 ms

2025-01-22 11:01:81 [INFO]: [2025-01-22T02:56:34.811Z] GET /movie/basic/5 200 53.497 ms

2025-01-22 11:01:83 [INFO]: [2025-01-22T02:56:34.831Z] GET /movie/basic/15 200 70.667 ms

2025-01-22 11:01:87 [INFO]: [2025-01-22T02:56:34.874Z] GET /movie/basic/3 304 76.173 ms

2025-01-22 11:01:91 [INFO]: [2025-01-22T02:56:34.907Z] GET /movie/basic/8 200 66.619 ms

2025-01-22 11:01:92 [INFO]: [2025-01-22T02:56:34.916Z] GET /movie/basic/7 200 72.237 ms

2025-01-22 11:01:93 [INFO]: [2025-01-22T02:56:34.927Z] GET /movie/basic/6 304 37.472 ms

2025-01-22 11:01:94 [INFO]: [2025-01-22T02:56:34.937Z] GET /movie/basic/11 304 41.061 ms

2025-01-22 11:01:95 [INFO]: [2025-01-22T02:56:34.946Z] GET /movie/basic/16 304 49.498 ms

2025-01-22 11:01:99 [ERROR]: [2025-01-22T02:56:34.991Z] GET /img/movie/Sonic%20the%20Hedgehog%203/poster/Sonic%20the%20Hedgehog%203.jpg 404 6.972 ms

2025-01-22 11:01:01 [ERROR]: [2025-01-22T02:56:35.014Z] GET /img/movie/FORBIDDEN%20FAIRYTALE/poster/FORBIDDEN%20FAIRYTALE.jpg 404 27.958 ms

2025-01-22 11:01:02 [INFO]: [2025-01-22T02:56:35.024Z] GET /movie/basic/2 304 39.457 ms

2025-01-22 11:01:03 [ERROR]: [2025-01-22T02:56:35.028Z] GET /img/movie/MOANA%202/poster/MOANA%202.jpg 404 9.522 ms

2025-01-22 11:01:03 [INFO]: [2025-01-22T02:56:35.033Z] GET /movie/basic/9 304 16.138 ms

2025-01-22 11:01:09 [INFO]: [2025-01-22T02:56:35.092Z] GET /movie/basic/5 304 71.376 ms

2025-01-22 11:01:17 [ERROR]: [2025-01-22T02:56:35.167Z] GET /img/movie/Pororo%20movie%20Underwater%20adventure/poster/Pororo%20movie%20Underwater%20adventure.jpg 404 9.540 ms

2025-01-22 11:01:17 [ERROR]: [2025-01-22T02:56:35.173Z] GET /img/movie/Mufasa-%20The%20Lion%20King/poster/Mufasa-%20The%20Lion%20King.jpg 404 16.180 ms

2025-01-22 11:01:18 [INFO]: [2025-01-22T02:56:35.179Z] GET /movie/basic/8 304 21.179 ms

2025-01-22 11:01:20 [INFO]: [2025-01-22T02:56:35.195Z] GET /movie/basic/15 304 28.886 ms

2025-01-22 11:01:22 [INFO]: [2025-01-22T02:56:35.223Z] GET /movie/basic/3 304 60.076 ms

2025-01-22 11:01:24 [INFO]: [2025-01-22T02:56:35.241Z] GET /movie/basic/7 304 75.305 ms

2025-01-22 11:01:27 [INFO]: [2025-01-22T02:56:35.274Z] GET /movie/basic/11 304 11.779 ms

2025-01-22 11:01:29 [INFO]: [2025-01-22T02:56:35.287Z] GET /movie/basic/16 304 23.237 ms

2025-01-22 11:01:31 [INFO]: [2025-01-22T02:56:35.312Z] GET /movie/basic/15 304 46.948 ms

2025-01-22 11:01:35 [INFO]: [2025-01-22T02:56:35.352Z] GET /movie/basic/6 304 22.572 ms

2025-01-22 11:01:37 [ERROR]: [2025-01-22T02:56:35.369Z] GET /img/movie/THE%20SUBSTANCE/poster/THE%20SUBSTANCE.jpg 404 1.281 ms

2025-01-22 11:01:38 [INFO]: [2025-01-22T02:56:35.379Z] GET /movie/basic/5 304 43.158 ms

2025-01-22 11:01:40 [ERROR]: [2025-01-22T02:56:35.398Z] GET /img/movie/Crayon%20Shinchan%20the%20Movie-%20Our%20Dinosaur%20Diary/poster/Crayon%20Shinchan%20the%20Movie-%20Our%20Dinosaur%20Diary.jpg 404 5.800 ms

2025-01-22 11:01:41 [ERROR]: [2025-01-22T02:56:35.411Z] GET /img/movie/Mufasa-%20The%20Lion%20King/poster/Mufasa-%20The%20Lion%20King.jpg 404 17.913 ms

2025-01-22 11:01:43 [ERROR]: [2025-01-22T02:56:35.427Z] GET /img/movie/FORBIDDEN%20FAIRYTALE/poster/FORBIDDEN%20FAIRYTALE.jpg 404 4.467 ms

2025-01-22 11:01:46 [ERROR]: [2025-01-22T02:56:35.461Z] GET /img/movie/MOANA%202/poster/MOANA%202.jpg 404 4.469 ms

2025-01-22 11:01:48 [ERROR]: [2025-01-22T02:56:35.478Z] GET /img/movie/Sonic%20the%20Hedgehog%203/poster/Sonic%20the%20Hedgehog%203.jpg 404 19.818 ms

2025-01-22 11:01:52 [ERROR]: [2025-01-22T02:56:35.516Z] GET /img/movie/Pororo%20movie%20Underwater%20adventure/poster/Pororo%20movie%20Underwater%20adventure.jpg 404 45.188 ms

2025-01-22 11:01:36 [INFO]: [2025-01-22T02:56:39.363Z] GET /movie/11 200 6.912 ms

2025-01-22 11:01:37 [INFO]: [2025-01-22T02:56:39.367Z] GET /movie/actor/11 200 8.907 ms

2025-01-22 11:01:37 [INFO]: [2025-01-22T02:56:39.370Z] GET /movie/director/11 200 9.222 ms

2025-01-22 11:01:37 [INFO]: [2025-01-22T02:56:39.374Z] GET /movie/genre/11 200 12.113 ms

2025-01-22 11:01:43 [ERROR]: [2025-01-22T02:56:39.426Z] GET /img/movie/FORBIDDEN%20FAIRYTALE/poster/FORBIDDEN%20FAIRYTALE.jpg 404 0.675 ms

2025-01-22 11:01:44 [ERROR]: [2025-01-22T02:56:39.440Z] GET /img/movie/FORBIDDEN%20FAIRYTALE/stillcut/FORBIDDEN%20FAIRYTALE_0.jpg 404 5.108 ms

2025-01-22 11:01:45 [ERROR]: [2025-01-22T02:56:39.445Z] GET /img/movie/FORBIDDEN%20FAIRYTALE/stillcut/FORBIDDEN%20FAIRYTALE_1.jpg 404 10.077 ms

2025-01-22 11:01:45 [ERROR]: [2025-01-22T02:56:39.449Z] GET /img/movie/FORBIDDEN%20FAIRYTALE/stillcut/FORBIDDEN%20FAIRYTALE_2.jpg 404 13.362 ms

2025-01-22 11:01:45 [ERROR]: [2025-01-22T02:56:39.453Z] GET /img/movie/FORBIDDEN%20FAIRYTALE/stillcut/FORBIDDEN%20FAIRYTALE_3.jpg 404 15.862 ms

2025-01-22 11:01:46 [ERROR]: [2025-01-22T02:56:39.462Z] GET /img/movie/FORBIDDEN%20FAIRYTALE/stillcut/FORBIDDEN%20FAIRYTALE_4.jpg 404 1.190 ms

2025-01-22 11:01:47 [ERROR]: [2025-01-22T02:56:39.465Z] GET /img/movie/FORBIDDEN%20FAIRYTALE/stillcut/FORBIDDEN%20FAIRYTALE_5.jpg 404 4.759 ms

