2025-02-20 00:02:73 [ERROR]: GET /user/info 500 282.753 ms

2025-02-20 00:02:54 [INFO]: GET /movie/chart 200 23.340 ms

2025-02-20 00:02:14 [ERROR]: GET /user/info 500 202.986 ms

2025-02-20 00:02:18 [INFO]: GET /movie/chart 200 2.994 ms

2025-02-20 00:02:90 [ERROR]: GET /user/info 500 28.418 ms

2025-02-20 00:02:01 [INFO]: GET /movie/chart 304 34.029 ms

2025-02-20 00:02:69 [ERROR]: GET /user/info 500 3.999 ms

2025-02-20 00:02:22 [ERROR]: GET /favicon.ico 404 6.713 ms

2025-02-20 00:02:56 [ERROR]: GET /user/info 500 17.796 ms

2025-02-20 00:02:60 [INFO]: GET /movie/chart 304 9.474 ms

2025-02-20 00:02:39 [INFO]: GET /user/info 200 10.940 ms

2025-02-20 00:02:42 [INFO]: GET /movie/chart 304 6.421 ms

2025-02-20 01:02:13 [INFO]: GET /user/info 200 12.564 ms

2025-02-20 01:02:20 [INFO]: GET /movie/chart 200 8.867 ms

2025-02-20 01:02:74 [INFO]: GET /user/info 304 1.769 ms

2025-02-20 01:02:77 [INFO]: GET /movie/chart 304 3.401 ms

2025-02-20 01:02:09 [INFO]: GET /user/info 304 2.333 ms

2025-02-20 01:02:09 [INFO]: GET /movie/chart 304 3.556 ms

2025-02-20 01:02:80 [INFO]: GET /user/info 304 2.521 ms

2025-02-20 01:02:82 [INFO]: GET /movie/chart 304 3.005 ms

2025-02-20 01:02:46 [INFO]: GET /user/info 304 1.622 ms

2025-02-20 01:02:48 [INFO]: GET /movie/chart 304 2.233 ms

2025-02-20 01:02:11 [INFO]: GET /user/info 304 1.054 ms

2025-02-20 01:02:13 [INFO]: GET /movie/chart 304 4.239 ms

2025-02-20 01:02:21 [INFO]: GET /user/info 304 1.385 ms

2025-02-20 01:02:23 [INFO]: GET /movie/chart 304 3.388 ms

2025-02-20 01:02:28 [INFO]: GET /movie/8 200 818.949 ms

2025-02-20 01:02:29 [INFO]: GET /movie/10 200 877.036 ms

2025-02-20 01:02:30 [INFO]: GET /movie/1 200 821.716 ms

2025-02-20 01:02:31 [INFO]: GET /movie/22 200 850.422 ms

2025-02-20 01:02:32 [INFO]: GET /movie/7 200 877.070 ms

2025-02-20 01:02:33 [INFO]: GET /movie/14 200 883.158 ms

2025-02-20 01:02:44 [INFO]: GET /movie/3 200 63.467 ms

2025-02-20 01:02:45 [INFO]: GET /movie/2 200 69.066 ms

2025-02-20 01:02:46 [INFO]: GET /movie/4 200 26.586 ms

2025-02-20 01:02:51 [INFO]: GET /movie/6 200 59.689 ms

2025-02-20 01:02:55 [INFO]: GET /movie/8 304 105.793 ms

2025-02-20 01:02:63 [INFO]: GET /movie/10 304 190.218 ms

2025-02-20 01:02:74 [INFO]: GET /movie/1 304 21.676 ms

2025-02-20 01:02:77 [INFO]: GET /movie/22 304 58.129 ms

2025-02-20 01:02:79 [INFO]: GET /movie/7 304 73.470 ms

2025-02-20 01:02:81 [INFO]: GET /movie/14 304 91.520 ms

2025-02-20 01:02:84 [INFO]: GET /movie/3 304 122.117 ms

2025-02-20 01:02:89 [INFO]: GET /movie/2 304 161.689 ms

2025-02-20 01:02:92 [INFO]: GET /movie/4 304 17.538 ms

2025-02-20 01:02:93 [INFO]: GET /movie/6 304 17.562 ms

2025-02-20 01:02:94 [INFO]: GET /movie/8 304 28.183 ms

2025-02-20 01:02:95 [INFO]: GET /movie/10 304 31.158 ms

2025-02-20 01:02:96 [INFO]: GET /movie/22 304 37.140 ms

2025-02-20 01:02:96 [INFO]: GET /movie/7 304 41.847 ms

2025-02-20 01:02:07 [INFO]: GET /movie/14 304 37.425 ms

2025-02-20 01:02:28 [ERROR]: POST /user/login 404 91.082 ms

2025-02-20 01:02:91 [ERROR]: POST /user/login 404 14.131 ms

2025-02-20 01:02:71 [ERROR]: POST /user/login 404 25.014 ms

2025-02-20 01:02:29 [INFO]: GET /user/info 304 1.311 ms

2025-02-20 01:02:30 [INFO]: GET /movie/chart 304 3.301 ms

2025-02-20 01:02:45 [INFO]: GET /movie/10 304 8.151 ms

2025-02-20 01:02:46 [INFO]: GET /movie/7 304 12.259 ms

2025-02-20 01:02:47 [INFO]: GET /movie/8 304 5.495 ms

2025-02-20 01:02:48 [INFO]: GET /movie/14 304 12.213 ms

2025-02-20 01:02:49 [INFO]: GET /movie/22 304 20.242 ms

2025-02-20 01:02:55 [INFO]: GET /movie/1 304 25.740 ms

2025-02-20 01:02:57 [INFO]: GET /movie/3 304 36.702 ms

2025-02-20 01:02:80 [INFO]: GET /movie/6 304 226.248 ms

2025-02-20 01:02:97 [INFO]: GET /movie/4 304 401.387 ms

2025-02-20 01:02:12 [INFO]: GET /movie/10 304 544.116 ms

2025-02-20 01:02:20 [INFO]: GET /movie/7 304 622.627 ms

2025-02-20 01:02:29 [INFO]: GET /movie/2 304 729.220 ms

2025-02-20 01:02:50 [INFO]: GET /movie/14 304 78.606 ms

2025-02-20 01:02:51 [INFO]: GET /movie/8 304 38.779 ms

2025-02-20 01:02:52 [INFO]: GET /movie/22 304 48.408 ms

2025-02-20 01:02:53 [INFO]: GET /movie/1 304 45.549 ms

2025-02-20 01:02:54 [INFO]: GET /movie/3 304 49.680 ms

2025-02-20 01:02:62 [INFO]: GET /movie/6 304 67.072 ms

2025-02-20 01:02:70 [INFO]: GET /movie/10 304 129.538 ms

2025-02-20 01:02:70 [INFO]: GET /movie/4 304 141.804 ms

2025-02-20 01:02:85 [INFO]: GET /movie/7 304 239.748 ms

2025-02-20 01:02:92 [INFO]: GET /movie/2 304 304.957 ms

2025-02-20 01:02:02 [INFO]: GET /movie/14 304 26.505 ms

2025-02-20 01:02:05 [INFO]: GET /movie/8 304 52.109 ms

2025-02-20 01:02:12 [INFO]: GET /movie/22 304 90.259 ms

2025-02-20 01:02:69 [INFO]: GET /user/info 304 12.471 ms

2025-02-20 01:02:77 [INFO]: GET /movie/chart 304 10.368 ms

2025-02-20 01:02:64 [INFO]: GET /user/info 304 2.271 ms

2025-02-20 01:02:65 [INFO]: GET /movie/chart 304 2.187 ms

2025-02-20 01:02:60 [INFO]: GET /user/info 304 1.365 ms

2025-02-20 01:02:61 [INFO]: GET /movie/chart 304 3.170 ms

2025-02-20 01:02:100 [INFO]: GET /user/info 304 2.451 ms

2025-02-20 01:02:01 [INFO]: GET /movie/chart 304 2.357 ms

2025-02-20 01:02:07 [INFO]: GET /user/info 304 5.708 ms

2025-02-20 01:02:11 [INFO]: GET /movie/chart 304 2.235 ms

2025-02-20 01:02:73 [INFO]: GET /movie/1 304 444.613 ms

2025-02-20 01:02:81 [INFO]: GET /movie/8 304 548.947 ms

2025-02-20 01:02:93 [INFO]: GET /movie/10 304 694.391 ms

2025-02-20 01:02:08 [INFO]: GET /movie/22 304 798.101 ms

2025-02-20 01:02:26 [INFO]: GET /movie/7 304 1008.089 ms

2025-02-20 01:02:31 [INFO]: GET /movie/14 304 1047.411 ms

2025-02-20 01:02:53 [INFO]: GET /movie/3 304 63.667 ms

2025-02-20 01:02:58 [INFO]: GET /movie/2 304 103.686 ms

2025-02-20 01:02:63 [INFO]: GET /movie/4 304 133.107 ms

2025-02-20 01:02:67 [INFO]: GET /movie/6 304 165.711 ms

2025-02-20 01:02:71 [INFO]: GET /movie/1 304 199.706 ms

2025-02-20 01:02:74 [INFO]: GET /movie/8 304 208.732 ms

2025-02-20 01:02:79 [INFO]: GET /movie/10 304 30.913 ms

2025-02-20 01:02:81 [INFO]: GET /movie/3 304 37.966 ms

2025-02-20 01:02:84 [INFO]: GET /movie/14 304 65.283 ms

2025-02-20 01:02:85 [INFO]: GET /movie/2 304 69.230 ms

2025-02-20 01:02:87 [INFO]: GET /movie/7 304 104.928 ms

2025-02-20 01:02:92 [INFO]: GET /movie/22 304 154.072 ms

2025-02-20 01:02:96 [INFO]: GET /movie/4 304 18.716 ms

2025-02-20 01:02:98 [INFO]: GET /movie/6 304 35.711 ms

2025-02-20 01:02:01 [INFO]: GET /movie/8 304 62.195 ms

2025-02-20 01:02:04 [INFO]: GET /movie/10 304 91.317 ms

2025-02-20 01:02:08 [INFO]: GET /movie/14 304 109.847 ms

2025-02-20 01:02:10 [INFO]: GET /movie/7 304 139.711 ms

2025-02-20 01:02:15 [INFO]: GET /movie/22 304 35.318 ms

2025-02-20 01:02:76 [INFO]: GET /movie/chart 304 3.574 ms

2025-02-20 01:02:82 [INFO]: GET /movie/10 304 8.771 ms

2025-02-20 01:02:83 [INFO]: GET /movie/7 304 12.058 ms

2025-02-20 01:02:85 [INFO]: GET /movie/14 304 7.696 ms

2025-02-20 01:02:85 [INFO]: GET /movie/8 304 7.531 ms

2025-02-20 01:02:86 [INFO]: GET /movie/22 304 7.133 ms

2025-02-20 01:02:87 [INFO]: GET /movie/1 304 16.819 ms

2025-02-20 01:02:88 [INFO]: GET /movie/3 304 11.078 ms

2025-02-20 01:02:90 [INFO]: GET /movie/10 304 20.034 ms

2025-02-20 01:02:91 [INFO]: GET /movie/2 304 25.976 ms

2025-02-20 01:02:94 [INFO]: GET /movie/4 304 47.117 ms

2025-02-20 01:02:95 [INFO]: GET /movie/6 304 59.009 ms

2025-02-20 01:02:00 [INFO]: GET /movie/7 304 46.416 ms

2025-02-20 01:02:01 [INFO]: GET /movie/14 304 53.471 ms

2025-02-20 01:02:04 [INFO]: GET /movie/8 304 67.658 ms

2025-02-20 01:02:05 [INFO]: GET /movie/22 304 77.572 ms

2025-02-20 01:02:05 [INFO]: GET /movie/1 304 80.626 ms

2025-02-20 01:02:06 [INFO]: GET /movie/3 304 77.444 ms

2025-02-20 01:02:13 [INFO]: GET /movie/10 304 22.654 ms

2025-02-20 01:02:16 [INFO]: GET /movie/2 304 61.447 ms

2025-02-20 01:02:20 [INFO]: GET /movie/4 304 91.271 ms

2025-02-20 01:02:21 [INFO]: GET /movie/6 304 93.506 ms

2025-02-20 01:02:22 [INFO]: GET /movie/7 304 101.896 ms

2025-02-20 01:02:23 [INFO]: GET /movie/14 304 117.679 ms

2025-02-20 01:02:26 [INFO]: GET /movie/8 304 5.379 ms

2025-02-20 01:02:27 [INFO]: GET /movie/22 304 18.227 ms

2025-02-20 01:02:02 [INFO]: GET /user/info 304 1.005 ms

2025-02-20 01:02:02 [INFO]: GET /movie/chart 304 1.832 ms

2025-02-20 01:02:16 [INFO]: GET /movie/10 304 3.921 ms

2025-02-20 01:02:17 [INFO]: GET /movie/7 304 4.891 ms

2025-02-20 01:02:18 [INFO]: GET /movie/14 304 9.327 ms

2025-02-20 01:02:19 [INFO]: GET /movie/8 304 11.496 ms

2025-02-20 01:02:19 [INFO]: GET /movie/22 304 13.534 ms

2025-02-20 01:02:22 [INFO]: GET /movie/1 304 17.131 ms

2025-02-20 01:02:22 [INFO]: GET /movie/3 304 16.241 ms

2025-02-20 01:02:23 [INFO]: GET /movie/2 304 20.696 ms

2025-02-20 01:02:24 [INFO]: GET /movie/4 304 22.207 ms

2025-02-20 01:02:25 [INFO]: GET /movie/10 304 22.944 ms

2025-02-20 01:02:28 [INFO]: GET /movie/6 304 26.781 ms

2025-02-20 01:02:29 [INFO]: GET /movie/7 304 19.940 ms

2025-02-20 01:02:31 [INFO]: GET /movie/8 304 28.340 ms

2025-02-20 01:02:36 [INFO]: GET /movie/14 304 83.350 ms

2025-02-20 01:02:44 [INFO]: GET /movie/22 304 145.610 ms

2025-02-20 01:02:48 [INFO]: GET /movie/1 304 166.037 ms

2025-02-20 01:02:52 [INFO]: GET /movie/3 304 19.512 ms

2025-02-20 01:02:54 [INFO]: GET /movie/2 304 29.622 ms

2025-02-20 01:02:63 [INFO]: GET /movie/4 304 101.383 ms

2025-02-20 01:02:64 [INFO]: GET /movie/10 304 122.712 ms

2025-02-20 01:02:68 [INFO]: GET /movie/6 304 162.882 ms

2025-02-20 01:02:70 [INFO]: GET /movie/7 304 181.969 ms

2025-02-20 01:02:76 [INFO]: GET /movie/8 304 24.734 ms

2025-02-20 01:02:79 [INFO]: GET /movie/14 304 51.950 ms

2025-02-20 01:02:82 [INFO]: GET /movie/22 304 73.755 ms

2025-02-20 01:02:91 [ERROR]: POST /user/login 404 16.299 ms

2025-02-20 01:02:25 [INFO]: GET /user/info 304 14.643 ms

2025-02-20 01:02:28 [INFO]: GET /movie/chart 304 5.456 ms

2025-02-20 01:02:92 [INFO]: GET /movie/10 304 473.283 ms

2025-02-20 01:02:94 [INFO]: GET /movie/8 304 456.391 ms

2025-02-20 01:02:96 [INFO]: GET /movie/14 304 480.715 ms

2025-02-20 01:02:97 [INFO]: GET /movie/7 304 496.841 ms

2025-02-20 01:02:98 [INFO]: GET /movie/22 304 495.413 ms

2025-02-20 01:02:01 [INFO]: GET /movie/1 304 511.723 ms

2025-02-20 01:02:16 [INFO]: GET /movie/3 304 39.654 ms

2025-02-20 01:02:18 [INFO]: GET /movie/2 304 74.628 ms

2025-02-20 01:02:19 [INFO]: GET /movie/4 304 88.328 ms

2025-02-20 01:02:25 [INFO]: GET /movie/6 304 144.125 ms

2025-02-20 01:02:34 [INFO]: GET /movie/10 304 219.465 ms

2025-02-20 01:02:41 [INFO]: GET /movie/8 304 278.183 ms

2025-02-20 01:02:50 [INFO]: GET /movie/14 304 47.975 ms

2025-02-20 01:02:52 [INFO]: GET /movie/7 304 44.150 ms

2025-02-20 01:02:54 [INFO]: GET /movie/22 304 58.208 ms

2025-02-20 01:02:55 [INFO]: GET /movie/1 304 60.301 ms

2025-02-20 01:02:55 [INFO]: GET /movie/3 304 68.590 ms

2025-02-20 01:02:60 [INFO]: GET /movie/2 304 100.445 ms

2025-02-20 01:02:67 [INFO]: GET /movie/4 304 32.058 ms

2025-02-20 01:02:69 [INFO]: GET /movie/6 304 34.457 ms

2025-02-20 01:02:70 [INFO]: GET /movie/10 304 51.392 ms

2025-02-20 01:02:73 [INFO]: GET /movie/8 304 77.006 ms

2025-02-20 01:02:75 [INFO]: GET /movie/14 304 88.182 ms

2025-02-20 01:02:77 [INFO]: GET /movie/7 304 104.908 ms

2025-02-20 01:02:83 [INFO]: GET /movie/22 304 19.828 ms

2025-02-20 01:02:90 [ERROR]: POST /user/login 404 18.801 ms

2025-02-20 01:02:10 [ERROR]: POST /user/login 404 8.625 ms

2025-02-20 01:02:39 [INFO]: GET /user/info 304 1.800 ms

2025-02-20 01:02:42 [INFO]: GET /movie/chart 304 2.525 ms

2025-02-20 01:02:71 [INFO]: GET /movie/10 304 20.401 ms

2025-02-20 01:02:71 [INFO]: GET /movie/7 304 20.294 ms

2025-02-20 01:02:72 [INFO]: GET /movie/14 304 5.079 ms

2025-02-20 01:02:73 [INFO]: GET /movie/8 304 3.684 ms

2025-02-20 01:02:75 [INFO]: GET /movie/22 304 12.026 ms

2025-02-20 01:02:77 [INFO]: GET /movie/1 304 21.697 ms

2025-02-20 01:02:79 [INFO]: GET /movie/3 304 29.602 ms

2025-02-20 01:02:81 [INFO]: GET /movie/2 304 15.967 ms

2025-02-20 01:02:84 [INFO]: GET /movie/4 304 51.661 ms

2025-02-20 01:02:89 [INFO]: GET /movie/6 304 101.119 ms

2025-02-20 01:02:93 [INFO]: GET /movie/10 304 125.720 ms

2025-02-20 01:02:21 [INFO]: GET /movie/7 304 233.698 ms

2025-02-20 01:02:30 [INFO]: GET /movie/14 304 285.797 ms

2025-02-20 01:02:36 [INFO]: GET /movie/8 304 303.344 ms

2025-02-20 01:02:40 [INFO]: GET /movie/22 304 250.081 ms

2025-02-20 01:02:48 [INFO]: GET /movie/1 304 261.868 ms

2025-02-20 01:02:53 [INFO]: GET /movie/3 304 233.612 ms

2025-02-20 01:02:61 [INFO]: GET /movie/2 304 41.411 ms

2025-02-20 01:02:63 [INFO]: GET /movie/4 304 45.430 ms

2025-02-20 01:02:65 [INFO]: GET /movie/6 304 58.967 ms

2025-02-20 01:02:67 [INFO]: GET /movie/10 304 71.910 ms

2025-02-20 01:02:70 [INFO]: GET /movie/7 304 89.432 ms

2025-02-20 01:02:73 [INFO]: GET /movie/14 304 112.643 ms

2025-02-20 01:02:78 [INFO]: GET /movie/8 304 27.694 ms

2025-02-20 01:02:84 [INFO]: GET /movie/22 304 69.501 ms

2025-02-20 01:02:27 [INFO]: GET /user/info 304 2.238 ms

2025-02-20 01:02:29 [INFO]: GET /movie/chart 304 2.558 ms

2025-02-20 01:02:49 [INFO]: GET /movie/10 304 11.316 ms

2025-02-20 01:02:49 [INFO]: GET /movie/7 304 10.135 ms

2025-02-20 01:02:50 [INFO]: GET /movie/14 304 12.750 ms

2025-02-20 01:02:52 [INFO]: GET /movie/22 304 12.047 ms

2025-02-20 01:02:53 [INFO]: GET /movie/8 304 22.991 ms

2025-02-20 01:02:53 [INFO]: GET /movie/1 304 25.755 ms

2025-02-20 01:02:55 [INFO]: GET /movie/3 304 6.076 ms

2025-02-20 01:02:67 [INFO]: GET /movie/7 304 113.211 ms

2025-02-20 01:02:76 [INFO]: GET /movie/4 304 194.089 ms

2025-02-20 01:02:78 [INFO]: GET /movie/2 304 224.898 ms

2025-02-20 01:02:92 [INFO]: GET /movie/6 304 104.717 ms

2025-02-20 01:02:96 [INFO]: GET /movie/14 304 142.726 ms

2025-02-20 01:02:98 [INFO]: GET /movie/10 304 156.804 ms

2025-02-20 01:02:05 [INFO]: GET /movie/22 304 192.490 ms

2025-02-20 01:02:09 [INFO]: GET /movie/1 304 164.689 ms

2025-02-20 01:02:10 [INFO]: GET /movie/8 304 184.098 ms

2025-02-20 01:02:22 [INFO]: GET /movie/3 304 33.251 ms

2025-02-20 01:02:25 [INFO]: GET /movie/7 304 50.820 ms

2025-02-20 01:02:26 [INFO]: GET /movie/4 304 57.012 ms

2025-02-20 01:02:31 [INFO]: GET /movie/2 304 107.499 ms

2025-02-20 01:02:36 [INFO]: GET /movie/6 304 142.009 ms

2025-02-20 01:02:39 [INFO]: GET /movie/14 304 169.769 ms

2025-02-20 01:02:47 [INFO]: GET /movie/10 304 19.935 ms

2025-02-20 01:02:49 [INFO]: GET /movie/22 304 33.334 ms

2025-02-20 01:02:54 [INFO]: GET /movie/8 304 81.712 ms

2025-02-20 01:02:82 [INFO]: GET /user/info 304 0.889 ms

2025-02-20 01:02:84 [INFO]: GET /movie/chart 304 1.555 ms

2025-02-20 01:02:22 [INFO]: GET /movie/10 304 23.127 ms

2025-02-20 01:02:23 [INFO]: GET /movie/7 304 24.646 ms

2025-02-20 01:02:24 [INFO]: GET /movie/14 304 24.387 ms

2025-02-20 01:02:24 [INFO]: GET /movie/8 304 21.491 ms

2025-02-20 01:02:25 [INFO]: GET /movie/22 304 23.812 ms

2025-02-20 01:02:29 [INFO]: GET /movie/3 304 29.066 ms

2025-02-20 01:02:29 [INFO]: GET /movie/2 304 32.590 ms

2025-02-20 01:02:31 [INFO]: GET /movie/4 304 35.850 ms

2025-02-20 01:02:31 [INFO]: GET /movie/6 304 38.234 ms

2025-02-20 01:02:33 [INFO]: GET /movie/1 304 71.052 ms

2025-02-20 01:02:37 [INFO]: GET /movie/10 304 14.603 ms

2025-02-20 01:02:38 [INFO]: GET /movie/14 304 22.702 ms

2025-02-20 01:02:39 [INFO]: GET /movie/8 304 28.616 ms

2025-02-20 01:02:40 [INFO]: GET /movie/22 304 34.507 ms

2025-02-20 01:02:41 [INFO]: GET /movie/7 304 37.648 ms

2025-02-20 01:02:59 [INFO]: GET /movie/3 304 63.495 ms

2025-02-20 01:02:64 [INFO]: GET /movie/2 304 93.946 ms

2025-02-20 01:02:71 [INFO]: GET /movie/4 304 146.101 ms

2025-02-20 01:02:77 [INFO]: GET /movie/6 304 195.481 ms

2025-02-20 01:02:81 [INFO]: GET /movie/1 304 233.498 ms

2025-02-20 01:02:85 [INFO]: GET /movie/10 304 277.881 ms

2025-02-20 01:02:94 [INFO]: GET /movie/14 304 47.623 ms

2025-02-20 01:02:96 [INFO]: GET /movie/8 304 63.889 ms

2025-02-20 01:02:98 [INFO]: GET /movie/22 304 80.865 ms

2025-02-20 01:02:99 [INFO]: GET /movie/7 304 82.373 ms

2025-02-20 01:02:100 [INFO]: GET /user/info 304 3.235 ms

2025-02-20 01:02:01 [INFO]: GET /movie/chart 304 2.116 ms

2025-02-20 01:02:41 [INFO]: GET /movie/22 304 104.346 ms

2025-02-20 01:02:53 [INFO]: GET /movie/8 304 221.103 ms

2025-02-20 01:02:57 [INFO]: GET /movie/14 304 260.343 ms

2025-02-20 01:02:63 [INFO]: GET /movie/7 304 330.934 ms

2025-02-20 01:02:67 [INFO]: GET /movie/10 304 383.257 ms

2025-02-20 01:02:92 [INFO]: GET /movie/1 304 86.354 ms

2025-02-20 01:02:97 [INFO]: GET /movie/3 304 102.079 ms

2025-02-20 01:02:16 [INFO]: GET /movie/2 304 250.363 ms

2025-02-20 01:02:28 [INFO]: GET /movie/4 304 353.484 ms

2025-02-20 01:02:35 [INFO]: GET /movie/6 304 431.293 ms

2025-02-20 01:02:67 [INFO]: GET /movie/22 304 51.422 ms

2025-02-20 01:02:79 [INFO]: GET /movie/8 304 182.347 ms

2025-02-20 01:02:83 [INFO]: GET /movie/14 304 212.586 ms

2025-02-20 01:02:86 [INFO]: GET /movie/7 304 227.768 ms

2025-02-20 01:02:06 [INFO]: GET /movie/10 304 416.219 ms

2025-02-20 01:02:16 [INFO]: GET /movie/1 304 6.910 ms

2025-02-20 01:02:17 [INFO]: GET /movie/3 304 10.049 ms

2025-02-20 01:02:17 [INFO]: GET /movie/2 304 16.392 ms

2025-02-20 01:02:19 [INFO]: GET /movie/4 304 22.901 ms

2025-02-20 01:02:20 [INFO]: GET /movie/6 304 26.184 ms

2025-02-20 01:02:36 [INFO]: GET /movie/22 304 35.986 ms

2025-02-20 01:02:41 [INFO]: GET /movie/8 304 78.698 ms

2025-02-20 01:02:42 [INFO]: GET /movie/14 304 72.105 ms

2025-02-20 01:02:44 [INFO]: GET /movie/7 304 97.810 ms

2025-02-20 01:02:46 [INFO]: GET /movie/10 304 114.343 ms

2025-02-20 01:02:27 [ERROR]: POST /user/register 400 106.476 ms

2025-02-20 01:02:14 [INFO]: GET /user/info 304 28.470 ms

2025-02-20 01:02:28 [INFO]: GET /movie/chart 304 96.806 ms

2025-02-20 01:02:87 [INFO]: GET /movie/10 304 453.399 ms

2025-02-20 01:02:94 [INFO]: GET /movie/14 304 476.427 ms

2025-02-20 01:02:96 [INFO]: GET /movie/22 304 449.575 ms

2025-02-20 01:02:99 [INFO]: GET /movie/7 304 544.033 ms

2025-02-20 01:02:02 [INFO]: GET /movie/1 304 513.927 ms

2025-02-20 01:02:03 [INFO]: GET /movie/8 304 532.122 ms

2025-02-20 01:02:11 [INFO]: GET /movie/3 304 30.299 ms

2025-02-20 01:02:12 [INFO]: GET /movie/2 304 42.944 ms

2025-02-20 01:02:14 [INFO]: GET /movie/4 304 54.604 ms

2025-02-20 01:02:15 [INFO]: GET /movie/6 304 59.528 ms

2025-02-20 01:02:21 [INFO]: GET /movie/10 304 47.772 ms

2025-02-20 01:02:27 [INFO]: GET /movie/14 304 114.516 ms

2025-02-20 01:02:31 [INFO]: GET /movie/7 304 133.541 ms

2025-02-20 01:02:33 [INFO]: GET /movie/8 304 149.913 ms

2025-02-20 01:02:35 [INFO]: GET /movie/22 304 164.929 ms

2025-02-20 01:02:39 [INFO]: GET /movie/1 304 200.255 ms

2025-02-20 01:02:44 [INFO]: GET /movie/3 304 32.320 ms

2025-02-20 01:02:47 [INFO]: GET /movie/4 304 27.741 ms

2025-02-20 01:02:50 [INFO]: GET /movie/2 304 62.414 ms

2025-02-20 01:02:52 [INFO]: GET /movie/6 304 84.315 ms

2025-02-20 01:02:54 [INFO]: GET /movie/10 304 101.883 ms

2025-02-20 01:02:55 [INFO]: GET /movie/14 304 118.813 ms

2025-02-20 01:02:62 [INFO]: GET /movie/7 304 18.429 ms

2025-02-20 01:02:64 [INFO]: GET /movie/8 304 33.117 ms

2025-02-20 01:02:66 [INFO]: GET /movie/22 304 36.485 ms

2025-02-20 01:02:51 [INFO]: GET /user/info 304 14.559 ms

2025-02-20 01:02:77 [INFO]: GET /movie/chart 304 26.661 ms

2025-02-20 01:02:14 [INFO]: GET /movie/10 304 152.360 ms

2025-02-20 01:02:22 [INFO]: GET /movie/1 304 143.432 ms

2025-02-20 01:02:25 [INFO]: GET /movie/8 304 193.943 ms

2025-02-20 01:02:31 [INFO]: GET /movie/7 304 249.784 ms

2025-02-20 01:02:39 [INFO]: GET /movie/14 304 356.088 ms

2025-02-20 01:02:41 [INFO]: GET /movie/22 304 350.088 ms

2025-02-20 01:02:51 [INFO]: GET /movie/3 304 58.644 ms

2025-02-20 01:02:54 [INFO]: GET /movie/2 304 83.249 ms

2025-02-20 01:02:57 [INFO]: GET /movie/4 304 114.947 ms

2025-02-20 01:02:60 [INFO]: GET /movie/6 304 119.999 ms

2025-02-20 01:02:62 [INFO]: GET /movie/10 304 148.281 ms

2025-02-20 01:02:72 [INFO]: GET /movie/1 304 80.142 ms

2025-02-20 01:02:74 [INFO]: GET /movie/8 304 86.978 ms

2025-02-20 01:02:76 [INFO]: GET /movie/14 304 33.910 ms

2025-02-20 01:02:77 [INFO]: GET /movie/7 304 69.626 ms

2025-02-20 01:02:87 [INFO]: GET /movie/22 304 69.599 ms

2025-02-20 01:02:88 [INFO]: GET /movie/3 304 30.282 ms

2025-02-20 01:02:90 [INFO]: GET /movie/2 304 42.269 ms

2025-02-20 01:02:91 [INFO]: GET /movie/4 304 56.087 ms

2025-02-20 01:02:99 [INFO]: GET /movie/6 304 64.396 ms

2025-02-20 01:02:01 [INFO]: GET /movie/10 304 81.325 ms

2025-02-20 01:02:02 [INFO]: GET /movie/8 304 52.991 ms

2025-02-20 01:02:04 [INFO]: GET /movie/14 304 68.978 ms

2025-02-20 01:02:06 [INFO]: GET /movie/7 304 79.108 ms

2025-02-20 01:02:07 [INFO]: GET /movie/22 304 93.845 ms

2025-02-20 01:02:17 [INFO]: GET /movie/7 304 74.180 ms

2025-02-20 01:02:18 [INFO]: GET /movie/14 304 86.196 ms

2025-02-20 01:02:19 [INFO]: GET /movie/22 304 74.525 ms

2025-02-20 01:02:19 [INFO]: GET /movie/1 304 78.662 ms

2025-02-20 01:02:21 [INFO]: GET /movie/8 304 114.359 ms

2025-02-20 01:02:23 [INFO]: GET /movie/10 304 143.921 ms

2025-02-20 01:02:31 [INFO]: GET /movie/3 304 69.169 ms

2025-02-20 01:02:43 [INFO]: GET /movie/2 304 155.204 ms

2025-02-20 01:02:60 [INFO]: GET /movie/6 304 308.016 ms

2025-02-20 01:02:69 [INFO]: GET /movie/4 304 404.875 ms

2025-02-20 01:02:78 [INFO]: GET /movie/7 304 488.516 ms

2025-02-20 01:02:25 [INFO]: GET /movie/14 - - ms

2025-02-20 01:02:26 [INFO]: GET /movie/22 - - ms

2025-02-20 01:02:27 [INFO]: GET /movie/1 - - ms

2025-02-20 01:02:27 [INFO]: GET /movie/8 - - ms

2025-02-20 01:02:52 [INFO]: GET /user/info 304 2.007 ms

2025-02-20 01:02:54 [INFO]: GET /movie/chart 304 2.773 ms

2025-02-20 01:02:76 [INFO]: GET /movie/10 200 27.835 ms

2025-02-20 01:02:76 [INFO]: GET /movie/7 200 27.233 ms

2025-02-20 01:02:76 [INFO]: GET /movie/8 200 15.626 ms

2025-02-20 01:02:79 [INFO]: GET /movie/14 200 41.541 ms

2025-02-20 01:02:80 [INFO]: GET /movie/22 200 52.229 ms

2025-02-20 01:02:82 [INFO]: GET /movie/1 200 65.939 ms

2025-02-20 01:02:87 [INFO]: GET /movie/2 200 35.781 ms

2025-02-20 01:02:94 [INFO]: GET /movie/6 200 103.031 ms

2025-02-20 01:02:05 [INFO]: GET /movie/4 200 213.766 ms

2025-02-20 01:02:13 [INFO]: GET /movie/10 304 284.688 ms

2025-02-20 01:02:22 [INFO]: GET /movie/3 200 385.658 ms

2025-02-20 01:02:28 [INFO]: GET /movie/7 304 424.660 ms

2025-02-20 01:02:41 [INFO]: GET /movie/8 304 22.195 ms

2025-02-20 01:02:45 [INFO]: GET /movie/14 304 107.208 ms

2025-02-20 01:02:48 [INFO]: GET /movie/22 304 128.774 ms

2025-02-20 01:02:51 [INFO]: GET /movie/1 304 156.785 ms

2025-02-20 01:02:54 [INFO]: GET /movie/2 304 180.738 ms

2025-02-20 01:02:60 [INFO]: GET /movie/6 304 221.059 ms

2025-02-20 01:02:74 [INFO]: GET /movie/4 304 97.487 ms

2025-02-20 01:02:79 [INFO]: GET /movie/10 304 94.281 ms

2025-02-20 01:02:83 [INFO]: GET /movie/7 304 109.977 ms

2025-02-20 01:02:89 [INFO]: GET /movie/8 304 162.660 ms

2025-02-20 01:02:93 [INFO]: GET /movie/3 304 226.652 ms

2025-02-20 01:02:95 [INFO]: GET /movie/14 304 224.224 ms

2025-02-20 01:02:06 [INFO]: GET /movie/22 304 76.590 ms

2025-02-20 01:02:11 [ERROR]: POST /user/register 500 104.280 ms

2025-02-20 01:02:90 [ERROR]: POST /user/register 500 25.216 ms

2025-02-20 01:02:46 [ERROR]: POST /user/register 500 129.737 ms

2025-02-20 01:02:30 [ERROR]: POST /user/register 500 191.721 ms

2025-02-20 01:02:91 [ERROR]: POST /user/register 500 71.688 ms

2025-02-20 02:02:05 [INFO]: POST /user/register 200 281.050 ms

2025-02-20 02:02:00 [INFO]: POST /user/login 200 34.744 ms

2025-02-20 02:02:81 [INFO]: GET /user/info 200 30.128 ms

2025-02-20 02:02:43 [INFO]: GET /movie/chart 304 12.406 ms

2025-02-20 02:02:72 [INFO]: GET /movie/7 304 195.614 ms

2025-02-20 02:02:84 [INFO]: GET /movie/8 304 290.276 ms

2025-02-20 02:02:01 [INFO]: GET /movie/10 304 437.480 ms

2025-02-20 02:02:08 [INFO]: GET /movie/14 304 507.181 ms

2025-02-20 02:02:14 [INFO]: GET /movie/22 304 569.633 ms

2025-02-20 02:02:17 [INFO]: GET /movie/3 304 595.552 ms

2025-02-20 02:02:25 [INFO]: GET /movie/1 304 109.672 ms

2025-02-20 02:02:30 [INFO]: GET /movie/2 304 77.523 ms

2025-02-20 02:02:33 [INFO]: GET /movie/4 304 87.006 ms

2025-02-20 02:02:39 [INFO]: GET /movie/6 304 149.588 ms

2025-02-20 02:02:42 [INFO]: GET /movie/7 304 135.723 ms

2025-02-20 02:02:45 [INFO]: GET /movie/8 304 154.774 ms

2025-02-20 02:02:52 [INFO]: GET /movie/10 304 92.375 ms

2025-02-20 02:02:58 [INFO]: GET /movie/3 304 73.205 ms

2025-02-20 02:02:61 [INFO]: GET /movie/14 304 110.385 ms

2025-02-20 02:02:63 [INFO]: GET /movie/22 304 140.062 ms

2025-02-20 02:02:65 [INFO]: GET /movie/1 304 101.182 ms

2025-02-20 02:02:69 [INFO]: GET /movie/2 304 118.559 ms

2025-02-20 02:02:74 [INFO]: GET /movie/4 304 91.892 ms

2025-02-20 02:02:79 [INFO]: GET /movie/6 304 72.803 ms

2025-02-20 02:02:89 [INFO]: GET /movie/7 304 124.002 ms

2025-02-20 02:02:92 [INFO]: GET /movie/8 304 165.772 ms

2025-02-20 02:02:96 [INFO]: GET /movie/10 304 29.090 ms

2025-02-20 02:02:97 [INFO]: GET /movie/14 304 17.124 ms

2025-02-20 02:02:03 [INFO]: GET /movie/22 304 47.513 ms

2025-02-20 02:02:31 [INFO]: GET /movie/chart 304 7.046 ms

2025-02-20 02:02:47 [INFO]: GET /user/info 304 258.587 ms

2025-02-20 02:02:61 [INFO]: GET /movie/10 304 31.599 ms

2025-02-20 02:02:61 [INFO]: GET /movie/8 304 23.395 ms

2025-02-20 02:02:62 [INFO]: GET /movie/14 304 35.294 ms

2025-02-20 02:02:63 [INFO]: GET /movie/7 304 45.155 ms

2025-02-20 02:02:63 [INFO]: GET /movie/22 304 31.862 ms

2025-02-20 02:02:67 [INFO]: GET /movie/1 304 27.922 ms

2025-02-20 02:02:70 [INFO]: GET /movie/3 304 50.888 ms

2025-02-20 02:02:73 [INFO]: GET /movie/2 304 76.003 ms

2025-02-20 02:02:76 [INFO]: GET /movie/4 304 101.154 ms

2025-02-20 02:02:80 [INFO]: GET /movie/6 304 123.178 ms

2025-02-20 02:02:82 [INFO]: GET /movie/10 304 130.876 ms

2025-02-20 02:02:90 [INFO]: GET /movie/8 304 77.867 ms

2025-02-20 02:02:92 [INFO]: GET /movie/14 304 53.128 ms

2025-02-20 02:02:93 [INFO]: GET /movie/7 304 52.727 ms

2025-02-20 02:02:94 [INFO]: GET /movie/22 304 57.982 ms

2025-02-20 02:02:95 [INFO]: GET /movie/1 304 58.310 ms

2025-02-20 02:02:96 [INFO]: GET /movie/3 304 39.499 ms

2025-02-20 02:02:02 [INFO]: GET /movie/2 304 37.561 ms

2025-02-20 02:02:05 [INFO]: GET /movie/4 304 59.097 ms

2025-02-20 02:02:08 [INFO]: GET /movie/6 304 82.888 ms

2025-02-20 02:02:10 [INFO]: GET /movie/10 304 111.365 ms

2025-02-20 02:02:11 [INFO]: GET /movie/8 304 99.868 ms

2025-02-20 02:02:17 [INFO]: GET /movie/14 304 151.877 ms

2025-02-20 02:02:24 [INFO]: GET /movie/7 304 36.822 ms

2025-02-20 02:02:32 [INFO]: GET /movie/22 304 86.259 ms

2025-02-20 02:02:88 [INFO]: GET /movie/info/4 200 35.430 ms

2025-02-20 02:02:89 [INFO]: GET /movie/actor/4 200 44.711 ms

2025-02-20 02:02:89 [INFO]: GET /movie/director/4 200 45.745 ms

2025-02-20 02:02:90 [INFO]: GET /movie/genre/4 200 45.755 ms

2025-02-20 02:02:82 [INFO]: GET /movie/chart 304 1.810 ms

2025-02-20 02:02:88 [INFO]: GET /movie/10 304 8.649 ms

2025-02-20 02:02:89 [INFO]: GET /movie/7 304 6.053 ms

2025-02-20 02:02:90 [INFO]: GET /movie/14 304 10.012 ms

2025-02-20 02:02:91 [INFO]: GET /movie/8 304 11.787 ms

2025-02-20 02:02:93 [INFO]: GET /movie/22 304 7.268 ms

2025-02-20 02:02:94 [INFO]: GET /movie/1 304 14.181 ms

2025-02-20 02:02:95 [INFO]: GET /movie/3 304 19.118 ms

2025-02-20 02:02:95 [INFO]: GET /movie/2 304 20.892 ms

2025-02-20 02:02:98 [INFO]: GET /movie/10 304 35.729 ms

2025-02-20 02:02:00 [INFO]: GET /movie/4 304 34.182 ms

2025-02-20 02:02:01 [INFO]: GET /movie/6 304 30.669 ms

2025-02-20 02:02:05 [INFO]: GET /movie/7 304 51.225 ms

2025-02-20 02:02:05 [INFO]: GET /movie/14 304 52.226 ms

2025-02-20 02:02:06 [INFO]: GET /movie/22 304 17.619 ms

2025-02-20 02:02:07 [INFO]: GET /movie/8 304 20.401 ms

2025-02-20 02:02:11 [INFO]: GET /movie/1 304 11.663 ms

2025-02-20 02:02:11 [INFO]: GET /movie/3 304 16.374 ms

2025-02-20 02:02:12 [INFO]: GET /movie/2 304 17.581 ms

2025-02-20 02:02:12 [INFO]: GET /movie/10 304 19.493 ms

2025-02-20 02:02:14 [INFO]: GET /movie/4 304 32.723 ms

2025-02-20 02:02:17 [INFO]: GET /movie/6 304 37.715 ms

2025-02-20 02:02:18 [INFO]: GET /movie/7 304 28.714 ms

2025-02-20 02:02:18 [INFO]: GET /movie/14 304 30.383 ms

2025-02-20 02:02:18 [INFO]: GET /movie/22 304 32.690 ms

2025-02-20 02:02:20 [INFO]: GET /movie/8 304 32.509 ms

2025-02-20 02:02:11 [INFO]: GET /movie/info/2 200 5.839 ms

2025-02-20 02:02:12 [INFO]: GET /movie/actor/2 200 17.640 ms

2025-02-20 02:02:13 [INFO]: GET /movie/genre/2 200 8.269 ms

2025-02-20 02:02:14 [INFO]: GET /movie/director/2 200 14.716 ms

2025-02-20 02:02:06 [INFO]: GET /movie/info/2 304 38.425 ms

2025-02-20 02:02:19 [INFO]: GET /movie/director/2 304 13.444 ms

2025-02-20 02:02:21 [INFO]: GET /movie/actor/2 304 31.724 ms

2025-02-20 02:02:22 [INFO]: GET /movie/genre/2 304 35.857 ms

2025-02-20 02:02:88 [INFO]: GET /movie/chart 304 18.327 ms

2025-02-20 02:02:13 [INFO]: GET /movie/7 200 942.980 ms

2025-02-20 02:02:28 [INFO]: GET /movie/1 200 499.139 ms

2025-02-20 02:02:39 [INFO]: GET /movie/10 200 1233.342 ms

2025-02-20 02:02:48 [INFO]: GET /movie/22 200 1287.274 ms

2025-02-20 02:02:56 [INFO]: GET /movie/8 200 1369.419 ms

2025-02-20 02:02:61 [INFO]: GET /movie/14 200 1426.346 ms

2025-02-20 02:02:72 [INFO]: GET /movie/3 200 163.680 ms

2025-02-20 02:02:83 [INFO]: GET /movie/2 200 133.543 ms

2025-02-20 02:02:92 [INFO]: GET /movie/4 200 213.376 ms

2025-02-20 02:02:00 [INFO]: GET /movie/7 304 184.629 ms

2025-02-20 02:02:10 [INFO]: GET /movie/6 200 306.377 ms

2025-02-20 02:02:25 [INFO]: GET /movie/1 304 431.693 ms

2025-02-20 02:02:42 [INFO]: GET /movie/10 304 437.984 ms

2025-02-20 02:02:58 [INFO]: GET /movie/22 304 166.170 ms

2025-02-20 02:02:88 [INFO]: GET /movie/8 304 304.279 ms

2025-02-20 02:02:94 [INFO]: GET /movie/2 304 358.798 ms

2025-02-20 02:02:09 [INFO]: GET /movie/3 304 445.855 ms

2025-02-20 02:02:21 [INFO]: GET /movie/14 304 629.792 ms

2025-02-20 02:02:30 [INFO]: GET /movie/4 304 470.554 ms

2025-02-20 02:02:39 [INFO]: GET /movie/7 304 83.826 ms

2025-02-20 02:02:58 [INFO]: GET /movie/6 304 171.001 ms

2025-02-20 02:02:73 [INFO]: GET /movie/8 304 337.343 ms

2025-02-20 02:02:85 [INFO]: GET /movie/22 304 455.884 ms

2025-02-20 02:02:89 [INFO]: GET /movie/10 304 510.379 ms

2025-02-20 02:02:94 [INFO]: GET /movie/14 304 387.597 ms

2025-02-20 02:02:17 [INFO]: GET /movie/1 304 80.600 ms

2025-02-20 02:02:25 [INFO]: GET /movie/director/1 200 89.729 ms

2025-02-20 02:02:28 [INFO]: GET /movie/actor/1 200 125.483 ms

2025-02-20 02:02:32 [INFO]: GET /movie/genre/1 200 150.198 ms

2025-02-20 02:02:44 [INFO]: GET /movie/1 304 14.156 ms

2025-02-20 02:02:46 [INFO]: GET /movie/actor/1 304 26.621 ms

2025-02-20 02:02:46 [INFO]: GET /movie/genre/1 304 29.673 ms

2025-02-20 02:02:49 [INFO]: GET /user/info 304 103.252 ms

2025-02-20 02:02:50 [INFO]: GET /movie/director/1 304 64.745 ms

