2024-11-30 17:11:80 [Movie-Story] error : uncaughtException: err is not defined
ReferenceError: err is not defined
    at refreshToken (file:///C:/workspace/project/Movie-Story/server/src/controllers/user.controller.js:54:7)
2024-11-30 17:11:11 [Movie-Story] error : uncaughtException: err is not defined
ReferenceError: err is not defined
    at refreshToken (file:///C:/workspace/project/Movie-Story/server/src/controllers/user.controller.js:57:7)
2024-11-30 17:11:94 [Movie-Story] error : uncaughtException: err is not defined
ReferenceError: err is not defined
    at refreshToken (file:///C:/workspace/project/Movie-Story/server/src/controllers/user.controller.js:57:7)
2024-11-30 18:11:98 [Movie-Story] error : uncaughtException: The client is closed
Error: The client is closed
    at Commander._RedisClient_sendCommand (C:\workspace\project\Movie-Story\server\node_modules\@redis\client\dist\lib\client\index.js:520:31)
    at Commander.commandsExecutor (C:\workspace\project\Movie-Story\server\node_modules\@redis\client\dist\lib\client\index.js:190:154)
    at BaseClass.<computed> [as set] (C:\workspace\project\Movie-Story\server\node_modules\@redis\client\dist\lib\commander.js:8:29)
    at Object.generateRefreshToken (file:///C:/workspace/project/Movie-Story/server/src/utils/token.util.js:33:19)
    at process.processTicksAndRejections (node:internal/process/task_queues:105:5)
    at async refreshToken (file:///C:/workspace/project/Movie-Story/server/src/controllers/user.controller.js:47:31)
2024-11-30 18:11:16 [Movie-Story] error : uncaughtException: err is not defined
ReferenceError: err is not defined
    at refreshToken (file:///C:/workspace/project/Movie-Story/server/src/controllers/user.controller.js:69:7)
    at process.processTicksAndRejections (node:internal/process/task_queues:105:5)
2024-11-30 18:11:78 [Movie-Story] error : uncaughtException: err is not defined
ReferenceError: err is not defined
    at refreshToken (file:///C:/workspace/project/Movie-Story/server/src/controllers/user.controller.js:69:7)
    at process.processTicksAndRejections (node:internal/process/task_queues:105:5)
2024-11-30 18:11:49 [Movie-Story] error : uncaughtException: err is not defined
ReferenceError: err is not defined
    at refreshToken (file:///C:/workspace/project/Movie-Story/server/src/controllers/user.controller.js:69:7)
    at process.processTicksAndRejections (node:internal/process/task_queues:105:5)
2024-11-30 18:11:58 [Movie-Story] error : uncaughtException: err is not defined
ReferenceError: err is not defined
    at refreshToken (file:///C:/workspace/project/Movie-Story/server/src/controllers/user.controller.js:69:7)
    at process.processTicksAndRejections (node:internal/process/task_queues:105:5)
2024-11-30 18:11:65 [Movie-Story] error : uncaughtException: err is not defined
ReferenceError: err is not defined
    at refreshToken (file:///C:/workspace/project/Movie-Story/server/src/controllers/user.controller.js:69:7)
    at process.processTicksAndRejections (node:internal/process/task_queues:105:5)
2024-11-30 18:11:83 [Movie-Story] error : uncaughtException: err is not defined
ReferenceError: err is not defined
    at refreshToken (file:///C:/workspace/project/Movie-Story/server/src/controllers/user.controller.js:69:7)
    at process.processTicksAndRejections (node:internal/process/task_queues:105:5)
2024-11-30 18:11:95 [Movie-Story] error : uncaughtException: err is not defined
ReferenceError: err is not defined
    at refreshToken (file:///C:/workspace/project/Movie-Story/server/src/controllers/user.controller.js:70:7)
    at process.processTicksAndRejections (node:internal/process/task_queues:105:5)
