2024-07-10 04:07:33 [Movie-Story] error : uncaughtException: Route.get() requires a callback function but got a [object Undefined]
Error: Route.get() requires a callback function but got a [object Undefined]
    at Route.<computed> [as get] (C:\workspace\project\Movie-Story\server\node_modules\express\lib\router\route.js:216:15)
    at proto.<computed> [as get] (C:\workspace\project\Movie-Story\server\node_modules\express\lib\router\index.js:521:19)
    at file:///C:/workspace/project/Movie-Story/server/src/routes/movie.route.js:6:8
2024-07-10 04:07:13 [Movie-Story] error : uncaughtException: Route.get() requires a callback function but got a [object Undefined]
Error: Route.get() requires a callback function but got a [object Undefined]
    at Route.<computed> [as get] (C:\workspace\project\Movie-Story\server\node_modules\express\lib\router\route.js:216:15)
    at proto.<computed> [as get] (C:\workspace\project\Movie-Story\server\node_modules\express\lib\router\index.js:521:19)
    at file:///C:/workspace/project/Movie-Story/server/src/routes/movie.route.js:6:8
2024-07-10 04:07:66 [Movie-Story] error : uncaughtException: Route.get() requires a callback function but got a [object Undefined]
Error: Route.get() requires a callback function but got a [object Undefined]
    at Route.<computed> [as get] (C:\workspace\project\Movie-Story\server\node_modules\express\lib\router\route.js:216:15)
    at proto.<computed> [as get] (C:\workspace\project\Movie-Story\server\node_modules\express\lib\router\index.js:521:19)
    at file:///C:/workspace/project/Movie-Story/server/src/routes/movie.route.js:6:8
2024-07-10 04:07:03 [Movie-Story] error : uncaughtException: Route.get() requires a callback function but got a [object Undefined]
Error: Route.get() requires a callback function but got a [object Undefined]
    at Route.<computed> [as get] (C:\workspace\project\Movie-Story\server\node_modules\express\lib\router\route.js:216:15)
    at proto.<computed> [as get] (C:\workspace\project\Movie-Story\server\node_modules\express\lib\router\index.js:521:19)
    at file:///C:/workspace/project/Movie-Story/server/src/routes/movie.route.js:6:8
2024-07-10 04:07:92 [Movie-Story] error : uncaughtException: Route.get() requires a callback function but got a [object Undefined]
Error: Route.get() requires a callback function but got a [object Undefined]
    at Route.<computed> [as get] (C:\workspace\project\Movie-Story\server\node_modules\express\lib\router\route.js:216:15)
    at proto.<computed> [as get] (C:\workspace\project\Movie-Story\server\node_modules\express\lib\router\index.js:521:19)
    at file:///C:/workspace/project/Movie-Story/server/src/routes/movie.route.js:6:8
2024-07-10 04:07:37 [Movie-Story] error : uncaughtException: Route.get() requires a callback function but got a [object Undefined]
Error: Route.get() requires a callback function but got a [object Undefined]
    at Route.<computed> [as get] (C:\workspace\project\Movie-Story\server\node_modules\express\lib\router\route.js:216:15)
    at proto.<computed> [as get] (C:\workspace\project\Movie-Story\server\node_modules\express\lib\router\index.js:521:19)
    at file:///C:/workspace/project/Movie-Story/server/src/routes/movie.route.js:6:8
2024-07-10 04:07:83 [Movie-Story] error : uncaughtException: Route.get() requires a callback function but got a [object Undefined]
Error: Route.get() requires a callback function but got a [object Undefined]
    at Route.<computed> [as get] (C:\workspace\project\Movie-Story\server\node_modules\express\lib\router\route.js:216:15)
    at proto.<computed> [as get] (C:\workspace\project\Movie-Story\server\node_modules\express\lib\router\index.js:521:19)
    at file:///C:/workspace/project/Movie-Story/server/src/routes/movie.route.js:6:8
2024-07-10 04:07:69 [Movie-Story] error : uncaughtException: Route.get() requires a callback function but got a [object Undefined]
Error: Route.get() requires a callback function but got a [object Undefined]
    at Route.<computed> [as get] (C:\workspace\project\Movie-Story\server\node_modules\express\lib\router\route.js:216:15)
    at proto.<computed> [as get] (C:\workspace\project\Movie-Story\server\node_modules\express\lib\router\index.js:521:19)
    at file:///C:/workspace/project/Movie-Story/server/src/routes/movie_route.js:6:8
2024-07-10 04:07:24 [Movie-Story] error : uncaughtException: Route.get() requires a callback function but got a [object Undefined]
Error: Route.get() requires a callback function but got a [object Undefined]
    at Route.<computed> [as get] (C:\workspace\project\Movie-Story\server\node_modules\express\lib\router\route.js:216:15)
    at proto.<computed> [as get] (C:\workspace\project\Movie-Story\server\node_modules\express\lib\router\index.js:521:19)
    at file:///C:/workspace/project/Movie-Story/server/src/routes/movie.route.js:6:8
2024-07-10 04:07:64 [Movie-Story] error : uncaughtException: Route.get() requires a callback function but got a [object Undefined]
Error: Route.get() requires a callback function but got a [object Undefined]
    at Route.<computed> [as get] (C:\workspace\project\Movie-Story\server\node_modules\express\lib\router\route.js:216:15)
    at proto.<computed> [as get] (C:\workspace\project\Movie-Story\server\node_modules\express\lib\router\index.js:521:19)
    at file:///C:/workspace/project/Movie-Story/server/src/routes/movie.route.js:6:8
2024-07-10 04:07:21 [Movie-Story] error : uncaughtException: Route.get() requires a callback function but got a [object Undefined]
Error: Route.get() requires a callback function but got a [object Undefined]
    at Route.<computed> [as get] (C:\workspace\project\Movie-Story\server\node_modules\express\lib\router\route.js:216:15)
    at proto.<computed> [as get] (C:\workspace\project\Movie-Story\server\node_modules\express\lib\router\index.js:521:19)
    at file:///C:/workspace/project/Movie-Story/server/src/routes/movie.route.js:6:8
2024-07-10 04:07:00 [Movie-Story] error : uncaughtException: Route.get() requires a callback function but got a [object Undefined]
Error: Route.get() requires a callback function but got a [object Undefined]
    at Route.<computed> [as get] (C:\workspace\project\Movie-Story\server\node_modules\express\lib\router\route.js:216:15)
    at proto.<computed> [as get] (C:\workspace\project\Movie-Story\server\node_modules\express\lib\router\index.js:521:19)
    at file:///C:/workspace/project/Movie-Story/server/src/routes/movie.route.js:6:8
2024-07-10 04:07:21 [Movie-Story] error : uncaughtException: Route.get() requires a callback function but got a [object Undefined]
Error: Route.get() requires a callback function but got a [object Undefined]
    at Route.<computed> [as get] (C:\workspace\project\Movie-Story\server\node_modules\express\lib\router\route.js:216:15)
    at proto.<computed> [as get] (C:\workspace\project\Movie-Story\server\node_modules\express\lib\router\index.js:521:19)
    at file:///C:/workspace/project/Movie-Story/server/src/routes/movie.route.js:6:8
2024-07-10 04:07:60 [Movie-Story] error : uncaughtException: Route.get() requires a callback function but got a [object Undefined]
Error: Route.get() requires a callback function but got a [object Undefined]
    at Route.<computed> [as get] (c:\workspace\project\Movie-Story\server\node_modules\express\lib\router\route.js:216:15)
    at proto.<computed> [as get] (c:\workspace\project\Movie-Story\server\node_modules\express\lib\router\index.js:521:19)
    at file:///c:/workspace/project/Movie-Story/server/src/routes/movie.route.js:6:8
2024-07-10 04:07:64 [Movie-Story] error : uncaughtException: Route.get() requires a callback function but got a [object Undefined]
Error: Route.get() requires a callback function but got a [object Undefined]
    at Route.<computed> [as get] (C:\workspace\project\Movie-Story\server\node_modules\express\lib\router\route.js:216:15)
    at proto.<computed> [as get] (C:\workspace\project\Movie-Story\server\node_modules\express\lib\router\index.js:521:19)
    at file:///C:/workspace/project/Movie-Story/server/src/routes/movie_route.js:6:8
2024-07-10 04:07:83 [Movie-Story] error : uncaughtException: Route.get() requires a callback function but got a [object Undefined]
Error: Route.get() requires a callback function but got a [object Undefined]
    at Route.<computed> [as get] (C:\workspace\project\Movie-Story\server\node_modules\express\lib\router\route.js:216:15)
    at proto.<computed> [as get] (C:\workspace\project\Movie-Story\server\node_modules\express\lib\router\index.js:521:19)
    at file:///C:/workspace/project/Movie-Story/server/src/routes/movie_route.js:6:8
2024-07-10 04:07:61 [Movie-Story] error : uncaughtException: job is not a function
TypeError: job is not a function
    at file:///C:/workspace/project/Movie-Story/server/app.js:8:1
2024-07-10 04:07:93 [Movie-Story] error : uncaughtException: job is not a function
TypeError: job is not a function
    at file:///c:/workspace/project/Movie-Story/server/app.js:13:1
2024-07-10 04:07:34 [Movie-Story] error : uncaughtException: job is not a function
TypeError: job is not a function
    at file:///C:/workspace/project/Movie-Story/server/app.js:13:1
