2024-11-30 17:11:25 [Movie-Story] info : [Sat, 30 Nov 2024 08:43:04 GMT] GET /user/getUser 404 2.791 ms

2024-11-30 17:11:42 [Movie-Story] info : [Sat, 30 Nov 2024 08:43:04 GMT] GET /movie/chart 304 6.914 ms

2024-11-30 17:11:07 [Movie-Story] info : [Sat, 30 Nov 2024 08:43:08 GMT] GET /user/getUser 404 1.350 ms

2024-11-30 17:11:74 [Movie-Story] info : [Sat, 30 Nov 2024 08:44:45 GMT] GET /user/info - - ms

2024-11-30 17:11:75 [Movie-Story] info : [Sat, 30 Nov 2024 08:44:45 GMT] GET /user/info - - ms

2024-11-30 17:11:65 [Movie-Story] info : [Sat, 30 Nov 2024 08:49:06 GMT] GET /user/info - - ms

2024-11-30 17:11:86 [Movie-Story] info : [Sat, 30 Nov 2024 08:49:07 GMT] GET /movie/chart 304 6.554 ms

2024-11-30 17:11:01 [Movie-Story] info : [Sat, 30 Nov 2024 08:49:08 GMT] GET /movie/basic/146 304 52.977 ms

2024-11-30 17:11:20 [Movie-Story] info : [Sat, 30 Nov 2024 08:49:08 GMT] GET /movie/basic/251 304 223.379 ms

2024-11-30 17:11:24 [Movie-Story] info : [Sat, 30 Nov 2024 08:49:08 GMT] GET /movie/basic/232 304 256.639 ms

2024-11-30 17:11:29 [Movie-Story] info : [Sat, 30 Nov 2024 08:49:08 GMT] GET /movie/basic/194 304 316.433 ms

2024-11-30 17:11:39 [Movie-Story] info : [Sat, 30 Nov 2024 08:49:08 GMT] GET /movie/basic/248 304 245.556 ms

2024-11-30 17:11:43 [Movie-Story] info : [Sat, 30 Nov 2024 08:49:08 GMT] GET /movie/basic/234 304 48.329 ms

2024-11-30 17:11:51 [Movie-Story] info : [Sat, 30 Nov 2024 08:49:08 GMT] GET /movie/basic/233 304 97.017 ms

2024-11-30 17:11:54 [Movie-Story] info : [Sat, 30 Nov 2024 08:49:08 GMT] GET /movie/basic/208 304 119.352 ms

2024-11-30 17:11:55 [Movie-Story] info : [Sat, 30 Nov 2024 08:49:08 GMT] GET /movie/basic/235 304 44.257 ms

2024-11-30 17:11:58 [Movie-Story] info : [Sat, 30 Nov 2024 08:49:08 GMT] GET /movie/basic/209 304 67.979 ms

2024-11-30 17:11:61 [Movie-Story] info : [Sat, 30 Nov 2024 08:49:08 GMT] GET /movie/basic/146 304 45.725 ms

2024-11-30 17:11:62 [Movie-Story] info : [Sat, 30 Nov 2024 08:49:08 GMT] GET /movie/basic/251 304 35.542 ms

2024-11-30 17:11:64 [Movie-Story] info : [Sat, 30 Nov 2024 08:49:08 GMT] GET /movie/basic/194 304 40.811 ms

2024-11-30 17:11:65 [Movie-Story] info : [Sat, 30 Nov 2024 08:49:08 GMT] GET /movie/basic/232 304 52.615 ms

2024-11-30 17:11:67 [Movie-Story] info : [Sat, 30 Nov 2024 08:49:08 GMT] GET /movie/basic/248 304 42.218 ms

2024-11-30 17:11:69 [Movie-Story] info : [Sat, 30 Nov 2024 08:49:08 GMT] GET /movie/basic/233 304 32.373 ms

2024-11-30 17:11:69 [Movie-Story] info : [Sat, 30 Nov 2024 08:49:08 GMT] GET /movie/basic/234 304 37.516 ms

2024-11-30 17:11:71 [Movie-Story] info : [Sat, 30 Nov 2024 08:49:08 GMT] GET /movie/basic/208 304 38.696 ms

2024-11-30 17:11:74 [Movie-Story] info : [Sat, 30 Nov 2024 08:49:08 GMT] GET /movie/basic/235 304 33.446 ms

2024-11-30 17:11:74 [Movie-Story] info : [Sat, 30 Nov 2024 08:49:08 GMT] GET /movie/basic/209 304 21.067 ms

2024-11-30 17:11:75 [Movie-Story] info : [Sat, 30 Nov 2024 08:49:08 GMT] GET /movie/basic/146 304 27.590 ms

2024-11-30 17:11:77 [Movie-Story] info : [Sat, 30 Nov 2024 08:49:08 GMT] GET /movie/basic/251 304 37.434 ms

2024-11-30 17:11:81 [Movie-Story] info : [Sat, 30 Nov 2024 08:49:08 GMT] GET /movie/basic/194 304 51.251 ms

2024-11-30 17:11:82 [Movie-Story] info : [Sat, 30 Nov 2024 08:49:08 GMT] GET /movie/basic/232 304 36.870 ms

2024-11-30 17:11:83 [Movie-Story] info : [Sat, 30 Nov 2024 08:49:08 GMT] GET /movie/basic/248 304 42.351 ms

2024-11-30 17:11:22 [Movie-Story] info : [Sat, 30 Nov 2024 08:49:20 GMT] GET /user/info - - ms

2024-11-30 17:11:93 [Movie-Story] info : [Sat, 30 Nov 2024 08:50:04 GMT] GET /user/info - - ms

2024-11-30 17:11:46 [Movie-Story] info : [Sat, 30 Nov 2024 08:50:07 GMT] GET /user/info - - ms

2024-11-30 17:11:28 [Movie-Story] info : [Sat, 30 Nov 2024 08:57:27 GMT] GET /user/info - - ms

2024-11-30 17:11:11 [Movie-Story] info : [Sat, 30 Nov 2024 08:58:17 GMT] GET /user/info - - ms

2024-11-30 17:11:39 [Movie-Story] info : [Sat, 30 Nov 2024 08:59:43 GMT] GET /user/info 200 6.961 ms

2024-11-30 17:11:78 [Movie-Story] info : [Sat, 30 Nov 2024 08:59:44 GMT] GET /user/info 304 1.809 ms

2024-11-30 18:11:17 [Movie-Story] info : [Sat, 30 Nov 2024 09:00:06 GMT] POST /user/login 200 737.173 ms

2024-11-30 18:11:38 [Movie-Story] info : [Sat, 30 Nov 2024 09:00:11 GMT] GET /user/info - - ms

2024-11-30 18:11:84 [Movie-Story] info : [Sat, 30 Nov 2024 09:01:33 GMT] GET /user/info - - ms

2024-11-30 18:11:09 [Movie-Story] info : [Sat, 30 Nov 2024 09:01:41 GMT] POST /user/login 200 676.645 ms

2024-11-30 18:11:80 [Movie-Story] info : [Sat, 30 Nov 2024 09:01:42 GMT] GET /user/info - - ms

2024-11-30 18:11:69 [Movie-Story] info : [Sat, 30 Nov 2024 09:02:05 GMT] GET /user/info - - ms

2024-11-30 18:11:96 [Movie-Story] info : [Sat, 30 Nov 2024 09:02:45 GMT] GET /user/info 200 36.455 ms

2024-11-30 18:11:47 [Movie-Story] info : [Sat, 30 Nov 2024 09:04:04 GMT] GET /user/logout 302 5.993 ms

2024-11-30 18:11:76 [Movie-Story] info : [Sat, 30 Nov 2024 09:04:04 GMT] GET /user/info 200 7.746 ms

2024-11-30 18:11:01 [Movie-Story] info : [Sat, 30 Nov 2024 09:04:06 GMT] GET /user/info 304 4.988 ms

2024-11-30 18:11:21 [Movie-Story] info : [Sat, 30 Nov 2024 09:04:39 GMT] GET /user/info 304 8.896 ms

2024-11-30 18:11:49 [Movie-Story] info : [Sat, 30 Nov 2024 09:07:37 GMT] GET /user/info 401 6.962 ms

2024-11-30 18:11:81 [Movie-Story] info : [Sat, 30 Nov 2024 09:07:46 GMT] GET /user/info 401 5.212 ms

2024-11-30 18:11:82 [Movie-Story] info : [Sat, 30 Nov 2024 09:08:57 GMT] GET /user/info 401 8.642 ms

2024-11-30 18:11:40 [Movie-Story] info : [Sat, 30 Nov 2024 09:09:18 GMT] GET /user/info 401 2.567 ms

2024-11-30 18:11:23 [Movie-Story] info : [Sat, 30 Nov 2024 09:09:24 GMT] GET /user/info 401 4.878 ms

2024-11-30 18:11:66 [Movie-Story] info : [Sat, 30 Nov 2024 09:09:37 GMT] GET /user/info 401 1.991 ms

2024-11-30 18:11:82 [Movie-Story] info : [Sat, 30 Nov 2024 09:10:00 GMT] GET /user/info 401 4.183 ms

2024-11-30 18:11:68 [Movie-Story] info : [Sat, 30 Nov 2024 09:10:10 GMT] GET /user/info 401 2.489 ms

2024-11-30 18:11:94 [Movie-Story] info : [Sat, 30 Nov 2024 09:10:37 GMT] GET /user/info 401 1.609 ms

2024-11-30 18:11:53 [Movie-Story] info : [Sat, 30 Nov 2024 09:10:39 GMT] GET /user/info 401 2.020 ms

2024-11-30 18:11:23 [Movie-Story] info : [Sat, 30 Nov 2024 09:10:43 GMT] GET /user/info 401 1.650 ms

2024-11-30 18:11:68 [Movie-Story] info : [Sat, 30 Nov 2024 09:10:44 GMT] GET /user/info 401 2.602 ms

2024-11-30 18:11:71 [Movie-Story] info : [Sat, 30 Nov 2024 09:10:54 GMT] GET /user/info 401 7.398 ms

2024-11-30 18:11:46 [Movie-Story] info : [Sat, 30 Nov 2024 09:13:48 GMT] GET /user/info 401 1.743 ms

2024-11-30 18:11:98 [Movie-Story] info : [Sat, 30 Nov 2024 09:14:43 GMT] GET /user/info 401 1.468 ms

2024-11-30 18:11:31 [Movie-Story] info : [Sat, 30 Nov 2024 09:14:48 GMT] GET /user/info 401 4.213 ms

2024-11-30 18:11:15 [Movie-Story] info : [Sat, 30 Nov 2024 09:15:23 GMT] GET /movie/chart 304 2.776 ms

2024-11-30 18:11:31 [Movie-Story] info : [Sat, 30 Nov 2024 09:15:23 GMT] GET /movie/basic/146 304 65.745 ms

2024-11-30 18:11:40 [Movie-Story] info : [Sat, 30 Nov 2024 09:15:23 GMT] GET /movie/basic/232 304 128.944 ms

2024-11-30 18:11:41 [Movie-Story] info : [Sat, 30 Nov 2024 09:15:23 GMT] GET /movie/basic/194 304 154.049 ms

2024-11-30 18:11:41 [Movie-Story] info : [Sat, 30 Nov 2024 09:15:23 GMT] GET /movie/basic/233 304 41.499 ms

2024-11-30 18:11:46 [Movie-Story] info : [Sat, 30 Nov 2024 09:15:23 GMT] GET /movie/basic/251 304 192.832 ms

2024-11-30 18:11:48 [Movie-Story] info : [Sat, 30 Nov 2024 09:15:23 GMT] GET /movie/basic/248 304 196.536 ms

2024-11-30 18:11:50 [Movie-Story] info : [Sat, 30 Nov 2024 09:15:23 GMT] GET /movie/basic/234 304 192.639 ms

2024-11-30 18:11:56 [Movie-Story] info : [Sat, 30 Nov 2024 09:15:23 GMT] GET /movie/basic/208 304 78.832 ms

2024-11-30 18:11:59 [Movie-Story] info : [Sat, 30 Nov 2024 09:15:23 GMT] GET /movie/basic/209 304 91.314 ms

2024-11-30 18:11:59 [Movie-Story] info : [Sat, 30 Nov 2024 09:15:23 GMT] GET /movie/basic/146 304 95.209 ms

2024-11-30 18:11:60 [Movie-Story] info : [Sat, 30 Nov 2024 09:15:23 GMT] GET /movie/basic/235 304 119.165 ms

2024-11-30 18:11:66 [Movie-Story] info : [Sat, 30 Nov 2024 09:15:23 GMT] GET /movie/basic/232 304 47.185 ms

2024-11-30 18:11:67 [Movie-Story] info : [Sat, 30 Nov 2024 09:15:23 GMT] GET /movie/basic/233 304 44.933 ms

2024-11-30 18:11:68 [Movie-Story] info : [Sat, 30 Nov 2024 09:15:23 GMT] GET /movie/basic/194 304 55.455 ms

2024-11-30 18:11:69 [Movie-Story] info : [Sat, 30 Nov 2024 09:15:23 GMT] GET /movie/basic/251 304 52.932 ms

2024-11-30 18:11:71 [Movie-Story] info : [Sat, 30 Nov 2024 09:15:23 GMT] GET /movie/basic/248 304 56.013 ms

2024-11-30 18:11:75 [Movie-Story] info : [Sat, 30 Nov 2024 09:15:23 GMT] GET /movie/basic/234 304 59.691 ms

2024-11-30 18:11:77 [Movie-Story] info : [Sat, 30 Nov 2024 09:15:23 GMT] GET /movie/basic/208 304 51.147 ms

2024-11-30 18:11:78 [Movie-Story] info : [Sat, 30 Nov 2024 09:15:23 GMT] GET /movie/basic/209 304 51.349 ms

2024-11-30 18:11:78 [Movie-Story] info : [Sat, 30 Nov 2024 09:15:23 GMT] GET /movie/basic/146 304 39.919 ms

2024-11-30 18:11:79 [Movie-Story] info : [Sat, 30 Nov 2024 09:15:23 GMT] GET /movie/basic/235 304 31.319 ms

2024-11-30 18:11:79 [Movie-Story] info : [Sat, 30 Nov 2024 09:15:23 GMT] GET /movie/basic/232 304 27.471 ms

2024-11-30 18:11:80 [Movie-Story] info : [Sat, 30 Nov 2024 09:15:23 GMT] GET /movie/basic/194 304 18.549 ms

2024-11-30 18:11:81 [Movie-Story] info : [Sat, 30 Nov 2024 09:15:23 GMT] GET /movie/basic/251 304 20.717 ms

2024-11-30 18:11:81 [Movie-Story] info : [Sat, 30 Nov 2024 09:15:23 GMT] GET /movie/basic/248 304 22.171 ms

2024-11-30 18:11:90 [Movie-Story] info : [Sat, 30 Nov 2024 09:15:44 GMT] GET /user/info 401 1.850 ms

2024-11-30 18:11:92 [Movie-Story] info : [Sat, 30 Nov 2024 09:15:44 GMT] GET /movie/chart 304 1.828 ms

2024-11-30 18:11:05 [Movie-Story] info : [Sat, 30 Nov 2024 09:15:45 GMT] GET /movie/basic/146 304 14.771 ms

2024-11-30 18:11:06 [Movie-Story] info : [Sat, 30 Nov 2024 09:15:45 GMT] GET /movie/basic/194 304 17.277 ms

2024-11-30 18:11:07 [Movie-Story] info : [Sat, 30 Nov 2024 09:15:45 GMT] GET /movie/basic/232 304 22.342 ms

2024-11-30 18:11:08 [Movie-Story] info : [Sat, 30 Nov 2024 09:15:45 GMT] GET /movie/basic/251 304 28.180 ms

2024-11-30 18:11:09 [Movie-Story] info : [Sat, 30 Nov 2024 09:15:45 GMT] GET /movie/basic/248 304 24.899 ms

2024-11-30 18:11:12 [Movie-Story] info : [Sat, 30 Nov 2024 09:15:45 GMT] GET /movie/basic/234 304 37.935 ms

2024-11-30 18:11:13 [Movie-Story] info : [Sat, 30 Nov 2024 09:15:45 GMT] GET /movie/basic/233 304 28.743 ms

2024-11-30 18:11:14 [Movie-Story] info : [Sat, 30 Nov 2024 09:15:45 GMT] GET /movie/basic/208 304 36.636 ms

2024-11-30 18:11:14 [Movie-Story] info : [Sat, 30 Nov 2024 09:15:45 GMT] GET /movie/basic/209 304 38.156 ms

2024-11-30 18:11:16 [Movie-Story] info : [Sat, 30 Nov 2024 09:15:45 GMT] GET /movie/basic/235 304 43.349 ms

2024-11-30 18:11:17 [Movie-Story] info : [Sat, 30 Nov 2024 09:15:45 GMT] GET /movie/basic/146 304 59.062 ms

2024-11-30 18:11:19 [Movie-Story] info : [Sat, 30 Nov 2024 09:15:45 GMT] GET /movie/basic/194 304 22.895 ms

2024-11-30 18:11:20 [Movie-Story] info : [Sat, 30 Nov 2024 09:15:45 GMT] GET /movie/basic/232 304 24.697 ms

2024-11-30 18:11:20 [Movie-Story] info : [Sat, 30 Nov 2024 09:15:45 GMT] GET /movie/basic/251 304 27.425 ms

2024-11-30 18:11:22 [Movie-Story] info : [Sat, 30 Nov 2024 09:15:45 GMT] GET /movie/basic/248 304 37.971 ms

2024-11-30 18:11:23 [Movie-Story] info : [Sat, 30 Nov 2024 09:15:45 GMT] GET /movie/basic/234 304 50.711 ms

2024-11-30 18:11:29 [Movie-Story] info : [Sat, 30 Nov 2024 09:15:45 GMT] GET /movie/basic/233 304 99.822 ms

2024-11-30 18:11:32 [Movie-Story] info : [Sat, 30 Nov 2024 09:15:45 GMT] GET /movie/basic/208 304 47.056 ms

2024-11-30 18:11:32 [Movie-Story] info : [Sat, 30 Nov 2024 09:15:45 GMT] GET /movie/basic/209 304 49.868 ms

2024-11-30 18:11:33 [Movie-Story] info : [Sat, 30 Nov 2024 09:15:45 GMT] GET /movie/basic/235 304 42.574 ms

2024-11-30 18:11:33 [Movie-Story] info : [Sat, 30 Nov 2024 09:15:45 GMT] GET /movie/basic/146 304 45.639 ms

2024-11-30 18:11:34 [Movie-Story] info : [Sat, 30 Nov 2024 09:15:45 GMT] GET /movie/basic/194 304 50.484 ms

2024-11-30 18:11:50 [Movie-Story] info : [Sat, 30 Nov 2024 09:15:45 GMT] GET /movie/basic/232 304 181.423 ms

2024-11-30 18:11:52 [Movie-Story] info : [Sat, 30 Nov 2024 09:15:45 GMT] GET /movie/basic/251 304 31.016 ms

2024-11-30 18:11:55 [Movie-Story] info : [Sat, 30 Nov 2024 09:15:45 GMT] GET /movie/basic/248 304 52.760 ms

2024-11-30 18:11:55 [Movie-Story] info : [Sat, 30 Nov 2024 09:16:11 GMT] GET /user/info 401 1.414 ms

2024-11-30 18:11:71 [Movie-Story] info : [Sat, 30 Nov 2024 09:16:41 GMT] GET /user/info 401 1.277 ms

2024-11-30 18:11:49 [Movie-Story] info : [Sat, 30 Nov 2024 09:17:19 GMT] GET /user/info 401 0.948 ms

2024-11-30 18:11:82 [Movie-Story] info : [Sat, 30 Nov 2024 09:17:27 GMT] POST /user/login 200 753.450 ms

2024-11-30 18:11:05 [Movie-Story] info : [Sat, 30 Nov 2024 09:17:30 GMT] GET /user/info 200 21.673 ms

2024-11-30 18:11:20 [Movie-Story] info : [Sat, 30 Nov 2024 09:18:15 GMT] GET /user/info 401 5.102 ms

2024-11-30 18:11:09 [Movie-Story] info : [Sat, 30 Nov 2024 09:18:16 GMT] GET /user/refresh 500 858.856 ms

2024-11-30 18:11:15 [Movie-Story] info : [Sat, 30 Nov 2024 09:19:25 GMT] GET /user/info 401 4.064 ms

2024-11-30 18:11:100 [Movie-Story] info : [Sat, 30 Nov 2024 09:19:25 GMT] GET /user/refresh 500 839.328 ms

2024-11-30 18:11:82 [Movie-Story] info : [Sat, 30 Nov 2024 09:19:26 GMT] GET /user/refresh 500 811.529 ms

2024-11-30 18:11:11 [Movie-Story] info : [Sat, 30 Nov 2024 09:19:30 GMT] GET /user/info 401 2.050 ms

2024-11-30 18:11:98 [Movie-Story] info : [Sat, 30 Nov 2024 09:19:30 GMT] GET /user/refresh 500 867.385 ms

2024-11-30 18:11:76 [Movie-Story] info : [Sat, 30 Nov 2024 09:19:31 GMT] GET /user/refresh 500 767.004 ms

2024-11-30 18:11:26 [Movie-Story] info : [Sat, 30 Nov 2024 09:20:00 GMT] GET /user/info 401 3.523 ms

2024-11-30 18:11:07 [Movie-Story] info : [Sat, 30 Nov 2024 09:20:01 GMT] GET /user/refresh 500 808.125 ms

2024-11-30 18:11:79 [Movie-Story] info : [Sat, 30 Nov 2024 09:20:01 GMT] GET /user/refresh 500 712.830 ms

2024-11-30 18:11:68 [Movie-Story] info : [Sat, 30 Nov 2024 09:20:04 GMT] GET /user/info 401 3.420 ms

2024-11-30 18:11:42 [Movie-Story] info : [Sat, 30 Nov 2024 09:20:05 GMT] GET /user/refresh 500 736.356 ms

2024-11-30 18:11:33 [Movie-Story] info : [Sat, 30 Nov 2024 09:20:06 GMT] GET /user/refresh 500 897.285 ms

2024-11-30 18:11:91 [Movie-Story] info : [Sat, 30 Nov 2024 09:20:46 GMT] GET /user/info 401 12.546 ms

2024-11-30 18:11:46 [Movie-Story] info : [Sat, 30 Nov 2024 09:20:48 GMT] GET /user/refresh 200 1521.819 ms

2024-11-30 18:11:18 [Movie-Story] info : [Sat, 30 Nov 2024 09:20:56 GMT] GET /user/info 304 16.541 ms

2024-11-30 18:11:67 [Movie-Story] info : [Sat, 30 Nov 2024 09:21:19 GMT] GET /user/info 401 3.903 ms

2024-11-30 18:11:74 [Movie-Story] info : [Sat, 30 Nov 2024 09:21:19 GMT] GET /user/refresh - - ms

2024-11-30 18:11:87 [Movie-Story] info : [Sat, 30 Nov 2024 09:21:20 GMT] GET /user/info 401 6.492 ms

2024-11-30 18:11:00 [Movie-Story] info : [Sat, 30 Nov 2024 09:21:21 GMT] GET /user/refresh - - ms

2024-11-30 18:11:79 [Movie-Story] info : [Sat, 30 Nov 2024 09:21:21 GMT] GET /user/info 401 4.110 ms

2024-11-30 18:11:86 [Movie-Story] info : [Sat, 30 Nov 2024 09:21:21 GMT] GET /user/refresh - - ms

2024-11-30 18:11:36 [Movie-Story] info : [Sat, 30 Nov 2024 09:21:22 GMT] GET /user/info 401 5.848 ms

2024-11-30 18:11:41 [Movie-Story] info : [Sat, 30 Nov 2024 09:21:22 GMT] GET /user/refresh - - ms

2024-11-30 18:11:86 [Movie-Story] info : [Sat, 30 Nov 2024 09:21:22 GMT] GET /user/info 401 7.543 ms

2024-11-30 18:11:93 [Movie-Story] info : [Sat, 30 Nov 2024 09:21:22 GMT] GET /user/refresh - - ms

2024-11-30 18:11:34 [Movie-Story] info : [Sat, 30 Nov 2024 09:21:23 GMT] GET /user/info 401 6.092 ms

2024-11-30 18:11:48 [Movie-Story] info : [Sat, 30 Nov 2024 09:21:23 GMT] GET /user/refresh - - ms

2024-11-30 18:11:81 [Movie-Story] info : [Sat, 30 Nov 2024 09:21:23 GMT] GET /user/info 401 4.272 ms

2024-11-30 18:11:89 [Movie-Story] info : [Sat, 30 Nov 2024 09:21:23 GMT] GET /user/refresh - - ms

2024-11-30 18:11:16 [Movie-Story] info : [Sat, 30 Nov 2024 09:22:21 GMT] GET /user/info 401 8.651 ms

2024-11-30 18:11:65 [Movie-Story] info : [Sat, 30 Nov 2024 09:22:22 GMT] GET /user/refresh 200 1464.881 ms

2024-11-30 18:11:08 [Movie-Story] info : [Sat, 30 Nov 2024 09:22:40 GMT] GET /user/info 401 11.709 ms

2024-11-30 18:11:66 [Movie-Story] info : [Sat, 30 Nov 2024 09:22:41 GMT] GET /user/refresh 304 1562.193 ms

2024-11-30 18:11:64 [Movie-Story] info : [Sat, 30 Nov 2024 09:30:30 GMT] GET /user/info 401 6.355 ms

2024-11-30 18:11:12 [Movie-Story] info : [Sat, 30 Nov 2024 09:30:32 GMT] GET /user/refresh 304 1456.092 ms

2024-11-30 18:11:32 [Movie-Story] info : [Sat, 30 Nov 2024 09:30:54 GMT] GET /user/info 401 4.580 ms

2024-11-30 18:11:82 [Movie-Story] info : [Sat, 30 Nov 2024 09:30:55 GMT] GET /user/refresh 304 1465.397 ms

2024-11-30 18:11:12 [Movie-Story] info : [Sat, 30 Nov 2024 09:31:30 GMT] GET /user/info 401 11.518 ms

2024-11-30 18:11:28 [Movie-Story] info : [Sat, 30 Nov 2024 09:31:30 GMT] GET /user/refresh - - ms

2024-11-30 18:11:44 [Movie-Story] info : [Sat, 30 Nov 2024 09:31:30 GMT] GET /user/info 401 3.894 ms

2024-11-30 18:11:45 [Movie-Story] info : [Sat, 30 Nov 2024 09:31:58 GMT] GET /user/info 401 13.852 ms

2024-11-30 18:11:100 [Movie-Story] info : [Sat, 30 Nov 2024 09:31:59 GMT] GET /user/refresh 200 1528.194 ms

2024-11-30 18:11:68 [Movie-Story] info : [Sat, 30 Nov 2024 09:33:27 GMT] GET /user/info 401 5.303 ms

2024-11-30 18:11:19 [Movie-Story] info : [Sat, 30 Nov 2024 09:33:29 GMT] GET /user/refresh 304 1502.864 ms

2024-11-30 18:11:68 [Movie-Story] info : [Sat, 30 Nov 2024 09:35:03 GMT] GET /user/info 401 24.984 ms

2024-11-30 18:11:73 [Movie-Story] info : [Sat, 30 Nov 2024 09:35:04 GMT] GET /user/refresh 304 1022.369 ms

2024-11-30 18:11:24 [Movie-Story] info : [Sat, 30 Nov 2024 09:36:39 GMT] GET /user/info 304 19.587 ms

2024-11-30 18:11:31 [Movie-Story] info : [Sat, 30 Nov 2024 09:36:49 GMT] GET /user/info 304 10.296 ms

2024-11-30 18:11:29 [Movie-Story] info : [Sat, 30 Nov 2024 09:37:27 GMT] GET /user/info 304 8.714 ms

