2025-03-05 17:03:58 [INFO]: GET /user/info 200 3.415 ms

2025-03-05 17:03:65 [INFO]: GET /movie/chart 304 36.995 ms

2025-03-05 17:03:31 [INFO]: GET /movie/overview/10 200 430.502 ms

2025-03-05 17:03:32 [INFO]: GET /movie/overview/5 200 423.057 ms

2025-03-05 17:03:32 [INFO]: GET /movie/overview/2 200 404.538 ms

2025-03-05 17:03:32 [INFO]: GET /movie/overview/6 200 462.760 ms

2025-03-05 17:03:33 [INFO]: GET /movie/overview/7 200 418.733 ms

2025-03-05 17:03:33 [INFO]: GET /movie/overview/12 200 448.861 ms

2025-03-05 17:03:41 [INFO]: GET /movie/overview/1 200 58.461 ms

2025-03-05 17:03:41 [INFO]: GET /movie/overview/4 200 55.637 ms

2025-03-05 17:03:43 [INFO]: GET /movie/overview/20 200 54.037 ms

2025-03-05 17:03:44 [INFO]: GET /movie/overview/3 200 50.551 ms

2025-03-05 17:03:45 [INFO]: GET /movie/overview/10 304 52.514 ms

2025-03-05 17:03:45 [INFO]: GET /movie/overview/5 304 51.273 ms

2025-03-05 17:03:50 [INFO]: GET /movie/overview/2 304 31.570 ms

2025-03-05 17:03:54 [INFO]: GET /movie/overview/6 304 68.279 ms

2025-03-05 17:03:55 [INFO]: GET /movie/overview/7 304 67.153 ms

2025-03-05 17:03:55 [INFO]: GET /movie/overview/12 304 68.377 ms

2025-03-05 17:03:56 [INFO]: GET /movie/overview/1 304 70.430 ms

2025-03-05 17:03:56 [INFO]: GET /movie/overview/4 304 68.407 ms

2025-03-05 17:03:60 [INFO]: GET /movie/overview/20 304 24.017 ms

2025-03-05 17:03:60 [INFO]: GET /movie/overview/3 304 26.359 ms

2025-03-05 17:03:61 [INFO]: GET /movie/overview/10 304 26.470 ms

2025-03-05 17:03:61 [INFO]: GET /movie/overview/5 304 25.347 ms

2025-03-05 17:03:62 [INFO]: GET /movie/overview/6 304 34.789 ms

2025-03-05 17:03:62 [INFO]: GET /movie/overview/7 304 32.540 ms

2025-03-05 17:03:65 [INFO]: GET /movie/overview/12 304 13.692 ms

2025-03-05 17:03:18 [INFO]: GET /user/info 200 1.601 ms

2025-03-05 17:03:19 [INFO]: GET /movie/chart 200 1.351 ms

2025-03-05 17:03:32 [INFO]: GET /movie/overview/6 200 10.579 ms

2025-03-05 17:03:36 [INFO]: GET /movie/overview/10 200 16.188 ms

2025-03-05 17:03:38 [INFO]: GET /movie/overview/12 200 20.397 ms

2025-03-05 17:03:39 [INFO]: GET /movie/overview/5 200 24.690 ms

2025-03-05 17:03:48 [INFO]: GET /movie/overview/7 200 108.213 ms

2025-03-05 17:03:52 [INFO]: GET /movie/overview/2 200 128.803 ms

2025-03-05 17:03:53 [INFO]: GET /movie/overview/1 200 79.873 ms

2025-03-05 17:03:55 [INFO]: GET /movie/overview/4 200 55.411 ms

2025-03-05 17:03:62 [INFO]: GET /movie/overview/20 200 73.522 ms

2025-03-05 17:03:63 [INFO]: GET /movie/overview/3 200 49.253 ms

2025-03-05 17:03:64 [INFO]: GET /movie/overview/6 304 33.769 ms

2025-03-05 17:03:65 [INFO]: GET /movie/overview/10 304 36.995 ms

2025-03-05 17:03:66 [INFO]: GET /movie/overview/12 304 34.864 ms

2025-03-05 17:03:68 [INFO]: GET /movie/overview/5 304 13.236 ms

2025-03-05 17:03:71 [INFO]: GET /movie/overview/7 304 9.583 ms

2025-03-05 17:03:94 [INFO]: GET /movie/overview/2 304 93.088 ms

2025-03-05 17:03:96 [INFO]: GET /movie/overview/1 304 90.131 ms

2025-03-05 17:03:98 [INFO]: GET /movie/overview/4 304 64.506 ms

2025-03-05 17:03:03 [INFO]: GET /movie/overview/20 304 62.048 ms

2025-03-05 17:03:07 [INFO]: GET /movie/overview/6 304 59.230 ms

2025-03-05 17:03:08 [INFO]: GET /movie/overview/3 304 67.103 ms

2025-03-05 17:03:08 [INFO]: GET /movie/overview/10 304 57.812 ms

2025-03-05 17:03:10 [INFO]: GET /movie/overview/12 304 39.858 ms

2025-03-05 17:03:16 [INFO]: GET /movie/overview/5 304 12.613 ms

2025-03-05 17:03:17 [INFO]: GET /movie/overview/7 304 15.776 ms

2025-03-05 17:03:66 [INFO]: GET /movie/genre 200 40.039 ms

2025-03-05 17:03:79 [INFO]: GET /movie/genre 304 87.818 ms

2025-03-05 17:03:61 [INFO]: GET /movie/genre 304 29.003 ms

2025-03-05 17:03:11 [INFO]: GET /movie/chart 200 6.617 ms

2025-03-05 17:03:32 [INFO]: GET /movie/overview/6 304 135.454 ms

2025-03-05 17:03:41 [INFO]: GET /movie/overview/10 304 206.240 ms

2025-03-05 17:03:50 [INFO]: GET /movie/overview/12 304 267.454 ms

2025-03-05 17:03:55 [INFO]: GET /movie/overview/5 304 64.005 ms

2025-03-05 17:03:58 [INFO]: GET /movie/overview/7 304 90.087 ms

2025-03-05 17:03:60 [INFO]: GET /movie/overview/2 304 110.752 ms

2025-03-05 17:03:69 [INFO]: GET /movie/overview/1 304 94.734 ms

2025-03-05 17:03:73 [INFO]: GET /movie/overview/4 304 101.262 ms

2025-03-05 17:03:76 [INFO]: GET /movie/overview/3 304 69.674 ms

2025-03-05 17:03:79 [INFO]: GET /movie/overview/20 304 115.975 ms

2025-03-05 17:03:83 [INFO]: GET /movie/overview/6 304 106.112 ms

2025-03-05 17:03:88 [INFO]: GET /movie/overview/10 304 50.365 ms

2025-03-05 17:03:91 [INFO]: GET /movie/overview/12 304 50.805 ms

2025-03-05 17:03:93 [INFO]: GET /movie/overview/7 304 58.218 ms

2025-03-05 17:03:94 [INFO]: GET /movie/overview/5 304 76.242 ms

2025-03-05 17:03:95 [INFO]: GET /movie/overview/2 304 41.991 ms

2025-03-05 17:03:97 [INFO]: GET /movie/overview/1 304 18.319 ms

2025-03-05 17:03:98 [INFO]: GET /movie/overview/4 304 18.728 ms

2025-03-05 17:03:01 [INFO]: GET /movie/overview/3 304 42.224 ms

2025-03-05 17:03:02 [INFO]: GET /movie/overview/20 304 56.930 ms

2025-03-05 17:03:04 [INFO]: GET /movie/overview/6 304 60.302 ms

2025-03-05 17:03:06 [INFO]: GET /movie/overview/10 304 13.826 ms

2025-03-05 17:03:08 [INFO]: GET /movie/overview/12 304 25.825 ms

2025-03-05 17:03:09 [INFO]: GET /movie/overview/7 304 37.565 ms

2025-03-05 17:03:11 [INFO]: GET /movie/overview/5 304 50.244 ms

2025-03-05 17:03:69 [INFO]: GET /movie/genre 304 5.926 ms

2025-03-05 17:03:99 [INFO]: GET /movie/genre 304 9.999 ms

2025-03-05 17:03:01 [INFO]: GET /movie/chart 304 2.666 ms

2025-03-05 17:03:06 [INFO]: GET /movie/overview/6 304 5.657 ms

2025-03-05 17:03:09 [INFO]: GET /movie/overview/10 304 8.553 ms

2025-03-05 17:03:10 [INFO]: GET /movie/overview/12 304 20.197 ms

2025-03-05 17:03:11 [INFO]: GET /movie/overview/5 304 16.709 ms

2025-03-05 17:03:12 [INFO]: GET /movie/overview/7 304 26.327 ms

2025-03-05 17:03:13 [INFO]: GET /movie/overview/2 304 32.530 ms

2025-03-05 17:03:14 [INFO]: GET /movie/overview/1 304 39.947 ms

2025-03-05 17:03:15 [INFO]: GET /movie/overview/4 304 16.288 ms

2025-03-05 17:03:16 [INFO]: GET /movie/overview/20 304 13.282 ms

2025-03-05 17:03:17 [INFO]: GET /movie/overview/3 304 25.631 ms

2025-03-05 17:03:20 [INFO]: GET /movie/overview/6 304 44.555 ms

2025-03-05 17:03:21 [INFO]: GET /movie/overview/10 304 51.085 ms

2025-03-05 17:03:22 [INFO]: GET /movie/overview/12 304 64.377 ms

2025-03-05 17:03:24 [INFO]: GET /movie/overview/5 304 37.118 ms

2025-03-05 17:03:26 [INFO]: GET /movie/overview/7 304 27.748 ms

2025-03-05 17:03:28 [INFO]: GET /movie/overview/2 304 42.796 ms

2025-03-05 17:03:30 [INFO]: GET /movie/overview/1 304 59.994 ms

2025-03-05 17:03:35 [INFO]: GET /movie/overview/4 304 96.638 ms

2025-03-05 17:03:36 [INFO]: GET /movie/overview/20 304 100.651 ms

2025-03-05 17:03:37 [INFO]: GET /movie/overview/3 304 34.090 ms

2025-03-05 17:03:43 [INFO]: GET /movie/overview/6 304 46.615 ms

2025-03-05 17:03:46 [INFO]: GET /movie/overview/10 304 84.712 ms

2025-03-05 17:03:47 [INFO]: GET /movie/overview/12 304 90.863 ms

2025-03-05 17:03:47 [INFO]: GET /movie/overview/5 304 58.267 ms

2025-03-05 17:03:48 [INFO]: GET /movie/overview/7 304 66.942 ms

2025-03-05 17:03:77 [INFO]: GET /movie/genre 304 7.292 ms

2025-03-05 17:03:10 [INFO]: GET /movie/genre 304 2.671 ms

2025-03-05 17:03:88 [INFO]: GET /movie/genre 304 1.855 ms

2025-03-05 17:03:36 [INFO]: GET /movie/genre 304 4.251 ms

2025-03-05 17:03:54 [INFO]: GET /movie/genre 304 2.768 ms

2025-03-05 17:03:57 [INFO]: GET /movie/genre 304 4.773 ms

2025-03-05 17:03:99 [INFO]: GET /movie/genre 304 17.265 ms

2025-03-05 17:03:56 [INFO]: GET /movie/chart 304 2.316 ms

2025-03-05 17:03:62 [INFO]: GET /movie/overview/6 304 4.945 ms

2025-03-05 17:03:64 [INFO]: GET /movie/overview/10 304 4.248 ms

2025-03-05 17:03:67 [INFO]: GET /movie/overview/12 304 18.092 ms

2025-03-05 17:03:68 [INFO]: GET /movie/overview/5 304 26.040 ms

2025-03-05 17:03:68 [INFO]: GET /movie/overview/2 304 27.289 ms

2025-03-05 17:03:69 [INFO]: GET /movie/overview/7 304 38.247 ms

2025-03-05 17:03:71 [INFO]: GET /movie/overview/4 304 47.332 ms

2025-03-05 17:03:72 [INFO]: GET /movie/overview/1 304 55.761 ms

2025-03-05 17:03:73 [INFO]: GET /movie/overview/20 304 18.723 ms

2025-03-05 17:03:74 [INFO]: GET /movie/overview/3 304 13.314 ms

2025-03-05 17:03:75 [INFO]: GET /movie/overview/6 304 21.014 ms

2025-03-05 17:03:75 [INFO]: GET /movie/overview/10 304 20.902 ms

2025-03-05 17:03:79 [INFO]: GET /movie/overview/12 304 28.920 ms

2025-03-05 17:03:79 [INFO]: GET /movie/overview/5 304 24.144 ms

2025-03-05 17:03:80 [INFO]: GET /movie/overview/2 304 21.579 ms

2025-03-05 17:03:80 [INFO]: GET /movie/overview/7 304 6.534 ms

2025-03-05 17:03:80 [INFO]: GET /movie/overview/4 304 9.541 ms

2025-03-05 17:03:81 [INFO]: GET /movie/overview/1 304 10.506 ms

2025-03-05 17:03:82 [INFO]: GET /movie/overview/20 304 3.840 ms

2025-03-05 17:03:87 [INFO]: GET /movie/overview/3 304 3.550 ms

2025-03-05 17:03:87 [INFO]: GET /movie/overview/6 304 6.865 ms

2025-03-05 17:03:87 [INFO]: GET /movie/overview/10 304 4.721 ms

2025-03-05 17:03:99 [INFO]: GET /movie/overview/7 304 26.310 ms

2025-03-05 17:03:00 [INFO]: GET /movie/overview/5 304 37.078 ms

2025-03-05 17:03:01 [INFO]: GET /movie/overview/12 304 47.809 ms

2025-03-05 17:03:37 [INFO]: GET /movie/details/2 200 35.077 ms

2025-03-05 17:03:39 [INFO]: GET /movie/director/2 200 38.879 ms

2025-03-05 17:03:39 [INFO]: GET /movie/genre/2 200 40.080 ms

2025-03-05 17:03:39 [INFO]: GET /movie/actor/2 200 49.026 ms

2025-03-05 17:03:39 [INFO]: GET /movie/genre 304 5.692 ms

2025-03-05 17:03:66 [INFO]: GET /movie/chart 304 2.518 ms

2025-03-05 17:03:74 [INFO]: GET /movie/overview/6 304 12.206 ms

2025-03-05 17:03:79 [INFO]: GET /movie/overview/12 304 3.832 ms

2025-03-05 17:03:01 [INFO]: GET /movie/overview/6 304 2.850 ms

2025-03-05 17:03:01 [INFO]: GET /movie/overview/20 304 4.730 ms

2025-03-05 17:03:05 [INFO]: GET /movie/overview/5 304 249.834 ms

2025-03-05 17:03:16 [INFO]: GET /movie/overview/12 304 111.406 ms

2025-03-05 17:03:23 [INFO]: GET /movie/overview/3 304 204.448 ms

2025-03-05 17:03:25 [INFO]: GET /movie/overview/7 304 448.422 ms

2025-03-05 17:03:30 [INFO]: GET /movie/overview/10 304 569.855 ms

2025-03-05 17:03:37 [INFO]: GET /movie/overview/2 304 349.567 ms

2025-03-05 17:03:40 [INFO]: GET /movie/overview/1 304 388.495 ms

2025-03-05 17:03:48 [INFO]: GET /movie/overview/6 304 183.077 ms

2025-03-05 17:03:52 [INFO]: GET /movie/overview/20 304 52.158 ms

2025-03-05 17:03:54 [INFO]: GET /movie/overview/5 304 72.313 ms

2025-03-05 17:03:55 [INFO]: GET /movie/overview/4 304 42.404 ms

2025-03-05 17:03:56 [INFO]: GET /movie/overview/3 304 51.251 ms

2025-03-05 17:03:58 [INFO]: GET /movie/overview/12 304 73.110 ms

2025-03-05 17:03:62 [INFO]: GET /movie/overview/7 304 14.993 ms

2025-03-05 17:03:62 [INFO]: GET /movie/overview/10 304 12.716 ms

2025-03-05 17:03:63 [INFO]: GET /movie/overview/2 304 8.914 ms

2025-03-05 17:03:65 [INFO]: GET /movie/overview/1 304 18.850 ms

2025-03-05 17:03:68 [INFO]: GET /movie/overview/5 304 16.674 ms

2025-03-05 17:03:71 [INFO]: GET /movie/overview/4 304 49.838 ms

2025-03-05 17:03:73 [INFO]: GET /movie/overview/7 304 7.576 ms

2025-03-05 17:03:74 [INFO]: GET /movie/overview/10 304 14.380 ms

2025-03-05 17:03:30 [INFO]: GET /movie/details/2 304 12.502 ms

2025-03-05 17:03:31 [INFO]: GET /movie/actor/2 304 9.914 ms

2025-03-05 17:03:32 [INFO]: GET /movie/director/2 304 4.400 ms

2025-03-05 17:03:34 [INFO]: GET /movie/genre/2 304 14.127 ms

2025-03-05 17:03:51 [INFO]: GET /user/info 200 1.522 ms

2025-03-05 17:03:21 [INFO]: GET /movie/chart 304 1.932 ms

2025-03-05 17:03:27 [INFO]: GET /movie/overview/6 304 7.481 ms

2025-03-05 17:03:27 [INFO]: GET /movie/overview/10 304 7.853 ms

2025-03-05 17:03:30 [INFO]: GET /movie/overview/12 304 10.745 ms

2025-03-05 17:03:31 [INFO]: GET /movie/overview/5 304 19.136 ms

2025-03-05 17:03:33 [INFO]: GET /movie/overview/7 304 35.024 ms

2025-03-05 17:03:33 [INFO]: GET /movie/overview/2 304 13.323 ms

2025-03-05 17:03:34 [INFO]: GET /movie/overview/1 304 16.677 ms

2025-03-05 17:03:35 [INFO]: GET /movie/overview/4 304 10.298 ms

2025-03-05 17:03:36 [INFO]: GET /movie/overview/20 304 5.976 ms

2025-03-05 17:03:37 [INFO]: GET /movie/overview/3 304 15.203 ms

2025-03-05 17:03:38 [INFO]: GET /movie/overview/6 304 15.572 ms

2025-03-05 17:03:40 [INFO]: GET /movie/overview/10 304 31.071 ms

2025-03-05 17:03:42 [INFO]: GET /movie/overview/5 304 11.299 ms

2025-03-05 17:03:42 [INFO]: GET /movie/overview/12 304 18.516 ms

2025-03-05 17:03:45 [INFO]: GET /movie/overview/2 304 36.277 ms

2025-03-05 17:03:49 [INFO]: GET /movie/overview/7 304 68.061 ms

2025-03-05 17:03:57 [INFO]: GET /movie/overview/4 304 28.049 ms

2025-03-05 17:03:58 [INFO]: GET /movie/overview/20 304 42.352 ms

2025-03-05 17:03:59 [INFO]: GET /movie/overview/1 304 54.131 ms

2025-03-05 17:03:59 [INFO]: GET /movie/overview/3 304 50.451 ms

2025-03-05 17:03:61 [INFO]: GET /movie/overview/6 304 48.063 ms

2025-03-05 17:03:62 [INFO]: GET /movie/overview/10 304 55.548 ms

2025-03-05 17:03:64 [INFO]: GET /movie/overview/5 304 9.027 ms

2025-03-05 17:03:65 [INFO]: GET /movie/overview/12 304 12.566 ms

2025-03-05 17:03:65 [INFO]: GET /movie/overview/7 304 16.521 ms

2025-03-05 17:03:71 [INFO]: GET /movie/genre 304 3.345 ms

2025-03-05 17:03:89 [INFO]: GET /movie/chart 304 1.232 ms

2025-03-05 17:03:93 [INFO]: GET /movie/overview/6 304 3.490 ms

2025-03-05 17:03:93 [INFO]: GET /movie/overview/10 304 7.534 ms

2025-03-05 17:03:94 [INFO]: GET /movie/overview/12 304 7.811 ms

2025-03-05 17:03:95 [INFO]: GET /movie/overview/5 304 8.945 ms

2025-03-05 17:03:95 [INFO]: GET /movie/overview/7 304 11.693 ms

2025-03-05 17:03:96 [INFO]: GET /movie/overview/2 304 15.307 ms

2025-03-05 17:03:96 [INFO]: GET /movie/overview/1 304 14.517 ms

2025-03-05 17:03:97 [INFO]: GET /movie/overview/4 304 12.378 ms

2025-03-05 17:03:98 [INFO]: GET /movie/overview/20 304 11.744 ms

2025-03-05 17:03:98 [INFO]: GET /movie/overview/3 304 13.687 ms

2025-03-05 17:03:99 [INFO]: GET /movie/overview/6 304 16.862 ms

2025-03-05 17:03:99 [INFO]: GET /movie/overview/10 304 20.912 ms

2025-03-05 17:03:100 [INFO]: GET /movie/overview/12 304 26.062 ms

2025-03-05 17:03:03 [INFO]: GET /movie/overview/5 304 42.851 ms

2025-03-05 17:03:04 [INFO]: GET /movie/overview/7 304 21.159 ms

2025-03-05 17:03:05 [INFO]: GET /movie/overview/2 304 20.556 ms

2025-03-05 17:03:06 [INFO]: GET /movie/overview/1 304 22.391 ms

2025-03-05 17:03:06 [INFO]: GET /movie/overview/4 304 20.521 ms

2025-03-05 17:03:07 [INFO]: GET /movie/overview/20 304 26.397 ms

2025-03-05 17:03:08 [INFO]: GET /movie/overview/3 304 24.584 ms

2025-03-05 17:03:09 [INFO]: GET /movie/overview/6 304 12.009 ms

2025-03-05 17:03:09 [INFO]: GET /movie/overview/10 304 8.289 ms

2025-03-05 17:03:09 [INFO]: GET /movie/overview/12 304 9.754 ms

2025-03-05 17:03:10 [INFO]: GET /movie/overview/5 304 10.522 ms

2025-03-05 17:03:10 [INFO]: GET /movie/overview/7 304 13.481 ms

2025-03-05 17:03:64 [INFO]: GET /movie/actor/1 200 4.522 ms

2025-03-05 17:03:65 [INFO]: GET /movie/details/1 200 12.254 ms

2025-03-05 17:03:65 [INFO]: GET /movie/director/1 200 12.801 ms

2025-03-05 17:03:65 [INFO]: GET /movie/genre/1 200 14.346 ms

2025-03-05 17:03:32 [INFO]: GET /user/info 200 1.027 ms

2025-03-05 17:03:59 [INFO]: GET /movie/chart 304 2.255 ms

2025-03-05 17:03:65 [INFO]: GET /movie/overview/6 304 7.624 ms

2025-03-05 17:03:66 [INFO]: GET /movie/overview/10 304 3.974 ms

2025-03-05 17:03:74 [INFO]: GET /movie/overview/12 304 31.722 ms

2025-03-05 17:03:75 [INFO]: GET /movie/overview/7 304 28.331 ms

2025-03-05 17:03:75 [INFO]: GET /movie/overview/4 304 28.196 ms

2025-03-05 17:03:76 [INFO]: GET /movie/overview/1 304 35.509 ms

2025-03-05 17:03:77 [INFO]: GET /movie/overview/2 304 49.137 ms

2025-03-05 17:03:77 [INFO]: GET /movie/overview/5 304 62.386 ms

2025-03-05 17:03:79 [INFO]: GET /movie/overview/3 304 9.580 ms

2025-03-05 17:03:79 [INFO]: GET /movie/overview/20 304 10.166 ms

2025-03-05 17:03:86 [INFO]: GET /movie/overview/6 304 65.162 ms

2025-03-05 17:03:94 [INFO]: GET /movie/overview/10 304 8.569 ms

2025-03-05 17:03:95 [INFO]: GET /movie/overview/12 304 17.097 ms

2025-03-05 17:03:97 [INFO]: GET /movie/overview/7 304 36.058 ms

2025-03-05 17:03:98 [INFO]: GET /movie/overview/4 304 49.184 ms

2025-03-05 17:03:99 [INFO]: GET /movie/overview/1 304 54.715 ms

2025-03-05 17:03:06 [INFO]: GET /movie/overview/2 304 10.112 ms

2025-03-05 17:03:08 [INFO]: GET /movie/overview/3 304 18.342 ms

2025-03-05 17:03:13 [INFO]: GET /movie/overview/5 304 75.444 ms

2025-03-05 17:03:15 [INFO]: GET /movie/overview/20 304 19.671 ms

2025-03-05 17:03:19 [INFO]: GET /movie/overview/6 304 51.533 ms

2025-03-05 17:03:21 [INFO]: GET /movie/overview/10 304 70.446 ms

2025-03-05 17:03:24 [INFO]: GET /movie/overview/12 304 71.559 ms

2025-03-05 17:03:26 [INFO]: GET /movie/overview/5 304 17.796 ms

2025-03-05 17:03:27 [INFO]: GET /movie/overview/7 304 32.213 ms

2025-03-05 17:03:54 [INFO]: GET /movie/details/2 304 7.702 ms

2025-03-05 17:03:54 [INFO]: GET /movie/director/2 304 5.756 ms

2025-03-05 17:03:55 [INFO]: GET /movie/genre/2 304 5.684 ms

2025-03-05 17:03:55 [INFO]: GET /movie/actor/2 304 13.810 ms

2025-03-05 17:03:30 [INFO]: GET /movie/genre 304 5.497 ms

2025-03-05 17:03:20 [INFO]: GET /movie/genre 304 10.583 ms

2025-03-05 17:03:65 [INFO]: GET /movie/genre 304 3.194 ms

2025-03-05 17:03:50 [INFO]: GET /movie/genre 304 5.272 ms

2025-03-05 17:03:33 [INFO]: GET /movie/genre 304 3.669 ms

2025-03-05 17:03:59 [INFO]: GET /movie/genre 304 4.088 ms

2025-03-05 17:03:49 [INFO]: GET /movie/genre 304 18.665 ms

2025-03-05 17:03:52 [INFO]: GET /movie 200 54.183 ms

2025-03-05 17:03:21 [INFO]: GET /movie/genre 304 6.920 ms

2025-03-05 17:03:23 [INFO]: GET /movie 304 21.677 ms

2025-03-05 17:03:81 [INFO]: GET /user/info 200 0.399 ms

2025-03-05 17:03:83 [INFO]: GET /movie/genre 304 4.448 ms

2025-03-05 17:03:84 [INFO]: GET /movie 304 15.018 ms

2025-03-05 18:03:11 [INFO]: GET /user/info 200 6.581 ms

2025-03-05 18:03:30 [INFO]: GET /movie 200 151.365 ms

2025-03-05 18:03:34 [INFO]: GET /movie/genre 200 177.769 ms

2025-03-05 18:03:84 [INFO]: GET /user/info 200 1.982 ms

2025-03-05 18:03:87 [INFO]: GET /movie 304 15.332 ms

2025-03-05 18:03:88 [INFO]: GET /movie/genre 304 24.011 ms

2025-03-05 18:03:99 [INFO]: GET /user/info 200 0.975 ms

2025-03-05 18:03:01 [INFO]: GET /movie/genre 200 10.214 ms

2025-03-05 18:03:04 [INFO]: GET /movie 200 32.655 ms

2025-03-05 18:03:17 [INFO]: GET /user/info 200 0.923 ms

2025-03-05 18:03:21 [INFO]: GET /movie/genre 304 29.627 ms

2025-03-05 18:03:24 [INFO]: GET /movie 304 15.258 ms

2025-03-05 18:03:31 [INFO]: GET /movie/genre 304 12.100 ms

2025-03-05 18:03:37 [INFO]: GET /movie 304 70.854 ms

2025-03-05 18:03:59 [INFO]: GET /user/info 200 2.014 ms

2025-03-05 18:03:61 [INFO]: GET /movie/genre 304 7.664 ms

2025-03-05 18:03:62 [INFO]: GET /movie 304 10.828 ms

2025-03-05 18:03:33 [INFO]: GET /user/info 200 0.518 ms

2025-03-05 18:03:34 [INFO]: GET /movie/genre 200 4.353 ms

2025-03-05 18:03:35 [INFO]: GET /movie 200 15.978 ms

2025-03-05 19:03:11 [INFO]: GET /user/info 200 9.829 ms

2025-03-05 19:03:19 [INFO]: GET /movie/genre 200 40.342 ms

2025-03-05 19:03:21 [INFO]: GET /movie 200 50.979 ms

2025-03-05 19:03:22 [INFO]: GET /movie/chart 200 13.819 ms

2025-03-05 19:03:30 [INFO]: GET /movie/overview/19 200 16.074 ms

2025-03-05 19:03:33 [INFO]: GET /movie/overview/7 200 42.534 ms

2025-03-05 19:03:37 [INFO]: GET /movie/overview/10 200 63.337 ms

2025-03-05 19:03:38 [INFO]: GET /movie/overview/8 200 56.924 ms

2025-03-05 19:03:38 [INFO]: GET /movie/overview/6 200 60.902 ms

2025-03-05 19:03:44 [INFO]: GET /movie/overview/1 200 53.654 ms

2025-03-05 19:03:47 [INFO]: GET /movie/overview/2 200 67.525 ms

2025-03-05 19:03:49 [INFO]: GET /movie/overview/3 200 24.566 ms

2025-03-05 19:03:51 [INFO]: GET /movie/overview/14 200 40.492 ms

2025-03-05 19:03:52 [INFO]: GET /movie/overview/5 200 45.583 ms

2025-03-05 19:03:57 [INFO]: GET /movie/overview/19 304 78.858 ms

2025-03-05 19:03:59 [INFO]: GET /movie/overview/7 304 68.193 ms

2025-03-05 19:03:62 [INFO]: GET /movie/overview/10 304 35.084 ms

2025-03-05 19:03:65 [INFO]: GET /movie/overview/8 304 29.961 ms

2025-03-05 19:03:67 [INFO]: GET /movie/overview/6 304 51.771 ms

2025-03-05 19:03:79 [INFO]: GET /movie/overview/1 304 27.802 ms

2025-03-05 19:03:86 [INFO]: GET /movie/overview/2 304 22.947 ms

2025-03-05 19:03:88 [INFO]: GET /movie/overview/3 304 32.921 ms

2025-03-05 19:03:93 [INFO]: GET /movie/overview/14 304 48.302 ms

2025-03-05 19:03:94 [INFO]: GET /movie/overview/5 304 64.605 ms

2025-03-05 19:03:98 [INFO]: GET /movie/overview/19 304 19.954 ms

2025-03-05 19:03:99 [INFO]: GET /movie/overview/7 304 23.476 ms

2025-03-05 19:03:01 [INFO]: GET /movie/overview/10 304 33.759 ms

2025-03-05 19:03:05 [INFO]: GET /movie/overview/6 304 17.944 ms

2025-03-05 19:03:06 [INFO]: GET /movie/overview/8 304 82.222 ms

2025-03-05 19:03:05 [ERROR]: GET /movie/genre/1 404 24.212 ms

2025-03-05 19:03:06 [INFO]: GET /movie/details/1 200 73.458 ms

2025-03-05 19:03:07 [INFO]: GET /movie/actor/1 200 60.818 ms

2025-03-05 19:03:15 [INFO]: GET /movie/director/1 200 119.456 ms

2025-03-05 19:03:66 [ERROR]: GET /movie/genre/1 404 3.770 ms

2025-03-05 19:03:68 [INFO]: GET /movie/actor/1 200 26.538 ms

2025-03-05 19:03:76 [INFO]: GET /movie/details/1 200 107.272 ms

2025-03-05 19:03:77 [INFO]: GET /movie/director/1 200 112.559 ms

2025-03-05 19:03:82 [INFO]: GET /user/info 200 3.055 ms

2025-03-05 19:03:84 [ERROR]: GET /movie/genre/1 404 4.428 ms

2025-03-05 19:03:86 [INFO]: GET /movie/actor/1 200 24.834 ms

2025-03-05 19:03:87 [INFO]: GET /movie/details/1 200 36.370 ms

2025-03-05 19:03:87 [INFO]: GET /movie/director/1 200 33.121 ms

2025-03-05 19:03:35 [INFO]: GET /movie/actor/1 304 13.884 ms

2025-03-05 19:03:35 [INFO]: GET /movie/director/1 304 15.866 ms

2025-03-05 19:03:40 [INFO]: GET /movie/details/1 304 70.925 ms

2025-03-05 19:03:30 [INFO]: GET /movie 200 21.087 ms

2025-03-05 19:03:31 [INFO]: GET /movie/genre 200 31.466 ms

2025-03-05 19:03:37 [INFO]: GET /user/info 200 0.847 ms

2025-03-05 19:03:40 [INFO]: GET /movie/genre 200 13.716 ms

2025-03-05 19:03:46 [INFO]: GET /movie 200 28.327 ms

2025-03-05 19:03:65 [INFO]: GET /movie/genre 304 194.476 ms

2025-03-05 19:03:67 [INFO]: GET /movie 304 109.413 ms

2025-03-05 19:03:00 [INFO]: GET /movie/genre 304 13.694 ms

2025-03-05 19:03:09 [INFO]: GET /movie 304 11.206 ms

2025-03-05 19:03:81 [INFO]: GET /movie/genre 304 13.165 ms

2025-03-05 19:03:83 [INFO]: GET /movie 304 30.196 ms

2025-03-05 19:03:57 [INFO]: GET /user/info 200 0.774 ms

2025-03-05 19:03:59 [INFO]: GET /movie/genre 304 12.684 ms

2025-03-05 19:03:61 [INFO]: GET /movie 304 20.795 ms

2025-03-05 19:03:09 [INFO]: GET /movie/genre 200 31.160 ms

2025-03-05 19:03:09 [INFO]: GET /movie 200 32.877 ms

2025-03-05 19:03:08 [INFO]: GET /movie/genre 304 8.550 ms

2025-03-05 19:03:09 [INFO]: GET /movie 304 6.539 ms

2025-03-05 19:03:92 [INFO]: GET /user/info 200 0.674 ms

2025-03-05 19:03:94 [INFO]: GET /movie/genre 304 10.714 ms

2025-03-05 19:03:95 [INFO]: GET /movie 304 16.502 ms

2025-03-05 19:03:30 [INFO]: GET /movie/genre 304 6.178 ms

2025-03-05 19:03:30 [INFO]: GET /movie 304 10.672 ms

2025-03-05 19:03:75 [INFO]: GET /user/info 200 0.453 ms

2025-03-05 19:03:76 [INFO]: GET /movie/genre 304 4.528 ms

2025-03-05 19:03:77 [INFO]: GET /movie 304 14.199 ms

2025-03-05 19:03:46 [INFO]: GET /movie/genre 304 49.754 ms

2025-03-05 19:03:53 [INFO]: GET /movie 304 119.901 ms

2025-03-05 19:03:82 [INFO]: GET /user/info 200 0.186 ms

2025-03-05 19:03:84 [INFO]: GET /movie/genre 200 12.164 ms

2025-03-05 19:03:84 [INFO]: GET /movie 200 16.248 ms

2025-03-05 19:03:55 [INFO]: GET /user/info 200 1.003 ms

2025-03-05 19:03:56 [INFO]: GET /movie/genre 200 5.661 ms

2025-03-05 19:03:56 [INFO]: GET /movie 200 8.443 ms

2025-03-05 19:03:01 [ERROR]: GET /movie/overview/undefined 400 171.536 ms

2025-03-05 19:03:02 [ERROR]: GET /movie/overview/undefined 400 7.831 ms

2025-03-05 19:03:02 [INFO]: GET /movie/genre 304 9.787 ms

2025-03-05 19:03:03 [INFO]: GET /movie 304 13.317 ms

2025-03-05 19:03:04 [ERROR]: GET /movie/overview/undefined 400 7.908 ms

2025-03-05 19:03:05 [INFO]: GET /movie/genre 304 8.106 ms

2025-03-05 19:03:05 [INFO]: GET /movie 304 7.998 ms

2025-03-05 19:03:06 [ERROR]: GET /movie/overview/undefined 400 7.725 ms

2025-03-05 19:03:07 [ERROR]: GET /movie/overview/undefined 400 10.142 ms

2025-03-05 19:03:08 [ERROR]: GET /movie/overview/undefined 400 3.330 ms

2025-03-05 19:03:09 [ERROR]: GET /movie/overview/undefined 400 5.032 ms

2025-03-05 19:03:10 [ERROR]: GET /movie/overview/undefined 400 5.337 ms

2025-03-05 19:03:12 [ERROR]: GET /movie/overview/undefined 400 9.276 ms

2025-03-05 19:03:13 [ERROR]: GET /movie/overview/undefined 400 7.769 ms

2025-03-05 19:03:15 [ERROR]: GET /movie/overview/undefined 400 5.056 ms

2025-03-05 19:03:17 [ERROR]: GET /movie/overview/undefined 400 5.734 ms

2025-03-05 19:03:21 [ERROR]: GET /movie/overview/undefined 400 12.884 ms

2025-03-05 19:03:23 [ERROR]: GET /movie/overview/undefined 400 6.292 ms

2025-03-05 19:03:26 [ERROR]: GET /movie/overview/undefined 400 2.989 ms

2025-03-05 19:03:27 [ERROR]: GET /movie/overview/undefined 400 3.755 ms

2025-03-05 19:03:28 [ERROR]: GET /movie/overview/undefined 400 4.019 ms

2025-03-05 19:03:29 [ERROR]: GET /movie/overview/undefined 400 4.210 ms

2025-03-05 19:03:31 [ERROR]: GET /movie/overview/undefined 400 3.078 ms

2025-03-05 19:03:32 [ERROR]: GET /movie/overview/undefined 400 3.640 ms

2025-03-05 19:03:33 [ERROR]: GET /movie/overview/undefined 400 3.844 ms

2025-03-05 19:03:33 [ERROR]: GET /movie/overview/undefined 400 3.561 ms

2025-03-05 19:03:35 [ERROR]: GET /movie/overview/undefined 400 5.429 ms

2025-03-05 19:03:35 [ERROR]: GET /movie/overview/undefined 400 2.453 ms

2025-03-05 19:03:36 [ERROR]: GET /movie/overview/undefined 400 3.800 ms

2025-03-05 19:03:37 [ERROR]: GET /movie/overview/undefined 400 2.677 ms

2025-03-05 19:03:38 [ERROR]: GET /movie/overview/undefined 400 3.451 ms

2025-03-05 19:03:39 [ERROR]: GET /movie/overview/undefined 400 3.051 ms

2025-03-05 19:03:39 [ERROR]: GET /movie/overview/undefined 400 3.371 ms

2025-03-05 19:03:41 [ERROR]: GET /movie/overview/undefined 400 4.551 ms

2025-03-05 19:03:41 [ERROR]: GET /movie/overview/undefined 400 3.463 ms

2025-03-05 19:03:42 [ERROR]: GET /movie/overview/undefined 400 4.447 ms

2025-03-05 19:03:43 [ERROR]: GET /movie/overview/undefined 400 2.470 ms

2025-03-05 19:03:44 [ERROR]: GET /movie/overview/undefined 400 4.593 ms

2025-03-05 19:03:44 [ERROR]: GET /movie/overview/undefined 400 3.136 ms

2025-03-05 19:03:45 [ERROR]: GET /movie/overview/undefined 400 3.086 ms

2025-03-05 19:03:46 [ERROR]: GET /movie/overview/undefined 400 3.912 ms

2025-03-05 19:03:47 [ERROR]: GET /movie/overview/undefined 400 3.384 ms

2025-03-05 19:03:47 [ERROR]: GET /movie/overview/undefined 400 3.091 ms

2025-03-05 19:03:48 [ERROR]: GET /movie/overview/undefined 400 2.805 ms

2025-03-05 19:03:49 [ERROR]: GET /movie/overview/undefined 400 3.496 ms

2025-03-05 19:03:50 [ERROR]: GET /movie/overview/undefined 400 4.698 ms

2025-03-05 19:03:50 [ERROR]: GET /movie/overview/undefined 400 2.777 ms

2025-03-05 19:03:51 [ERROR]: GET /movie/overview/undefined 400 2.263 ms

2025-03-05 19:03:52 [ERROR]: GET /movie/overview/undefined 400 3.627 ms

2025-03-05 19:03:52 [ERROR]: GET /movie/overview/undefined 400 2.653 ms

2025-03-05 19:03:53 [ERROR]: GET /movie/overview/undefined 400 2.632 ms

2025-03-05 19:03:54 [ERROR]: GET /movie/overview/undefined 400 2.944 ms

2025-03-05 19:03:54 [ERROR]: GET /movie/overview/undefined 400 2.292 ms

2025-03-05 19:03:55 [ERROR]: GET /movie/overview/undefined 400 1.957 ms

2025-03-05 19:03:55 [ERROR]: GET /movie/overview/undefined 400 2.555 ms

2025-03-05 19:03:56 [ERROR]: GET /movie/overview/undefined 400 2.548 ms

2025-03-05 19:03:56 [ERROR]: GET /movie/overview/undefined 400 2.542 ms

2025-03-05 19:03:57 [ERROR]: GET /movie/overview/undefined 400 2.578 ms

2025-03-05 19:03:58 [ERROR]: GET /movie/overview/undefined 400 3.204 ms

2025-03-05 19:03:59 [ERROR]: GET /movie/overview/undefined 400 5.398 ms

2025-03-05 19:03:59 [ERROR]: GET /movie/overview/undefined 400 2.175 ms

2025-03-05 19:03:60 [ERROR]: GET /movie/overview/undefined 400 2.393 ms

2025-03-05 19:03:60 [ERROR]: GET /movie/overview/undefined 400 2.195 ms

2025-03-05 19:03:61 [ERROR]: GET /movie/overview/undefined 400 2.268 ms

2025-03-05 19:03:61 [ERROR]: GET /movie/overview/undefined 400 2.067 ms

2025-03-05 19:03:62 [ERROR]: GET /movie/overview/undefined 400 2.762 ms

2025-03-05 19:03:63 [ERROR]: GET /movie/overview/undefined 400 2.320 ms

2025-03-05 19:03:63 [ERROR]: GET /movie/overview/undefined 400 2.290 ms

2025-03-05 19:03:64 [ERROR]: GET /movie/overview/undefined 400 2.873 ms

2025-03-05 19:03:65 [ERROR]: GET /movie/overview/undefined 400 2.257 ms

2025-03-05 19:03:65 [ERROR]: GET /movie/overview/undefined 400 2.991 ms

2025-03-05 19:03:66 [ERROR]: GET /movie/overview/undefined 400 1.884 ms

2025-03-05 19:03:66 [ERROR]: GET /movie/overview/undefined 400 2.078 ms

2025-03-05 19:03:67 [ERROR]: GET /movie/overview/undefined 400 3.161 ms

2025-03-05 19:03:68 [ERROR]: GET /movie/overview/undefined 400 3.447 ms

2025-03-05 19:03:69 [ERROR]: GET /movie/overview/undefined 400 5.125 ms

2025-03-05 19:03:70 [ERROR]: GET /movie/overview/undefined 400 3.087 ms

2025-03-05 19:03:71 [ERROR]: GET /movie/overview/undefined 400 4.630 ms

2025-03-05 19:03:72 [ERROR]: GET /movie/overview/undefined 400 4.955 ms

2025-03-05 19:03:73 [ERROR]: GET /movie/overview/undefined 400 2.688 ms

2025-03-05 19:03:73 [ERROR]: GET /movie/overview/undefined 400 2.978 ms

2025-03-05 19:03:74 [ERROR]: GET /movie/overview/undefined 400 2.690 ms

2025-03-05 19:03:75 [ERROR]: GET /movie/overview/undefined 400 2.989 ms

2025-03-05 19:03:76 [ERROR]: GET /movie/overview/undefined 400 2.654 ms

2025-03-05 19:03:76 [ERROR]: GET /movie/overview/undefined 400 3.370 ms

2025-03-05 19:03:77 [ERROR]: GET /movie/overview/undefined 400 3.005 ms

2025-03-05 19:03:78 [ERROR]: GET /movie/overview/undefined 400 3.535 ms

2025-03-05 19:03:79 [ERROR]: GET /movie/overview/undefined 400 3.204 ms

2025-03-05 19:03:80 [ERROR]: GET /movie/overview/undefined 400 3.866 ms

2025-03-05 19:03:81 [ERROR]: GET /movie/overview/undefined 400 4.260 ms

2025-03-05 19:03:82 [ERROR]: GET /movie/overview/undefined 400 2.733 ms

2025-03-05 19:03:82 [ERROR]: GET /movie/overview/undefined 400 2.240 ms

2025-03-05 19:03:83 [ERROR]: GET /movie/overview/undefined 400 2.973 ms

2025-03-05 19:03:84 [ERROR]: GET /movie/overview/undefined 400 2.670 ms

2025-03-05 19:03:84 [ERROR]: GET /movie/overview/undefined 400 3.519 ms

2025-03-05 19:03:85 [ERROR]: GET /movie/overview/undefined 400 2.480 ms

2025-03-05 19:03:86 [ERROR]: GET /movie/overview/undefined 400 3.075 ms

2025-03-05 19:03:87 [ERROR]: GET /movie/overview/undefined 400 10.863 ms

2025-03-05 19:03:90 [ERROR]: GET /movie/overview/undefined 400 6.752 ms

2025-03-05 19:03:91 [ERROR]: GET /movie/overview/undefined 400 4.004 ms

2025-03-05 19:03:92 [ERROR]: GET /movie/overview/undefined 400 2.991 ms

2025-03-05 19:03:93 [ERROR]: GET /movie/overview/undefined 400 3.616 ms

2025-03-05 19:03:94 [ERROR]: GET /movie/overview/undefined 400 2.552 ms

2025-03-05 19:03:95 [ERROR]: GET /movie/overview/undefined 400 2.334 ms

2025-03-05 19:03:96 [ERROR]: GET /movie/overview/undefined 400 3.197 ms

2025-03-05 19:03:96 [ERROR]: GET /movie/overview/undefined 400 2.419 ms

2025-03-05 19:03:97 [ERROR]: GET /movie/overview/undefined 400 3.799 ms

2025-03-05 19:03:98 [ERROR]: GET /movie/overview/undefined 400 2.157 ms

2025-03-05 19:03:98 [ERROR]: GET /movie/overview/undefined 400 2.326 ms

2025-03-05 19:03:99 [ERROR]: GET /movie/overview/undefined 400 3.588 ms

2025-03-05 19:03:99 [ERROR]: GET /movie/overview/undefined 400 2.402 ms

2025-03-05 19:03:00 [ERROR]: GET /movie/overview/undefined 400 2.345 ms

2025-03-05 19:03:01 [ERROR]: GET /movie/overview/undefined 400 2.042 ms

2025-03-05 19:03:01 [ERROR]: GET /movie/overview/undefined 400 2.538 ms

2025-03-05 19:03:02 [ERROR]: GET /movie/overview/undefined 400 5.207 ms

2025-03-05 19:03:03 [ERROR]: GET /movie/overview/undefined 400 3.202 ms

2025-03-05 19:03:04 [ERROR]: GET /movie/overview/undefined 400 5.006 ms

2025-03-05 19:03:05 [ERROR]: GET /movie/overview/undefined 400 4.042 ms

2025-03-05 19:03:06 [ERROR]: GET /movie/overview/undefined 400 3.708 ms

2025-03-05 19:03:07 [ERROR]: GET /movie/overview/undefined 400 3.891 ms

2025-03-05 19:03:07 [ERROR]: GET /movie/overview/undefined 400 2.673 ms

2025-03-05 19:03:08 [ERROR]: GET /movie/overview/undefined 400 3.756 ms

2025-03-05 19:03:09 [ERROR]: GET /movie/overview/undefined 400 3.918 ms

2025-03-05 19:03:10 [ERROR]: GET /movie/overview/undefined 400 3.622 ms

2025-03-05 19:03:10 [ERROR]: GET /movie/overview/undefined 400 4.167 ms

2025-03-05 19:03:11 [ERROR]: GET /movie/overview/undefined 400 3.803 ms

2025-03-05 19:03:12 [ERROR]: GET /movie/overview/undefined 400 2.835 ms

2025-03-05 19:03:12 [ERROR]: GET /movie/overview/undefined 400 2.651 ms

2025-03-05 19:03:13 [ERROR]: GET /movie/overview/undefined 400 2.360 ms

2025-03-05 19:03:14 [ERROR]: GET /movie/overview/undefined 400 2.596 ms

2025-03-05 19:03:14 [ERROR]: GET /movie/overview/undefined 400 3.140 ms

2025-03-05 19:03:15 [ERROR]: GET /movie/overview/undefined 400 2.954 ms

2025-03-05 19:03:16 [ERROR]: GET /movie/overview/undefined 400 3.593 ms

2025-03-05 19:03:17 [ERROR]: GET /movie/overview/undefined 400 2.909 ms

2025-03-05 19:03:17 [ERROR]: GET /movie/overview/undefined 400 2.470 ms

2025-03-05 19:03:18 [ERROR]: GET /movie/overview/undefined 400 2.729 ms

2025-03-05 19:03:19 [ERROR]: GET /movie/overview/undefined 400 4.625 ms

2025-03-05 19:03:20 [ERROR]: GET /movie/overview/undefined 400 3.574 ms

2025-03-05 19:03:21 [ERROR]: GET /movie/overview/undefined 400 4.421 ms

2025-03-05 19:03:21 [ERROR]: GET /movie/overview/undefined 400 2.876 ms

2025-03-05 19:03:22 [ERROR]: GET /movie/overview/undefined 400 6.254 ms

2025-03-05 19:03:23 [ERROR]: GET /movie/overview/undefined 400 3.135 ms

2025-03-05 19:03:24 [ERROR]: GET /movie/overview/undefined 400 5.731 ms

2025-03-05 19:03:25 [ERROR]: GET /movie/overview/undefined 400 2.351 ms

2025-03-05 19:03:25 [ERROR]: GET /movie/overview/undefined 400 3.934 ms

2025-03-05 19:03:26 [ERROR]: GET /movie/overview/undefined 400 2.607 ms

2025-03-05 19:03:26 [ERROR]: GET /movie/overview/undefined 400 2.070 ms

2025-03-05 19:03:27 [ERROR]: GET /movie/overview/undefined 400 2.317 ms

2025-03-05 19:03:28 [ERROR]: GET /movie/overview/undefined 400 1.998 ms

2025-03-05 19:03:28 [ERROR]: GET /movie/overview/undefined 400 3.019 ms

2025-03-05 19:03:29 [ERROR]: GET /movie/overview/undefined 400 3.088 ms

2025-03-05 19:03:30 [ERROR]: GET /movie/overview/undefined 400 2.568 ms

2025-03-05 19:03:30 [ERROR]: GET /movie/overview/undefined 400 3.106 ms

2025-03-05 19:03:31 [ERROR]: GET /movie/overview/undefined 400 2.409 ms

2025-03-05 19:03:32 [ERROR]: GET /movie/overview/undefined 400 4.153 ms

2025-03-05 19:03:33 [ERROR]: GET /movie/overview/undefined 400 3.671 ms

2025-03-05 19:03:34 [ERROR]: GET /movie/overview/undefined 400 3.556 ms

2025-03-05 19:03:34 [ERROR]: GET /movie/overview/undefined 400 3.396 ms

2025-03-05 19:03:35 [ERROR]: GET /movie/overview/undefined 400 3.233 ms

2025-03-05 19:03:36 [ERROR]: GET /movie/overview/undefined 400 4.380 ms

2025-03-05 19:03:37 [ERROR]: GET /movie/overview/undefined 400 2.507 ms

2025-03-05 19:03:38 [ERROR]: GET /movie/overview/undefined 400 7.213 ms

2025-03-05 19:03:39 [ERROR]: GET /movie/overview/undefined 400 2.609 ms

2025-03-05 19:03:40 [ERROR]: GET /movie/overview/undefined 400 4.255 ms

2025-03-05 19:03:40 [ERROR]: GET /movie/overview/undefined 400 2.295 ms

2025-03-05 19:03:41 [ERROR]: GET /movie/overview/undefined 400 5.517 ms

2025-03-05 19:03:42 [ERROR]: GET /movie/overview/undefined 400 2.516 ms

2025-03-05 19:03:43 [ERROR]: GET /movie/overview/undefined 400 4.104 ms

2025-03-05 19:03:43 [ERROR]: GET /movie/overview/undefined 400 3.182 ms

2025-03-05 19:03:44 [ERROR]: GET /movie/overview/undefined 400 4.398 ms

2025-03-05 19:03:45 [ERROR]: GET /movie/overview/undefined 400 3.318 ms

2025-03-05 19:03:46 [ERROR]: GET /movie/overview/undefined 400 3.773 ms

2025-03-05 19:03:46 [ERROR]: GET /movie/overview/undefined 400 3.154 ms

2025-03-05 19:03:47 [ERROR]: GET /movie/overview/undefined 400 4.177 ms

2025-03-05 19:03:48 [ERROR]: GET /movie/overview/undefined 400 2.714 ms

2025-03-05 19:03:49 [ERROR]: GET /movie/overview/undefined 400 3.605 ms

2025-03-05 19:03:49 [ERROR]: GET /movie/overview/undefined 400 2.869 ms

2025-03-05 19:03:50 [ERROR]: GET /movie/overview/undefined 400 2.969 ms

2025-03-05 19:03:51 [ERROR]: GET /movie/overview/undefined 400 3.389 ms

2025-03-05 19:03:52 [ERROR]: GET /movie/overview/undefined 400 2.977 ms

2025-03-05 19:03:54 [ERROR]: GET /movie/overview/undefined 400 4.055 ms

2025-03-05 19:03:54 [ERROR]: GET /movie/overview/undefined 400 2.907 ms

2025-03-05 19:03:55 [ERROR]: GET /movie/overview/undefined 400 3.436 ms

2025-03-05 19:03:56 [ERROR]: GET /movie/overview/undefined 400 2.485 ms

2025-03-05 19:03:56 [ERROR]: GET /movie/overview/undefined 400 2.968 ms

2025-03-05 19:03:57 [ERROR]: GET /movie/overview/undefined 400 3.728 ms

2025-03-05 19:03:58 [ERROR]: GET /movie/overview/undefined 400 2.933 ms

2025-03-05 19:03:59 [ERROR]: GET /movie/overview/undefined 400 4.612 ms

2025-03-05 19:03:60 [ERROR]: GET /movie/overview/undefined 400 4.733 ms

2025-03-05 19:03:61 [ERROR]: GET /movie/overview/undefined 400 3.748 ms

2025-03-05 19:03:61 [ERROR]: GET /movie/overview/undefined 400 3.929 ms

2025-03-05 19:03:62 [ERROR]: GET /movie/overview/undefined 400 3.455 ms

2025-03-05 19:03:63 [ERROR]: GET /movie/overview/undefined 400 3.393 ms

2025-03-05 19:03:64 [ERROR]: GET /movie/overview/undefined 400 3.056 ms

2025-03-05 19:03:65 [ERROR]: GET /movie/overview/undefined 400 3.565 ms

2025-03-05 19:03:65 [ERROR]: GET /movie/overview/undefined 400 3.558 ms

2025-03-05 19:03:66 [ERROR]: GET /movie/overview/undefined 400 3.350 ms

2025-03-05 19:03:67 [ERROR]: GET /movie/overview/undefined 400 3.379 ms

2025-03-05 19:03:68 [ERROR]: GET /movie/overview/undefined 400 3.292 ms

2025-03-05 19:03:68 [ERROR]: GET /movie/overview/undefined 400 3.104 ms

2025-03-05 19:03:69 [ERROR]: GET /movie/overview/undefined 400 3.155 ms

2025-03-05 19:03:70 [ERROR]: GET /movie/overview/undefined 400 2.764 ms

2025-03-05 19:03:70 [ERROR]: GET /movie/overview/undefined 400 3.326 ms

2025-03-05 19:03:71 [ERROR]: GET /movie/overview/undefined 400 3.061 ms

2025-03-05 19:03:72 [ERROR]: GET /movie/overview/undefined 400 4.409 ms

2025-03-05 19:03:73 [ERROR]: GET /movie/overview/undefined 400 4.363 ms

2025-03-05 19:03:73 [ERROR]: GET /movie/overview/undefined 400 3.888 ms

2025-03-05 19:03:74 [ERROR]: GET /movie/overview/undefined 400 4.385 ms

2025-03-05 19:03:75 [ERROR]: GET /movie/overview/undefined 400 2.886 ms

2025-03-05 19:03:76 [ERROR]: GET /movie/overview/undefined 400 2.837 ms

2025-03-05 19:03:77 [ERROR]: GET /movie/overview/undefined 400 4.344 ms

2025-03-05 19:03:78 [ERROR]: GET /movie/overview/undefined 400 2.994 ms

2025-03-05 19:03:79 [ERROR]: GET /movie/overview/undefined 400 5.741 ms

2025-03-05 19:03:80 [ERROR]: GET /movie/overview/undefined 400 2.835 ms

2025-03-05 19:03:81 [ERROR]: GET /movie/overview/undefined 400 5.491 ms

2025-03-05 19:03:81 [ERROR]: GET /movie/overview/undefined 400 4.237 ms

2025-03-05 19:03:83 [ERROR]: GET /movie/overview/undefined 400 4.430 ms

2025-03-05 19:03:84 [ERROR]: GET /movie/overview/undefined 400 4.939 ms

2025-03-05 19:03:85 [ERROR]: GET /movie/overview/undefined 400 4.565 ms

2025-03-05 19:03:86 [ERROR]: GET /movie/overview/undefined 400 5.660 ms

2025-03-05 19:03:86 [ERROR]: GET /movie/overview/undefined 400 3.943 ms

2025-03-05 19:03:87 [ERROR]: GET /movie/overview/undefined 400 4.307 ms

2025-03-05 19:03:88 [ERROR]: GET /movie/overview/undefined 400 4.554 ms

2025-03-05 19:03:89 [ERROR]: GET /movie/overview/undefined 400 3.455 ms

2025-03-05 19:03:91 [ERROR]: GET /movie/overview/undefined 400 4.902 ms

2025-03-05 19:03:92 [ERROR]: GET /movie/overview/undefined 400 3.117 ms

2025-03-05 19:03:92 [ERROR]: GET /movie/overview/undefined 400 2.997 ms

2025-03-05 19:03:93 [ERROR]: GET /movie/overview/undefined 400 3.151 ms

2025-03-05 19:03:94 [ERROR]: GET /movie/overview/undefined 400 3.152 ms

2025-03-05 19:03:95 [ERROR]: GET /movie/overview/undefined 400 3.739 ms

2025-03-05 19:03:96 [ERROR]: GET /movie/overview/undefined 400 3.919 ms

2025-03-05 19:03:97 [ERROR]: GET /movie/overview/undefined 400 3.331 ms

2025-03-05 19:03:98 [ERROR]: GET /movie/overview/undefined 400 3.124 ms

2025-03-05 19:03:98 [ERROR]: GET /movie/overview/undefined 400 2.712 ms

2025-03-05 19:03:100 [ERROR]: GET /movie/overview/undefined 400 5.332 ms

2025-03-05 19:03:00 [ERROR]: GET /movie/overview/undefined 400 4.975 ms

2025-03-05 19:03:01 [ERROR]: GET /movie/overview/undefined 400 4.867 ms

2025-03-05 19:03:02 [ERROR]: GET /movie/overview/undefined 400 3.774 ms

2025-03-05 19:03:03 [ERROR]: GET /movie/overview/undefined 400 3.373 ms

2025-03-05 19:03:04 [ERROR]: GET /movie/overview/undefined 400 3.437 ms

2025-03-05 19:03:05 [ERROR]: GET /movie/overview/undefined 400 2.554 ms

2025-03-05 19:03:05 [ERROR]: GET /movie/overview/undefined 400 3.346 ms

2025-03-05 19:03:06 [ERROR]: GET /movie/overview/undefined 400 3.161 ms

2025-03-05 19:03:07 [ERROR]: GET /movie/overview/undefined 400 2.985 ms

2025-03-05 19:03:07 [ERROR]: GET /movie/overview/undefined 400 3.547 ms

2025-03-05 19:03:08 [ERROR]: GET /movie/overview/undefined 400 3.235 ms

2025-03-05 19:03:09 [ERROR]: GET /movie/overview/undefined 400 4.072 ms

2025-03-05 19:03:10 [ERROR]: GET /movie/overview/undefined 400 5.025 ms

2025-03-05 19:03:11 [ERROR]: GET /movie/overview/undefined 400 3.883 ms

2025-03-05 19:03:11 [ERROR]: GET /movie/overview/undefined 400 2.221 ms

2025-03-05 19:03:12 [ERROR]: GET /movie/overview/undefined 400 2.903 ms

2025-03-05 19:03:13 [ERROR]: GET /movie/overview/undefined 400 2.794 ms

2025-03-05 19:03:13 [ERROR]: GET /movie/overview/undefined 400 2.730 ms

2025-03-05 19:03:14 [ERROR]: GET /movie/overview/undefined 400 3.747 ms

2025-03-05 19:03:15 [ERROR]: GET /movie/overview/undefined 400 2.969 ms

2025-03-05 19:03:15 [ERROR]: GET /movie/overview/undefined 400 3.512 ms

2025-03-05 19:03:16 [ERROR]: GET /movie/overview/undefined 400 3.881 ms

2025-03-05 19:03:17 [ERROR]: GET /movie/overview/undefined 400 2.939 ms

2025-03-05 19:03:18 [ERROR]: GET /movie/overview/undefined 400 7.148 ms

2025-03-05 19:03:19 [ERROR]: GET /movie/overview/undefined 400 3.430 ms

2025-03-05 19:03:20 [ERROR]: GET /movie/overview/undefined 400 5.804 ms

2025-03-05 19:03:21 [ERROR]: GET /movie/overview/undefined 400 3.095 ms

2025-03-05 19:03:21 [ERROR]: GET /movie/overview/undefined 400 2.116 ms

2025-03-05 19:03:22 [ERROR]: GET /movie/overview/undefined 400 2.698 ms

2025-03-05 19:03:22 [ERROR]: GET /movie/overview/undefined 400 2.720 ms

2025-03-05 19:03:23 [ERROR]: GET /movie/overview/undefined 400 2.438 ms

2025-03-05 19:03:24 [ERROR]: GET /movie/overview/undefined 400 2.259 ms

2025-03-05 19:03:24 [ERROR]: GET /movie/overview/undefined 400 2.715 ms

2025-03-05 19:03:25 [ERROR]: GET /movie/overview/undefined 400 3.408 ms

2025-03-05 19:03:26 [ERROR]: GET /movie/overview/undefined 400 3.483 ms

2025-03-05 19:03:26 [ERROR]: GET /movie/overview/undefined 400 2.072 ms

2025-03-05 19:03:27 [ERROR]: GET /movie/overview/undefined 400 2.031 ms

2025-03-05 19:03:27 [ERROR]: GET /movie/overview/undefined 400 2.373 ms

2025-03-05 19:03:28 [ERROR]: GET /movie/overview/undefined 400 2.158 ms

2025-03-05 19:03:28 [ERROR]: GET /movie/overview/undefined 400 1.943 ms

2025-03-05 19:03:29 [ERROR]: GET /movie/overview/undefined 400 3.381 ms

2025-03-05 19:03:29 [ERROR]: GET /movie/overview/undefined 400 2.100 ms

2025-03-05 19:03:30 [ERROR]: GET /movie/overview/undefined 400 2.359 ms

2025-03-05 19:03:31 [ERROR]: GET /movie/overview/undefined 400 3.499 ms

2025-03-05 19:03:31 [ERROR]: GET /movie/overview/undefined 400 2.289 ms

2025-03-05 19:03:32 [ERROR]: GET /movie/overview/undefined 400 3.374 ms

2025-03-05 19:03:33 [ERROR]: GET /movie/overview/undefined 400 2.158 ms

2025-03-05 19:03:33 [ERROR]: GET /movie/overview/undefined 400 2.127 ms

2025-03-05 19:03:34 [ERROR]: GET /movie/overview/undefined 400 2.993 ms

2025-03-05 19:03:35 [ERROR]: GET /movie/overview/undefined 400 2.284 ms

2025-03-05 19:03:35 [ERROR]: GET /movie/overview/undefined 400 2.823 ms

2025-03-05 19:03:36 [ERROR]: GET /movie/overview/undefined 400 2.752 ms

2025-03-05 19:03:37 [ERROR]: GET /movie/overview/undefined 400 3.053 ms

2025-03-05 19:03:37 [ERROR]: GET /movie/overview/undefined 400 2.833 ms

2025-03-05 19:03:38 [ERROR]: GET /movie/overview/undefined 400 2.039 ms

2025-03-05 19:03:38 [ERROR]: GET /movie/overview/undefined 400 2.171 ms

2025-03-05 19:03:39 [ERROR]: GET /movie/overview/undefined 400 2.354 ms

2025-03-05 19:03:39 [ERROR]: GET /movie/overview/undefined 400 2.507 ms

2025-03-05 19:03:40 [ERROR]: GET /movie/overview/undefined 400 2.377 ms

2025-03-05 19:03:41 [ERROR]: GET /movie/overview/undefined 400 2.565 ms

2025-03-05 19:03:41 [ERROR]: GET /movie/overview/undefined 400 2.313 ms

2025-03-05 19:03:42 [ERROR]: GET /movie/overview/undefined 400 2.098 ms

2025-03-05 19:03:42 [ERROR]: GET /movie/overview/undefined 400 2.305 ms

2025-03-05 19:03:43 [ERROR]: GET /movie/overview/undefined 400 2.397 ms

2025-03-05 19:03:44 [ERROR]: GET /movie/overview/undefined 400 2.553 ms

2025-03-05 19:03:44 [ERROR]: GET /movie/overview/undefined 400 3.175 ms

2025-03-05 19:03:45 [ERROR]: GET /movie/overview/undefined 400 3.229 ms

2025-03-05 20:03:38 [INFO]: GET /movie/genre 304 7.680 ms

2025-03-05 20:03:38 [INFO]: GET /movie 304 9.294 ms

2025-03-05 20:03:21 [INFO]: GET /user/info 200 0.240 ms

2025-03-05 20:03:21 [INFO]: GET /movie/genre 200 3.365 ms

2025-03-05 20:03:22 [INFO]: GET /movie 200 6.363 ms

2025-03-05 20:03:77 [INFO]: GET /movie/chart 200 4.426 ms

2025-03-05 20:03:83 [INFO]: GET /movie/overview/19 200 7.307 ms

2025-03-05 20:03:85 [INFO]: GET /movie/overview/7 200 5.783 ms

2025-03-05 20:03:85 [INFO]: GET /movie/overview/10 200 6.314 ms

2025-03-05 20:03:86 [INFO]: GET /movie/overview/8 200 11.784 ms

2025-03-05 20:03:87 [INFO]: GET /movie/overview/6 200 11.112 ms

2025-03-05 20:03:87 [INFO]: GET /movie/overview/1 200 7.276 ms

2025-03-05 20:03:88 [INFO]: GET /movie/overview/2 200 11.359 ms

2025-03-05 20:03:89 [INFO]: GET /movie/overview/3 200 14.200 ms

2025-03-05 20:03:90 [INFO]: GET /movie/overview/14 200 15.657 ms

2025-03-05 20:03:91 [INFO]: GET /movie/overview/5 200 10.818 ms

2025-03-05 20:03:91 [INFO]: GET /movie/overview/19 304 12.713 ms

2025-03-05 20:03:92 [INFO]: GET /movie/overview/7 304 15.717 ms

2025-03-05 20:03:93 [INFO]: GET /movie/overview/10 304 19.593 ms

2025-03-05 20:03:94 [INFO]: GET /movie/overview/8 304 7.892 ms

2025-03-05 20:03:94 [INFO]: GET /movie/overview/6 304 9.608 ms

2025-03-05 20:03:95 [INFO]: GET /movie/overview/1 304 11.450 ms

2025-03-05 20:03:96 [INFO]: GET /movie/overview/2 304 2.317 ms

2025-03-05 20:03:99 [INFO]: GET /movie/overview/3 304 3.458 ms

2025-03-05 20:03:05 [INFO]: GET /movie/overview/14 304 4.453 ms

2025-03-05 20:03:07 [INFO]: GET /movie/overview/19 304 2.441 ms

2025-03-05 20:03:08 [INFO]: GET /movie/overview/7 304 4.896 ms

2025-03-05 20:03:08 [INFO]: GET /movie/overview/5 304 4.707 ms

2025-03-05 20:03:09 [INFO]: GET /movie/overview/10 304 3.946 ms

2025-03-05 20:03:11 [INFO]: GET /movie/overview/8 304 5.425 ms

2025-03-05 20:03:11 [INFO]: GET /movie/overview/6 304 8.867 ms

2025-03-05 20:03:93 [INFO]: GET /movie/genre 200 29.184 ms

2025-03-05 20:03:94 [INFO]: GET /movie 200 19.005 ms

2025-03-05 20:03:68 [INFO]: GET /movie/chart 200 1.490 ms

2025-03-05 20:03:72 [INFO]: GET /movie/overview/19 200 4.200 ms

2025-03-05 20:03:74 [INFO]: GET /movie/overview/7 200 5.761 ms

2025-03-05 20:03:75 [INFO]: GET /movie/overview/10 200 9.976 ms

2025-03-05 20:03:75 [INFO]: GET /movie/overview/6 200 8.699 ms

2025-03-05 20:03:76 [INFO]: GET /movie/overview/8 200 18.739 ms

2025-03-05 20:03:76 [INFO]: GET /movie/overview/1 200 15.423 ms

2025-03-05 20:03:77 [INFO]: GET /movie/overview/2 200 9.051 ms

2025-03-05 20:03:78 [INFO]: GET /movie/overview/3 200 10.605 ms

2025-03-05 20:03:78 [INFO]: GET /movie/overview/14 200 12.780 ms

2025-03-05 20:03:79 [INFO]: GET /movie/overview/5 200 14.612 ms

2025-03-05 20:03:79 [INFO]: GET /movie/overview/19 304 12.760 ms

2025-03-05 20:03:80 [INFO]: GET /movie/overview/7 304 6.362 ms

2025-03-05 20:03:80 [INFO]: GET /movie/overview/10 304 7.720 ms

2025-03-05 20:03:80 [INFO]: GET /movie/overview/6 304 9.098 ms

2025-03-05 20:03:81 [INFO]: GET /movie/overview/8 304 13.021 ms

2025-03-05 20:03:81 [INFO]: GET /movie/overview/1 304 13.115 ms

2025-03-05 20:03:82 [INFO]: GET /movie/overview/2 304 7.492 ms

2025-03-05 20:03:83 [INFO]: GET /movie/overview/3 304 8.183 ms

2025-03-05 20:03:83 [INFO]: GET /movie/overview/14 304 10.746 ms

2025-03-05 20:03:83 [INFO]: GET /movie/overview/5 304 12.887 ms

2025-03-05 20:03:84 [INFO]: GET /movie/overview/19 304 13.866 ms

2025-03-05 20:03:86 [INFO]: GET /movie/overview/7 304 10.441 ms

2025-03-05 20:03:86 [INFO]: GET /movie/overview/10 304 12.694 ms

2025-03-05 20:03:88 [INFO]: GET /movie/overview/6 304 25.839 ms

2025-03-05 20:03:88 [INFO]: GET /movie/overview/8 304 25.455 ms

2025-03-05 20:03:29 [INFO]: GET /movie/details/6 200 14.459 ms

2025-03-05 20:03:31 [INFO]: GET /movie/actor/6 200 15.939 ms

2025-03-05 20:03:32 [INFO]: GET /movie/director/6 200 18.512 ms

2025-03-05 20:03:45 [INFO]: GET /movie/actor/6 304 6.642 ms

2025-03-05 20:03:46 [INFO]: GET /movie/details/6 304 18.603 ms

2025-03-05 20:03:50 [INFO]: GET /movie/director/6 304 56.452 ms

2025-03-05 20:03:22 [INFO]: GET /user/info 200 0.562 ms

2025-03-05 20:03:24 [INFO]: GET /movie/actor/6 200 7.835 ms

2025-03-05 20:03:24 [INFO]: GET /movie/director/6 200 9.054 ms

2025-03-05 20:03:24 [INFO]: GET /movie/details/6 200 17.091 ms

2025-03-05 20:03:96 [INFO]: GET /movie/chart 304 2.104 ms

2025-03-05 20:03:02 [INFO]: GET /movie/overview/19 304 4.031 ms

2025-03-05 20:03:03 [INFO]: GET /movie/overview/7 304 3.790 ms

2025-03-05 20:03:05 [INFO]: GET /movie/overview/10 304 7.300 ms

2025-03-05 20:03:05 [INFO]: GET /movie/overview/8 304 9.550 ms

2025-03-05 20:03:06 [INFO]: GET /movie/overview/1 304 7.658 ms

2025-03-05 20:03:07 [INFO]: GET /movie/overview/3 304 5.127 ms

2025-03-05 20:03:08 [INFO]: GET /movie/overview/14 304 9.323 ms

2025-03-05 20:03:08 [INFO]: GET /movie/overview/6 304 39.011 ms

2025-03-05 20:03:09 [INFO]: GET /movie/overview/2 304 37.192 ms

2025-03-05 20:03:10 [INFO]: GET /movie/overview/5 304 15.879 ms

2025-03-05 20:03:12 [INFO]: GET /movie/overview/19 304 25.599 ms

2025-03-05 20:03:13 [INFO]: GET /movie/overview/7 304 20.222 ms

2025-03-05 20:03:14 [INFO]: GET /movie/overview/10 304 24.469 ms

2025-03-05 20:03:17 [INFO]: GET /movie/overview/8 304 16.739 ms

2025-03-05 20:03:18 [INFO]: GET /movie/overview/1 304 25.786 ms

2025-03-05 20:03:22 [INFO]: GET /movie/overview/3 304 62.649 ms

2025-03-05 20:03:26 [INFO]: GET /movie/overview/14 304 60.602 ms

2025-03-05 20:03:29 [INFO]: GET /movie/overview/6 304 13.295 ms

2025-03-05 20:03:30 [INFO]: GET /movie/overview/2 304 22.482 ms

2025-03-05 20:03:31 [INFO]: GET /movie/overview/5 304 21.976 ms

2025-03-05 20:03:33 [INFO]: GET /movie/overview/19 304 6.566 ms

2025-03-05 20:03:35 [INFO]: GET /movie/overview/7 304 29.056 ms

2025-03-05 20:03:36 [INFO]: GET /movie/overview/10 304 35.079 ms

2025-03-05 20:03:39 [INFO]: GET /movie/overview/8 304 39.885 ms

2025-03-05 20:03:40 [INFO]: GET /movie/overview/6 304 15.601 ms

2025-03-05 20:03:28 [INFO]: GET /movie/details/2 200 13.615 ms

2025-03-05 20:03:29 [INFO]: GET /movie/director/2 200 9.697 ms

2025-03-05 20:03:29 [INFO]: GET /movie/actor/2 200 15.226 ms

2025-03-05 20:03:99 [INFO]: GET /movie/details/2 304 8.423 ms

2025-03-05 20:03:99 [INFO]: GET /movie/actor/2 304 11.351 ms

2025-03-05 20:03:00 [INFO]: GET /movie/director/2 304 11.293 ms

2025-03-05 20:03:98 [INFO]: GET /movie/genre 304 5.518 ms

2025-03-05 20:03:98 [INFO]: GET /movie 304 7.852 ms

2025-03-05 20:03:08 [INFO]: GET /movie/chart 304 1.496 ms

2025-03-05 20:03:12 [INFO]: GET /movie/overview/19 304 9.189 ms

2025-03-05 20:03:15 [INFO]: GET /movie/overview/7 304 12.945 ms

2025-03-05 20:03:16 [INFO]: GET /movie/overview/10 304 15.058 ms

2025-03-05 20:03:16 [INFO]: GET /movie/overview/8 304 16.325 ms

2025-03-05 20:03:16 [INFO]: GET /movie/overview/6 304 14.443 ms

2025-03-05 20:03:17 [INFO]: GET /movie/overview/1 304 15.832 ms

2025-03-05 20:03:17 [INFO]: GET /movie/overview/2 304 19.453 ms

2025-03-05 20:03:19 [INFO]: GET /movie/overview/3 304 10.454 ms

2025-03-05 20:03:19 [INFO]: GET /movie/overview/14 304 11.647 ms

2025-03-05 20:03:20 [INFO]: GET /movie/overview/5 304 11.225 ms

2025-03-05 20:03:20 [INFO]: GET /movie/overview/19 304 13.268 ms

2025-03-05 20:03:20 [INFO]: GET /movie/overview/7 304 15.687 ms

2025-03-05 20:03:22 [INFO]: GET /movie/overview/10 304 11.614 ms

2025-03-05 20:03:23 [INFO]: GET /movie/overview/8 304 14.167 ms

2025-03-05 20:03:23 [INFO]: GET /movie/overview/6 304 13.963 ms

2025-03-05 20:03:23 [INFO]: GET /movie/overview/1 304 15.566 ms

2025-03-05 20:03:25 [INFO]: GET /movie/overview/2 304 25.989 ms

2025-03-05 20:03:26 [INFO]: GET /movie/overview/3 304 15.226 ms

2025-03-05 20:03:31 [INFO]: GET /movie/overview/14 304 57.997 ms

2025-03-05 20:03:32 [INFO]: GET /movie/overview/5 304 66.896 ms

2025-03-05 20:03:34 [INFO]: GET /movie/overview/19 304 69.219 ms

2025-03-05 20:03:35 [INFO]: GET /movie/overview/7 304 67.903 ms

2025-03-05 20:03:40 [INFO]: GET /movie/overview/10 304 26.559 ms

2025-03-05 20:03:43 [INFO]: GET /movie/overview/8 304 40.961 ms

2025-03-05 20:03:46 [INFO]: GET /movie/overview/6 304 74.236 ms

2025-03-05 20:03:14 [INFO]: GET /movie/actor/6 304 4.497 ms

2025-03-05 20:03:14 [INFO]: GET /movie/details/6 304 10.816 ms

2025-03-05 20:03:15 [INFO]: GET /movie/director/6 304 13.073 ms

2025-03-05 20:03:39 [INFO]: GET /movie/genre 304 8.565 ms

2025-03-05 20:03:40 [INFO]: GET /movie 304 6.751 ms

2025-03-05 20:03:16 [INFO]: GET /movie/chart 304 1.678 ms

2025-03-05 20:03:19 [INFO]: GET /movie/overview/19 304 5.579 ms

2025-03-05 20:03:20 [INFO]: GET /movie/overview/7 304 4.539 ms

2025-03-05 20:03:22 [INFO]: GET /movie/overview/10 304 11.431 ms

2025-03-05 20:03:23 [INFO]: GET /movie/overview/8 304 9.570 ms

2025-03-05 20:03:23 [INFO]: GET /movie/overview/6 304 12.211 ms

2025-03-05 20:03:23 [INFO]: GET /movie/overview/1 304 13.309 ms

2025-03-05 20:03:24 [INFO]: GET /movie/overview/2 304 15.916 ms

2025-03-05 20:03:25 [INFO]: GET /movie/overview/3 304 8.940 ms

2025-03-05 20:03:25 [INFO]: GET /movie/overview/14 304 7.315 ms

2025-03-05 20:03:26 [INFO]: GET /movie/overview/5 304 9.190 ms

2025-03-05 20:03:26 [INFO]: GET /movie/overview/19 304 12.307 ms

2025-03-05 20:03:27 [INFO]: GET /movie/overview/7 304 17.176 ms

2025-03-05 20:03:28 [INFO]: GET /movie/overview/10 304 19.660 ms

2025-03-05 20:03:30 [INFO]: GET /movie/overview/8 304 24.405 ms

2025-03-05 20:03:31 [INFO]: GET /movie/overview/6 304 34.906 ms

2025-03-05 20:03:33 [INFO]: GET /movie/overview/1 304 46.522 ms

2025-03-05 20:03:35 [INFO]: GET /movie/overview/2 304 12.567 ms

2025-03-05 20:03:37 [INFO]: GET /movie/overview/3 304 19.265 ms

2025-03-05 20:03:38 [INFO]: GET /movie/overview/14 304 31.558 ms

2025-03-05 20:03:39 [INFO]: GET /movie/overview/5 304 14.546 ms

2025-03-05 20:03:40 [INFO]: GET /movie/overview/19 304 23.546 ms

2025-03-05 20:03:42 [INFO]: GET /movie/overview/7 304 8.741 ms

2025-03-05 20:03:42 [INFO]: GET /movie/overview/10 304 10.851 ms

2025-03-05 20:03:43 [INFO]: GET /movie/overview/8 304 19.185 ms

2025-03-05 20:03:44 [INFO]: GET /movie/overview/6 304 25.914 ms

2025-03-05 20:03:94 [INFO]: GET /movie/details/5 200 4.154 ms

2025-03-05 20:03:95 [INFO]: GET /movie/actor/5 200 3.408 ms

2025-03-05 20:03:95 [INFO]: GET /movie/director/5 200 5.055 ms

2025-03-05 20:03:10 [INFO]: GET /movie/genre 304 2.528 ms

2025-03-05 20:03:12 [INFO]: GET /movie 304 4.266 ms

2025-03-05 20:03:82 [INFO]: GET /movie/chart 304 1.520 ms

2025-03-05 20:03:88 [INFO]: GET /movie/overview/1 304 7.217 ms

2025-03-05 20:03:88 [INFO]: GET /movie/overview/2 304 6.032 ms

2025-03-05 20:03:89 [INFO]: GET /movie/overview/3 304 8.462 ms

2025-03-05 20:03:91 [INFO]: GET /movie/overview/5 304 10.494 ms

2025-03-05 20:03:92 [INFO]: GET /movie/overview/14 304 18.898 ms

2025-03-05 20:03:93 [INFO]: GET /movie/overview/19 304 18.637 ms

2025-03-05 20:03:95 [INFO]: GET /movie/overview/7 304 31.316 ms

2025-03-05 20:03:96 [INFO]: GET /movie/overview/10 304 8.728 ms

2025-03-05 20:03:99 [INFO]: GET /movie/overview/8 304 26.931 ms

2025-03-05 20:03:100 [INFO]: GET /movie/overview/6 304 23.365 ms

2025-03-05 20:03:48 [INFO]: GET /movie/overview/19 304 4.008 ms

2025-03-05 20:03:49 [INFO]: GET /movie/overview/7 304 10.826 ms

2025-03-05 20:03:49 [INFO]: GET /movie/overview/10 304 11.114 ms

2025-03-05 20:03:50 [INFO]: GET /movie/overview/8 304 11.904 ms

2025-03-05 20:03:50 [INFO]: GET /movie/overview/1 304 10.673 ms

2025-03-05 20:03:50 [INFO]: GET /movie/overview/2 304 3.732 ms

2025-03-05 20:03:51 [INFO]: GET /movie/overview/6 304 24.821 ms

2025-03-05 20:03:53 [INFO]: GET /movie/overview/3 304 11.492 ms

2025-03-05 20:03:53 [INFO]: GET /movie/overview/14 304 14.931 ms

2025-03-05 20:03:56 [INFO]: GET /movie/overview/5 304 21.524 ms

2025-03-05 20:03:57 [INFO]: GET /movie/overview/19 304 20.380 ms

2025-03-05 20:03:57 [INFO]: GET /movie/overview/7 304 23.335 ms

2025-03-05 20:03:58 [INFO]: GET /movie/overview/10 304 20.150 ms

2025-03-05 20:03:59 [INFO]: GET /movie/overview/8 304 25.810 ms

2025-03-05 20:03:60 [INFO]: GET /movie/overview/6 304 12.726 ms

2025-03-05 20:03:26 [INFO]: GET /movie/details/5 304 9.195 ms

2025-03-05 20:03:29 [INFO]: GET /movie/actor/5 304 6.405 ms

2025-03-05 20:03:30 [INFO]: GET /movie/director/5 304 8.434 ms

