2025-02-25 10:02:09 [INFO]: GET /user/info 304 10.753 ms

2025-02-25 10:02:12 [INFO]: GET /movie/chart 304 5.041 ms

2025-02-25 10:02:43 [INFO]: GET /movie/73 304 1150.872 ms

2025-02-25 10:02:46 [INFO]: GET /movie/10 304 1127.275 ms

2025-02-25 10:02:47 [INFO]: GET /movie/2 304 1155.313 ms

2025-02-25 10:02:48 [INFO]: GET /movie/1 304 1221.406 ms

2025-02-25 10:02:49 [INFO]: GET /movie/4 304 1165.956 ms

2025-02-25 10:02:67 [INFO]: GET /movie/9 304 72.152 ms

2025-02-25 10:02:73 [INFO]: GET /movie/6 304 123.488 ms

2025-02-25 10:02:74 [INFO]: GET /movie/13 304 136.702 ms

2025-02-25 10:02:76 [INFO]: GET /movie/3 304 141.069 ms

2025-02-25 10:02:78 [INFO]: GET /movie/74 304 167.164 ms

2025-02-25 10:02:84 [INFO]: GET /movie/73 304 39.652 ms

2025-02-25 10:02:86 [INFO]: GET /movie/10 304 46.964 ms

2025-02-25 10:02:87 [INFO]: GET /movie/2 304 60.322 ms

2025-02-25 10:02:89 [INFO]: GET /movie/1 304 65.700 ms

2025-02-25 10:02:91 [INFO]: GET /movie/4 304 82.426 ms

2025-02-25 10:02:96 [INFO]: GET /movie/9 304 26.142 ms

2025-02-25 10:02:96 [INFO]: GET /movie/6 304 17.093 ms

2025-02-25 10:02:98 [INFO]: GET /movie/13 304 29.137 ms

2025-02-25 10:02:99 [INFO]: GET /movie/3 304 36.126 ms

2025-02-25 10:02:01 [INFO]: GET /movie/74 304 53.141 ms

2025-02-25 10:02:07 [INFO]: GET /movie/10 304 38.590 ms

2025-02-25 10:02:09 [INFO]: GET /movie/4 304 31.656 ms

2025-02-25 10:02:10 [INFO]: GET /movie/9 304 40.241 ms

2025-02-25 10:02:11 [INFO]: GET /movie/6 304 49.342 ms

2025-02-25 10:02:12 [INFO]: GET /movie/13 304 52.411 ms

2025-02-25 10:02:61 [INFO]: GET /movie/chart 304 2.350 ms

2025-02-25 10:02:67 [INFO]: GET /movie/13 304 11.291 ms

2025-02-25 10:02:69 [INFO]: GET /movie/6 304 8.527 ms

2025-02-25 10:02:71 [INFO]: GET /movie/9 304 22.450 ms

2025-02-25 10:02:71 [INFO]: GET /movie/10 304 19.850 ms

2025-02-25 10:02:72 [INFO]: GET /movie/4 304 21.581 ms

2025-02-25 10:02:72 [INFO]: GET /movie/1 304 20.477 ms

2025-02-25 10:02:73 [INFO]: GET /movie/73 304 31.293 ms

2025-02-25 10:02:75 [INFO]: GET /movie/74 304 19.988 ms

2025-02-25 10:02:76 [INFO]: GET /movie/3 304 26.272 ms

2025-02-25 10:02:76 [INFO]: GET /movie/2 304 22.854 ms

2025-02-25 10:02:77 [INFO]: GET /movie/13 304 31.749 ms

2025-02-25 10:02:78 [INFO]: GET /movie/6 304 38.319 ms

2025-02-25 10:02:80 [INFO]: GET /movie/9 304 42.797 ms

2025-02-25 10:02:84 [INFO]: GET /movie/10 304 41.110 ms

2025-02-25 10:02:84 [INFO]: GET /movie/4 304 44.514 ms

2025-02-25 10:02:85 [INFO]: GET /movie/1 304 36.668 ms

2025-02-25 10:02:86 [INFO]: GET /movie/73 304 41.927 ms

2025-02-25 10:02:87 [INFO]: GET /movie/74 304 47.188 ms

2025-02-25 10:02:89 [INFO]: GET /movie/3 304 15.330 ms

2025-02-25 10:02:90 [INFO]: GET /movie/2 304 20.912 ms

2025-02-25 10:02:90 [INFO]: GET /movie/13 304 24.938 ms

2025-02-25 10:02:91 [INFO]: GET /movie/6 304 26.538 ms

2025-02-25 10:02:91 [INFO]: GET /movie/9 304 28.995 ms

2025-02-25 10:02:92 [INFO]: GET /movie/10 304 23.955 ms

2025-02-25 10:02:93 [INFO]: GET /movie/4 304 9.293 ms

2025-02-25 10:02:41 [INFO]: GET /auth/naver?redirectUrl=http%3A%2F%2Flocalhost%3A3000%2F 302 3.490 ms

2025-02-25 10:02:60 [ERROR]: GET /auth/naver/callback?code=JbGKTlgeXjQjJtAlnm&state=http%3A%2F%2Flocalhost%3A3000%2F 400 612.599 ms

2025-02-25 10:02:05 [ERROR]: GET /favicon.ico 404 2.839 ms

2025-02-25 10:02:24 [INFO]: GET /auth/naver?redirectUrl=http%3A%2F%2Flocalhost%3A3000%2F 302 8.214 ms

2025-02-25 10:02:28 [ERROR]: GET /auth/naver/callback?code=fx2QxQU6EttCyg4caW&state=http%3A%2F%2Flocalhost%3A3000%2F 400 583.620 ms

2025-02-25 10:02:55 [INFO]: GET /auth/naver?redirectUrl=http%3A%2F%2Flocalhost%3A3000%2F 302 7.890 ms

2025-02-25 10:02:63 [INFO]: GET /auth/naver/callback?code=7ByVNGXshG11rYAput&state=http%3A%2F%2Flocalhost%3A3000%2F 302 594.665 ms

2025-02-25 10:02:24 [INFO]: GET /movie/chart 304 5.567 ms

2025-02-25 10:02:26 [INFO]: GET /user/info 200 39.869 ms

2025-02-25 10:02:37 [INFO]: GET /movie/13 304 27.551 ms

2025-02-25 10:02:38 [INFO]: GET /movie/10 304 17.686 ms

2025-02-25 10:02:40 [INFO]: GET /movie/6 304 44.591 ms

2025-02-25 10:02:42 [INFO]: GET /movie/4 304 17.298 ms

2025-02-25 10:02:43 [INFO]: GET /movie/1 304 23.315 ms

2025-02-25 10:02:47 [INFO]: GET /movie/73 304 53.776 ms

2025-02-25 10:02:48 [INFO]: GET /movie/74 304 59.331 ms

2025-02-25 10:02:48 [INFO]: GET /movie/3 304 67.776 ms

2025-02-25 10:02:49 [INFO]: GET /movie/9 304 134.859 ms

2025-02-25 10:02:55 [INFO]: GET /movie/2 304 43.435 ms

2025-02-25 10:02:59 [INFO]: GET /movie/13 304 87.132 ms

2025-02-25 10:02:66 [INFO]: GET /movie/10 304 152.790 ms

2025-02-25 10:02:68 [INFO]: GET /movie/6 304 160.279 ms

2025-02-25 10:02:69 [INFO]: GET /movie/1 304 148.697 ms

2025-02-25 10:02:71 [INFO]: GET /movie/4 304 165.429 ms

2025-02-25 10:02:74 [INFO]: GET /movie/73 304 18.700 ms

2025-02-25 10:02:75 [INFO]: GET /movie/74 304 30.021 ms

2025-02-25 10:02:76 [INFO]: GET /movie/3 304 35.157 ms

2025-02-25 10:02:77 [INFO]: GET /movie/9 304 45.910 ms

2025-02-25 10:02:78 [INFO]: GET /movie/2 304 53.517 ms

2025-02-25 10:02:80 [INFO]: GET /movie/13 304 70.733 ms

2025-02-25 10:02:83 [INFO]: GET /movie/10 304 12.422 ms

2025-02-25 10:02:84 [INFO]: GET /movie/6 304 18.365 ms

2025-02-25 10:02:86 [INFO]: GET /movie/4 304 37.624 ms

2025-02-25 10:02:87 [INFO]: GET /movie/9 304 43.019 ms

2025-02-25 10:02:56 [INFO]: GET /auth/kakao?redirectUrl=http%3A%2F%2Flocalhost%3A3000%2F 302 3.189 ms

2025-02-25 10:02:85 [ERROR]: GET /auth/kakao/callback?code=raJkqEjyO1x4JCkKiwvaMaBdsGtx_XSvfxf8WfpNI5MYRy_lByxdBQAAAAQKPXNOAAABlTrIM85V7imzm104lw&state=http%253A%252F%252Flocalhost%253A3000%252F 400 336.975 ms

2025-02-25 10:02:28 [ERROR]: GET /auth/kakao/callback?code=DwoMZydI1Hs6wHrk-PG3F66Ph2IODeYDCjb5nKQKUU2fOnLWWACumQAAAAQKPXNOAAABlTrJRwSSBpCp5rpDbg&state=http%253A%252F%252Flocalhost%253A3000%252F 400 290.001 ms

2025-02-25 10:02:75 [ERROR]: GET /auth/kakao/callback?code=uPB-VDnlD9c5OJ9BWoPLMLe0fJkQV6IJ6BE15FbTQhrCESFeNyyIHQAAAAQKPXMXAAABlTrKaZiSBpCp5rpDbg&state=http%253A%252F%252Flocalhost%253A3000%252F 400 374.734 ms

2025-02-25 10:02:59 [ERROR]: GET /auth/kakao/callback?code=uPB-VDnlD9c5OJ9BWoPLMLe0fJkQV6IJ6BE15FbTQhrCESFeNyyIHQAAAAQKPXMXAAABlTrKaZiSBpCp5rpDbg&state=http%253A%252F%252Flocalhost%253A3000%252F 500 312.286 ms

2025-02-25 10:02:37 [ERROR]: GET /auth/kakao/callback?code=GHpt_08Xr1TQkyAWn_Ueogsbgf_FwZ8BwTW1Pqy2h6kCNli9DMnPLQAAAAQKPXNOAAABlTrMNfHdCc_9be4aqQ&state=http%253A%252F%252Flocalhost%253A3000%252F 400 161.156 ms

2025-02-25 10:02:21 [INFO]: GET /auth/kakao/callback?code=ppNXQgCk2IzPlPuSzY6oiY8vsJ4SWu-SqfEp-0wcLZB1xs1RDfuGagAAAAQKKwyoAAABlTrNxqWYFzyUYZmfhQ&state=http%253A%252F%252Flocalhost%253A3000%252F 302 408.923 ms

2025-02-25 10:02:54 [INFO]: GET /movie/chart 304 5.602 ms

2025-02-25 10:02:55 [INFO]: GET /user/info 200 26.106 ms

2025-02-25 10:02:68 [INFO]: GET /movie/13 304 12.163 ms

2025-02-25 10:02:70 [INFO]: GET /movie/9 304 10.516 ms

2025-02-25 10:02:72 [INFO]: GET /movie/10 304 18.043 ms

2025-02-25 10:02:73 [INFO]: GET /movie/6 304 51.796 ms

2025-02-25 10:02:75 [INFO]: GET /movie/1 304 38.751 ms

2025-02-25 10:02:76 [INFO]: GET /movie/4 304 50.223 ms

2025-02-25 10:02:78 [INFO]: GET /movie/73 304 41.765 ms

2025-02-25 10:02:81 [INFO]: GET /movie/74 304 68.296 ms

2025-02-25 10:02:83 [INFO]: GET /movie/13 304 39.255 ms

2025-02-25 10:02:89 [INFO]: GET /movie/3 304 90.438 ms

2025-02-25 10:02:93 [INFO]: GET /movie/2 304 99.749 ms

2025-02-25 10:02:94 [INFO]: GET /movie/9 304 106.203 ms

2025-02-25 10:02:95 [INFO]: GET /movie/10 304 116.587 ms

2025-02-25 10:02:99 [INFO]: GET /movie/6 304 61.770 ms

2025-02-25 10:02:04 [INFO]: GET /movie/1 304 52.024 ms

2025-02-25 10:02:07 [INFO]: GET /movie/4 304 49.238 ms

2025-02-25 10:02:09 [INFO]: GET /movie/74 304 61.122 ms

2025-02-25 10:02:11 [INFO]: GET /movie/13 304 75.609 ms

2025-02-25 10:02:12 [INFO]: GET /movie/73 304 95.751 ms

2025-02-25 10:02:15 [INFO]: GET /movie/3 304 43.281 ms

2025-02-25 10:02:18 [INFO]: GET /movie/2 304 38.407 ms

2025-02-25 10:02:20 [INFO]: GET /movie/9 304 59.347 ms

2025-02-25 10:02:21 [INFO]: GET /movie/10 304 66.171 ms

2025-02-25 10:02:23 [INFO]: GET /movie/6 304 63.129 ms

2025-02-25 10:02:25 [INFO]: GET /movie/4 304 76.794 ms

2025-02-25 10:02:39 [INFO]: GET /auth/google?redirectUrl=http%3A%2F%2Flocalhost%3A3000%2F 302 7.106 ms

2025-02-25 10:02:48 [INFO]: GET /movie/chart 304 7.157 ms

2025-02-25 10:02:52 [INFO]: GET /user/info 304 81.724 ms

2025-02-25 10:02:60 [INFO]: GET /movie/13 304 36.303 ms

2025-02-25 10:02:61 [INFO]: GET /movie/6 304 38.618 ms

2025-02-25 10:02:62 [INFO]: GET /movie/4 304 23.910 ms

2025-02-25 10:02:62 [INFO]: GET /movie/1 304 28.118 ms

2025-02-25 10:02:63 [INFO]: GET /movie/9 304 56.638 ms

2025-02-25 10:02:65 [INFO]: GET /movie/10 304 64.334 ms

2025-02-25 10:02:70 [INFO]: GET /movie/73 304 36.961 ms

2025-02-25 10:02:81 [INFO]: GET /movie/74 304 129.211 ms

2025-02-25 10:02:83 [INFO]: GET /movie/3 304 150.379 ms

2025-02-25 10:02:86 [INFO]: GET /movie/2 304 178.098 ms

2025-02-25 10:02:87 [INFO]: GET /movie/13 304 177.696 ms

2025-02-25 10:02:89 [INFO]: GET /movie/6 304 187.516 ms

2025-02-25 10:02:92 [INFO]: GET /movie/4 304 25.836 ms

2025-02-25 10:02:93 [INFO]: GET /movie/1 304 29.527 ms

2025-02-25 10:02:94 [INFO]: GET /movie/9 304 27.845 ms

2025-02-25 10:02:95 [INFO]: GET /movie/10 304 36.478 ms

2025-02-25 10:02:96 [INFO]: GET /movie/73 304 39.966 ms

2025-02-25 10:02:96 [INFO]: GET /movie/74 304 45.402 ms

2025-02-25 10:02:99 [INFO]: GET /movie/3 304 14.816 ms

2025-02-25 10:02:00 [INFO]: GET /movie/2 304 19.253 ms

2025-02-25 10:02:01 [INFO]: GET /movie/13 304 25.954 ms

2025-02-25 10:02:02 [INFO]: GET /movie/6 304 26.631 ms

2025-02-25 10:02:02 [INFO]: GET /movie/4 304 30.102 ms

2025-02-25 10:02:03 [INFO]: GET /movie/9 304 37.817 ms

2025-02-25 10:02:07 [INFO]: GET /movie/10 304 16.511 ms

2025-02-25 10:02:80 [INFO]: GET /user/logout 200 10.461 ms

2025-02-25 10:02:50 [INFO]: GET /user/info 200 2.594 ms

2025-02-25 10:02:52 [INFO]: GET /movie/chart 304 1.387 ms

2025-02-25 10:02:68 [INFO]: GET /movie/13 304 6.543 ms

2025-02-25 10:02:69 [INFO]: GET /movie/6 304 11.696 ms

2025-02-25 10:02:71 [INFO]: GET /movie/9 304 27.186 ms

2025-02-25 10:02:72 [INFO]: GET /movie/10 304 19.557 ms

2025-02-25 10:02:73 [INFO]: GET /movie/4 304 26.909 ms

2025-02-25 10:02:74 [INFO]: GET /movie/1 304 34.449 ms

2025-02-25 10:02:75 [INFO]: GET /movie/73 304 38.699 ms

2025-02-25 10:02:76 [INFO]: GET /movie/74 304 26.106 ms

2025-02-25 10:02:79 [INFO]: GET /movie/3 304 19.400 ms

2025-02-25 10:02:81 [INFO]: GET /movie/2 304 42.542 ms

2025-02-25 10:02:83 [INFO]: GET /movie/13 304 45.363 ms

2025-02-25 10:02:85 [INFO]: GET /movie/6 304 71.497 ms

2025-02-25 10:02:88 [INFO]: GET /movie/9 304 41.160 ms

2025-02-25 10:02:89 [INFO]: GET /movie/10 304 47.934 ms

2025-02-25 10:02:93 [INFO]: GET /movie/4 304 57.837 ms

2025-02-25 10:02:95 [INFO]: GET /movie/1 304 76.148 ms

2025-02-25 10:02:95 [INFO]: GET /movie/73 304 79.844 ms

2025-02-25 10:02:98 [INFO]: GET /movie/74 304 45.117 ms

2025-02-25 10:02:100 [INFO]: GET /movie/3 304 32.124 ms

2025-02-25 10:02:00 [INFO]: GET /movie/2 304 35.026 ms

2025-02-25 10:02:02 [INFO]: GET /movie/13 304 22.099 ms

2025-02-25 10:02:03 [INFO]: GET /movie/6 304 28.794 ms

2025-02-25 10:02:04 [INFO]: GET /movie/9 304 39.431 ms

2025-02-25 10:02:06 [INFO]: GET /movie/10 304 17.819 ms

2025-02-25 10:02:10 [INFO]: GET /movie/4 304 51.366 ms

2025-02-25 10:02:42 [INFO]: GET /auth/google?redirectUrl=http%3A%2F%2Flocalhost%3A3000%2F 302 2.498 ms

2025-02-25 10:02:71 [INFO]: GET /auth/google?redirectUrl=http%3A%2F%2Flocalhost%3A3000%2F 302 1.231 ms

2025-02-25 10:02:86 [INFO]: GET /auth/google?redirectUrl=http%3A%2F%2Flocalhost%3A3000%2F 302 0.753 ms

2025-02-25 10:02:59 [INFO]: GET /auth/google?redirectUrl=http%3A%2F%2Flocalhost%3A3000%2F 302 9.255 ms

2025-02-25 10:02:01 [INFO]: GET /auth/google?redirectUrl=http%3A%2F%2Flocalhost%3A3000%2F 302 9.803 ms

2025-02-25 11:02:47 [INFO]: GET /auth/google?redirectUrl=http%3A%2F%2Flocalhost%3A3000%2F 302 10.195 ms

2025-02-25 11:02:49 [INFO]: GET /auth/google?redirectUrl=http%3A%2F%2Flocalhost%3A3000%2F 302 1.719 ms

2025-02-25 11:02:60 [INFO]: GET /auth/google?redirectUrl=http%3A%2F%2Flocalhost%3A3000%2F 302 3.376 ms

2025-02-25 11:02:43 [INFO]: GET /auth/google?redirectUrl=http%3A%2F%2Flocalhost%3A3000%2F 302 10.082 ms

2025-02-25 11:02:41 [INFO]: GET /auth/google?redirectUrl=http%3A%2F%2Flocalhost%3A3000%2F 302 4.032 ms

2025-02-25 11:02:97 [INFO]: GET /user/info 200 7.347 ms

2025-02-25 11:02:99 [INFO]: GET /movie/chart 200 4.619 ms

2025-02-25 11:02:39 [INFO]: GET /movie/6 200 251.252 ms

2025-02-25 11:02:39 [INFO]: GET /movie/13 200 284.139 ms

2025-02-25 11:02:40 [INFO]: GET /movie/4 200 241.765 ms

2025-02-25 11:02:40 [INFO]: GET /movie/9 200 251.383 ms

2025-02-25 11:02:43 [INFO]: GET /movie/10 200 271.077 ms

2025-02-25 11:02:47 [INFO]: GET /movie/1 200 22.925 ms

2025-02-25 11:02:48 [INFO]: GET /movie/73 200 22.926 ms

2025-02-25 11:02:49 [INFO]: GET /movie/74 200 29.506 ms

2025-02-25 11:02:51 [INFO]: GET /movie/3 200 39.873 ms

2025-02-25 11:02:52 [INFO]: GET /movie/2 200 51.923 ms

2025-02-25 11:02:57 [INFO]: GET /movie/6 200 13.969 ms

2025-02-25 11:02:58 [INFO]: GET /movie/13 200 21.347 ms

2025-02-25 11:02:59 [INFO]: GET /movie/4 200 33.032 ms

2025-02-25 11:02:61 [INFO]: GET /movie/9 200 48.130 ms

2025-02-25 11:02:61 [INFO]: GET /movie/10 200 56.263 ms

2025-02-25 11:02:64 [INFO]: GET /movie/1 200 16.120 ms

2025-02-25 11:02:65 [INFO]: GET /movie/73 200 20.618 ms

2025-02-25 11:02:66 [INFO]: GET /movie/74 200 25.204 ms

2025-02-25 11:02:66 [INFO]: GET /movie/3 200 29.558 ms

2025-02-25 11:02:67 [INFO]: GET /movie/2 200 30.720 ms

2025-02-25 11:02:69 [INFO]: GET /movie/13 200 9.042 ms

2025-02-25 11:02:69 [INFO]: GET /movie/6 200 13.237 ms

2025-02-25 11:02:70 [INFO]: GET /movie/9 200 21.027 ms

2025-02-25 11:02:71 [INFO]: GET /movie/10 200 24.409 ms

2025-02-25 11:02:74 [INFO]: GET /movie/4 200 17.604 ms

2025-02-25 11:02:21 [INFO]: GET /auth/google?redirectUrl=http%3A%2F%2Flocalhost%3A3000%2F 302 1.153 ms

2025-02-25 11:02:57 [INFO]: GET /auth/google?redirectUrl=http%3A%2F%2Flocalhost%3A3000%2F 302 5.411 ms

2025-02-25 11:02:21 [INFO]: GET /user/info 200 8.591 ms

2025-02-25 11:02:52 [INFO]: GET /auth/google?redirectUrl=http%3A%2F%2Flocalhost%3A3000%2Fmovie 302 2.309 ms

2025-02-25 11:02:46 [INFO]: GET /auth/google?redirectUrl=http%3A%2F%2Flocalhost%3A3000%2F 302 9.981 ms

2025-02-25 11:02:35 [INFO]: GET /auth/google/callback?state=http%253A%252F%252Flocalhost%253A3000%252F&code=4%2F0ASVgi3I6f8BMAg6WIWdaook_PfgPTpx-vAINbB77PwaHOkB1lZDuDlnFB17B7XaMR6TvwA&scope=email+profile+openid+https%3A%2F%2Fwww.googleapis.com%2Fauth%2Fuserinfo.profile+https%3A%2F%2Fwww.googleapis.com%2Fauth%2Fuserinfo.email&authuser=0&prompt=consent 302 1224.589 ms

2025-02-25 11:02:11 [INFO]: GET /movie/chart 304 5.983 ms

2025-02-25 11:02:11 [INFO]: GET /user/info 200 22.839 ms

2025-02-25 11:02:24 [INFO]: GET /movie/13 304 17.202 ms

2025-02-25 11:02:25 [INFO]: GET /movie/9 304 8.898 ms

2025-02-25 11:02:27 [INFO]: GET /movie/6 304 43.862 ms

2025-02-25 11:02:27 [INFO]: GET /movie/4 304 17.306 ms

2025-02-25 11:02:28 [INFO]: GET /movie/1 304 25.405 ms

2025-02-25 11:02:30 [INFO]: GET /movie/10 304 55.001 ms

2025-02-25 11:02:33 [INFO]: GET /movie/73 304 62.631 ms

2025-02-25 11:02:36 [INFO]: GET /movie/74 304 21.447 ms

2025-02-25 11:02:37 [INFO]: GET /movie/3 304 20.332 ms

2025-02-25 11:02:37 [INFO]: GET /movie/2 304 27.417 ms

2025-02-25 11:02:38 [INFO]: GET /movie/13 304 28.542 ms

2025-02-25 11:02:38 [INFO]: GET /movie/9 304 30.676 ms

2025-02-25 11:02:39 [INFO]: GET /movie/6 304 32.330 ms

2025-02-25 11:02:44 [INFO]: GET /movie/10 304 36.011 ms

2025-02-25 11:02:45 [INFO]: GET /movie/1 304 49.551 ms

2025-02-25 11:02:47 [INFO]: GET /movie/3 304 48.306 ms

2025-02-25 11:02:48 [INFO]: GET /movie/4 304 83.504 ms

2025-02-25 11:02:52 [INFO]: GET /movie/73 304 110.950 ms

2025-02-25 11:02:54 [INFO]: GET /movie/74 304 130.203 ms

2025-02-25 11:02:60 [INFO]: GET /movie/2 304 17.089 ms

2025-02-25 11:02:62 [INFO]: GET /movie/13 304 25.244 ms

2025-02-25 11:02:63 [INFO]: GET /movie/9 304 36.233 ms

2025-02-25 11:02:64 [INFO]: GET /movie/6 304 43.063 ms

2025-02-25 11:02:65 [INFO]: GET /movie/10 304 49.270 ms

2025-02-25 11:02:66 [INFO]: GET /movie/4 304 60.407 ms

2025-02-25 11:02:04 [ERROR]: GET /user/logout 500 130.507 ms

2025-02-25 11:02:81 [ERROR]: GET /user/info 500 13.993 ms

2025-02-25 11:02:11 [INFO]: GET /auth/google?redirectUrl=http%3A%2F%2Flocalhost%3A3000%2Fmovie 302 3.213 ms

2025-02-25 11:02:89 [INFO]: GET /auth/google/callback?state=http%253A%252F%252Flocalhost%253A3000%252Fmovie&code=4%2F0AQSTgQFK73tIKJ2gkZ4AvyiO38XpNnGdkx7onRGd_YhnkM150_dmJA0L2lSDaF1ogn-3tg&scope=email+profile+https%3A%2F%2Fwww.googleapis.com%2Fauth%2Fuserinfo.email+https%3A%2F%2Fwww.googleapis.com%2Fauth%2Fuserinfo.profile+openid&authuser=0&prompt=none - - ms

2025-02-25 11:02:68 [INFO]: GET /auth/google?redirectUrl=http%3A%2F%2Flocalhost%3A3000%2Fmovie 302 1.032 ms

2025-02-25 11:02:43 [INFO]: GET /auth/google/callback?state=http%253A%252F%252Flocalhost%253A3000%252Fmovie&code=4%2F0AQSTgQGJIMm1pv2rAEZcpWQGLUjcW0WTZVYxpW4HK9c8JGYhgKhZ8bgVgGez0rXUMjltiw&scope=email+profile+https%3A%2F%2Fwww.googleapis.com%2Fauth%2Fuserinfo.email+https%3A%2F%2Fwww.googleapis.com%2Fauth%2Fuserinfo.profile+openid&authuser=0&prompt=none 302 479.860 ms

2025-02-25 11:02:18 [INFO]: GET /user/info 200 16.647 ms

2025-02-25 11:02:90 [INFO]: GET /user/logout 200 47.835 ms

2025-02-25 11:02:57 [INFO]: GET /user/info 200 1.174 ms

2025-02-25 11:02:40 [INFO]: GET /auth/github?redirectUrl=http%3A%2F%2Flocalhost%3A3000%2Fmovie 302 2.345 ms

2025-02-25 11:02:70 [ERROR]: GET /auth/github/callback?code=f9a452c2693ec3b66dc1&state=http%253A%252F%252Flocalhost%253A3000%252Fmovie 400 898.437 ms

2025-02-25 11:02:93 [ERROR]: GET /favicon.ico 404 2.683 ms

2025-02-25 11:02:22 [INFO]: GET /auth/kakao?redirectUrl=http%3A%2F%2Flocalhost%3A3000%2Fmovie 302 5.238 ms

2025-02-25 11:02:81 [INFO]: GET /auth/kakao/callback?code=0GjiBmfBNgCzm0toGogzZONcsSls8JQ7K8Mh7baEFNqoi8QnGYeWvwAAAAQKPCSaAAABlTr54eTOkqTnJF629A&state=http%253A%252F%252Flocalhost%253A3000%252Fmovie 302 496.478 ms

2025-02-25 11:02:22 [INFO]: GET /user/info 200 22.741 ms

2025-02-25 11:02:70 [INFO]: GET /user/logout 304 10.962 ms

2025-02-25 11:02:40 [INFO]: GET /user/info 200 4.064 ms

2025-02-25 11:02:30 [INFO]: GET /auth/github?redirectUrl=http%3A%2F%2Flocalhost%3A3000%2Fmovie 302 1.161 ms

2025-02-25 11:02:39 [INFO]: GET /auth/github/callback?code=6b0a3e06f2d68bd57a87&state=http%253A%252F%252Flocalhost%253A3000%252Fmovie 302 708.983 ms

2025-02-25 11:02:73 [INFO]: GET /user/info 200 6.348 ms

2025-02-25 11:02:53 [INFO]: GET /user/logout 304 50.498 ms

2025-02-25 11:02:22 [INFO]: GET /user/info 200 2.115 ms

2025-02-25 11:02:52 [INFO]: GET /auth/google?redirectUrl=http%3A%2F%2Flocalhost%3A3000%2Fmovie 302 1.632 ms

2025-02-25 11:02:62 [INFO]: GET /auth/google/callback?state=http%253A%252F%252Flocalhost%253A3000%252Fmovie&code=4%2F0AQSTgQH1AFO4S87aV7HVtTwcYh0ZMB7c704aOZtYXeRDi_-EvpCSkhOt0gz7rbiNa_h8yQ&scope=email+profile+https%3A%2F%2Fwww.googleapis.com%2Fauth%2Fuserinfo.profile+https%3A%2F%2Fwww.googleapis.com%2Fauth%2Fuserinfo.email+openid&authuser=0&prompt=none 302 860.139 ms

2025-02-25 11:02:93 [INFO]: GET /user/info 200 6.329 ms

2025-02-25 11:02:06 [INFO]: GET /user/info 200 6.001 ms

2025-02-25 11:02:49 [INFO]: GET /user/info 304 3.949 ms

2025-02-25 11:02:67 [INFO]: GET /user/info 304 4.382 ms

2025-02-25 11:02:55 [INFO]: GET /auth/google?redirectUrl=http%3A%2F%2Flocalhost%3A3000%2Fmovie 302 0.523 ms

2025-02-25 11:02:43 [INFO]: GET /auth/google/callback?state=http%253A%252F%252Flocalhost%253A3000%252Fmovie&code=4%2F0AQSTgQFFmHNXpbsNKUO46SntDXTcCXgGCxRvq9Fp7p_5VNBYdbk-p5GGOhnHii6xNp734w&scope=email+profile+https%3A%2F%2Fwww.googleapis.com%2Fauth%2Fuserinfo.email+https%3A%2F%2Fwww.googleapis.com%2Fauth%2Fuserinfo.profile+openid&authuser=0&prompt=none 302 592.547 ms

2025-02-25 11:02:89 [INFO]: GET /user/info 200 14.658 ms

2025-02-25 11:02:63 [INFO]: GET /user/info 304 9.764 ms

2025-02-25 11:02:30 [INFO]: GET /user/info 304 7.469 ms

2025-02-25 11:02:57 [INFO]: GET /user/info 304 7.297 ms

2025-02-25 11:02:78 [INFO]: GET /user/info 304 8.957 ms

2025-02-25 11:02:83 [INFO]: GET /user/info 304 6.907 ms

2025-02-25 11:02:78 [INFO]: GET /user/info 304 6.291 ms

2025-02-25 11:02:74 [INFO]: GET /user/info 200 2.985 ms

2025-02-25 11:02:20 [INFO]: GET /user/info 304 3.588 ms

2025-02-25 11:02:40 [INFO]: GET /user/info 304 3.428 ms

2025-02-25 11:02:83 [INFO]: GET /user/info 304 4.088 ms

2025-02-25 11:02:41 [INFO]: GET /user/info 304 3.955 ms

2025-02-25 11:02:50 [INFO]: GET /user/info 304 2.046 ms

2025-02-25 11:02:43 [INFO]: GET /user/info 304 4.573 ms

2025-02-25 11:02:27 [INFO]: GET /user/info 304 2.966 ms

2025-02-25 11:02:36 [INFO]: GET /user/info 304 2.898 ms

2025-02-25 11:02:15 [INFO]: GET /auth/google?redirectUrl=http%3A%2F%2Flocalhost%3A3000%2Fmovie 302 5.949 ms

2025-02-25 11:02:32 [INFO]: GET /auth/google/callback?state=http%253A%252F%252Flocalhost%253A3000%252Fmovie&code=4%2F0AQSTgQHbW-Bm8Ovv3LsQQtltZgLGnYFMWFSPWLanEDXi2I1WCQUJs9mTChdn-NLc4i3zWQ&scope=email+profile+https%3A%2F%2Fwww.googleapis.com%2Fauth%2Fuserinfo.profile+openid+https%3A%2F%2Fwww.googleapis.com%2Fauth%2Fuserinfo.email&authuser=0&prompt=none 302 877.477 ms

2025-02-25 11:02:06 [INFO]: GET /user/info 200 16.931 ms

2025-02-25 11:02:69 [INFO]: GET /user/info 200 4.499 ms

2025-02-25 11:02:48 [INFO]: GET /user/info 304 14.445 ms

2025-02-25 11:02:56 [INFO]: GET /user/info 304 20.529 ms

2025-02-25 11:02:29 [INFO]: GET /user/info 304 20.141 ms

2025-02-25 11:02:21 [INFO]: GET /user/info 304 27.962 ms

2025-02-25 11:02:60 [INFO]: GET /user/info 200 110.913 ms

2025-02-25 11:02:72 [INFO]: GET /user/info 200 16.622 ms

2025-02-25 11:02:79 [INFO]: GET /user/info 304 6.074 ms

2025-02-25 11:02:59 [INFO]: GET /user/info 304 5.263 ms

2025-02-25 11:02:68 [INFO]: GET /user/info 304 4.500 ms

2025-02-25 12:02:36 [INFO]: GET /user/info 200 97.054 ms

2025-02-25 12:02:55 [INFO]: GET /user/info 304 13.435 ms

2025-02-25 12:02:65 [INFO]: GET /user/info 304 13.923 ms

2025-02-25 12:02:18 [INFO]: GET /user/info 200 5.466 ms

2025-02-25 12:02:21 [ERROR]: GET /user/refresh 401 7.737 ms

2025-02-25 12:02:77 [INFO]: GET /user/info 304 1.302 ms

2025-02-25 12:02:77 [ERROR]: GET /user/refresh 401 2.629 ms

2025-02-25 12:02:73 [INFO]: GET /user/info 304 0.627 ms

2025-02-25 12:02:84 [ERROR]: GET /user/refresh 401 3.678 ms

2025-02-25 12:02:82 [INFO]: GET /user/info 304 0.934 ms

2025-02-25 12:02:87 [ERROR]: GET /user/refresh 401 4.825 ms

2025-02-25 12:02:39 [INFO]: GET /user/info 304 1.660 ms

2025-02-25 12:02:41 [ERROR]: GET /user/refresh 401 3.457 ms

2025-02-25 12:02:58 [INFO]: GET /user/info 304 6.449 ms

2025-02-25 12:02:62 [ERROR]: GET /user/refresh 401 7.383 ms

2025-02-25 12:02:94 [ERROR]: GET /user/refresh 401 3.304 ms

2025-02-25 12:02:94 [INFO]: GET /user/info 304 0.837 ms

2025-02-25 12:02:78 [INFO]: GET /user/info 200 1.071 ms

2025-02-25 12:02:83 [ERROR]: GET /user/refresh 401 2.920 ms

2025-02-25 12:02:78 [INFO]: GET /user/info 304 1.168 ms

2025-02-25 12:02:83 [ERROR]: GET /user/refresh 401 2.642 ms

2025-02-25 12:02:63 [INFO]: GET /user/info 200 1.390 ms

2025-02-25 12:02:71 [ERROR]: GET /user/refresh 401 3.289 ms

2025-02-25 12:02:34 [INFO]: GET /user/info 304 1.311 ms

2025-02-25 12:02:96 [ERROR]: GET /favicon.ico 404 5.504 ms

2025-02-25 12:02:64 [INFO]: GET /user/info 304 8.563 ms

2025-02-25 12:02:69 [ERROR]: GET /user/refresh 401 7.453 ms

2025-02-25 12:02:58 [INFO]: GET /user/info 200 2.208 ms

2025-02-25 12:02:05 [INFO]: GET /user/info 304 1.140 ms

2025-02-25 12:02:06 [INFO]: GET /movie/chart 304 3.056 ms

2025-02-25 12:02:51 [INFO]: GET /movie/10 304 279.807 ms

2025-02-25 12:02:52 [INFO]: GET /movie/13 304 332.756 ms

2025-02-25 12:02:53 [INFO]: GET /movie/6 304 300.973 ms

2025-02-25 12:02:53 [INFO]: GET /movie/4 304 297.355 ms

2025-02-25 12:02:54 [INFO]: GET /movie/9 304 308.620 ms

2025-02-25 12:02:55 [INFO]: GET /movie/74 304 312.352 ms

2025-02-25 12:02:60 [INFO]: GET /movie/3 304 19.688 ms

2025-02-25 12:02:62 [INFO]: GET /movie/2 304 32.133 ms

2025-02-25 12:02:64 [INFO]: GET /movie/1 304 54.573 ms

2025-02-25 12:02:64 [INFO]: GET /movie/73 304 55.030 ms

2025-02-25 12:02:66 [INFO]: GET /movie/10 304 60.285 ms

2025-02-25 12:02:66 [INFO]: GET /movie/13 304 67.960 ms

2025-02-25 12:02:72 [INFO]: GET /movie/6 304 31.334 ms

2025-02-25 12:02:72 [INFO]: GET /movie/4 304 36.785 ms

2025-02-25 12:02:73 [INFO]: GET /movie/9 304 39.431 ms

2025-02-25 12:02:74 [INFO]: GET /movie/74 304 41.485 ms

2025-02-25 12:02:75 [INFO]: GET /movie/3 304 44.853 ms

2025-02-25 12:02:77 [INFO]: GET /movie/73 304 5.149 ms

2025-02-25 12:02:77 [INFO]: GET /movie/1 304 12.719 ms

2025-02-25 12:02:78 [INFO]: GET /movie/2 304 18.659 ms

2025-02-25 12:02:78 [INFO]: GET /movie/10 304 21.565 ms

2025-02-25 12:02:79 [INFO]: GET /movie/13 304 23.024 ms

2025-02-25 12:02:84 [INFO]: GET /movie/6 304 3.430 ms

2025-02-25 12:02:84 [INFO]: GET /movie/4 304 5.479 ms

2025-02-25 12:02:85 [INFO]: GET /movie/9 304 8.455 ms

2025-02-25 12:02:54 [INFO]: GET /auth/google?redirectUrl=http%3A%2F%2Flocalhost%3A3000%2F 302 1.649 ms

2025-02-25 12:02:90 [INFO]: GET /auth/google/callback?state=http%253A%252F%252Flocalhost%253A3000%252F&code=4%2F0ASVgi3IV4Fvi5awC7_ALuI-5ahTIJBDECxW2buVu0NH5iiikxclslG3Mb8LaYSrRY1FlZQ&scope=email+profile+openid+https%3A%2F%2Fwww.googleapis.com%2Fauth%2Fuserinfo.email+https%3A%2F%2Fwww.googleapis.com%2Fauth%2Fuserinfo.profile&authuser=0&prompt=none 302 936.686 ms

2025-02-25 12:02:46 [INFO]: GET /movie/chart 304 1.165 ms

2025-02-25 12:02:47 [INFO]: GET /user/info 200 19.193 ms

2025-02-25 12:02:55 [INFO]: GET /movie/13 304 5.086 ms

2025-02-25 12:02:56 [INFO]: GET /movie/6 304 4.337 ms

2025-02-25 12:02:58 [INFO]: GET /movie/9 304 16.155 ms

2025-02-25 12:02:59 [INFO]: GET /movie/10 304 16.292 ms

2025-02-25 12:02:60 [INFO]: GET /movie/4 304 18.511 ms

2025-02-25 12:02:60 [INFO]: GET /movie/1 304 26.414 ms

2025-02-25 12:02:61 [INFO]: GET /movie/73 304 28.724 ms

2025-02-25 12:02:63 [INFO]: GET /movie/74 304 12.580 ms

2025-02-25 12:02:64 [INFO]: GET /movie/3 304 22.206 ms

2025-02-25 12:02:66 [INFO]: GET /movie/2 304 33.757 ms

2025-02-25 12:02:68 [INFO]: GET /movie/13 304 55.944 ms

2025-02-25 12:02:70 [INFO]: GET /movie/6 304 66.886 ms

2025-02-25 12:02:76 [INFO]: GET /movie/9 304 65.951 ms

2025-02-25 12:02:77 [INFO]: GET /movie/10 304 50.370 ms

2025-02-25 12:02:77 [INFO]: GET /movie/4 304 51.801 ms

2025-02-25 12:02:78 [INFO]: GET /movie/1 304 26.681 ms

2025-02-25 12:02:78 [INFO]: GET /movie/73 304 19.964 ms

2025-02-25 12:02:80 [INFO]: GET /movie/74 304 16.477 ms

2025-02-25 12:02:81 [INFO]: GET /movie/3 304 15.752 ms

2025-02-25 12:02:83 [INFO]: GET /movie/2 304 10.292 ms

2025-02-25 12:02:83 [INFO]: GET /movie/13 304 15.220 ms

2025-02-25 12:02:84 [INFO]: GET /movie/6 304 22.213 ms

2025-02-25 12:02:88 [INFO]: GET /movie/9 304 58.120 ms

2025-02-25 12:02:92 [INFO]: GET /movie/10 304 99.906 ms

2025-02-25 12:02:93 [INFO]: GET /movie/4 304 105.154 ms

2025-02-25 12:02:79 [INFO]: GET /user/info 200 19.621 ms

2025-02-25 12:02:84 [INFO]: GET /movie/chart 304 6.235 ms

2025-02-25 12:02:35 [INFO]: GET /movie/6 304 364.099 ms

2025-02-25 12:02:37 [INFO]: GET /movie/1 304 346.369 ms

2025-02-25 12:02:38 [INFO]: GET /movie/10 304 372.352 ms

2025-02-25 12:02:40 [INFO]: GET /movie/13 304 434.757 ms

2025-02-25 12:02:41 [INFO]: GET /movie/9 304 423.769 ms

2025-02-25 12:02:43 [INFO]: GET /movie/4 304 418.897 ms

2025-02-25 12:02:48 [INFO]: GET /movie/73 304 26.556 ms

2025-02-25 12:02:49 [INFO]: GET /movie/74 304 32.436 ms

2025-02-25 12:02:50 [INFO]: GET /movie/3 304 40.011 ms

2025-02-25 12:02:51 [INFO]: GET /movie/2 304 50.109 ms

2025-02-25 12:02:52 [INFO]: GET /movie/6 304 53.891 ms

2025-02-25 12:02:53 [INFO]: GET /movie/1 304 57.928 ms

2025-02-25 12:02:59 [INFO]: GET /movie/10 304 25.011 ms

2025-02-25 12:02:60 [INFO]: GET /movie/13 304 37.546 ms

2025-02-25 12:02:62 [INFO]: GET /movie/9 304 36.253 ms

2025-02-25 12:02:63 [INFO]: GET /movie/4 304 23.874 ms

2025-02-25 12:02:65 [INFO]: GET /movie/73 304 19.969 ms

2025-02-25 12:02:66 [INFO]: GET /movie/74 304 25.209 ms

2025-02-25 12:02:67 [INFO]: GET /movie/3 304 28.850 ms

2025-02-25 12:02:68 [INFO]: GET /movie/2 304 34.303 ms

2025-02-25 12:02:69 [INFO]: GET /movie/6 304 38.167 ms

2025-02-25 12:02:70 [INFO]: GET /movie/10 304 36.326 ms

2025-02-25 12:02:73 [INFO]: GET /movie/13 304 33.066 ms

2025-02-25 12:02:73 [INFO]: GET /movie/9 304 37.580 ms

2025-02-25 12:02:76 [INFO]: GET /movie/4 304 13.775 ms

2025-02-25 12:02:39 [INFO]: GET /user/info 200 4.392 ms

2025-02-25 12:02:39 [INFO]: GET /movie/chart 200 1.386 ms

2025-02-25 12:02:49 [INFO]: GET /movie/13 200 9.896 ms

2025-02-25 12:02:49 [INFO]: GET /movie/6 200 7.730 ms

2025-02-25 12:02:51 [INFO]: GET /movie/13 200 10.835 ms

2025-02-25 12:02:52 [INFO]: GET /movie/10 200 16.891 ms

2025-02-25 12:02:52 [INFO]: GET /movie/9 200 32.794 ms

2025-02-25 12:02:53 [INFO]: GET /movie/4 200 20.873 ms

2025-02-25 12:02:55 [INFO]: GET /movie/6 200 10.751 ms

2025-02-25 12:02:56 [INFO]: GET /movie/9 200 15.842 ms

2025-02-25 12:02:56 [INFO]: GET /movie/10 200 18.156 ms

2025-02-25 12:02:56 [INFO]: GET /movie/1 200 21.095 ms

2025-02-25 12:02:58 [INFO]: GET /movie/73 200 30.421 ms

2025-02-25 12:02:60 [INFO]: GET /movie/74 200 51.764 ms

2025-02-25 12:02:64 [INFO]: GET /movie/3 200 14.502 ms

2025-02-25 12:02:64 [INFO]: GET /movie/2 200 16.282 ms

2025-02-25 12:02:64 [INFO]: GET /movie/13 200 19.004 ms

2025-02-25 12:02:65 [INFO]: GET /movie/4 200 23.030 ms

2025-02-25 12:02:66 [INFO]: GET /movie/6 200 24.694 ms

2025-02-25 12:02:70 [INFO]: GET /movie/9 200 37.898 ms

2025-02-25 12:02:71 [INFO]: GET /movie/10 200 33.523 ms

2025-02-25 12:02:72 [INFO]: GET /movie/1 200 34.459 ms

2025-02-25 12:02:72 [INFO]: GET /movie/73 200 37.622 ms

2025-02-25 12:02:73 [INFO]: GET /movie/74 200 39.429 ms

2025-02-25 12:02:74 [INFO]: GET /movie/3 200 25.101 ms

2025-02-25 12:02:76 [INFO]: GET /movie/2 200 27.679 ms

2025-02-25 12:02:76 [INFO]: GET /movie/4 200 13.685 ms

2025-02-25 12:02:11 [ERROR]: GET /user/info 401 10.201 ms

2025-02-25 12:02:13 [INFO]: GET /movie/chart 304 2.574 ms

2025-02-25 12:02:15 [ERROR]: GET /user/refresh 401 6.742 ms

2025-02-25 12:02:47 [INFO]: GET /movie/9 304 223.394 ms

2025-02-25 12:02:49 [INFO]: GET /movie/13 304 258.236 ms

2025-02-25 12:02:49 [INFO]: GET /movie/6 304 246.828 ms

2025-02-25 12:02:51 [INFO]: GET /movie/1 304 259.806 ms

2025-02-25 12:02:52 [INFO]: GET /movie/4 304 270.946 ms

2025-02-25 12:02:54 [INFO]: GET /movie/10 304 283.087 ms

2025-02-25 12:02:67 [INFO]: GET /movie/73 304 14.264 ms

2025-02-25 12:02:68 [INFO]: GET /movie/74 304 19.162 ms

2025-02-25 12:02:68 [INFO]: GET /movie/3 304 22.119 ms

2025-02-25 12:02:70 [INFO]: GET /movie/2 304 31.539 ms

2025-02-25 12:02:71 [INFO]: GET /movie/9 304 42.931 ms

2025-02-25 12:02:72 [INFO]: GET /movie/13 304 50.019 ms

2025-02-25 12:02:75 [INFO]: GET /movie/6 304 20.706 ms

2025-02-25 12:02:75 [INFO]: GET /movie/1 304 23.766 ms

2025-02-25 12:02:77 [INFO]: GET /movie/4 304 25.296 ms

2025-02-25 12:02:77 [INFO]: GET /movie/10 304 14.031 ms

2025-02-25 12:02:79 [INFO]: GET /movie/73 304 19.010 ms

2025-02-25 12:02:80 [INFO]: GET /movie/74 304 24.386 ms

2025-02-25 12:02:81 [INFO]: GET /movie/3 304 21.111 ms

2025-02-25 12:02:81 [INFO]: GET /movie/2 304 24.149 ms

2025-02-25 12:02:82 [INFO]: GET /movie/9 304 33.327 ms

2025-02-25 12:02:84 [INFO]: GET /movie/13 304 38.930 ms

2025-02-25 12:02:85 [INFO]: GET /movie/6 304 14.214 ms

2025-02-25 12:02:86 [INFO]: GET /movie/4 304 14.670 ms

2025-02-25 12:02:86 [INFO]: GET /movie/10 304 15.037 ms

2025-02-25 12:02:58 [INFO]: GET /auth/google?redirectUrl=http%3A%2F%2Flocalhost%3A3000%2Fmovie 302 3.627 ms

2025-02-25 12:02:79 [INFO]: GET /auth/google/callback?state=http%253A%252F%252Flocalhost%253A3000%252Fmovie&code=4%2F0ASVgi3KcrbNJb3fshzQeXZCi3380DEbaVXSIlHquT-o-V98tzACJjgQXJxZNGn2CGaFByg&scope=email+profile+openid+https%3A%2F%2Fwww.googleapis.com%2Fauth%2Fuserinfo.email+https%3A%2F%2Fwww.googleapis.com%2Fauth%2Fuserinfo.profile&authuser=0&prompt=none 302 922.449 ms

2025-02-25 12:02:19 [ERROR]: GET /user/info 401 1.918 ms

2025-02-25 12:02:20 [INFO]: GET /movie/chart 304 2.100 ms

2025-02-25 12:02:32 [ERROR]: GET /user/refresh 401 3.302 ms

2025-02-25 12:02:34 [INFO]: GET /movie/13 304 8.106 ms

2025-02-25 12:02:35 [INFO]: GET /movie/6 304 11.268 ms

2025-02-25 12:02:36 [INFO]: GET /movie/9 304 16.091 ms

2025-02-25 12:02:36 [INFO]: GET /movie/10 304 18.044 ms

2025-02-25 12:02:40 [INFO]: GET /movie/1 304 21.308 ms

2025-02-25 12:02:42 [INFO]: GET /movie/4 304 44.319 ms

2025-02-25 12:02:43 [INFO]: GET /movie/73 304 39.243 ms

2025-02-25 12:02:43 [INFO]: GET /movie/74 304 46.160 ms

2025-02-25 12:02:44 [INFO]: GET /movie/3 304 47.053 ms

2025-02-25 12:02:44 [INFO]: GET /movie/2 304 48.569 ms

2025-02-25 12:02:51 [INFO]: GET /movie/13 304 22.684 ms

2025-02-25 12:02:53 [INFO]: GET /movie/6 304 35.202 ms

2025-02-25 12:02:54 [INFO]: GET /movie/9 304 41.394 ms

2025-02-25 12:02:55 [INFO]: GET /movie/10 304 48.687 ms

2025-02-25 12:02:56 [INFO]: GET /movie/1 304 51.001 ms

2025-02-25 12:02:60 [INFO]: GET /movie/4 304 85.605 ms

2025-02-25 12:02:66 [INFO]: GET /movie/73 304 44.593 ms

2025-02-25 12:02:67 [INFO]: GET /movie/74 304 53.780 ms

2025-02-25 12:02:69 [INFO]: GET /movie/3 304 51.776 ms

2025-02-25 12:02:70 [INFO]: GET /movie/2 304 54.702 ms

2025-02-25 12:02:77 [INFO]: GET /movie/13 304 11.197 ms

2025-02-25 12:02:79 [INFO]: GET /movie/6 304 16.972 ms

2025-02-25 12:02:86 [INFO]: GET /movie/9 304 72.434 ms

2025-02-25 12:02:95 [INFO]: GET /movie/10 304 40.933 ms

2025-02-25 12:02:98 [INFO]: GET /movie/4 304 57.741 ms

2025-02-25 12:02:67 [INFO]: GET /auth/google?redirectUrl=http%3A%2F%2Flocalhost%3A3000%2Fmovie 302 0.413 ms

2025-02-25 12:02:84 [INFO]: GET /auth/google/callback?state=http%253A%252F%252Flocalhost%253A3000%252Fmovie&code=4%2F0AQSTgQEaorloriBFtVNiATMNYalDB-RsDUSm-7SjyILPmgdTIWliEW_ExVRrfjIXQVRARg&scope=email+profile+https%3A%2F%2Fwww.googleapis.com%2Fauth%2Fuserinfo.email+https%3A%2F%2Fwww.googleapis.com%2Fauth%2Fuserinfo.profile+openid&authuser=0&prompt=none 302 900.074 ms

2025-02-25 12:02:06 [INFO]: GET /user/info 200 10.229 ms

2025-02-25 12:02:98 [ERROR]: GET /user/info 401 19.985 ms

2025-02-25 12:02:02 [ERROR]: GET /user/refresh 500 14.165 ms

2025-02-25 12:02:35 [ERROR]: GET /user/info 401 13.974 ms

2025-02-25 12:02:38 [ERROR]: GET /user/refresh 401 13.528 ms

2025-02-25 13:02:64 [ERROR]: GET /user/info 401 14.935 ms

2025-02-25 13:02:69 [ERROR]: GET /user/refresh 401 7.599 ms

2025-02-25 13:02:66 [ERROR]: GET /user/info 401 3.342 ms

2025-02-25 13:02:67 [ERROR]: GET /user/refresh 401 3.159 ms

2025-02-25 13:02:74 [ERROR]: GET /user/refresh 401 10.232 ms

2025-02-25 13:02:45 [ERROR]: GET /user/info 401 2.880 ms

2025-02-25 13:02:50 [ERROR]: GET /user/refresh 401 5.775 ms

2025-02-25 13:02:32 [INFO]: GET /auth/google?redirectUrl=http%3A%2F%2Flocalhost%3A3000%2Fmovie 302 5.222 ms

2025-02-25 13:02:43 [INFO]: GET /auth/google/callback?state=http%253A%252F%252Flocalhost%253A3000%252Fmovie&code=4%2F0ASVgi3JBCPcHnvygFPYe101SjBZskEHkG8Gm4FW7C3gFijFZK1jDCVRqcsRPHG7L_qVIpA&scope=email+profile+https%3A%2F%2Fwww.googleapis.com%2Fauth%2Fuserinfo.email+https%3A%2F%2Fwww.googleapis.com%2Fauth%2Fuserinfo.profile+openid&authuser=0&prompt=none 302 806.220 ms

2025-02-25 13:02:69 [INFO]: GET /user/info 304 16.475 ms

2025-02-25 13:02:41 [INFO]: GET /user/info 304 9.429 ms

2025-02-25 13:02:60 [ERROR]: GET /user/logout 401 12.482 ms

2025-02-25 13:02:13 [ERROR]: GET /user/info 401 7.937 ms

2025-02-25 13:02:17 [ERROR]: GET /user/refresh 500 13.077 ms

2025-02-25 13:02:85 [INFO]: GET /auth/google?redirectUrl=http%3A%2F%2Flocalhost%3A3000%2Fmovie 302 1.843 ms

2025-02-25 13:02:100 [INFO]: GET /auth/google/callback?state=http%253A%252F%252Flocalhost%253A3000%252Fmovie&code=4%2F0ASVgi3KQer_G5Oro2rhe1UWDPAQ6o9a8UmovovTHrToK9hxV0eBDPWlNJRnUZyG8UorIbQ&scope=email+profile+https%3A%2F%2Fwww.googleapis.com%2Fauth%2Fuserinfo.profile+https%3A%2F%2Fwww.googleapis.com%2Fauth%2Fuserinfo.email+openid&authuser=0&prompt=none 302 831.334 ms

2025-02-25 13:02:20 [INFO]: GET /user/info 304 13.911 ms

2025-02-25 13:02:13 [INFO]: GET /user/info 304 5.640 ms

2025-02-25 13:02:97 [INFO]: GET /user/info 304 8.327 ms

2025-02-25 13:02:36 [INFO]: GET /user/info 304 5.788 ms

2025-02-25 13:02:25 [INFO]: GET /user/info 304 8.003 ms

2025-02-25 13:02:16 [ERROR]: GET /user/info 401 4.232 ms

2025-02-25 13:02:22 [ERROR]: GET /user/refresh 500 7.948 ms

2025-02-25 13:02:68 [ERROR]: GET /user/info 401 3.660 ms

2025-02-25 13:02:74 [ERROR]: GET /user/refresh 401 3.243 ms

2025-02-25 13:02:90 [INFO]: GET /auth/google?redirectUrl=http%3A%2F%2Flocalhost%3A3000%2Fmovie 302 6.274 ms

2025-02-25 13:02:06 [INFO]: GET /auth/google/callback?state=http%253A%252F%252Flocalhost%253A3000%252Fmovie&code=4%2F0ASVgi3IBDasbQ5QLhLQBPPHSfCbhXa0Wk067SXbwQtyg6IRmNt0WRG4yunRkNGmeoLjZAQ&scope=email+profile+openid+https%3A%2F%2Fwww.googleapis.com%2Fauth%2Fuserinfo.email+https%3A%2F%2Fwww.googleapis.com%2Fauth%2Fuserinfo.profile&authuser=0&prompt=none 302 869.242 ms

2025-02-25 13:02:12 [ERROR]: GET /user/info 401 15.854 ms

2025-02-25 13:02:14 [INFO]: GET /movie/chart 304 6.556 ms

2025-02-25 13:02:20 [ERROR]: GET /user/refresh 500 16.950 ms

2025-02-25 13:02:48 [INFO]: GET /movie/6 304 153.006 ms

2025-02-25 13:02:52 [INFO]: GET /movie/13 304 215.524 ms

2025-02-25 13:02:53 [INFO]: GET /movie/10 304 203.553 ms

2025-02-25 13:02:55 [INFO]: GET /movie/1 304 214.788 ms

2025-02-25 13:02:55 [INFO]: GET /movie/9 304 226.186 ms

2025-02-25 13:02:57 [INFO]: GET /movie/4 304 238.899 ms

2025-02-25 13:02:64 [INFO]: GET /movie/73 304 69.889 ms

2025-02-25 13:02:66 [INFO]: GET /movie/74 304 59.716 ms

2025-02-25 13:02:67 [INFO]: GET /movie/3 304 62.104 ms

2025-02-25 13:02:68 [INFO]: GET /movie/2 304 62.717 ms

2025-02-25 13:02:69 [INFO]: GET /movie/6 304 64.125 ms

2025-02-25 13:02:71 [INFO]: GET /movie/13 304 56.519 ms

2025-02-25 13:02:80 [INFO]: GET /movie/10 304 95.635 ms

2025-02-25 13:02:82 [INFO]: GET /movie/1 304 23.941 ms

2025-02-25 13:02:83 [INFO]: GET /movie/9 304 30.701 ms

2025-02-25 13:02:84 [INFO]: GET /movie/4 304 47.585 ms

2025-02-25 13:02:86 [INFO]: GET /movie/73 304 53.607 ms

2025-02-25 13:02:87 [INFO]: GET /movie/74 304 59.972 ms

2025-02-25 13:02:89 [INFO]: GET /movie/3 304 35.097 ms

2025-02-25 13:02:90 [INFO]: GET /movie/2 304 17.704 ms

2025-02-25 13:02:90 [INFO]: GET /movie/6 304 22.853 ms

2025-02-25 13:02:91 [INFO]: GET /movie/13 304 27.311 ms

2025-02-25 13:02:92 [INFO]: GET /movie/10 304 27.506 ms

2025-02-25 13:02:93 [INFO]: GET /movie/9 304 36.267 ms

2025-02-25 13:02:94 [INFO]: GET /movie/4 304 22.066 ms

2025-02-25 13:02:22 [INFO]: GET /auth/google?redirectUrl=http%3A%2F%2Flocalhost%3A3000%2F 302 3.133 ms

2025-02-25 13:02:36 [INFO]: GET /auth/google/callback?state=http%253A%252F%252Flocalhost%253A3000%252F&code=4%2F0AQSTgQFFUUbKsS5wL_tFhTOnbbNhY7beyfJtx3KmhWf3GOLkYq6n0G6UkGH1C17lJ6lhFw&scope=email+profile+https%3A%2F%2Fwww.googleapis.com%2Fauth%2Fuserinfo.email+https%3A%2F%2Fwww.googleapis.com%2Fauth%2Fuserinfo.profile+openid&authuser=0&prompt=none 302 795.617 ms

2025-02-25 13:02:69 [ERROR]: GET /user/info 401 4.698 ms

2025-02-25 13:02:70 [INFO]: GET /movie/chart 304 2.352 ms

2025-02-25 13:02:83 [ERROR]: GET /user/refresh 500 12.104 ms

2025-02-25 13:02:87 [INFO]: GET /movie/13 304 34.319 ms

2025-02-25 13:02:87 [INFO]: GET /movie/6 304 29.516 ms

2025-02-25 13:02:89 [INFO]: GET /movie/9 304 35.224 ms

2025-02-25 13:02:92 [INFO]: GET /movie/10 304 68.865 ms

2025-02-25 13:02:93 [INFO]: GET /movie/4 304 76.756 ms

2025-02-25 13:02:98 [INFO]: GET /movie/1 304 117.134 ms

2025-02-25 13:02:23 [INFO]: GET /movie/73 304 15.482 ms

2025-02-25 13:02:24 [INFO]: GET /movie/74 304 22.243 ms

2025-02-25 13:02:26 [INFO]: GET /movie/3 304 34.312 ms

2025-02-25 13:02:27 [INFO]: GET /movie/2 304 43.270 ms

2025-02-25 13:02:27 [INFO]: GET /movie/13 304 49.826 ms

2025-02-25 13:02:29 [INFO]: GET /movie/6 304 61.986 ms

2025-02-25 13:02:31 [INFO]: GET /movie/9 304 12.170 ms

2025-02-25 13:02:32 [INFO]: GET /movie/10 304 17.377 ms

2025-02-25 13:02:34 [INFO]: GET /movie/4 304 30.308 ms

2025-02-25 13:02:35 [INFO]: GET /movie/1 304 39.968 ms

2025-02-25 13:02:39 [INFO]: GET /movie/73 304 18.944 ms

2025-02-25 13:02:39 [INFO]: GET /movie/74 304 18.397 ms

2025-02-25 13:02:40 [INFO]: GET /movie/3 304 14.801 ms

2025-02-25 13:02:40 [INFO]: GET /movie/2 304 16.314 ms

2025-02-25 13:02:41 [INFO]: GET /movie/13 304 22.557 ms

2025-02-25 13:02:42 [INFO]: GET /movie/6 304 28.464 ms

2025-02-25 13:02:44 [INFO]: GET /movie/9 304 19.656 ms

2025-02-25 13:02:45 [INFO]: GET /movie/10 304 16.975 ms

2025-02-25 13:02:45 [INFO]: GET /movie/4 304 21.518 ms

2025-02-25 13:02:95 [ERROR]: GET /user/info 401 1.437 ms

2025-02-25 13:02:96 [INFO]: GET /movie/chart 200 1.532 ms

2025-02-25 13:02:12 [ERROR]: GET /user/refresh 401 3.108 ms

2025-02-25 13:02:13 [INFO]: GET /movie/13 200 7.151 ms

2025-02-25 13:02:14 [INFO]: GET /movie/6 200 7.572 ms

2025-02-25 13:02:15 [INFO]: GET /movie/9 200 15.470 ms

2025-02-25 13:02:15 [INFO]: GET /movie/10 200 15.826 ms

2025-02-25 13:02:16 [INFO]: GET /movie/4 200 8.176 ms

2025-02-25 13:02:22 [INFO]: GET /movie/1 200 9.814 ms

2025-02-25 13:02:22 [INFO]: GET /movie/73 200 16.053 ms

2025-02-25 13:02:23 [INFO]: GET /movie/74 200 19.428 ms

2025-02-25 13:02:23 [INFO]: GET /movie/3 200 23.108 ms

2025-02-25 13:02:24 [INFO]: GET /movie/2 200 26.091 ms

2025-02-25 13:02:26 [INFO]: GET /movie/13 200 12.078 ms

2025-02-25 13:02:27 [INFO]: GET /movie/6 200 13.823 ms

2025-02-25 13:02:27 [INFO]: GET /movie/9 200 17.537 ms

2025-02-25 13:02:29 [INFO]: GET /movie/10 200 18.377 ms

2025-02-25 13:02:29 [INFO]: GET /movie/4 200 33.010 ms

2025-02-25 13:02:36 [INFO]: GET /movie/1 200 23.559 ms

2025-02-25 13:02:37 [INFO]: GET /movie/73 200 25.888 ms

2025-02-25 13:02:40 [INFO]: GET /movie/74 200 42.076 ms

2025-02-25 13:02:41 [INFO]: GET /movie/2 200 53.796 ms

2025-02-25 13:02:42 [INFO]: GET /movie/3 200 66.346 ms

2025-02-25 13:02:45 [INFO]: GET /movie/13 200 21.610 ms

2025-02-25 13:02:46 [INFO]: GET /movie/6 200 25.167 ms

2025-02-25 13:02:46 [INFO]: GET /movie/9 200 21.694 ms

2025-02-25 13:02:47 [INFO]: GET /movie/10 200 22.490 ms

2025-02-25 13:02:48 [INFO]: GET /movie/4 200 26.765 ms

2025-02-25 13:02:36 [ERROR]: GET /user/info 401 1.588 ms

2025-02-25 13:02:41 [ERROR]: GET /user/refresh 401 3.950 ms

2025-02-25 13:02:73 [ERROR]: GET /user/info 401 21.321 ms

2025-02-25 13:02:46 [INFO]: GET /user/info 200 7.741 ms

2025-02-25 13:02:51 [ERROR]: GET /user/refresh 401 8.600 ms

2025-02-25 13:02:86 [INFO]: GET /user/info 200 0.738 ms

2025-02-25 13:02:52 [INFO]: GET /user/info 200 4.683 ms

2025-02-25 13:02:27 [INFO]: GET /user/info 200 10.271 ms

2025-02-25 13:02:51 [INFO]: GET /user/info 200 4.752 ms

2025-02-25 13:02:41 [INFO]: GET /auth/google?redirectUrl=http%3A%2F%2Flocalhost%3A3000%2Fmovie 302 3.192 ms

2025-02-25 13:02:27 [INFO]: GET /auth/google/callback?state=http%253A%252F%252Flocalhost%253A3000%252Fmovie&code=4%2F0AQSTgQGVYBSsFWE3W8rKeDLlyEItBNgb58Rtx_3bi8TCIz_8PDjNoKjCzYD0pAC9LY6Nrw&scope=email+profile+https%3A%2F%2Fwww.googleapis.com%2Fauth%2Fuserinfo.profile+openid+https%3A%2F%2Fwww.googleapis.com%2Fauth%2Fuserinfo.email&authuser=0&prompt=none 302 1523.914 ms

2025-02-25 13:02:59 [INFO]: GET /user/info 200 25.914 ms

2025-02-25 13:02:79 [INFO]: GET /user/info 304 10.584 ms

2025-02-25 13:02:85 [ERROR]: GET /user/info 401 8.239 ms

2025-02-25 13:02:91 [ERROR]: GET /user/refresh 500 18.116 ms

2025-02-25 13:02:14 [INFO]: GET /auth/google?redirectUrl=http%3A%2F%2Flocalhost%3A3000%2Fmovie 302 8.811 ms

2025-02-25 13:02:32 [INFO]: GET /auth/google/callback?state=http%253A%252F%252Flocalhost%253A3000%252Fmovie&code=4%2F0AQSTgQHe1Ohre_NDekmz5J8NtbBivNrBNsf0dyrPq_Fh1gZNfY5trzTBZa3ZlSAP6J-Q5g&scope=email+profile+https%3A%2F%2Fwww.googleapis.com%2Fauth%2Fuserinfo.email+https%3A%2F%2Fwww.googleapis.com%2Fauth%2Fuserinfo.profile+openid&authuser=0&prompt=none 302 861.068 ms

2025-02-25 13:02:89 [INFO]: GET /user/info 304 18.158 ms

2025-02-25 13:02:63 [ERROR]: GET /user/info 401 12.042 ms

2025-02-25 13:02:66 [ERROR]: GET /user/refresh 500 12.899 ms

2025-02-25 13:02:31 [INFO]: GET /user/info 200 6.146 ms

2025-02-25 13:02:13 [INFO]: GET /user/info 200 0.689 ms

2025-02-25 13:02:75 [INFO]: GET /auth/google?redirectUrl=http%3A%2F%2Flocalhost%3A3000%2Fmovie 302 2.676 ms

2025-02-25 13:02:79 [INFO]: GET /auth/google/callback?state=http%253A%252F%252Flocalhost%253A3000%252Fmovie&code=4%2F0ASVgi3JICabwCX_rnO1J8vWn3molW_oNX1igTdNpW90vTGPG5JjPpC3sGM8CqzZfFQ_2nA&scope=email+profile+https%3A%2F%2Fwww.googleapis.com%2Fauth%2Fuserinfo.email+https%3A%2F%2Fwww.googleapis.com%2Fauth%2Fuserinfo.profile+openid&authuser=0&prompt=none 302 796.921 ms

2025-02-25 13:02:97 [INFO]: GET /user/info 200 11.783 ms

2025-02-25 13:02:86 [ERROR]: GET /user/info 401 15.657 ms

2025-02-25 13:02:94 [ERROR]: GET /user/refresh 500 27.072 ms

2025-02-25 13:02:37 [INFO]: GET /user/info 200 0.435 ms

2025-02-25 13:02:60 [INFO]: GET /auth/google?redirectUrl=http%3A%2F%2Flocalhost%3A3000%2Fmovie 302 0.548 ms

2025-02-25 13:02:55 [INFO]: GET /auth/google/callback?state=http%253A%252F%252Flocalhost%253A3000%252Fmovie&code=4%2F0AQSTgQHVrrO7gKljyczVmoLgwHhnnilOCDYX-p_y5jdHhJG4bVMMosgZxNG4a_L9gPW0-Q&scope=email+profile+https%3A%2F%2Fwww.googleapis.com%2Fauth%2Fuserinfo.email+https%3A%2F%2Fwww.googleapis.com%2Fauth%2Fuserinfo.profile+openid&authuser=0&prompt=none 302 650.711 ms

2025-02-25 13:02:83 [INFO]: GET /user/info 200 5.605 ms

2025-02-25 13:02:98 [ERROR]: GET /user/info 401 19.801 ms

2025-02-25 13:02:03 [INFO]: GET /user/refresh 200 20.732 ms

2025-02-25 13:02:17 [INFO]: GET /user/info 304 67.371 ms

2025-02-25 13:02:97 [ERROR]: GET /user/info 401 4.107 ms

2025-02-25 13:02:00 [INFO]: GET /user/refresh 304 8.612 ms

2025-02-25 13:02:05 [INFO]: GET /user/info 304 14.060 ms

2025-02-25 13:02:23 [INFO]: GET /user/info 304 11.777 ms

2025-02-25 18:02:60 [ERROR]: GET /user/info 401 46.968 ms

2025-02-25 18:02:64 [ERROR]: GET /user/refresh 401 8.217 ms

2025-02-25 18:02:42 [INFO]: GET /user/info 200 1.223 ms

2025-02-25 18:02:46 [INFO]: GET /user/info 200 2.775 ms

2025-02-25 18:02:40 [INFO]: GET /auth/google?redirectUrl=http%3A%2F%2Flocalhost%3A3000%2Fmovie 302 2.055 ms

2025-02-25 18:02:18 [INFO]: GET /auth/google/callback?state=http%253A%252F%252Flocalhost%253A3000%252Fmovie&code=4%2F0ASVgi3JfbSUheFdXYxxJbEzEmqJi9CzVe-J_7XQ9aE6a9mELV4yQbx34gDIYG6E066tnRA&scope=email+profile+https%3A%2F%2Fwww.googleapis.com%2Fauth%2Fuserinfo.email+openid+https%3A%2F%2Fwww.googleapis.com%2Fauth%2Fuserinfo.profile&authuser=0&prompt=none 302 1444.426 ms

2025-02-25 18:02:40 [INFO]: GET /user/info 200 15.157 ms

2025-02-25 18:02:77 [ERROR]: GET /user/info 401 5.862 ms

2025-02-25 18:02:42 [INFO]: GET /auth/google?redirectUrl=http%3A%2F%2Flocalhost%3A3000%2Fmovie 302 1.089 ms

2025-02-25 18:02:67 [INFO]: GET /auth/google/callback?state=http%253A%252F%252Flocalhost%253A3000%252Fmovie&code=4%2F0AQSTgQGaiqkW2zx6cgHrIySgDSBiFWw1TPiXa2TlgJpjPNl1VllE3BnRI2dF9Y3EC9N4sg&scope=email+profile+https%3A%2F%2Fwww.googleapis.com%2Fauth%2Fuserinfo.profile+https%3A%2F%2Fwww.googleapis.com%2Fauth%2Fuserinfo.email+openid&authuser=0&prompt=none 302 879.153 ms

2025-02-25 18:02:14 [ERROR]: GET /user/info 401 5.824 ms

2025-02-25 18:02:33 [INFO]: GET /user/info 200 3.527 ms

2025-02-25 18:02:37 [INFO]: GET /movie/chart 200 18.314 ms

2025-02-25 18:02:04 [INFO]: GET /movie/6 200 120.939 ms

2025-02-25 18:02:05 [INFO]: GET /movie/4 200 120.724 ms

2025-02-25 18:02:06 [INFO]: GET /movie/1 200 129.823 ms

2025-02-25 18:02:07 [INFO]: GET /movie/13 200 193.900 ms

2025-02-25 18:02:07 [INFO]: GET /movie/10 200 149.416 ms

2025-02-25 18:02:08 [INFO]: GET /movie/9 200 160.741 ms

2025-02-25 18:02:12 [INFO]: GET /movie/73 200 17.023 ms

2025-02-25 18:02:13 [INFO]: GET /movie/2 200 18.026 ms

2025-02-25 18:02:14 [INFO]: GET /movie/3 200 28.869 ms

2025-02-25 18:02:14 [INFO]: GET /movie/74 200 34.312 ms

2025-02-25 18:02:16 [INFO]: GET /movie/6 304 43.228 ms

2025-02-25 18:02:16 [INFO]: GET /movie/4 304 45.080 ms

2025-02-25 18:02:19 [INFO]: GET /movie/1 304 14.684 ms

2025-02-25 18:02:20 [INFO]: GET /movie/13 304 20.270 ms

2025-02-25 18:02:21 [INFO]: GET /movie/9 304 30.872 ms

2025-02-25 18:02:22 [INFO]: GET /movie/10 304 38.063 ms

2025-02-25 18:02:23 [INFO]: GET /movie/73 304 44.078 ms

2025-02-25 18:02:24 [INFO]: GET /movie/2 304 53.744 ms

2025-02-25 18:02:27 [INFO]: GET /movie/3 304 14.926 ms

2025-02-25 18:02:28 [INFO]: GET /movie/74 304 17.916 ms

2025-02-25 18:02:28 [INFO]: GET /movie/6 304 19.401 ms

2025-02-25 18:02:28 [INFO]: GET /movie/4 304 21.798 ms

2025-02-25 18:02:29 [INFO]: GET /movie/13 304 21.492 ms

2025-02-25 18:02:30 [INFO]: GET /movie/9 304 18.173 ms

2025-02-25 18:02:31 [INFO]: GET /movie/10 304 5.478 ms

2025-02-25 18:02:88 [ERROR]: GET /user/info 401 9.978 ms

2025-02-25 18:02:31 [ERROR]: GET /user/info 401 11.887 ms

2025-02-25 18:02:27 [INFO]: GET /user/info 200 0.341 ms

2025-02-25 18:02:81 [INFO]: GET /user/info 200 3.296 ms

2025-02-25 18:02:82 [INFO]: GET /movie/chart 304 4.301 ms

2025-02-25 18:02:100 [INFO]: GET /movie/13 304 61.029 ms

2025-02-25 18:02:02 [INFO]: GET /movie/73 304 55.392 ms

2025-02-25 18:02:03 [INFO]: GET /movie/9 304 71.651 ms

2025-02-25 18:02:03 [INFO]: GET /movie/6 304 77.774 ms

2025-02-25 18:02:04 [INFO]: GET /movie/1 304 77.430 ms

2025-02-25 18:02:06 [INFO]: GET /movie/4 304 94.255 ms

2025-02-25 18:02:11 [INFO]: GET /movie/74 304 15.420 ms

2025-02-25 18:02:13 [INFO]: GET /movie/10 304 36.313 ms

2025-02-25 18:02:14 [INFO]: GET /movie/3 304 45.081 ms

2025-02-25 18:02:18 [INFO]: GET /movie/2 304 80.698 ms

2025-02-25 18:02:23 [INFO]: GET /movie/13 304 119.907 ms

2025-02-25 18:02:31 [INFO]: GET /movie/73 304 203.803 ms

2025-02-25 18:02:41 [INFO]: GET /movie/9 304 34.918 ms

2025-02-25 18:02:41 [INFO]: GET /movie/6 304 27.378 ms

2025-02-25 18:02:42 [INFO]: GET /movie/1 304 22.632 ms

2025-02-25 18:02:44 [INFO]: GET /movie/4 304 37.544 ms

2025-02-25 18:02:49 [INFO]: GET /movie/74 304 86.813 ms

2025-02-25 18:02:57 [INFO]: GET /movie/10 304 68.204 ms

2025-02-25 18:02:61 [INFO]: GET /movie/2 304 38.406 ms

2025-02-25 18:02:63 [INFO]: GET /movie/3 304 65.852 ms

2025-02-25 18:02:74 [INFO]: GET /movie/13 304 26.685 ms

2025-02-25 18:02:75 [INFO]: GET /movie/9 304 37.718 ms

2025-02-25 18:02:76 [INFO]: GET /movie/6 304 40.106 ms

2025-02-25 18:02:78 [INFO]: GET /movie/4 304 60.665 ms

2025-02-25 18:02:80 [INFO]: GET /movie/10 304 71.420 ms

2025-02-25 18:02:61 [INFO]: GET /user/info 200 1.991 ms

2025-02-25 18:02:68 [INFO]: GET /user/info 200 0.569 ms

2025-02-25 18:02:100 [INFO]: GET /auth/google?redirectUrl=http%3A%2F%2Flocalhost%3A3000%2Fmovie 302 3.664 ms

2025-02-25 18:02:21 [INFO]: GET /auth/google/callback?state=http%253A%252F%252Flocalhost%253A3000%252Fmovie&code=4%2F0ASVgi3KLvUR5-JGDf8c5HWQJWIHvRBjiT6TzbhaNUzqe0HegG7MUtiL2KU2bR50vzo0-jw&scope=email+profile+openid+https%3A%2F%2Fwww.googleapis.com%2Fauth%2Fuserinfo.email+https%3A%2F%2Fwww.googleapis.com%2Fauth%2Fuserinfo.profile&authuser=0&prompt=none 302 882.428 ms

2025-02-25 18:02:53 [INFO]: GET /user/info 200 10.814 ms

2025-02-25 18:02:39 [INFO]: GET /movie/chart 304 1.138 ms

2025-02-25 18:02:51 [INFO]: GET /movie/13 304 4.546 ms

2025-02-25 18:02:51 [INFO]: GET /movie/6 304 5.606 ms

2025-02-25 18:02:63 [INFO]: GET /movie/9 304 6.058 ms

2025-02-25 18:02:64 [INFO]: GET /movie/10 304 15.127 ms

2025-02-25 18:02:65 [INFO]: GET /movie/4 304 17.092 ms

2025-02-25 18:02:65 [INFO]: GET /movie/1 304 9.163 ms

2025-02-25 18:02:66 [INFO]: GET /movie/73 304 6.233 ms

2025-02-25 18:02:66 [INFO]: GET /movie/74 304 5.457 ms

2025-02-25 18:02:70 [INFO]: GET /movie/3 304 6.078 ms

2025-02-25 18:02:71 [INFO]: GET /movie/2 304 6.530 ms

2025-02-25 18:02:72 [INFO]: GET /movie/13 304 7.472 ms

2025-02-25 18:02:73 [INFO]: GET /movie/6 304 8.482 ms

2025-02-25 18:02:74 [INFO]: GET /movie/9 304 9.939 ms

2025-02-25 18:02:75 [INFO]: GET /movie/10 304 4.480 ms

2025-02-25 18:02:77 [INFO]: GET /movie/4 304 4.367 ms

2025-02-25 18:02:78 [INFO]: GET /movie/1 304 6.106 ms

2025-02-25 18:02:79 [INFO]: GET /movie/73 304 7.205 ms

2025-02-25 18:02:79 [INFO]: GET /movie/74 304 10.904 ms

2025-02-25 18:02:80 [INFO]: GET /movie/3 304 4.876 ms

2025-02-25 18:02:81 [INFO]: GET /movie/2 304 4.168 ms

2025-02-25 18:02:83 [INFO]: GET /movie/13 304 13.022 ms

2025-02-25 18:02:84 [INFO]: GET /movie/6 304 11.161 ms

2025-02-25 18:02:86 [INFO]: GET /movie/9 304 27.423 ms

2025-02-25 18:02:86 [INFO]: GET /movie/10 304 30.191 ms

2025-02-25 18:02:90 [INFO]: GET /movie/4 304 3.651 ms

2025-02-25 18:02:41 [INFO]: GET /user/info 304 10.236 ms

2025-02-25 18:02:39 [INFO]: GET /user/info 304 4.401 ms

2025-02-25 18:02:59 [ERROR]: GET /user/info 401 13.991 ms

2025-02-25 18:02:30 [ERROR]: GET /user/info 401 16.810 ms

2025-02-25 18:02:65 [INFO]: GET /user/info 200 1.668 ms

2025-02-25 18:02:71 [ERROR]: GET /user/info 401 13.328 ms

2025-02-25 18:02:77 [INFO]: GET /user/refresh 304 22.685 ms

2025-02-25 18:02:81 [INFO]: GET /user/refresh 304 9.051 ms

2025-02-25 18:02:93 [INFO]: GET /user/info 304 77.723 ms

2025-02-25 18:02:95 [INFO]: GET /user/info 304 6.713 ms

2025-02-25 18:02:21 [INFO]: GET /user/info 200 6.657 ms

2025-02-25 18:02:48 [ERROR]: GET /user/info 401 23.200 ms

2025-02-25 18:02:58 [ERROR]: GET /user/refresh 401 6.621 ms

2025-02-25 18:02:85 [INFO]: GET /user/info 200 0.842 ms

2025-02-25 18:02:91 [INFO]: GET /user/info 200 0.744 ms

2025-02-25 18:02:92 [INFO]: GET /auth/naver?redirectUrl=http%3A%2F%2Flocalhost%3A3000%2Fmovie 302 2.023 ms

2025-02-25 18:02:00 [INFO]: GET /auth/naver/callback?code=sklKjEYO5zDpx69y3Z&state=http%3A%2F%2Flocalhost%3A3000%2Fmovie 302 499.040 ms

2025-02-25 18:02:69 [INFO]: GET /user/info 200 6.364 ms

2025-02-25 18:02:76 [INFO]: GET /user/info 304 8.003 ms

2025-02-25 18:02:74 [INFO]: GET /user/info 304 6.587 ms

2025-02-25 18:02:47 [INFO]: GET /user/info 304 13.362 ms

2025-02-25 18:02:37 [ERROR]: GET /user/info 401 13.729 ms

2025-02-25 18:02:45 [ERROR]: GET /user/refresh 401 6.020 ms

2025-02-25 18:02:66 [INFO]: GET /user/info 200 0.827 ms

2025-02-25 18:02:66 [INFO]: GET /movie/chart 304 2.443 ms

2025-02-25 18:02:95 [INFO]: GET /movie/6 304 47.241 ms

2025-02-25 18:02:97 [INFO]: GET /movie/13 304 160.407 ms

2025-02-25 18:02:98 [INFO]: GET /movie/1 304 5.772 ms

2025-02-25 18:02:99 [INFO]: GET /movie/4 304 44.645 ms

2025-02-25 18:02:00 [INFO]: GET /movie/10 304 59.427 ms

2025-02-25 18:02:03 [INFO]: GET /movie/74 304 13.380 ms

2025-02-25 18:02:03 [INFO]: GET /movie/73 304 19.218 ms

2025-02-25 18:02:03 [INFO]: GET /movie/3 304 13.805 ms

2025-02-25 18:02:04 [INFO]: GET /movie/2 304 15.511 ms

2025-02-25 18:02:05 [INFO]: GET /movie/6 304 28.334 ms

2025-02-25 18:02:07 [INFO]: GET /movie/9 304 130.370 ms

2025-02-25 18:02:12 [INFO]: GET /movie/13 304 27.823 ms

2025-02-25 18:02:15 [INFO]: GET /movie/1 304 58.298 ms

2025-02-25 18:02:20 [INFO]: GET /movie/4 304 99.842 ms

2025-02-25 18:02:22 [INFO]: GET /movie/74 304 105.615 ms

2025-02-25 18:02:24 [INFO]: GET /movie/10 304 125.048 ms

2025-02-25 18:02:24 [INFO]: GET /movie/73 304 127.581 ms

2025-02-25 18:02:29 [INFO]: GET /movie/3 304 14.974 ms

2025-02-25 18:02:30 [INFO]: GET /movie/2 304 26.200 ms

2025-02-25 18:02:32 [INFO]: GET /movie/6 304 34.069 ms

2025-02-25 18:02:33 [INFO]: GET /movie/9 304 43.928 ms

2025-02-25 18:02:35 [INFO]: GET /movie/13 304 63.918 ms

2025-02-25 18:02:41 [INFO]: GET /movie/4 304 14.763 ms

2025-02-25 18:02:42 [INFO]: GET /movie/10 304 15.249 ms

2025-02-25 18:02:43 [INFO]: GET /movie/9 304 26.737 ms

2025-02-25 18:02:19 [INFO]: GET /auth/google?redirectUrl=http%3A%2F%2Flocalhost%3A3000%2Fmovie 302 1.264 ms

2025-02-25 18:02:41 [INFO]: GET /auth/google/callback?state=http%253A%252F%252Flocalhost%253A3000%252Fmovie&code=4%2F0AQSTgQETRfssqresRrlE1gXtseY25cTOXpvIBBQcY2AoV2_XLham151KDIhYqDO4mf2G-g&scope=email+profile+https%3A%2F%2Fwww.googleapis.com%2Fauth%2Fuserinfo.profile+https%3A%2F%2Fwww.googleapis.com%2Fauth%2Fuserinfo.email+openid&authuser=0&prompt=none 302 907.070 ms

2025-02-25 18:02:79 [INFO]: GET /user/info 200 28.455 ms

2025-02-25 18:02:57 [INFO]: GET /movie/chart 304 1.072 ms

2025-02-25 18:02:66 [INFO]: GET /movie/13 304 6.815 ms

2025-02-25 18:02:66 [INFO]: GET /movie/6 304 9.335 ms

2025-02-25 18:02:70 [INFO]: GET /movie/9 304 8.826 ms

2025-02-25 18:02:71 [INFO]: GET /movie/1 304 12.391 ms

2025-02-25 18:02:72 [INFO]: GET /movie/10 304 17.007 ms

2025-02-25 18:02:73 [INFO]: GET /movie/4 304 17.149 ms

2025-02-25 18:02:74 [INFO]: GET /movie/73 304 23.264 ms

2025-02-25 18:02:75 [INFO]: GET /movie/74 304 33.115 ms

2025-02-25 18:02:77 [INFO]: GET /movie/13 304 6.775 ms

2025-02-25 18:02:78 [INFO]: GET /movie/2 304 13.068 ms

2025-02-25 18:02:78 [INFO]: GET /movie/3 304 32.051 ms

2025-02-25 18:02:81 [INFO]: GET /movie/6 304 43.137 ms

2025-02-25 18:02:88 [INFO]: GET /movie/9 304 11.250 ms

2025-02-25 18:02:89 [INFO]: GET /movie/1 304 18.858 ms

2025-02-25 18:02:91 [INFO]: GET /movie/10 304 32.708 ms

2025-02-25 18:02:95 [INFO]: GET /movie/4 304 25.661 ms

2025-02-25 18:02:96 [INFO]: GET /movie/73 304 31.856 ms

2025-02-25 18:02:96 [INFO]: GET /movie/74 304 28.171 ms

2025-02-25 18:02:96 [INFO]: GET /movie/13 304 22.196 ms

2025-02-25 18:02:97 [INFO]: GET /movie/2 304 23.189 ms

2025-02-25 18:02:98 [INFO]: GET /movie/3 304 33.761 ms

2025-02-25 18:02:01 [INFO]: GET /movie/6 304 13.381 ms

2025-02-25 18:02:03 [INFO]: GET /movie/9 304 28.478 ms

2025-02-25 18:02:04 [INFO]: GET /movie/10 304 15.316 ms

2025-02-25 18:02:04 [INFO]: GET /movie/4 304 17.166 ms

2025-02-25 18:02:65 [INFO]: GET /user/info 304 15.214 ms

2025-02-25 18:02:92 [INFO]: GET /user/info 304 6.917 ms

2025-02-25 18:02:83 [INFO]: GET /user/info 304 5.741 ms

2025-02-25 18:02:55 [INFO]: GET /user/info 304 7.254 ms

2025-02-25 18:02:26 [INFO]: GET /user/info 304 9.180 ms

2025-02-25 18:02:03 [INFO]: GET /user/info 304 6.232 ms

2025-02-25 18:02:72 [INFO]: GET /user/info 304 5.900 ms

2025-02-25 18:02:34 [INFO]: GET /user/info 304 5.679 ms

2025-02-25 18:02:99 [INFO]: GET /user/info 304 5.265 ms

2025-02-25 18:02:68 [INFO]: GET /user/info 304 6.422 ms

2025-02-25 18:02:89 [INFO]: GET /user/info 304 5.627 ms

2025-02-25 18:02:69 [INFO]: GET /user/info 304 9.062 ms

2025-02-25 18:02:45 [INFO]: GET /user/info 304 5.293 ms

2025-02-25 18:02:71 [INFO]: GET /user/info 304 6.336 ms

2025-02-25 18:02:51 [ERROR]: GET /user/info 401 5.027 ms

2025-02-25 18:02:58 [INFO]: GET /user/refresh 304 8.430 ms

2025-02-25 18:02:63 [INFO]: GET /user/info 304 7.702 ms

2025-02-25 18:02:59 [INFO]: GET /user/info 304 6.912 ms

2025-02-25 18:02:28 [INFO]: GET /user/info 304 5.138 ms

2025-02-25 18:02:81 [INFO]: GET /user/info 304 5.691 ms

2025-02-25 18:02:01 [INFO]: GET /user/info 304 4.872 ms

2025-02-25 18:02:100 [INFO]: GET /user/info 304 7.612 ms

2025-02-25 18:02:99 [INFO]: GET /user/info 304 4.380 ms

2025-02-25 18:02:92 [INFO]: GET /user/info 304 5.149 ms

2025-02-25 18:02:30 [ERROR]: GET /user/info 401 7.280 ms

2025-02-25 18:02:35 [INFO]: GET /user/refresh 304 7.509 ms

2025-02-25 18:02:42 [INFO]: GET /user/info 304 11.500 ms

2025-02-25 18:02:70 [ERROR]: GET /user/info 401 8.821 ms

2025-02-25 18:02:75 [INFO]: GET /user/refresh 304 6.485 ms

2025-02-25 18:02:80 [INFO]: GET /user/info 304 7.355 ms

2025-02-25 18:02:55 [INFO]: GET /user/info 304 7.395 ms

2025-02-25 18:02:41 [INFO]: GET /user/info 304 4.724 ms

2025-02-25 18:02:30 [INFO]: GET /user/info 304 6.123 ms

2025-02-25 18:02:30 [ERROR]: GET /user/info 401 8.439 ms

2025-02-25 18:02:37 [ERROR]: GET /user/refresh 401 5.081 ms

2025-02-25 18:02:01 [INFO]: GET /user/info 200 0.608 ms

2025-02-25 18:02:50 [ERROR]: GET /favicon.ico 404 2.521 ms

2025-02-25 18:02:84 [INFO]: GET /user/info 200 0.512 ms

2025-02-25 18:02:61 [INFO]: GET /user/info 200 1.121 ms

2025-02-25 18:02:63 [ERROR]: GET /user/refresh 401 7.363 ms

2025-02-25 18:02:62 [INFO]: GET /auth/naver?redirectUrl=http%3A%2F%2Flocalhost%3A3000%2Fmovie 302 1.180 ms

2025-02-25 18:02:30 [INFO]: GET /auth/naver/callback?code=cKrnmcJw9oXFKzxq8i&state=http%3A%2F%2Flocalhost%3A3000%2Fmovie 302 252.007 ms

2025-02-25 18:02:24 [INFO]: GET /user/info 200 6.918 ms

2025-02-25 20:02:78 [ERROR]: GET /user/info 401 171.926 ms

2025-02-25 20:02:84 [ERROR]: GET /user/refresh 401 5.236 ms

