2025-02-22 11:02:49 [INFO]: GET /movie 200 16.678 ms

2025-02-22 11:02:32 [ERROR]: GET /favicon.ico 404 4.966 ms

2025-02-22 11:02:79 [INFO]: GET /user/info 200 3.711 ms

2025-02-22 11:02:82 [INFO]: GET /movie/chart 200 6.195 ms

2025-02-22 11:02:46 [INFO]: GET /user/info 304 1.513 ms

2025-02-22 11:02:48 [INFO]: GET /movie/chart 304 1.944 ms

2025-02-22 11:02:17 [INFO]: GET /user/info 304 1.306 ms

2025-02-22 11:02:30 [INFO]: GET /movie/chart 304 2.978 ms

2025-02-22 11:02:29 [INFO]: GET /user/info 304 1.629 ms

2025-02-22 11:02:37 [INFO]: GET /movie/chart 304 2.538 ms

2025-02-22 11:02:56 [INFO]: GET /user/info 304 6.785 ms

2025-02-22 11:02:57 [INFO]: GET /movie/chart 304 2.170 ms

2025-02-22 11:02:18 [INFO]: GET /movie/1 200 278.034 ms

2025-02-22 11:02:25 [INFO]: GET /movie/6 200 375.042 ms

2025-02-22 11:02:43 [INFO]: GET /movie/10 200 526.499 ms

2025-02-22 11:02:51 [INFO]: GET /movie/9 200 619.516 ms

2025-02-22 11:02:52 [INFO]: GET /movie/13 200 662.629 ms

2025-02-22 11:02:57 [INFO]: GET /movie/4 200 669.442 ms

2025-02-22 11:02:80 [INFO]: GET /movie/73 200 51.970 ms

2025-02-22 11:02:93 [INFO]: GET /movie/74 200 180.913 ms

2025-02-22 11:02:99 [INFO]: GET /movie/3 200 237.913 ms

2025-02-22 11:02:01 [INFO]: GET /movie/2 200 247.579 ms

2025-02-22 11:02:04 [INFO]: GET /movie/1 304 274.869 ms

2025-02-22 11:02:07 [INFO]: GET /movie/6 304 311.773 ms

2025-02-22 11:02:20 [INFO]: GET /movie/10 304 46.812 ms

2025-02-22 11:02:22 [INFO]: GET /movie/9 304 58.150 ms

2025-02-22 11:02:25 [INFO]: GET /movie/13 304 61.953 ms

2025-02-22 11:02:27 [INFO]: GET /movie/4 304 77.330 ms

2025-02-22 11:02:50 [INFO]: GET /movie/73 304 83.645 ms

2025-02-22 11:02:54 [INFO]: GET /movie/74 304 87.402 ms

2025-02-22 11:02:61 [INFO]: GET /movie/3 304 113.288 ms

2025-02-22 11:02:70 [INFO]: GET /movie/2 304 39.566 ms

2025-02-22 11:02:79 [INFO]: GET /movie/10 304 118.546 ms

2025-02-22 11:02:02 [INFO]: GET /movie/6 304 355.948 ms

2025-02-22 11:02:20 [INFO]: GET /movie/9 304 497.066 ms

2025-02-22 11:02:34 [INFO]: GET /movie/13 304 147.605 ms

2025-02-22 11:02:46 [INFO]: GET /movie/4 304 134.680 ms

2025-02-22 11:02:98 [ERROR]: POST /user/login 404 68.070 ms

2025-02-22 11:02:20 [ERROR]: GET /user/login 404 1.883 ms

2025-02-22 11:02:52 [INFO]: GET /user/info 304 0.979 ms

2025-02-22 11:02:19 [ERROR]: GET /user/login 404 1.369 ms

2025-02-22 11:02:72 [INFO]: GET /user/info 304 0.888 ms

2025-02-22 11:02:78 [INFO]: GET /movie/chart 304 2.109 ms

2025-02-22 11:02:56 [INFO]: GET /user/info 304 1.373 ms

2025-02-22 11:02:79 [INFO]: GET /movie/chart 304 1.838 ms

2025-02-22 11:02:32 [INFO]: GET /movie/13 304 8.429 ms

2025-02-22 11:02:33 [INFO]: GET /movie/6 304 7.504 ms

2025-02-22 11:02:36 [INFO]: GET /movie/9 304 4.893 ms

2025-02-22 11:02:40 [INFO]: GET /movie/10 304 7.454 ms

2025-02-22 11:02:42 [INFO]: GET /movie/4 304 7.018 ms

2025-02-22 11:02:44 [INFO]: GET /movie/1 304 6.452 ms

2025-02-22 11:02:46 [INFO]: GET /movie/73 304 6.118 ms

2025-02-22 11:02:51 [INFO]: GET /movie/74 304 6.214 ms

2025-02-22 11:02:54 [INFO]: GET /movie/3 304 6.034 ms

2025-02-22 11:02:60 [INFO]: GET /movie/2 304 6.827 ms

2025-02-22 11:02:64 [INFO]: GET /movie/13 304 4.681 ms

2025-02-22 11:02:68 [INFO]: GET /movie/6 304 4.807 ms

2025-02-22 11:02:70 [INFO]: GET /movie/9 304 4.235 ms

2025-02-22 11:02:77 [INFO]: GET /movie/10 304 4.500 ms

2025-02-22 11:02:88 [INFO]: GET /movie/4 304 11.971 ms

2025-02-22 11:02:95 [INFO]: GET /movie/1 304 6.294 ms

2025-02-22 11:02:96 [INFO]: GET /movie/73 304 4.697 ms

2025-02-22 11:02:99 [INFO]: GET /movie/74 304 7.097 ms

2025-02-22 11:02:01 [INFO]: GET /movie/3 304 5.272 ms

2025-02-22 11:02:03 [INFO]: GET /movie/2 304 4.864 ms

2025-02-22 11:02:05 [INFO]: GET /movie/13 304 4.381 ms

2025-02-22 11:02:08 [INFO]: GET /movie/6 304 4.629 ms

2025-02-22 11:02:09 [INFO]: GET /movie/9 304 8.363 ms

2025-02-22 11:02:11 [INFO]: GET /movie/10 304 5.700 ms

2025-02-22 11:02:24 [INFO]: GET /movie/4 304 4.591 ms

2025-02-22 11:02:41 [INFO]: GET /user/info 304 1.061 ms

2025-02-22 11:02:05 [INFO]: GET /user/info 304 1.030 ms

2025-02-22 11:02:06 [INFO]: GET /movie/chart 304 1.809 ms

2025-02-22 11:02:21 [INFO]: GET /movie/13 304 6.623 ms

2025-02-22 11:02:23 [INFO]: GET /movie/6 304 13.077 ms

2025-02-22 11:02:25 [INFO]: GET /movie/10 304 24.139 ms

2025-02-22 11:02:26 [INFO]: GET /movie/4 304 26.164 ms

2025-02-22 11:02:27 [INFO]: GET /movie/1 304 39.395 ms

2025-02-22 11:02:28 [INFO]: GET /movie/9 304 55.878 ms

2025-02-22 11:02:30 [INFO]: GET /movie/73 304 6.380 ms

2025-02-22 11:02:31 [INFO]: GET /movie/74 304 10.785 ms

2025-02-22 11:02:31 [INFO]: GET /movie/3 304 10.202 ms

2025-02-22 11:02:32 [INFO]: GET /movie/2 304 7.189 ms

2025-02-22 11:02:35 [INFO]: GET /movie/13 304 8.732 ms

2025-02-22 11:02:36 [INFO]: GET /movie/6 304 14.007 ms

2025-02-22 11:02:40 [INFO]: GET /movie/10 304 23.046 ms

2025-02-22 11:02:41 [INFO]: GET /movie/4 304 29.556 ms

2025-02-22 11:02:42 [INFO]: GET /movie/9 304 36.149 ms

2025-02-22 11:02:42 [INFO]: GET /movie/1 304 36.676 ms

2025-02-22 11:02:43 [INFO]: GET /movie/73 304 40.137 ms

2025-02-22 11:02:49 [INFO]: GET /movie/74 304 5.648 ms

2025-02-22 11:02:51 [INFO]: GET /movie/3 304 11.218 ms

2025-02-22 11:02:52 [INFO]: GET /movie/2 304 11.022 ms

2025-02-22 11:02:52 [INFO]: GET /movie/13 304 13.001 ms

2025-02-22 11:02:54 [INFO]: GET /movie/6 304 8.427 ms

2025-02-22 11:02:58 [INFO]: GET /movie/10 304 7.941 ms

2025-02-22 11:02:59 [INFO]: GET /movie/4 304 19.176 ms

2025-02-22 11:02:60 [INFO]: GET /movie/9 304 20.641 ms

2025-02-22 11:02:83 [ERROR]: POST /user/login 404 7.233 ms

2025-02-22 11:02:47 [INFO]: GET /user/info 304 0.943 ms

2025-02-22 11:02:71 [INFO]: GET /user/info 304 1.090 ms

2025-02-22 11:02:73 [INFO]: GET /movie/chart 304 1.643 ms

2025-02-22 11:02:87 [INFO]: GET /movie/13 304 9.677 ms

2025-02-22 11:02:88 [INFO]: GET /movie/6 304 5.706 ms

2025-02-22 11:02:96 [INFO]: GET /movie/9 304 16.222 ms

2025-02-22 11:02:97 [INFO]: GET /movie/10 304 23.445 ms

2025-02-22 11:02:98 [INFO]: GET /movie/4 304 25.942 ms

2025-02-22 11:02:100 [INFO]: GET /movie/1 304 9.592 ms

2025-02-22 11:02:00 [INFO]: GET /movie/73 304 12.725 ms

2025-02-22 11:02:02 [INFO]: GET /movie/74 304 23.283 ms

2025-02-22 11:02:04 [INFO]: GET /movie/3 304 9.963 ms

2025-02-22 11:02:05 [INFO]: GET /movie/2 304 13.652 ms

2025-02-22 11:02:06 [INFO]: GET /movie/13 304 16.268 ms

2025-02-22 11:02:07 [INFO]: GET /movie/6 304 6.995 ms

2025-02-22 11:02:07 [INFO]: GET /movie/9 304 11.536 ms

2025-02-22 11:02:09 [INFO]: GET /movie/10 304 16.816 ms

2025-02-22 11:02:10 [INFO]: GET /movie/4 304 26.268 ms

2025-02-22 11:02:18 [INFO]: GET /movie/1 304 46.220 ms

2025-02-22 11:02:19 [INFO]: GET /movie/73 304 39.804 ms

2025-02-22 11:02:20 [INFO]: GET /movie/74 304 31.351 ms

2025-02-22 11:02:22 [INFO]: GET /movie/3 304 38.681 ms

2025-02-22 11:02:26 [INFO]: GET /movie/2 304 36.644 ms

2025-02-22 11:02:29 [INFO]: GET /movie/13 304 37.834 ms

2025-02-22 11:02:30 [INFO]: GET /movie/6 304 39.149 ms

2025-02-22 11:02:39 [INFO]: GET /movie/9 304 69.726 ms

2025-02-22 11:02:43 [INFO]: GET /movie/10 304 88.898 ms

2025-02-22 11:02:45 [INFO]: GET /movie/4 304 110.953 ms

2025-02-22 11:02:97 [INFO]: GET /movie/4 304 9.284 ms

2025-02-22 11:02:98 [INFO]: GET /movie/director/4 200 9.474 ms

2025-02-22 11:02:98 [INFO]: GET /movie/genre/4 200 10.377 ms

2025-02-22 11:02:98 [INFO]: GET /movie/actor/4 200 18.351 ms

2025-02-22 11:02:93 [INFO]: GET /movie/chart 304 1.537 ms

2025-02-22 11:02:99 [INFO]: GET /movie/13 304 6.453 ms

2025-02-22 11:02:99 [INFO]: GET /movie/6 304 5.813 ms

2025-02-22 11:02:100 [INFO]: GET /movie/9 304 4.241 ms

2025-02-22 11:02:01 [INFO]: GET /movie/10 304 6.592 ms

2025-02-22 11:02:02 [INFO]: GET /movie/4 304 7.705 ms

2025-02-22 11:02:02 [INFO]: GET /movie/1 304 9.137 ms

2025-02-22 11:02:02 [INFO]: GET /movie/73 304 4.650 ms

2025-02-22 11:02:04 [INFO]: GET /movie/74 304 5.953 ms

2025-02-22 11:02:04 [INFO]: GET /movie/13 304 7.628 ms

2025-02-22 11:02:05 [INFO]: GET /movie/3 304 4.452 ms

2025-02-22 11:02:05 [INFO]: GET /movie/2 304 4.965 ms

2025-02-22 11:02:07 [INFO]: GET /movie/6 304 6.088 ms

2025-02-22 11:02:08 [INFO]: GET /movie/9 304 4.614 ms

2025-02-22 11:02:11 [INFO]: GET /movie/10 304 7.652 ms

2025-02-22 11:02:14 [INFO]: GET /movie/4 304 4.527 ms

2025-02-22 11:02:15 [INFO]: GET /movie/1 304 4.842 ms

2025-02-22 11:02:15 [INFO]: GET /movie/73 304 6.448 ms

2025-02-22 11:02:16 [INFO]: GET /movie/74 304 5.158 ms

2025-02-22 11:02:16 [INFO]: GET /movie/13 304 6.878 ms

2025-02-22 11:02:17 [INFO]: GET /movie/3 304 7.944 ms

2025-02-22 11:02:18 [INFO]: GET /movie/2 304 4.286 ms

2025-02-22 11:02:23 [INFO]: GET /movie/4 304 10.389 ms

2025-02-22 11:02:23 [INFO]: GET /movie/6 304 6.701 ms

2025-02-22 11:02:23 [INFO]: GET /movie/9 304 8.373 ms

2025-02-22 11:02:24 [INFO]: GET /movie/10 304 12.404 ms

2025-02-22 11:02:10 [INFO]: GET /movie/actor/74 200 3.310 ms

2025-02-22 11:02:10 [INFO]: GET /movie/genre/74 200 6.055 ms

2025-02-22 11:02:11 [INFO]: GET /movie/director/74 200 11.655 ms

2025-02-22 11:02:12 [INFO]: GET /movie/74 304 5.057 ms

2025-02-22 11:02:54 [INFO]: GET /movie/chart 304 1.732 ms

2025-02-22 11:02:62 [INFO]: GET /movie/13 304 15.291 ms

2025-02-22 11:02:62 [INFO]: GET /movie/9 304 13.417 ms

2025-02-22 11:02:62 [INFO]: GET /movie/6 304 19.604 ms

2025-02-22 11:02:65 [INFO]: GET /movie/10 304 4.410 ms

2025-02-22 11:02:68 [INFO]: GET /movie/4 304 12.444 ms

2025-02-22 11:02:68 [INFO]: GET /movie/1 304 15.124 ms

2025-02-22 11:02:68 [INFO]: GET /movie/3 304 14.934 ms

2025-02-22 11:02:69 [INFO]: GET /movie/74 304 20.851 ms

2025-02-22 11:02:69 [INFO]: GET /movie/73 304 27.590 ms

2025-02-22 11:02:70 [INFO]: GET /movie/2 304 7.557 ms

2025-02-22 11:02:71 [INFO]: GET /movie/13 304 5.817 ms

2025-02-22 11:02:73 [INFO]: GET /movie/6 304 18.164 ms

2025-02-22 11:02:74 [INFO]: GET /movie/9 304 28.752 ms

2025-02-22 11:02:77 [INFO]: GET /movie/10 304 12.339 ms

2025-02-22 11:02:80 [INFO]: GET /movie/4 304 37.403 ms

2025-02-22 11:02:81 [INFO]: GET /movie/74 304 9.364 ms

2025-02-22 11:02:82 [INFO]: GET /movie/1 304 23.562 ms

2025-02-22 11:02:82 [INFO]: GET /movie/73 304 12.002 ms

2025-02-22 11:02:83 [INFO]: GET /movie/2 304 16.434 ms

2025-02-22 11:02:84 [INFO]: GET /movie/3 304 43.025 ms

2025-02-22 11:02:90 [INFO]: GET /movie/13 304 35.925 ms

2025-02-22 11:02:90 [INFO]: GET /movie/6 304 34.068 ms

2025-02-22 11:02:91 [INFO]: GET /movie/9 304 27.408 ms

2025-02-22 11:02:92 [INFO]: GET /movie/10 304 27.259 ms

2025-02-22 11:02:95 [INFO]: GET /movie/4 304 39.520 ms

2025-02-22 11:02:60 [INFO]: GET /movie/director/73 200 5.925 ms

2025-02-22 11:02:61 [INFO]: GET /movie/actor/73 200 11.297 ms

2025-02-22 11:02:61 [INFO]: GET /movie/genre/73 200 11.918 ms

2025-02-22 11:02:61 [INFO]: GET /movie/73 304 14.117 ms

2025-02-22 11:02:82 [INFO]: GET /movie/actor/73 304 25.949 ms

2025-02-22 11:02:83 [INFO]: GET /movie/73 304 33.449 ms

2025-02-22 11:02:83 [INFO]: GET /movie/director/73 304 31.287 ms

2025-02-22 11:02:83 [INFO]: GET /movie/genre/73 304 33.234 ms

2025-02-22 11:02:64 [INFO]: GET /movie/73 304 9.450 ms

2025-02-22 11:02:66 [INFO]: GET /movie/director/73 304 4.600 ms

2025-02-22 11:02:66 [INFO]: GET /movie/actor/73 304 10.303 ms

2025-02-22 11:02:67 [INFO]: GET /movie/genre/73 304 11.069 ms

2025-02-22 11:02:43 [INFO]: GET /movie/73 304 8.300 ms

2025-02-22 11:02:43 [INFO]: GET /movie/actor/73 304 5.473 ms

2025-02-22 11:02:44 [INFO]: GET /movie/director/73 304 4.641 ms

2025-02-22 11:02:45 [INFO]: GET /movie/genre/73 304 5.312 ms

2025-02-22 11:02:53 [INFO]: GET /movie/73 304 6.072 ms

2025-02-22 11:02:55 [INFO]: GET /movie/actor/73 304 8.316 ms

2025-02-22 11:02:57 [INFO]: GET /movie/director/73 304 4.115 ms

2025-02-22 11:02:60 [INFO]: GET /movie/genre/73 304 2.733 ms

2025-02-22 11:02:54 [INFO]: GET /movie/chart 304 2.366 ms

2025-02-22 11:02:60 [INFO]: GET /movie/13 304 4.460 ms

2025-02-22 11:02:60 [INFO]: GET /movie/6 304 4.998 ms

2025-02-22 11:02:70 [INFO]: GET /movie/9 304 9.639 ms

2025-02-22 11:02:72 [INFO]: GET /movie/10 304 19.326 ms

2025-02-22 11:02:73 [INFO]: GET /movie/4 304 4.562 ms

2025-02-22 11:02:74 [INFO]: GET /movie/1 304 8.895 ms

2025-02-22 11:02:75 [INFO]: GET /movie/6 304 9.655 ms

2025-02-22 11:02:76 [INFO]: GET /movie/73 304 19.744 ms

2025-02-22 11:02:77 [INFO]: GET /movie/13 304 25.017 ms

2025-02-22 11:02:92 [INFO]: GET /movie/74 304 167.701 ms

2025-02-22 11:02:07 [INFO]: GET /movie/3 304 19.052 ms

2025-02-22 11:02:08 [INFO]: GET /movie/2 304 21.795 ms

2025-02-22 11:02:08 [INFO]: GET /movie/9 304 20.196 ms

2025-02-22 11:02:09 [INFO]: GET /movie/10 304 22.796 ms

2025-02-22 11:02:10 [INFO]: GET /movie/1 304 25.180 ms

2025-02-22 11:02:10 [INFO]: GET /movie/4 304 35.384 ms

2025-02-22 11:02:15 [INFO]: GET /movie/6 304 16.924 ms

2025-02-22 11:02:16 [INFO]: GET /movie/73 304 14.826 ms

2025-02-22 11:02:17 [INFO]: GET /movie/13 304 19.381 ms

2025-02-22 11:02:17 [INFO]: GET /movie/74 304 19.170 ms

2025-02-22 11:02:18 [INFO]: GET /movie/3 304 7.361 ms

2025-02-22 11:02:19 [INFO]: GET /movie/2 304 6.883 ms

2025-02-22 11:02:23 [INFO]: GET /movie/9 304 16.864 ms

2025-02-22 11:02:24 [INFO]: GET /movie/10 304 14.974 ms

2025-02-22 11:02:25 [INFO]: GET /movie/4 304 18.081 ms

2025-02-22 11:02:80 [INFO]: GET /movie/4 304 9.616 ms

2025-02-22 11:02:81 [INFO]: GET /movie/director/4 304 4.939 ms

2025-02-22 11:02:81 [INFO]: GET /movie/actor/4 304 13.078 ms

2025-02-22 11:02:82 [INFO]: GET /movie/genre/4 304 5.028 ms

2025-02-22 11:02:45 [INFO]: GET /movie/chart 304 1.496 ms

2025-02-22 11:02:51 [INFO]: GET /movie/13 304 4.906 ms

2025-02-22 11:02:51 [INFO]: GET /movie/6 304 5.795 ms

2025-02-22 11:02:52 [INFO]: GET /movie/9 304 7.521 ms

2025-02-22 11:02:52 [INFO]: GET /movie/10 304 8.862 ms

2025-02-22 11:02:53 [INFO]: GET /movie/4 304 5.308 ms

2025-02-22 11:02:53 [INFO]: GET /movie/1 304 5.855 ms

2025-02-22 11:02:54 [INFO]: GET /movie/73 304 6.870 ms

2025-02-22 11:02:55 [INFO]: GET /movie/74 304 12.417 ms

2025-02-22 11:02:58 [INFO]: GET /movie/3 304 13.267 ms

2025-02-22 11:02:58 [INFO]: GET /movie/6 304 6.477 ms

2025-02-22 11:02:59 [INFO]: GET /movie/2 304 5.679 ms

2025-02-22 11:02:60 [INFO]: GET /movie/13 304 8.991 ms

2025-02-22 11:02:64 [INFO]: GET /movie/9 304 34.807 ms

2025-02-22 11:02:69 [INFO]: GET /movie/10 304 80.667 ms

2025-02-22 11:02:72 [INFO]: GET /movie/4 304 83.681 ms

2025-02-22 11:02:73 [INFO]: GET /movie/1 304 85.823 ms

2025-02-22 11:02:76 [INFO]: GET /movie/73 304 26.430 ms

2025-02-22 11:02:76 [INFO]: GET /movie/74 304 28.847 ms

2025-02-22 11:02:77 [INFO]: GET /movie/3 304 28.614 ms

2025-02-22 11:02:77 [INFO]: GET /movie/6 304 30.006 ms

2025-02-22 11:02:78 [INFO]: GET /movie/2 304 33.598 ms

2025-02-22 11:02:78 [INFO]: GET /movie/13 304 20.911 ms

2025-02-22 11:02:79 [INFO]: GET /movie/9 304 7.348 ms

2025-02-22 11:02:79 [INFO]: GET /movie/10 304 8.268 ms

2025-02-22 11:02:80 [INFO]: GET /movie/4 304 9.266 ms

2025-02-22 11:02:91 [INFO]: GET /movie/actor/3 200 5.131 ms

2025-02-22 11:02:92 [INFO]: GET /movie/3 304 7.034 ms

2025-02-22 11:02:92 [INFO]: GET /movie/director/3 200 10.744 ms

2025-02-22 11:02:92 [INFO]: GET /movie/genre/3 200 3.454 ms

2025-02-22 11:02:86 [INFO]: GET /movie/chart 304 2.317 ms

2025-02-22 11:02:92 [INFO]: GET /movie/13 304 4.691 ms

2025-02-22 11:02:92 [INFO]: GET /movie/6 304 6.100 ms

2025-02-22 11:02:93 [INFO]: GET /movie/9 304 6.539 ms

2025-02-22 11:02:93 [INFO]: GET /movie/10 304 6.582 ms

2025-02-22 11:02:94 [INFO]: GET /movie/4 304 8.095 ms

2025-02-22 11:02:95 [INFO]: GET /movie/1 304 4.049 ms

2025-02-22 11:02:97 [INFO]: GET /movie/73 304 12.019 ms

2025-02-22 11:02:98 [INFO]: GET /movie/13 304 15.646 ms

2025-02-22 11:02:98 [INFO]: GET /movie/74 304 20.909 ms

2025-02-22 11:02:99 [INFO]: GET /movie/6 304 23.190 ms

2025-02-22 11:02:100 [INFO]: GET /movie/3 304 28.336 ms

2025-02-22 11:02:04 [INFO]: GET /movie/2 304 24.175 ms

2025-02-22 11:02:08 [INFO]: GET /movie/9 304 43.657 ms

2025-02-22 11:02:10 [INFO]: GET /movie/10 304 72.708 ms

2025-02-22 11:02:13 [INFO]: GET /movie/4 304 19.773 ms

2025-02-22 11:02:16 [INFO]: GET /movie/1 304 43.215 ms

2025-02-22 11:02:17 [INFO]: GET /movie/73 304 53.828 ms

2025-02-22 11:02:19 [INFO]: GET /movie/13 304 63.471 ms

2025-02-22 11:02:20 [INFO]: GET /movie/74 304 67.750 ms

2025-02-22 11:02:21 [INFO]: GET /movie/6 304 79.600 ms

2025-02-22 11:02:26 [INFO]: GET /movie/3 304 24.876 ms

2025-02-22 11:02:26 [INFO]: GET /movie/2 304 28.485 ms

2025-02-22 11:02:26 [INFO]: GET /movie/9 304 29.214 ms

2025-02-22 11:02:27 [INFO]: GET /movie/10 304 29.687 ms

2025-02-22 11:02:27 [INFO]: GET /movie/4 304 31.024 ms

2025-02-22 11:02:31 [INFO]: GET /movie/74 304 5.218 ms

2025-02-22 11:02:32 [INFO]: GET /movie/actor/74 304 6.147 ms

2025-02-22 11:02:33 [INFO]: GET /movie/genre/74 304 7.676 ms

2025-02-22 11:02:33 [INFO]: GET /movie/director/74 304 11.477 ms

2025-02-22 11:02:16 [INFO]: GET /movie/chart 304 1.783 ms

2025-02-22 11:02:23 [INFO]: GET /movie/13 304 12.018 ms

2025-02-22 11:02:24 [INFO]: GET /movie/6 304 19.138 ms

2025-02-22 11:02:26 [INFO]: GET /movie/9 304 15.650 ms

2025-02-22 11:02:27 [INFO]: GET /movie/10 304 21.382 ms

2025-02-22 11:02:27 [INFO]: GET /movie/1 304 24.208 ms

2025-02-22 11:02:28 [INFO]: GET /movie/4 304 31.395 ms

2025-02-22 11:02:29 [INFO]: GET /movie/73 304 34.403 ms

2025-02-22 11:02:29 [INFO]: GET /movie/74 304 36.197 ms

2025-02-22 11:02:32 [INFO]: GET /movie/3 304 15.797 ms

2025-02-22 11:02:34 [INFO]: GET /movie/2 304 28.581 ms

2025-02-22 11:02:34 [INFO]: GET /movie/13 304 23.804 ms

2025-02-22 11:02:35 [INFO]: GET /movie/6 304 24.595 ms

2025-02-22 11:02:36 [INFO]: GET /movie/9 304 25.349 ms

2025-02-22 11:02:37 [INFO]: GET /movie/10 304 5.514 ms

2025-02-22 11:02:41 [INFO]: GET /movie/1 304 27.580 ms

2025-02-22 11:02:41 [INFO]: GET /movie/4 304 27.169 ms

2025-02-22 11:02:41 [INFO]: GET /movie/73 304 27.688 ms

2025-02-22 11:02:44 [INFO]: GET /movie/74 304 21.883 ms

2025-02-22 11:02:45 [INFO]: GET /movie/3 304 24.885 ms

2025-02-22 11:02:46 [INFO]: GET /movie/2 304 27.726 ms

2025-02-22 11:02:48 [INFO]: GET /movie/13 304 23.905 ms

2025-02-22 11:02:49 [INFO]: GET /movie/6 304 32.866 ms

2025-02-22 11:02:51 [INFO]: GET /movie/9 304 33.978 ms

2025-02-22 11:02:53 [INFO]: GET /movie/10 304 55.896 ms

2025-02-22 11:02:55 [INFO]: GET /movie/4 304 70.659 ms

2025-02-22 11:02:58 [INFO]: GET /movie/73 304 20.280 ms

2025-02-22 11:02:59 [INFO]: GET /movie/actor/73 304 19.279 ms

2025-02-22 11:02:59 [INFO]: GET /movie/director/73 304 20.808 ms

2025-02-22 11:02:59 [INFO]: GET /movie/genre/73 304 17.218 ms

2025-02-22 11:02:33 [INFO]: GET /movie/chart 304 2.107 ms

2025-02-22 11:02:45 [INFO]: GET /movie/6 304 11.345 ms

2025-02-22 11:02:47 [INFO]: GET /movie/10 304 27.678 ms

2025-02-22 11:02:47 [INFO]: GET /movie/9 304 37.605 ms

2025-02-22 11:02:48 [INFO]: GET /movie/4 304 37.249 ms

2025-02-22 11:02:49 [INFO]: GET /movie/1 304 44.546 ms

2025-02-22 11:02:57 [INFO]: GET /movie/13 304 66.632 ms

2025-02-22 11:02:61 [INFO]: GET /movie/73 304 29.330 ms

2025-02-22 11:02:61 [INFO]: GET /movie/74 304 22.032 ms

2025-02-22 11:02:62 [INFO]: GET /movie/3 304 21.105 ms

2025-02-22 11:02:62 [INFO]: GET /movie/2 304 21.616 ms

2025-02-22 11:02:63 [INFO]: GET /movie/6 304 28.311 ms

2025-02-22 11:02:66 [INFO]: GET /movie/10 304 56.314 ms

2025-02-22 11:02:69 [INFO]: GET /movie/9 304 16.972 ms

2025-02-22 11:02:70 [INFO]: GET /movie/4 304 22.344 ms

2025-02-22 11:02:70 [INFO]: GET /movie/1 304 27.798 ms

2025-02-22 11:02:71 [INFO]: GET /movie/13 304 33.900 ms

2025-02-22 11:02:72 [INFO]: GET /movie/73 304 31.501 ms

2025-02-22 11:02:73 [INFO]: GET /movie/74 304 37.216 ms

2025-02-22 11:02:79 [INFO]: GET /movie/3 304 18.484 ms

2025-02-22 11:02:79 [INFO]: GET /movie/2 304 16.652 ms

2025-02-22 11:02:80 [INFO]: GET /movie/6 304 20.224 ms

2025-02-22 11:02:80 [INFO]: GET /movie/10 304 21.790 ms

2025-02-22 11:02:82 [INFO]: GET /movie/9 304 37.841 ms

2025-02-22 11:02:83 [INFO]: GET /movie/4 304 43.300 ms

2025-02-22 11:02:84 [INFO]: GET /movie/13 304 5.594 ms

2025-02-22 11:02:29 [INFO]: GET /movie/director/2 200 7.264 ms

2025-02-22 11:02:29 [INFO]: GET /movie/actor/2 200 42.071 ms

2025-02-22 11:02:29 [INFO]: GET /movie/genre/2 200 15.133 ms

2025-02-22 11:02:30 [INFO]: GET /movie/2 304 21.666 ms

2025-02-22 11:02:52 [INFO]: GET /movie/chart 304 1.569 ms

2025-02-22 11:02:57 [INFO]: GET /movie/13 304 5.666 ms

2025-02-22 11:02:57 [INFO]: GET /movie/6 304 6.042 ms

2025-02-22 11:02:58 [INFO]: GET /movie/9 304 5.246 ms

2025-02-22 11:02:59 [INFO]: GET /movie/10 304 8.134 ms

2025-02-22 11:02:59 [INFO]: GET /movie/4 304 9.182 ms

2025-02-22 11:02:60 [INFO]: GET /movie/1 304 4.395 ms

2025-02-22 11:02:62 [INFO]: GET /movie/73 304 4.810 ms

2025-02-22 11:02:64 [INFO]: GET /movie/13 304 4.813 ms

2025-02-22 11:02:65 [INFO]: GET /movie/6 304 9.608 ms

2025-02-22 11:02:66 [INFO]: GET /movie/3 304 13.170 ms

2025-02-22 11:02:67 [INFO]: GET /movie/74 304 4.974 ms

2025-02-22 11:02:68 [INFO]: GET /movie/2 304 9.250 ms

2025-02-22 11:02:72 [INFO]: GET /movie/9 304 10.426 ms

2025-02-22 11:02:72 [INFO]: GET /movie/10 304 14.348 ms

2025-02-22 11:02:77 [INFO]: GET /movie/73 304 21.292 ms

2025-02-22 11:02:82 [INFO]: GET /movie/13 304 65.860 ms

2025-02-22 11:02:85 [INFO]: GET /movie/4 304 91.144 ms

2025-02-22 11:02:89 [INFO]: GET /movie/1 304 19.869 ms

2025-02-22 11:02:90 [INFO]: GET /movie/6 304 13.611 ms

2025-02-22 11:02:90 [INFO]: GET /movie/3 304 15.193 ms

2025-02-22 11:02:90 [INFO]: GET /movie/74 304 15.951 ms

2025-02-22 11:02:91 [INFO]: GET /movie/2 304 16.569 ms

2025-02-22 11:02:91 [INFO]: GET /movie/9 304 18.192 ms

2025-02-22 11:02:93 [INFO]: GET /movie/10 304 11.145 ms

2025-02-22 11:02:96 [INFO]: GET /movie/4 304 11.432 ms

2025-02-22 11:02:60 [INFO]: GET /user/info 304 1.681 ms

2025-02-22 11:02:63 [INFO]: GET /movie/1 304 12.005 ms

2025-02-22 11:02:66 [INFO]: GET /movie/actor/1 200 9.722 ms

2025-02-22 11:02:68 [INFO]: GET /movie/genre/1 200 23.432 ms

2025-02-22 11:02:70 [INFO]: GET /movie/director/1 200 48.676 ms

2025-02-22 11:02:36 [INFO]: GET /movie/chart 304 2.177 ms

2025-02-22 11:02:44 [INFO]: GET /movie/13 304 7.137 ms

2025-02-22 11:02:44 [INFO]: GET /movie/6 304 7.817 ms

2025-02-22 11:02:46 [INFO]: GET /movie/9 304 5.346 ms

2025-02-22 11:02:47 [INFO]: GET /movie/10 304 5.297 ms

2025-02-22 11:02:48 [INFO]: GET /movie/4 304 5.842 ms

2025-02-22 11:02:48 [INFO]: GET /movie/1 304 7.062 ms

2025-02-22 11:02:49 [INFO]: GET /movie/73 304 14.390 ms

2025-02-22 11:02:50 [INFO]: GET /movie/13 304 9.662 ms

2025-02-22 11:02:53 [INFO]: GET /movie/6 304 9.869 ms

2025-02-22 11:02:54 [INFO]: GET /movie/74 304 14.570 ms

2025-02-22 11:02:55 [INFO]: GET /movie/3 304 5.938 ms

2025-02-22 11:02:55 [INFO]: GET /movie/2 304 6.629 ms

2025-02-22 11:02:58 [INFO]: GET /movie/9 304 4.362 ms

2025-02-22 11:02:62 [INFO]: GET /movie/10 304 21.498 ms

2025-02-22 11:02:65 [INFO]: GET /movie/4 304 4.574 ms

2025-02-22 11:02:67 [INFO]: GET /movie/73 304 7.127 ms

2025-02-22 11:02:68 [INFO]: GET /movie/13 304 12.707 ms

2025-02-22 11:02:68 [INFO]: GET /movie/1 304 16.473 ms

2025-02-22 11:02:69 [INFO]: GET /movie/6 304 17.268 ms

2025-02-22 11:02:76 [INFO]: GET /movie/74 304 7.488 ms

2025-02-22 11:02:77 [INFO]: GET /movie/3 304 13.631 ms

2025-02-22 11:02:77 [INFO]: GET /movie/2 304 13.888 ms

2025-02-22 11:02:78 [INFO]: GET /movie/9 304 10.727 ms

2025-02-22 11:02:78 [INFO]: GET /movie/10 304 12.287 ms

2025-02-22 11:02:80 [INFO]: GET /movie/4 304 6.140 ms

2025-02-22 11:02:50 [INFO]: GET /movie/1 304 5.070 ms

2025-02-22 11:02:51 [INFO]: GET /movie/actor/1 304 3.543 ms

2025-02-22 11:02:51 [INFO]: GET /movie/director/1 304 6.219 ms

2025-02-22 11:02:52 [INFO]: GET /movie/genre/1 304 7.684 ms

2025-02-22 11:02:24 [INFO]: GET /movie/chart 304 6.378 ms

2025-02-22 11:02:29 [INFO]: GET /movie/13 304 4.024 ms

2025-02-22 11:02:30 [INFO]: GET /movie/6 304 5.467 ms

2025-02-22 11:02:31 [INFO]: GET /movie/9 304 10.516 ms

2025-02-22 11:02:31 [INFO]: GET /movie/10 304 11.526 ms

2025-02-22 11:02:32 [INFO]: GET /movie/4 304 4.861 ms

2025-02-22 11:02:33 [INFO]: GET /movie/1 304 5.979 ms

2025-02-22 11:02:33 [INFO]: GET /movie/73 304 6.709 ms

2025-02-22 11:02:35 [INFO]: GET /movie/74 304 6.643 ms

2025-02-22 11:02:35 [INFO]: GET /movie/3 304 11.703 ms

2025-02-22 11:02:36 [INFO]: GET /movie/2 304 15.395 ms

2025-02-22 11:02:38 [INFO]: GET /movie/13 304 13.021 ms

2025-02-22 11:02:39 [INFO]: GET /movie/6 304 18.433 ms

2025-02-22 11:02:40 [INFO]: GET /movie/9 304 13.848 ms

2025-02-22 11:02:40 [INFO]: GET /movie/10 304 15.986 ms

2025-02-22 11:02:41 [INFO]: GET /movie/4 304 23.609 ms

2025-02-22 11:02:43 [INFO]: GET /movie/1 304 33.458 ms

2025-02-22 11:02:45 [INFO]: GET /movie/73 304 24.184 ms

2025-02-22 11:02:46 [INFO]: GET /movie/74 304 19.386 ms

2025-02-22 11:02:47 [INFO]: GET /movie/3 304 24.389 ms

2025-02-22 11:02:48 [INFO]: GET /movie/2 304 27.903 ms

2025-02-22 11:02:48 [INFO]: GET /movie/13 304 20.624 ms

2025-02-22 11:02:50 [INFO]: GET /movie/6 304 20.234 ms

2025-02-22 11:02:51 [INFO]: GET /movie/9 304 13.381 ms

2025-02-22 11:02:51 [INFO]: GET /movie/10 304 14.973 ms

2025-02-22 11:02:52 [INFO]: GET /movie/4 304 19.045 ms

2025-02-22 11:02:93 [INFO]: GET /movie/73 304 7.963 ms

2025-02-22 11:02:94 [INFO]: GET /movie/director/73 304 3.992 ms

2025-02-22 11:02:94 [INFO]: GET /movie/actor/73 304 7.875 ms

2025-02-22 11:02:95 [INFO]: GET /movie/genre/73 304 3.341 ms

2025-02-22 11:02:55 [INFO]: GET /movie/chart 304 1.983 ms

2025-02-22 11:02:59 [INFO]: GET /movie/13 304 7.068 ms

2025-02-22 11:02:60 [INFO]: GET /movie/6 304 5.811 ms

2025-02-22 11:02:60 [INFO]: GET /movie/9 304 7.051 ms

2025-02-22 11:02:63 [INFO]: GET /movie/10 304 6.558 ms

2025-02-22 11:02:64 [INFO]: GET /movie/4 304 14.492 ms

2025-02-22 11:02:64 [INFO]: GET /movie/1 304 16.720 ms

2025-02-22 11:02:64 [INFO]: GET /movie/73 304 18.114 ms

2025-02-22 11:02:65 [INFO]: GET /movie/74 304 20.784 ms

2025-02-22 11:02:67 [INFO]: GET /movie/3 304 18.993 ms

2025-02-22 11:02:67 [INFO]: GET /movie/2 304 22.075 ms

2025-02-22 11:02:68 [INFO]: GET /movie/6 304 20.593 ms

2025-02-22 11:02:69 [INFO]: GET /movie/13 304 27.685 ms

2025-02-22 11:02:70 [INFO]: GET /movie/9 304 43.491 ms

2025-02-22 11:02:72 [INFO]: GET /movie/10 304 10.527 ms

2025-02-22 11:02:72 [INFO]: GET /movie/4 304 10.693 ms

2025-02-22 11:02:73 [INFO]: GET /movie/1 304 14.617 ms

2025-02-22 11:02:73 [INFO]: GET /movie/73 304 16.160 ms

2025-02-22 11:02:73 [INFO]: GET /movie/74 304 15.488 ms

2025-02-22 11:02:74 [INFO]: GET /movie/3 304 17.513 ms

2025-02-22 11:02:77 [INFO]: GET /movie/2 304 13.906 ms

2025-02-22 11:02:77 [INFO]: GET /movie/6 304 19.470 ms

2025-02-22 11:02:80 [INFO]: GET /movie/13 304 15.860 ms

2025-02-22 11:02:81 [INFO]: GET /movie/9 304 25.509 ms

2025-02-22 11:02:81 [INFO]: GET /movie/10 304 24.497 ms

2025-02-22 11:02:82 [INFO]: GET /movie/4 304 15.084 ms

2025-02-22 11:02:91 [INFO]: GET /movie/74 304 6.913 ms

2025-02-22 11:02:92 [INFO]: GET /movie/actor/74 304 9.136 ms

2025-02-22 11:02:92 [INFO]: GET /movie/genre/74 304 5.527 ms

2025-02-22 11:02:93 [INFO]: GET /movie/director/74 304 14.125 ms

2025-02-22 11:02:53 [INFO]: GET /movie/chart 304 1.975 ms

2025-02-22 11:02:59 [INFO]: GET /movie/13 304 5.019 ms

2025-02-22 11:02:60 [INFO]: GET /movie/6 304 7.242 ms

2025-02-22 11:02:60 [INFO]: GET /movie/9 304 11.380 ms

2025-02-22 11:02:61 [INFO]: GET /movie/10 304 8.987 ms

2025-02-22 11:02:61 [INFO]: GET /movie/1 304 8.784 ms

2025-02-22 11:02:61 [INFO]: GET /movie/4 304 12.435 ms

2025-02-22 11:02:62 [INFO]: GET /movie/73 304 11.931 ms

2025-02-22 11:02:63 [INFO]: GET /movie/74 304 19.777 ms

2025-02-22 11:02:64 [INFO]: GET /movie/3 304 12.655 ms

2025-02-22 11:02:65 [INFO]: GET /movie/2 304 17.136 ms

2025-02-22 11:02:66 [INFO]: GET /movie/13 304 22.174 ms

2025-02-22 11:02:69 [INFO]: GET /movie/6 304 34.775 ms

2025-02-22 11:02:70 [INFO]: GET /movie/9 304 23.688 ms

2025-02-22 11:02:71 [INFO]: GET /movie/10 304 26.449 ms

2025-02-22 11:02:72 [INFO]: GET /movie/1 304 33.580 ms

2025-02-22 11:02:73 [INFO]: GET /movie/4 304 34.955 ms

2025-02-22 11:02:74 [INFO]: GET /movie/73 304 7.814 ms

2025-02-22 11:02:75 [INFO]: GET /movie/74 304 5.577 ms

2025-02-22 11:02:77 [INFO]: GET /movie/6 304 6.533 ms

2025-02-22 11:02:78 [INFO]: GET /movie/3 304 13.437 ms

2025-02-22 11:02:79 [INFO]: GET /movie/2 304 21.597 ms

2025-02-22 11:02:81 [INFO]: GET /movie/13 304 23.821 ms

2025-02-22 11:02:81 [INFO]: GET /movie/9 304 16.838 ms

2025-02-22 11:02:82 [INFO]: GET /movie/10 304 18.446 ms

2025-02-22 11:02:82 [INFO]: GET /movie/4 304 18.680 ms

2025-02-22 11:02:87 [INFO]: GET /movie/3 304 5.130 ms

2025-02-22 11:02:89 [INFO]: GET /movie/actor/3 304 3.140 ms

2025-02-22 11:02:90 [INFO]: GET /movie/director/3 304 4.655 ms

2025-02-22 11:02:90 [INFO]: GET /movie/genre/3 304 5.518 ms

2025-02-22 11:02:47 [INFO]: GET /movie/chart 304 1.481 ms

2025-02-22 11:02:51 [INFO]: GET /movie/13 304 4.432 ms

2025-02-22 11:02:51 [INFO]: GET /movie/6 304 5.053 ms

2025-02-22 11:02:53 [INFO]: GET /movie/9 304 6.465 ms

2025-02-22 11:02:54 [INFO]: GET /movie/10 304 11.665 ms

2025-02-22 11:02:54 [INFO]: GET /movie/4 304 12.890 ms

2025-02-22 11:02:54 [INFO]: GET /movie/1 304 9.722 ms

2025-02-22 11:02:55 [INFO]: GET /movie/73 304 12.419 ms

2025-02-22 11:02:55 [INFO]: GET /movie/74 304 18.086 ms

2025-02-22 11:02:57 [INFO]: GET /movie/3 304 17.651 ms

2025-02-22 11:02:57 [INFO]: GET /movie/2 304 11.963 ms

2025-02-22 11:02:58 [INFO]: GET /movie/13 304 14.068 ms

2025-02-22 11:02:58 [INFO]: GET /movie/6 304 15.231 ms

2025-02-22 11:02:59 [INFO]: GET /movie/9 304 20.362 ms

2025-02-22 11:02:62 [INFO]: GET /movie/10 304 33.748 ms

2025-02-22 11:02:63 [INFO]: GET /movie/4 304 39.656 ms

2025-02-22 11:02:64 [INFO]: GET /movie/1 304 37.186 ms

2025-02-22 11:02:64 [INFO]: GET /movie/73 304 38.574 ms

2025-02-22 11:02:65 [INFO]: GET /movie/74 304 19.469 ms

2025-02-22 11:02:66 [INFO]: GET /movie/3 304 26.401 ms

2025-02-22 11:02:68 [INFO]: GET /movie/2 304 27.664 ms

2025-02-22 11:02:69 [INFO]: GET /movie/13 304 19.721 ms

2025-02-22 11:02:70 [INFO]: GET /movie/6 304 23.733 ms

2025-02-22 11:02:70 [INFO]: GET /movie/9 304 17.223 ms

2025-02-22 11:02:70 [INFO]: GET /movie/10 304 16.834 ms

2025-02-22 11:02:71 [INFO]: GET /movie/4 304 18.580 ms

2025-02-22 11:02:85 [INFO]: GET /movie/2 304 3.744 ms

2025-02-22 11:02:85 [INFO]: GET /movie/actor/2 304 3.591 ms

2025-02-22 11:02:86 [INFO]: GET /movie/director/2 304 5.347 ms

2025-02-22 11:02:86 [INFO]: GET /movie/genre/2 304 7.032 ms

2025-02-22 11:02:74 [INFO]: GET /movie/chart 304 2.006 ms

2025-02-22 11:02:78 [INFO]: GET /movie/13 304 4.558 ms

2025-02-22 11:02:79 [INFO]: GET /movie/6 304 5.979 ms

2025-02-22 11:02:80 [INFO]: GET /movie/9 304 4.044 ms

2025-02-22 11:02:80 [INFO]: GET /movie/10 304 5.043 ms

2025-02-22 11:02:81 [INFO]: GET /movie/4 304 4.220 ms

2025-02-22 11:02:81 [INFO]: GET /movie/1 304 5.047 ms

2025-02-22 11:02:82 [INFO]: GET /movie/73 304 5.040 ms

2025-02-22 11:02:82 [INFO]: GET /movie/74 304 6.302 ms

2025-02-22 11:02:82 [INFO]: GET /movie/3 304 8.574 ms

2025-02-22 11:02:84 [INFO]: GET /movie/2 304 7.647 ms

2025-02-22 11:02:85 [INFO]: GET /movie/13 304 4.832 ms

2025-02-22 11:02:86 [INFO]: GET /movie/6 304 7.909 ms

2025-02-22 11:02:88 [INFO]: GET /movie/10 304 16.812 ms

2025-02-22 11:02:91 [INFO]: GET /movie/4 304 16.122 ms

2025-02-22 11:02:92 [INFO]: GET /movie/9 304 20.082 ms

2025-02-22 11:02:92 [INFO]: GET /movie/1 304 22.299 ms

2025-02-22 11:02:94 [INFO]: GET /movie/73 304 14.039 ms

2025-02-22 11:02:96 [INFO]: GET /movie/74 304 6.542 ms

2025-02-22 11:02:99 [INFO]: GET /movie/3 304 5.325 ms

2025-02-22 11:02:01 [INFO]: GET /movie/6 304 7.823 ms

2025-02-22 11:02:02 [INFO]: GET /movie/2 304 9.440 ms

2025-02-22 11:02:02 [INFO]: GET /movie/13 304 9.819 ms

2025-02-22 11:02:02 [INFO]: GET /movie/10 304 6.452 ms

2025-02-22 11:02:04 [INFO]: GET /movie/4 304 6.968 ms

2025-02-22 11:02:05 [INFO]: GET /movie/9 304 9.936 ms

2025-02-22 11:02:63 [INFO]: GET /user/info 304 0.872 ms

2025-02-22 11:02:65 [INFO]: GET /movie/chart 304 1.703 ms

2025-02-22 11:02:81 [INFO]: GET /movie/13 304 7.927 ms

2025-02-22 11:02:81 [INFO]: GET /movie/6 304 7.249 ms

2025-02-22 11:02:85 [INFO]: GET /movie/9 304 6.651 ms

2025-02-22 11:02:85 [INFO]: GET /movie/10 304 6.288 ms

2025-02-22 11:02:86 [INFO]: GET /movie/4 304 7.742 ms

2025-02-22 11:02:88 [INFO]: GET /movie/1 304 6.370 ms

2025-02-22 11:02:88 [INFO]: GET /movie/73 304 10.622 ms

2025-02-22 11:02:90 [INFO]: GET /movie/74 304 6.502 ms

2025-02-22 11:02:90 [INFO]: GET /movie/3 304 5.992 ms

2025-02-22 11:02:91 [INFO]: GET /movie/2 304 6.249 ms

2025-02-22 11:02:93 [INFO]: GET /movie/13 304 6.735 ms

2025-02-22 11:02:95 [INFO]: GET /movie/6 304 9.229 ms

2025-02-22 11:02:96 [INFO]: GET /movie/9 304 8.568 ms

2025-02-22 11:02:97 [INFO]: GET /movie/10 304 7.291 ms

2025-02-22 11:02:98 [INFO]: GET /movie/4 304 9.489 ms

2025-02-22 11:02:99 [INFO]: GET /movie/1 304 4.752 ms

2025-02-22 11:02:02 [INFO]: GET /movie/73 304 14.754 ms

2025-02-22 11:02:03 [INFO]: GET /movie/74 304 14.791 ms

2025-02-22 11:02:04 [INFO]: GET /movie/3 304 23.143 ms

2025-02-22 11:02:04 [INFO]: GET /movie/2 304 22.903 ms

2025-02-22 11:02:05 [INFO]: GET /movie/13 304 7.158 ms

2025-02-22 11:02:17 [INFO]: GET /movie/6 304 6.983 ms

2025-02-22 11:02:18 [INFO]: GET /movie/9 304 10.164 ms

2025-02-22 11:02:18 [INFO]: GET /movie/4 304 5.804 ms

2025-02-22 11:02:19 [INFO]: GET /movie/10 304 10.583 ms

2025-02-22 11:02:16 [INFO]: GET /movie/1 304 10.818 ms

2025-02-22 11:02:17 [INFO]: GET /movie/actor/1 304 10.753 ms

2025-02-22 11:02:19 [INFO]: GET /movie/director/1 304 3.806 ms

2025-02-22 11:02:19 [INFO]: GET /movie/genre/1 304 5.207 ms

2025-02-22 11:02:73 [INFO]: GET /movie/chart 304 2.065 ms

2025-02-22 11:02:80 [INFO]: GET /movie/13 304 9.887 ms

2025-02-22 11:02:81 [INFO]: GET /movie/9 304 10.949 ms

2025-02-22 11:02:81 [INFO]: GET /movie/10 304 10.301 ms

2025-02-22 11:02:82 [INFO]: GET /movie/6 304 22.091 ms

2025-02-22 11:02:82 [INFO]: GET /movie/4 304 7.458 ms

2025-02-22 11:02:82 [INFO]: GET /movie/1 304 7.893 ms

2025-02-22 11:02:84 [INFO]: GET /movie/73 304 8.996 ms

2025-02-22 11:02:85 [INFO]: GET /movie/74 304 13.024 ms

2025-02-22 11:02:85 [INFO]: GET /movie/3 304 15.374 ms

2025-02-22 11:02:87 [INFO]: GET /movie/2 304 10.619 ms

2025-02-22 11:02:87 [INFO]: GET /movie/13 304 14.916 ms

2025-02-22 11:02:91 [INFO]: GET /movie/9 304 32.279 ms

2025-02-22 11:02:98 [INFO]: GET /movie/10 304 84.726 ms

2025-02-22 11:02:99 [INFO]: GET /movie/6 304 20.148 ms

2025-02-22 11:02:00 [INFO]: GET /movie/4 304 26.335 ms

2025-02-22 11:02:01 [INFO]: GET /movie/73 304 29.612 ms

2025-02-22 11:02:03 [INFO]: GET /movie/1 304 46.216 ms

2025-02-22 11:02:05 [INFO]: GET /movie/74 304 35.266 ms

2025-02-22 11:02:07 [INFO]: GET /movie/3 304 20.829 ms

2025-02-22 11:02:08 [INFO]: GET /movie/2 304 30.421 ms

2025-02-22 11:02:10 [INFO]: GET /movie/13 304 42.042 ms

2025-02-22 11:02:11 [INFO]: GET /movie/9 304 42.094 ms

2025-02-22 11:02:12 [INFO]: GET /movie/10 304 49.481 ms

2025-02-22 11:02:12 [INFO]: GET /movie/6 304 55.689 ms

2025-02-22 11:02:14 [INFO]: GET /movie/4 304 6.608 ms

2025-02-22 11:02:65 [INFO]: GET /movie/3 304 4.962 ms

2025-02-22 11:02:66 [INFO]: GET /movie/actor/3 304 4.150 ms

2025-02-22 11:02:66 [INFO]: GET /movie/director/3 304 5.236 ms

2025-02-22 11:02:67 [INFO]: GET /movie/genre/3 304 6.770 ms

2025-02-22 11:02:44 [INFO]: GET /movie/chart 304 1.790 ms

2025-02-22 11:02:49 [INFO]: GET /movie/13 304 6.274 ms

2025-02-22 11:02:50 [INFO]: GET /movie/6 304 9.743 ms

2025-02-22 11:02:50 [INFO]: GET /movie/9 304 8.213 ms

2025-02-22 11:02:50 [INFO]: GET /movie/10 304 9.489 ms

2025-02-22 11:02:51 [INFO]: GET /movie/4 304 11.560 ms

2025-02-22 11:02:52 [INFO]: GET /movie/1 304 10.052 ms

2025-02-22 11:02:52 [INFO]: GET /movie/73 304 6.099 ms

2025-02-22 11:02:52 [INFO]: GET /movie/74 304 8.744 ms

2025-02-22 11:02:53 [INFO]: GET /movie/3 304 7.069 ms

2025-02-22 11:02:54 [INFO]: GET /movie/2 304 6.959 ms

2025-02-22 11:02:54 [INFO]: GET /movie/13 304 9.670 ms

2025-02-22 11:02:55 [INFO]: GET /movie/6 304 12.705 ms

2025-02-22 11:02:56 [INFO]: GET /movie/9 304 15.047 ms

2025-02-22 11:02:57 [INFO]: GET /movie/4 304 14.590 ms

2025-02-22 11:02:58 [INFO]: GET /movie/10 304 25.010 ms

2025-02-22 11:02:58 [INFO]: GET /movie/1 304 24.284 ms

2025-02-22 11:02:58 [INFO]: GET /movie/73 304 27.102 ms

2025-02-22 11:02:59 [INFO]: GET /movie/74 304 10.312 ms

2025-02-22 11:02:64 [INFO]: GET /movie/3 304 43.453 ms

2025-02-22 11:02:65 [INFO]: GET /movie/2 304 28.559 ms

2025-02-22 11:02:67 [INFO]: GET /movie/13 304 47.428 ms

2025-02-22 11:02:69 [INFO]: GET /movie/6 304 52.384 ms

2025-02-22 11:02:69 [INFO]: GET /movie/9 304 58.823 ms

2025-02-22 11:02:70 [INFO]: GET /movie/4 304 60.359 ms

2025-02-22 11:02:72 [INFO]: GET /movie/10 304 8.369 ms

2025-02-22 11:02:65 [INFO]: GET /movie/3 304 4.013 ms

2025-02-22 11:02:66 [INFO]: GET /movie/actor/3 304 8.086 ms

2025-02-22 11:02:66 [INFO]: GET /movie/director/3 304 8.329 ms

2025-02-22 11:02:66 [INFO]: GET /movie/genre/3 304 10.185 ms

2025-02-22 11:02:15 [INFO]: GET /movie/chart 304 2.719 ms

2025-02-22 11:02:20 [INFO]: GET /movie/13 304 4.540 ms

2025-02-22 11:02:21 [INFO]: GET /movie/6 304 3.962 ms

2025-02-22 11:02:24 [INFO]: GET /movie/9 304 8.097 ms

2025-02-22 11:02:24 [INFO]: GET /movie/10 304 8.672 ms

2025-02-22 11:02:24 [INFO]: GET /movie/4 304 9.275 ms

2025-02-22 11:02:25 [INFO]: GET /movie/1 304 11.360 ms

2025-02-22 11:02:25 [INFO]: GET /movie/73 304 13.346 ms

2025-02-22 11:02:25 [INFO]: GET /movie/74 304 9.907 ms

2025-02-22 11:02:28 [INFO]: GET /movie/3 304 18.368 ms

2025-02-22 11:02:29 [INFO]: GET /movie/2 304 23.283 ms

2025-02-22 11:02:29 [INFO]: GET /movie/13 304 23.174 ms

2025-02-22 11:02:30 [INFO]: GET /movie/6 304 28.028 ms

2025-02-22 11:02:31 [INFO]: GET /movie/9 304 5.234 ms

2025-02-22 11:02:32 [INFO]: GET /movie/10 304 13.792 ms

2025-02-22 11:02:35 [INFO]: GET /movie/4 304 23.527 ms

2025-02-22 11:02:37 [INFO]: GET /movie/1 304 30.079 ms

2025-02-22 11:02:40 [INFO]: GET /movie/73 304 18.223 ms

2025-02-22 11:02:41 [INFO]: GET /movie/74 304 28.973 ms

2025-02-22 11:02:43 [INFO]: GET /movie/3 304 45.227 ms

2025-02-22 11:02:44 [INFO]: GET /movie/2 304 52.612 ms

2025-02-22 11:02:46 [INFO]: GET /movie/13 304 31.283 ms

2025-02-22 11:02:46 [INFO]: GET /movie/6 304 35.067 ms

2025-02-22 11:02:47 [INFO]: GET /movie/9 304 21.488 ms

2025-02-22 11:02:47 [INFO]: GET /movie/10 304 21.832 ms

2025-02-22 11:02:48 [INFO]: GET /movie/4 304 12.273 ms

