2025-01-22 10:01:52 [ERROR]: [2025-01-22T01:53:49.509Z] GET /user/info 401 15.761 ms

2025-01-22 10:01:87 [ERROR]: ENOENT: no such file or directory, open 'C:\workspace\project\Movie-Story\server\scraping\boxOffice.json'
2025-01-22 10:01:88 [ERROR]: [2025-01-22T01:53:49.881Z] GET /movie/chart 500 46.717 ms

2025-01-22 11:01:54 [ERROR]: [2025-01-22T02:07:46.526Z] GET /user/info 401 8.913 ms

2025-01-22 11:01:63 [ERROR]: [2025-01-22T02:08:41.629Z] GET /favicon.ico 404 4.505 ms

2025-01-22 11:01:07 [ERROR]: [2025-01-22T02:11:19.066Z] GET /user/info 401 1.353 ms

2025-01-22 11:01:37 [ERROR]: [2025-01-22T02:17:51.363Z] GET /user/info 401 7.254 ms

2025-01-22 11:01:47 [ERROR]: [2025-01-22T02:29:12.447Z] GET /user/info 401 24.959 ms

2025-01-22 11:01:82 [ERROR]: [2025-01-22T02:29:26.819Z] GET /user/info 401 3.378 ms

2025-01-22 11:01:76 [ERROR]: [2025-01-22T02:30:11.763Z] GET /user/info 401 1.053 ms

2025-01-22 11:01:71 [ERROR]: [2025-01-22T02:30:12.710Z] GET /user/info 401 1.014 ms

2025-01-22 11:01:03 [ERROR]: [2025-01-22T02:31:11.030Z] GET /user/info 401 0.920 ms

2025-01-22 11:01:70 [ERROR]: [2025-01-22T02:31:12.701Z] GET /user/info 401 0.691 ms

2025-01-22 11:01:80 [ERROR]: [2025-01-22T02:31:16.795Z] GET /user/info 401 0.743 ms

2025-01-22 11:01:04 [ERROR]: [2025-01-22T02:31:52.038Z] GET /user/info 401 1.237 ms

2025-01-22 11:01:15 [ERROR]: [2025-01-22T02:31:53.150Z] GET /user/info 401 1.191 ms

2025-01-22 11:01:13 [ERROR]: [2025-01-22T02:32:07.134Z] GET /user/info 401 1.842 ms

2025-01-22 11:01:73 [ERROR]: [2025-01-22T02:32:35.733Z] GET /user/info 401 1.319 ms

2025-01-22 11:01:24 [ERROR]: 
Invalid `prisma.movie.findUnique()` invocation:

{
  where: {
+   movie_id: Int
  },
  select: {
    movie_id: true,
    movie_nm: true,
    movie_nm_en: true,
    open_date: true,
    nation: true,
    showtime: true,
    summary: true,
    poster: true,
    still_cut: true
  }
}

Argument `movie_id` is missing.
2025-01-22 11:01:25 [ERROR]: [2025-01-22T02:32:36.250Z] GET /movie/%EC%9A%B0%EB%AF%BC%ED%98%B8 500 35.053 ms

2025-01-22 11:01:27 [ERROR]: 
Invalid `prisma.movie.findUnique()` invocation:

{
  where: {
+   movie_id: Int
  },
  select: {
    movie_id: true,
    movie_nm: true,
    movie_nm_en: true,
    open_date: true,
    nation: true,
    showtime: true,
    summary: true,
    poster: true,
    still_cut: true
  }
}

Argument `movie_id` is missing.
2025-01-22 11:01:28 [ERROR]: [2025-01-22T02:32:36.275Z] GET /movie/%ED%98%84%EB%B9%88 500 65.749 ms

2025-01-22 11:01:50 [ERROR]: 
Invalid `prisma.movie.findUnique()` invocation:

{
  where: {
+   movie_id: Int
  },
  select: {
    movie_id: true,
    movie_nm: true,
    movie_nm_en: true,
    open_date: true,
    nation: true,
    showtime: true,
    summary: true,
    poster: true,
    still_cut: true
  }
}

Argument `movie_id` is missing.
2025-01-22 11:01:50 [ERROR]: [2025-01-22T02:32:36.503Z] GET /movie/%EB%B0%95%EC%A0%95%EB%AF%BC 500 9.199 ms

2025-01-22 11:01:51 [ERROR]: 
Invalid `prisma.movie.findUnique()` invocation:

{
  where: {
+   movie_id: Int
  },
  select: {
    movie_id: true,
    movie_nm: true,
    movie_nm_en: true,
    open_date: true,
    nation: true,
    showtime: true,
    summary: true,
    poster: true,
    still_cut: true
  }
}

Argument `movie_id` is missing.
2025-01-22 11:01:51 [ERROR]: [2025-01-22T02:32:36.513Z] GET /movie/%EC%A1%B0%EC%9A%B0%EC%A7%84 500 6.886 ms

2025-01-22 11:01:64 [ERROR]: 
Invalid `prisma.movie.findUnique()` invocation:

{
  where: {
+   movie_id: Int
  },
  select: {
    movie_id: true,
    movie_nm: true,
    movie_nm_en: true,
    open_date: true,
    nation: true,
    showtime: true,
    summary: true,
    poster: true,
    still_cut: true
  }
}

Argument `movie_id` is missing.
2025-01-22 11:01:64 [ERROR]: [2025-01-22T02:32:36.643Z] GET /movie/%EC%A0%84%EC%97%AC%EB%B9%88 500 10.655 ms

2025-01-22 11:01:67 [ERROR]: 
Invalid `prisma.movie.findUnique()` invocation:

{
  where: {
+   movie_id: Int
  },
  select: {
    movie_id: true,
    movie_nm: true,
    movie_nm_en: true,
    open_date: true,
    nation: true,
    showtime: true,
    summary: true,
    poster: true,
    still_cut: true
  }
}

Argument `movie_id` is missing.
2025-01-22 11:01:67 [ERROR]: [2025-01-22T02:32:36.669Z] GET /movie/%EC%9D%B4%EB%8F%99%EC%9A%B1 500 7.723 ms

2025-01-22 11:01:68 [ERROR]: 
Invalid `prisma.movie.findUnique()` invocation:

{
  where: {
+   movie_id: Int
  },
  select: {
    movie_id: true,
    movie_nm: true,
    movie_nm_en: true,
    open_date: true,
    nation: true,
    showtime: true,
    summary: true,
    poster: true,
    still_cut: true
  }
}

Argument `movie_id` is missing.
2025-01-22 11:01:68 [ERROR]: [2025-01-22T02:32:36.684Z] GET /movie/%EB%B0%95%ED%9B%88 500 9.397 ms

2025-01-22 11:01:90 [ERROR]: 
Invalid `prisma.movie.findUnique()` invocation:

{
  where: {
+   movie_id: Int
  },
  select: {
    movie_id: true,
    movie_nm: true,
    movie_nm_en: true,
    open_date: true,
    nation: true,
    showtime: true,
    summary: true,
    poster: true,
    still_cut: true
  }
}

Argument `movie_id` is missing.
2025-01-22 11:01:90 [ERROR]: [2025-01-22T02:32:36.904Z] GET /movie/%EC%9C%A0%EC%9E%AC%EB%AA%85 500 6.809 ms

2025-01-22 11:01:92 [ERROR]: 
Invalid `prisma.movie.findUnique()` invocation:

{
  where: {
+   movie_id: Int
  },
  select: {
    movie_id: true,
    movie_nm: true,
    movie_nm_en: true,
    open_date: true,
    nation: true,
    showtime: true,
    summary: true,
    poster: true,
    still_cut: true
  }
}

Argument `movie_id` is missing.
2025-01-22 11:01:92 [ERROR]: [2025-01-22T02:32:36.922Z] GET /movie/%EB%A6%B4%EB%A6%AC%20%ED%94%84%EB%9E%AD%ED%82%A4 500 10.983 ms

2025-01-22 11:01:85 [ERROR]: 
Invalid `prisma.movie.findUnique()` invocation:

{
  where: {
+   movie_id: Int
  },
  select: {
    movie_id: true,
    movie_nm: true,
    movie_nm_en: true,
    open_date: true,
    nation: true,
    showtime: true,
    summary: true,
    poster: true,
    still_cut: true
  }
}

Argument `movie_id` is missing.
2025-01-22 11:01:85 [ERROR]: [2025-01-22T02:33:18.848Z] GET /movie/%EC%9A%B0%EB%AF%BC%ED%98%B8 500 11.282 ms

2025-01-22 11:01:17 [ERROR]: 
Invalid `prisma.movie.findUnique()` invocation:

{
  where: {
+   movie_id: Int
  },
  select: {
    movie_id: true,
    movie_nm: true,
    movie_nm_en: true,
    open_date: true,
    nation: true,
    showtime: true,
    summary: true,
    poster: true,
    still_cut: true
  }
}

Argument `movie_id` is missing.
2025-01-22 11:01:18 [ERROR]: [2025-01-22T02:33:19.175Z] GET /movie/%ED%98%84%EB%B9%88 500 8.027 ms

2025-01-22 11:01:21 [ERROR]: 
Invalid `prisma.movie.findUnique()` invocation:

{
  where: {
+   movie_id: Int
  },
  select: {
    movie_id: true,
    movie_nm: true,
    movie_nm_en: true,
    open_date: true,
    nation: true,
    showtime: true,
    summary: true,
    poster: true,
    still_cut: true
  }
}

Argument `movie_id` is missing.
2025-01-22 11:01:21 [ERROR]: [2025-01-22T02:33:19.213Z] GET /movie/%EB%B0%95%EC%A0%95%EB%AF%BC 500 16.927 ms

2025-01-22 11:01:22 [ERROR]: 
Invalid `prisma.movie.findUnique()` invocation:

{
  where: {
+   movie_id: Int
  },
  select: {
    movie_id: true,
    movie_nm: true,
    movie_nm_en: true,
    open_date: true,
    nation: true,
    showtime: true,
    summary: true,
    poster: true,
    still_cut: true
  }
}

Argument `movie_id` is missing.
2025-01-22 11:01:22 [ERROR]: [2025-01-22T02:33:19.220Z] GET /movie/%EC%A1%B0%EC%9A%B0%EC%A7%84 500 18.844 ms

2025-01-22 11:01:23 [ERROR]: 
Invalid `prisma.movie.findUnique()` invocation:

{
  where: {
+   movie_id: Int
  },
  select: {
    movie_id: true,
    movie_nm: true,
    movie_nm_en: true,
    open_date: true,
    nation: true,
    showtime: true,
    summary: true,
    poster: true,
    still_cut: true
  }
}

Argument `movie_id` is missing.
2025-01-22 11:01:23 [ERROR]: [2025-01-22T02:33:19.234Z] GET /movie/%EC%A0%84%EC%97%AC%EB%B9%88 500 9.033 ms

2025-01-22 11:01:24 [ERROR]: 
Invalid `prisma.movie.findUnique()` invocation:

{
  where: {
+   movie_id: Int
  },
  select: {
    movie_id: true,
    movie_nm: true,
    movie_nm_en: true,
    open_date: true,
    nation: true,
    showtime: true,
    summary: true,
    poster: true,
    still_cut: true
  }
}

Argument `movie_id` is missing.
2025-01-22 11:01:24 [ERROR]: [2025-01-22T02:33:19.243Z] GET /movie/%EC%9D%B4%EB%8F%99%EC%9A%B1 500 14.284 ms

2025-01-22 11:01:25 [ERROR]: 
Invalid `prisma.movie.findUnique()` invocation:

{
  where: {
+   movie_id: Int
  },
  select: {
    movie_id: true,
    movie_nm: true,
    movie_nm_en: true,
    open_date: true,
    nation: true,
    showtime: true,
    summary: true,
    poster: true,
    still_cut: true
  }
}

Argument `movie_id` is missing.
2025-01-22 11:01:25 [ERROR]: [2025-01-22T02:33:19.248Z] GET /movie/%EB%B0%95%ED%9B%88 500 18.794 ms

2025-01-22 11:01:66 [ERROR]: 
Invalid `prisma.movie.findUnique()` invocation:

{
  where: {
+   movie_id: Int
  },
  select: {
    movie_id: true,
    movie_nm: true,
    movie_nm_en: true,
    open_date: true,
    nation: true,
    showtime: true,
    summary: true,
    poster: true,
    still_cut: true
  }
}

Argument `movie_id` is missing.
2025-01-22 11:01:66 [ERROR]: [2025-01-22T02:33:19.663Z] GET /movie/%EC%9C%A0%EC%9E%AC%EB%AA%85 500 9.423 ms

2025-01-22 11:01:77 [ERROR]: 
Invalid `prisma.movie.findUnique()` invocation:

{
  where: {
+   movie_id: Int
  },
  select: {
    movie_id: true,
    movie_nm: true,
    movie_nm_en: true,
    open_date: true,
    nation: true,
    showtime: true,
    summary: true,
    poster: true,
    still_cut: true
  }
}

Argument `movie_id` is missing.
2025-01-22 11:01:77 [ERROR]: [2025-01-22T02:33:19.767Z] GET /movie/%EB%A6%B4%EB%A6%AC%20%ED%94%84%EB%9E%AD%ED%82%A4 500 87.977 ms

2025-01-22 11:01:56 [ERROR]: [2025-01-22T02:33:28.555Z] GET /user/info 401 1.021 ms

2025-01-22 11:01:80 [ERROR]: 
Invalid `prisma.movie.findUnique()` invocation:

{
  where: {
+   movie_id: Int
  },
  select: {
    movie_id: true,
    movie_nm: true,
    movie_nm_en: true,
    open_date: true,
    nation: true,
    showtime: true,
    summary: true,
    poster: true,
    still_cut: true
  }
}

Argument `movie_id` is missing.
2025-01-22 11:01:80 [ERROR]: [2025-01-22T02:33:28.798Z] GET /movie/%EC%9A%B0%EB%AF%BC%ED%98%B8 500 7.547 ms

2025-01-22 11:01:81 [ERROR]: 
Invalid `prisma.movie.findUnique()` invocation:

{
  where: {
+   movie_id: Int
  },
  select: {
    movie_id: true,
    movie_nm: true,
    movie_nm_en: true,
    open_date: true,
    nation: true,
    showtime: true,
    summary: true,
    poster: true,
    still_cut: true
  }
}

Argument `movie_id` is missing.
2025-01-22 11:01:81 [ERROR]: [2025-01-22T02:33:28.808Z] GET /movie/%ED%98%84%EB%B9%88 500 6.639 ms

2025-01-22 11:01:81 [ERROR]: 
Invalid `prisma.movie.findUnique()` invocation:

{
  where: {
+   movie_id: Int
  },
  select: {
    movie_id: true,
    movie_nm: true,
    movie_nm_en: true,
    open_date: true,
    nation: true,
    showtime: true,
    summary: true,
    poster: true,
    still_cut: true
  }
}

Argument `movie_id` is missing.
2025-01-22 11:01:82 [ERROR]: [2025-01-22T02:33:28.816Z] GET /movie/%EB%B0%95%EC%A0%95%EB%AF%BC 500 13.925 ms

2025-01-22 11:01:14 [ERROR]: 
Invalid `prisma.movie.findUnique()` invocation:

{
  where: {
+   movie_id: Int
  },
  select: {
    movie_id: true,
    movie_nm: true,
    movie_nm_en: true,
    open_date: true,
    nation: true,
    showtime: true,
    summary: true,
    poster: true,
    still_cut: true
  }
}

Argument `movie_id` is missing.
2025-01-22 11:01:15 [ERROR]: [2025-01-22T02:33:29.146Z] GET /movie/%EC%A1%B0%EC%9A%B0%EC%A7%84 500 10.511 ms

2025-01-22 11:01:16 [ERROR]: 
Invalid `prisma.movie.findUnique()` invocation:

{
  where: {
+   movie_id: Int
  },
  select: {
    movie_id: true,
    movie_nm: true,
    movie_nm_en: true,
    open_date: true,
    nation: true,
    showtime: true,
    summary: true,
    poster: true,
    still_cut: true
  }
}

Argument `movie_id` is missing.
2025-01-22 11:01:16 [ERROR]: [2025-01-22T02:33:29.164Z] GET /movie/%EB%B0%95%ED%9B%88 500 11.720 ms

2025-01-22 11:01:17 [ERROR]: 
Invalid `prisma.movie.findUnique()` invocation:

{
  where: {
+   movie_id: Int
  },
  select: {
    movie_id: true,
    movie_nm: true,
    movie_nm_en: true,
    open_date: true,
    nation: true,
    showtime: true,
    summary: true,
    poster: true,
    still_cut: true
  }
}

Argument `movie_id` is missing.
2025-01-22 11:01:18 [ERROR]: [2025-01-22T02:33:29.180Z] GET /movie/%EC%9D%B4%EB%8F%99%EC%9A%B1 500 25.107 ms

2025-01-22 11:01:19 [ERROR]: 
Invalid `prisma.movie.findUnique()` invocation:

{
  where: {
+   movie_id: Int
  },
  select: {
    movie_id: true,
    movie_nm: true,
    movie_nm_en: true,
    open_date: true,
    nation: true,
    showtime: true,
    summary: true,
    poster: true,
    still_cut: true
  }
}

Argument `movie_id` is missing.
2025-01-22 11:01:20 [ERROR]: [2025-01-22T02:33:29.195Z] GET /movie/%EC%A0%84%EC%97%AC%EB%B9%88 500 37.723 ms

2025-01-22 11:01:24 [ERROR]: 
Invalid `prisma.movie.findUnique()` invocation:

{
  where: {
+   movie_id: Int
  },
  select: {
    movie_id: true,
    movie_nm: true,
    movie_nm_en: true,
    open_date: true,
    nation: true,
    showtime: true,
    summary: true,
    poster: true,
    still_cut: true
  }
}

Argument `movie_id` is missing.
2025-01-22 11:01:24 [ERROR]: [2025-01-22T02:33:29.242Z] GET /movie/%EC%9C%A0%EC%9E%AC%EB%AA%85 500 37.234 ms

2025-01-22 11:01:27 [ERROR]: 
Invalid `prisma.movie.findUnique()` invocation:

{
  where: {
+   movie_id: Int
  },
  select: {
    movie_id: true,
    movie_nm: true,
    movie_nm_en: true,
    open_date: true,
    nation: true,
    showtime: true,
    summary: true,
    poster: true,
    still_cut: true
  }
}

Argument `movie_id` is missing.
2025-01-22 11:01:28 [ERROR]: [2025-01-22T02:33:29.278Z] GET /movie/%EB%A6%B4%EB%A6%AC%20%ED%94%84%EB%9E%AD%ED%82%A4 500 8.516 ms

2025-01-22 11:01:90 [ERROR]: [2025-01-22T02:54:27.892Z] GET /user/info 401 7.473 ms

2025-01-22 11:01:25 [ERROR]: [2025-01-22T02:54:28.252Z] GET /img/actor/%EB%A6%B4%EB%A6%AC%20%ED%94%84%EB%9E%AD%ED%82%A4.jpg 404 2.660 ms

2025-01-22 11:01:65 [ERROR]: [2025-01-22T02:55:02.652Z] GET /user/info 401 2.488 ms

2025-01-22 11:01:85 [ERROR]: [2025-01-22T02:55:02.847Z] GET /img/actor/%EB%A6%B4%EB%A6%AC%20%ED%94%84%EB%9E%AD%ED%82%A4.jpg 404 0.688 ms

2025-01-22 11:01:98 [ERROR]: [2025-01-22T02:55:36.982Z] GET /img/actor/%EB%A6%B4%EB%A6%AC%20%ED%94%84%EB%9E%AD%ED%82%A4.jpg 404 0.619 ms

2025-01-22 11:01:99 [ERROR]: [2025-01-22T02:56:34.991Z] GET /img/movie/Sonic%20the%20Hedgehog%203/poster/Sonic%20the%20Hedgehog%203.jpg 404 6.972 ms

2025-01-22 11:01:01 [ERROR]: [2025-01-22T02:56:35.014Z] GET /img/movie/FORBIDDEN%20FAIRYTALE/poster/FORBIDDEN%20FAIRYTALE.jpg 404 27.958 ms

2025-01-22 11:01:03 [ERROR]: [2025-01-22T02:56:35.028Z] GET /img/movie/MOANA%202/poster/MOANA%202.jpg 404 9.522 ms

2025-01-22 11:01:17 [ERROR]: [2025-01-22T02:56:35.167Z] GET /img/movie/Pororo%20movie%20Underwater%20adventure/poster/Pororo%20movie%20Underwater%20adventure.jpg 404 9.540 ms

2025-01-22 11:01:17 [ERROR]: [2025-01-22T02:56:35.173Z] GET /img/movie/Mufasa-%20The%20Lion%20King/poster/Mufasa-%20The%20Lion%20King.jpg 404 16.180 ms

2025-01-22 11:01:37 [ERROR]: [2025-01-22T02:56:35.369Z] GET /img/movie/THE%20SUBSTANCE/poster/THE%20SUBSTANCE.jpg 404 1.281 ms

2025-01-22 11:01:40 [ERROR]: [2025-01-22T02:56:35.398Z] GET /img/movie/Crayon%20Shinchan%20the%20Movie-%20Our%20Dinosaur%20Diary/poster/Crayon%20Shinchan%20the%20Movie-%20Our%20Dinosaur%20Diary.jpg 404 5.800 ms

2025-01-22 11:01:41 [ERROR]: [2025-01-22T02:56:35.411Z] GET /img/movie/Mufasa-%20The%20Lion%20King/poster/Mufasa-%20The%20Lion%20King.jpg 404 17.913 ms

2025-01-22 11:01:43 [ERROR]: [2025-01-22T02:56:35.427Z] GET /img/movie/FORBIDDEN%20FAIRYTALE/poster/FORBIDDEN%20FAIRYTALE.jpg 404 4.467 ms

2025-01-22 11:01:46 [ERROR]: [2025-01-22T02:56:35.461Z] GET /img/movie/MOANA%202/poster/MOANA%202.jpg 404 4.469 ms

2025-01-22 11:01:48 [ERROR]: [2025-01-22T02:56:35.478Z] GET /img/movie/Sonic%20the%20Hedgehog%203/poster/Sonic%20the%20Hedgehog%203.jpg 404 19.818 ms

2025-01-22 11:01:52 [ERROR]: [2025-01-22T02:56:35.516Z] GET /img/movie/Pororo%20movie%20Underwater%20adventure/poster/Pororo%20movie%20Underwater%20adventure.jpg 404 45.188 ms

2025-01-22 11:01:43 [ERROR]: [2025-01-22T02:56:39.426Z] GET /img/movie/FORBIDDEN%20FAIRYTALE/poster/FORBIDDEN%20FAIRYTALE.jpg 404 0.675 ms

2025-01-22 11:01:44 [ERROR]: [2025-01-22T02:56:39.440Z] GET /img/movie/FORBIDDEN%20FAIRYTALE/stillcut/FORBIDDEN%20FAIRYTALE_0.jpg 404 5.108 ms

2025-01-22 11:01:45 [ERROR]: [2025-01-22T02:56:39.445Z] GET /img/movie/FORBIDDEN%20FAIRYTALE/stillcut/FORBIDDEN%20FAIRYTALE_1.jpg 404 10.077 ms

2025-01-22 11:01:45 [ERROR]: [2025-01-22T02:56:39.449Z] GET /img/movie/FORBIDDEN%20FAIRYTALE/stillcut/FORBIDDEN%20FAIRYTALE_2.jpg 404 13.362 ms

2025-01-22 11:01:45 [ERROR]: [2025-01-22T02:56:39.453Z] GET /img/movie/FORBIDDEN%20FAIRYTALE/stillcut/FORBIDDEN%20FAIRYTALE_3.jpg 404 15.862 ms

2025-01-22 11:01:46 [ERROR]: [2025-01-22T02:56:39.462Z] GET /img/movie/FORBIDDEN%20FAIRYTALE/stillcut/FORBIDDEN%20FAIRYTALE_4.jpg 404 1.190 ms

2025-01-22 11:01:47 [ERROR]: [2025-01-22T02:56:39.465Z] GET /img/movie/FORBIDDEN%20FAIRYTALE/stillcut/FORBIDDEN%20FAIRYTALE_5.jpg 404 4.759 ms

